

========================= 开始处理 Workshop ID: 2478247379 (67commando) =========================

--- 正在检查已完成的翻译于: data\completed_files\2478247379\en_completed.txt ---
     -> 在 'en_completed.txt' 中找到 19 个键。

--- 正在检查待排除的键于: data\completed_files\2478247379\exclusion_list.txt ---
  -> 排除列表文件 'exclusion_list.txt' 不存在，跳过。

-------------------- 处理子模组: 67commando --------------------

--- 正在为 '67commando' 动态查找 'media' 文件夹 ---
  -> 发现版本目录: 42.0
  -> 正在检查路径的有效性: data\workshop_content\2478247379\mods\67commando\42.0\media
  --> 路径有效！已将其加入待处理列表。

--- 阶段 1: 扫描所有 media 路径下的翻译文件 (L1) ---
  -> 正在处理 media 路径: data\workshop_content\2478247379\mods\67commando\42.0\media
  -> 扫描目录: data\workshop_content\2478247379\mods\67commando\42.0\media\lua\shared\Translate\EN
     -> 在 'IG_UI_EN.txt' 中找到 8 个键。
     -> 在 'Recipes_EN.txt' 中找到 5 个键。
阶段 1 完成: 从 EN 加载了 13 条数据, 从 CN 加载了 0 条数据。

--- 阶段 2: 扫描所有 Media 路径下的 Scripts (L0) ---
  -> 正在处理 Scripts 路径: data\workshop_content\2478247379\mods\67commando\42.0\media\scripts
    -> 处理: vehicles\67commando.txt
    -> 处理: vehicles\67commando_models.txt
    -> 处理: vehicles\67commando_recipes.txt
     -> 新增: 1 个 Recipe
    -> 处理: vehicles\67commandoBurnt.txt
    -> 处理: vehicles\67commandoPolice.txt
    -> 处理: vehicles\67commandoT50.txt
    -> 处理: vehicles\67commandovehiclesitems.txt
     -> 新增: 6 个 Item
    -> 处理: vehicles\template_armored_door.txt
    -> 处理: vehicles\template_armored_hood.txt
    -> 处理: vehicles\template_armored_interior_trunk.txt
    -> 处理: vehicles\template_armored_light_guards.txt
    -> 处理: vehicles\template_armored_seat.txt
    -> 处理: vehicles\template_armored_tire.txt
    -> 处理: vehicles\template_armored_toolbox.txt
    -> 处理: vehicles\template_armored_toolboxLid.txt
    -> 处理: vehicles\template_armored_turret_window.txt
    -> 处理: vehicles\template_armored_window.txt
阶段 2 完成: 从 scripts 新生成了 7 条数据。

--- 阶段 3: 合并 L0 与 L1 后，纯净英文基准总计: 20 条数据。---

--- 已为 Mod ID 2478247379 更新 20 条键来源映射 ---

--- 正在为 Mod '67commando' 生成输出文件 ---
    - 最终合并 (output.txt): 20 条
    - 纯净英文 (EN_output.txt): 20 条
    - 纯净中文 (CN_output.txt): 0 条
    - 英文待办 (en_todo.txt): 1 条 (增量)
    - 中文独有 (cn_only.txt): 0 条 (增量)
    - 冲突键 (conflict_keys.txt): 0 条
    -> 正在尝试从 Git 历史记录中获取旧版本: data/output_files/67commando_2478247379/EN_todo.txt
      --> 成功找到旧版本。
     -> 在 'EN_todo.txt (旧版本)' 中找到 1 个键。

处理成功！所有输出文件已保存在 '67commando_2478247379' 文件夹中。
    -> [内存] 已为 Mod 2478247379 记录 Commit SHA: 53dbbce
