

========================= 开始处理 Workshop ID: 2937786633 (69mini) =========================

--- 正在检查已完成的翻译于: data\completed_files\2937786633\en_completed.txt ---
     -> 在 'en_completed.txt' 中找到 63 个键。

--- 正在检查待排除的键于: data\completed_files\2937786633\exclusion_list.txt ---
  -> 排除列表文件 'exclusion_list.txt' 不存在，跳过。

-------------------- 处理子模组: 69mini --------------------

--- 正在为 '69mini' 动态查找 'media' 文件夹 ---
  -> 发现版本目录: 42.0
  -> 正在检查路径的有效性: data\workshop_content\2937786633\mods\69mini\42.0\media
  --> 路径有效！将使用此路径进行处理: data\workshop_content\2937786633\mods\69mini\42.0\media

--- 预加载 EN (L1) 数据 ---
  -> 扫描目录: data\workshop_content\2937786633\mods\69mini\42.0\media\lua\shared\Translate\EN
     -> 在 'IG_UI_EN.txt' 中找到 7 个键。
     -> 在 'Recipes_EN.txt' 中找到 24 个键。
预加载完成: 找到 31 个本地 EN 键。

--- 阶段 1: 扫描 Scripts (L0) ---
  -> 处理: vehicles\69mini.txt
  -> 处理: vehicles\69mini_models.txt
  -> 处理: vehicles\69mini_recipes.txt
     -> 新增: 3 个 Recipe
  -> 处理: vehicles\69mini_vehiclesitems.txt
     -> 新增: 32 个 Item
  -> 处理: vehicles\69miniIJ.txt
  -> 处理: vehicles\69miniMrB.txt
  -> 处理: vehicles\69miniPS.txt
  -> 处理: vehicles\69miniUnionJack.txt
  -> 处理: vehicles\template_MINI69_armor.txt
  -> 处理: vehicles\template_MINI69_bumpers.txt
  -> 处理: vehicles\template_MINI69_doors.txt
  -> 处理: vehicles\template_MINI69_hood.txt
  -> 处理: vehicles\template_MINI69_MrBean.txt
  -> 处理: vehicles\template_MINI69_roofrack.txt
  -> 处理: vehicles\template_MINI69_seats.txt
  -> 处理: vehicles\template_MINI69_spareTire.txt
  -> 处理: vehicles\template_MINI69_tire.txt
  -> 处理: vehicles\template_MINI69_trunk.txt
  -> 处理: vehicles\template_MINI69_trunkdoor.txt
  -> 处理: vehicles\template_MINI69_windows.txt
  -> 处理: vehicles\template_MINI69_windshields.txt
阶段 1 完成: 从 scripts 新生成了 35 条数据。

--- 阶段 2: 合并 L0 与 L1 后，纯净英文基准总计: 66 条数据。---

--- 阶段 3: 从 CN 目录加载了 0 条数据。---

--- 阶段 4: 检测到 1 个与官方重复的键。---

--- 已为 Mod ID 2937786633 更新 66 条键来源映射 ---

--- 正在为 Mod '69mini' 生成输出文件 ---
    - 最终合并 (output.txt): 66 条
    - 纯净英文 (EN_output.txt): 66 条
    - 纯净中文 (CN_output.txt): 0 条
    - 英文待办 (en_todo.txt): 3 条 (增量)
    - 中文独有 (cn_only.txt): 0 条 (增量)
    - 冲突键 (conflict_keys.txt): 1 条
    -> 正在尝试从 Git 历史记录中获取旧版本: data/output_files/69mini_2937786633/EN_todo.txt
      --> 成功找到旧版本。
     -> 在 'EN_todo.txt (旧版本)' 中找到 3 个键。

处理成功！所有输出文件已保存在 '69mini_2937786633' 文件夹中。
    -> [内存] 已为 Mod 2937786633 记录 Commit SHA: 53dbbce
