

========================= 开始处理 Workshop ID: 3248388837 (80manKat1) =========================

--- 正在检查已完成的翻译于: data\completed_files\3248388837\en_completed.txt ---
     -> 在 'en_completed.txt' 中找到 46 个键。

--- 正在检查待排除的键于: data\completed_files\3248388837\exclusion_list.txt ---
  -> 排除列表文件 'exclusion_list.txt' 不存在，跳过。

-------------------- 处理子模组: 80manKat1 --------------------

--- 正在为 '80manKat1' 动态查找 'media' 文件夹 ---
  -> 发现版本目录: 42.0
  -> 正在检查路径的有效性: data\workshop_content\3248388837\mods\80manKat1\42.0\media
  --> 路径有效！已将其加入待处理列表。

--- 阶段 1: 扫描所有 media 路径下的翻译文件 (L1) ---
  -> 正在处理 media 路径: data\workshop_content\3248388837\mods\80manKat1\42.0\media
  -> 扫描目录: data\workshop_content\3248388837\mods\80manKat1\42.0\media\lua\shared\Translate\EN
     -> 在 'IG_UI_EN.txt' 中找到 10 个键。
     -> 在 'Recipes_EN.txt' 中找到 16 个键。
     -> 在 'Sandbox_EN.txt' 中找到 2 个键。
阶段 1 完成: 从 EN 加载了 28 条数据, 从 CN 加载了 0 条数据。

--- 阶段 2: 扫描所有 Media 路径下的 Scripts (L0) ---
  -> 正在处理 Scripts 路径: data\workshop_content\3248388837\mods\80manKat1\42.0\media\scripts
    -> 处理: MANShirts.txt
     -> 新增: 1 个 Item
    -> 处理: vehicles\80manKat1.txt
    -> 处理: vehicles\80manKat1_models.txt
    -> 处理: vehicles\80manKat1_recipes.txt
     -> 新增: 2 个 Recipe
    -> 处理: vehicles\80manKat1_vehiclesitems.txt
     -> 新增: 17 个 Item
    -> 处理: vehicles\template_MAN80_armor.txt
    -> 处理: vehicles\template_MAN80_bumpers.txt
    -> 处理: vehicles\template_MAN80_doors.txt
    -> 处理: vehicles\template_MAN80_gasCans.txt
    -> 处理: vehicles\template_MAN80_hood.txt
    -> 处理: vehicles\template_MAN80_lightGuards.txt
    -> 处理: vehicles\template_MAN80_mudflaps.txt
    -> 处理: vehicles\template_MAN80_muffler.txt
    -> 处理: vehicles\template_MAN80_passengers.txt
    -> 处理: vehicles\template_MAN80_roofrack.txt
    -> 处理: vehicles\template_MAN80_seats.txt
    -> 处理: vehicles\template_MAN80_spareTire.txt
    -> 处理: vehicles\template_MAN80_tarp.txt
    -> 处理: vehicles\template_MAN80_trunk.txt
    -> 处理: vehicles\template_MAN80_trunkdoors.txt
    -> 处理: vehicles\template_MAN80_windows.txt
    -> 处理: vehicles\template_MAN80_windshields.txt
阶段 2 完成: 从 scripts 新生成了 20 条数据。

--- 阶段 3: 合并 L0 与 L1 后，纯净英文基准总计: 48 条数据。---

--- 已为 Mod ID 3248388837 更新 48 条键来源映射 ---

--- 正在为 Mod '80manKat1' 生成输出文件 ---
    - 最终合并 (output.txt): 48 条
    - 纯净英文 (EN_output.txt): 48 条
    - 纯净中文 (CN_output.txt): 0 条
    - 英文待办 (en_todo.txt): 2 条 (增量)
    - 中文独有 (cn_only.txt): 0 条 (增量)
    - 冲突键 (conflict_keys.txt): 0 条
    -> 正在尝试从 Git 历史记录中获取旧版本: data/output_files/80manKat1_3248388837/EN_todo.txt
      --> 成功找到旧版本。
     -> 在 'EN_todo.txt (旧版本)' 中找到 2 个键。

处理成功！所有输出文件已保存在 '80manKat1_3248388837' 文件夹中。
    -> [内存] 已为 Mod 3248388837 记录 Commit SHA: 634b184
