

========================= 开始处理 Workshop ID: 2805630347 (84mercW460) =========================

--- 正在检查已完成的翻译于: data\completed_files\2805630347\en_completed.txt ---
     -> 在 'en_completed.txt' 中找到 71 个键。

--- 正在检查待排除的键于: data\completed_files\2805630347\exclusion_list.txt ---
  -> 排除列表文件 'exclusion_list.txt' 不存在，跳过。

-------------------- 处理子模组: 84mercW460 --------------------

--- 正在为 '84mercW460' 动态查找 'media' 文件夹 ---
  -> 发现版本目录: 42.0
  -> 正在检查路径的有效性: data\workshop_content\2805630347\mods\84mercW460\42.0\media
  --> 路径有效！将使用此路径进行处理: data\workshop_content\2805630347\mods\84mercW460\42.0\media

--- 预加载 EN (L1) 数据 ---
  -> 扫描目录: data\workshop_content\2805630347\mods\84mercW460\42.0\media\lua\shared\Translate\EN
     -> 在 'IG_UI_EN.txt' 中找到 10 个键。
     -> 在 'Recipes_EN.txt' 中找到 26 个键。
     -> 在 'Tooltip_EN.txt' 中找到 1 个键。
预加载完成: 找到 37 个本地 EN 键。

--- 阶段 1: 扫描 Scripts (L0) ---
  -> 处理: vehicles\84mercLWB2.txt
  -> 处理: vehicles\84mercLWB4.txt
  -> 处理: vehicles\84mercLWB4M.txt
  -> 处理: vehicles\84mercSWB.txt
  -> 处理: vehicles\84mercW460_models.txt
  -> 处理: vehicles\84mercW460_recipes.txt
     -> 新增: 2 个 Recipe
  -> 处理: vehicles\84mercW460_vehiclesitems.txt
     -> 新增: 34 个 Item
  -> 处理: vehicles\template_W460_armor.txt
  -> 处理: vehicles\template_W460_bodykits.txt
  -> 处理: vehicles\template_W460_bumpersFront.txt
  -> 处理: vehicles\template_W460_bumpersRear.txt
  -> 处理: vehicles\template_W460_doors.txt
  -> 处理: vehicles\template_W460_gasCans.txt
  -> 处理: vehicles\template_W460_guards.txt
  -> 处理: vehicles\template_W460_hood.txt
  -> 处理: vehicles\template_W460_mudflaps.txt
  -> 处理: vehicles\template_W460_roofrack.txt
  -> 处理: vehicles\template_W460_seats.txt
  -> 处理: vehicles\template_W460_snorkel.txt
  -> 处理: vehicles\template_W460_spare_tire.txt
  -> 处理: vehicles\template_W460_tires.txt
  -> 处理: vehicles\template_W460_trunk.txt
  -> 处理: vehicles\template_W460_trunkdoor.txt
  -> 处理: vehicles\template_W460_windows.txt
  -> 处理: vehicles\template_W460_windshield.txt
  -> 处理: vehicles\template_W460_windshield_rear.txt
阶段 1 完成: 从 scripts 新生成了 36 条数据。

--- 阶段 2: 合并 L0 与 L1 后，纯净英文基准总计: 73 条数据。---

--- 阶段 3: 从 CN 目录加载了 0 条数据。---

--- 已为 Mod ID 2805630347 更新 73 条键来源映射 ---

--- 正在为 Mod '84mercW460' 生成输出文件 ---
    - 最终合并 (output.txt): 73 条
    - 纯净英文 (EN_output.txt): 73 条
    - 纯净中文 (CN_output.txt): 0 条
    - 英文待办 (en_todo.txt): 2 条 (增量)
    - 中文独有 (cn_only.txt): 0 条 (增量)
    - 冲突键 (conflict_keys.txt): 0 条
    -> 正在尝试从 Git 历史记录中获取旧版本: data/output_files/84mercW460_2805630347/EN_todo.txt
      --> 成功找到旧版本。
     -> 在 'EN_todo.txt (旧版本)' 中找到 2 个键。

处理成功！所有输出文件已保存在 '84mercW460_2805630347' 文件夹中。
    -> [内存] 已为 Mod 2805630347 记录 Commit SHA: 53dbbce
