

========================= 开始处理 Workshop ID: 3601417745 (84oldsmobile98) =========================

--- 正在检查已完成的翻译于: data/completed_files/3601417745/en_completed.txt ---
  -> 文件 'en_completed.txt' 在目标位置不存在，将自动创建。

--- 正在检查待排除的键于: data/completed_files/3601417745/exclusion_list.txt ---
  -> 排除列表文件 'exclusion_list.txt' 不存在，跳过。

-------------------- 处理子模组: 84oldsmobile98 --------------------

--- 正在为 '84oldsmobile98' 动态查找 'media' 文件夹 ---
  -> 发现版本目录: 42.0
  -> 正在检查路径的有效性: data/workshop_content/3601417745/mods/84oldsmobile98/42.0/media
  --> 路径有效！将使用此路径进行处理: data/workshop_content/3601417745/mods/84oldsmobile98/42.0/media

--- 预加载 EN (L1) 数据 ---
  -> 扫描目录: data/workshop_content/3601417745/mods/84oldsmobile98/42.0/media/lua/shared/Translate/EN
     -> 在 'IG_UI_EN.txt' 中找到 3 个键。
     -> 在 'Recipes_EN.txt' 中找到 7 个键。
预加载完成: 找到 10 个本地 EN 键。

--- 阶段 1: 扫描 Scripts (L0) ---
  -> 处理: vehicles/84oldsmobile98Coupe.txt
  -> 处理: vehicles/84oldsmobile98Sedan.txt
  -> 处理: vehicles/84oldsmobile98_models.txt
  -> 处理: vehicles/84oldsmobile98_recipes.txt
     -> 新增: 2 个 Recipe
  -> 处理: vehicles/84oldsmobile98_vehiclesitems.txt
     -> 新增: 8 个 Item
  -> 处理: vehicles/template_OLD84_armor.txt
  -> 处理: vehicles/template_OLD84_bumpers.txt
  -> 处理: vehicles/template_OLD84_doors.txt
  -> 处理: vehicles/template_OLD84_hood.txt
  -> 处理: vehicles/template_OLD84_roofracks.txt
  -> 处理: vehicles/template_OLD84_roofs.txt
  -> 处理: vehicles/template_OLD84_seats.txt
  -> 处理: vehicles/template_OLD84_spareTire.txt
  -> 处理: vehicles/template_OLD84_tire.txt
  -> 处理: vehicles/template_OLD84_trunk.txt
  -> 处理: vehicles/template_OLD84_trunkdoor.txt
  -> 处理: vehicles/template_OLD84_windows.txt
  -> 处理: vehicles/template_OLD84_windshields.txt
阶段 1 完成: 从 scripts 新生成了 10 条数据。

--- 阶段 2: 合并 L0 与 L1 后，纯净英文基准总计: 20 条数据。---

--- 阶段 3: 从 CN 目录加载了 0 条数据。---

--- 已为 Mod ID 3601417745 更新 20 条键来源映射 ---

--- 正在为 Mod '84oldsmobile98' 生成输出文件 ---
    - 最终合并 (output.txt): 20 条
    - 纯净英文 (EN_output.txt): 20 条
    - 纯净中文 (CN_output.txt): 0 条
    - 英文待办 (en_todo.txt): 20 条 (增量)
    - 中文独有 (cn_only.txt): 0 条 (增量)
    - 冲突键 (conflict_keys.txt): 0 条
    -> 正在尝试从 Git 历史记录中获取旧版本: data/output_files/84oldsmobile98_3601417745/EN_todo.txt
      --> 在 Git 历史记录中未找到该文件，视为全新。
    -> 基线日志已存档到: data/logs/archive/84oldsmobile98_3601417745_baseline_run_20251108_161902.json

处理成功！所有输出文件已保存在 '84oldsmobile98_3601417745' 文件夹中。
    -> 警告：未能获取 Mod 3601417745 的完成文件SHA，状态未记录。

--- 所有模组处理循环结束，正在保存最终运行状态 ---

--- 应用正则表达式来源覆盖规则 ---
成功加载 6 条正则表达式规则。
未发现需要应用的正则表达式规则。

--- 正在合并手动分类的键来源 ---
  -> 未发现需要合并的手动分类条目。
全局键来源映射已成功保存到: translation_utils/key_source_map.json

增量更新日志已记录到: data/logs/update_log.json

--- 开始生成状态报告 ---
状态报告生成脚本输出:
--- 开始生成状态报告 ---
  -> STATUS.md 已生成。
  -> README.md 中的徽章已更新。
--- 所有报告生成完毕 ---

