

========================= 开始处理 Workshop ID: 3418252689 (85buickLeSabre) =========================

--- 正在检查已完成的翻译于: data/completed_files/3418252689/en_completed.txt ---
     -> 在 'en_completed.txt' 中找到 19 个键。

--- 正在检查待排除的键于: data/completed_files/3418252689/exclusion_list.txt ---
  -> 排除列表文件 'exclusion_list.txt' 不存在，跳过。

-------------------- 处理子模组: 85buickLeSabre --------------------

--- 正在为 '85buickLeSabre' 动态查找 'media' 文件夹 ---
  -> 发现版本目录: 42.0
  -> 正在检查路径的有效性: data/workshop_content/3418252689/mods/85buickLeSabre/42.0/media
  --> 路径有效！将使用此路径进行处理: data/workshop_content/3418252689/mods/85buickLeSabre/42.0/media

--- 预加载 EN (L1) 数据 ---
  -> 扫描目录: data/workshop_content/3418252689/mods/85buickLeSabre/42.0/media/lua/shared/Translate/EN
     -> 在 'IG_UI_EN.txt' 中找到 8 个键。
     -> 在 'Recipes_EN.txt' 中找到 7 个键。
预加载完成: 找到 15 个本地 EN 键。

--- 阶段 1: 扫描 Scripts (L0) ---
  -> 处理: vehicles/85buickLeSabreCoupe.txt
  -> 处理: vehicles/85buickLeSabreSedan.txt
  -> 处理: vehicles/85buickLeSabreWagon.txt
  -> 处理: vehicles/85buickLeSabreWagon2.txt
  -> 处理: vehicles/85buickLeSabre_models.txt
  -> 处理: vehicles/85buickLeSabre_recipes.txt
     -> 新增: 2 个 Recipe
  -> 处理: vehicles/85buickLeSabre_vehiclesitems.txt
     -> 新增: 8 个 Item
  -> 处理: vehicles/template_LES85_armor.txt
  -> 处理: vehicles/template_LES85_bumpers.txt
  -> 处理: vehicles/template_LES85_doors.txt
  -> 处理: vehicles/template_LES85_hood.txt
  -> 处理: vehicles/template_LES85_roofracks.txt
  -> 处理: vehicles/template_LES85_roofs.txt
  -> 处理: vehicles/template_LES85_seats.txt
  -> 处理: vehicles/template_LES85_spareTire.txt
  -> 处理: vehicles/template_LES85_tire.txt
  -> 处理: vehicles/template_LES85_trunk.txt
  -> 处理: vehicles/template_LES85_trunkdoor.txt
  -> 处理: vehicles/template_LES85_windows.txt
  -> 处理: vehicles/template_LES85_windshields.txt
阶段 1 完成: 从 scripts 新生成了 10 条数据。

--- 阶段 2: 合并 L0 与 L1 后，纯净英文基准总计: 25 条数据。---

--- 阶段 3: 从 CN 目录加载了 0 条数据。---

--- 已为 Mod ID 3418252689 更新 25 条键来源映射 ---

--- 正在为 Mod '85buickLeSabre' 生成输出文件 ---
    - 最终合并 (output.txt): 25 条
    - 纯净英文 (EN_output.txt): 25 条
    - 纯净中文 (CN_output.txt): 0 条
    - 英文待办 (en_todo.txt): 6 条 (增量)
    - 中文独有 (cn_only.txt): 0 条 (增量)
    - 冲突键 (conflict_keys.txt): 0 条
    -> 正在尝试从 Git 历史记录中获取旧版本: data/output_files/85buickLeSabre_3418252689/EN_todo.txt
      --> 成功找到旧版本。
     -> 在 'EN_todo.txt (旧版本)' 中找到 6 个键。

处理成功！所有输出文件已保存在 '85buickLeSabre_3418252689' 文件夹中。
    -> [内存] 已为 Mod 3418252689 记录 Commit SHA: 8937081
