

========================= 开始处理 Workshop ID: 3413704851 (85chevyCaprice) =========================

--- 正在检查已完成的翻译于: data/completed_files/3413704851/en_completed.txt ---
     -> 在 'en_completed.txt' 中找到 39 个键。

--- 正在检查待排除的键于: data/completed_files/3413704851/exclusion_list.txt ---
  -> 排除列表文件 'exclusion_list.txt' 不存在，跳过。

-------------------- 处理子模组: 85chevyCaprice --------------------

--- 正在为 '85chevyCaprice' 动态查找 'media' 文件夹 ---
  -> 发现版本目录: 42.0
  -> 正在检查路径的有效性: data/workshop_content/3413704851/mods/85chevyCaprice/42.0/media
  --> 路径有效！将使用此路径进行处理: data/workshop_content/3413704851/mods/85chevyCaprice/42.0/media

--- 预加载 EN (L1) 数据 ---
  -> 扫描目录: data/workshop_content/3413704851/mods/85chevyCaprice/42.0/media/lua/shared/Translate/EN
     -> 在 'IG_UI_EN.txt' 中找到 22 个键。
     -> 在 'Recipes_EN.txt' 中找到 10 个键。
预加载完成: 找到 32 个本地 EN 键。

--- 阶段 1: 扫描 Scripts (L0) ---
  -> 处理: vehicles/85chevyCapriceCoupe.txt
  -> 处理: vehicles/85chevyCapriceSedan.txt
  -> 处理: vehicles/85chevyCapriceWagon.txt
  -> 处理: vehicles/85chevyCapriceWagon2.txt
  -> 处理: vehicles/85chevyCaprice_models.txt
  -> 处理: vehicles/85chevyCaprice_recipes.txt
     -> 新增: 2 个 Recipe
  -> 处理: vehicles/85chevyCaprice_vehiclesitems.txt
     -> 新增: 11 个 Item
  -> 处理: vehicles/85chevyImpalaSedanAirport.txt
  -> 处理: vehicles/85chevyImpalaSedanBCS.txt
  -> 处理: vehicles/85chevyImpalaSedanCLPD.txt
  -> 处理: vehicles/85chevyImpalaSedanFD.txt
  -> 处理: vehicles/85chevyImpalaSedanKSP.txt
  -> 处理: vehicles/85chevyImpalaSedanLCPD.txt
  -> 处理: vehicles/85chevyImpalaSedanMCS.txt
  -> 处理: vehicles/85chevyImpalaSedanMPD.txt
  -> 处理: vehicles/85chevyImpalaSedanPD.txt
  -> 处理: vehicles/85chevyImpalaSedanPDu.txt
  -> 处理: vehicles/85chevyImpalaSedanPrison.txt
  -> 处理: vehicles/85chevyImpalaSedanRanger.txt
  -> 处理: vehicles/85chevyImpalaSedanTaxi.txt
  -> 处理: vehicles/85chevyImpalaSedanWPPD.txt
  -> 处理: vehicles/template_85chevyImpalaPD.txt
  -> 处理: vehicles/template_CAP85_armor.txt
  -> 处理: vehicles/template_CAP85_barrier.txt
  -> 处理: vehicles/template_CAP85_bumpers.txt
  -> 处理: vehicles/template_CAP85_doors.txt
  -> 处理: vehicles/template_CAP85_hood.txt
  -> 处理: vehicles/template_CAP85_roofracks.txt
  -> 处理: vehicles/template_CAP85_roofs.txt
  -> 处理: vehicles/template_CAP85_searchlight.txt
  -> 处理: vehicles/template_CAP85_seats.txt
  -> 处理: vehicles/template_CAP85_spareTire.txt
  -> 处理: vehicles/template_CAP85_tire.txt
  -> 处理: vehicles/template_CAP85_trunk.txt
  -> 处理: vehicles/template_CAP85_trunkdoor.txt
  -> 处理: vehicles/template_CAP85_windows.txt
  -> 处理: vehicles/template_CAP85_windshields.txt
阶段 1 完成: 从 scripts 新生成了 13 条数据。

--- 阶段 2: 合并 L0 与 L1 后，纯净英文基准总计: 45 条数据。---

--- 阶段 3: 从 CN 目录加载了 0 条数据。---

--- 已为 Mod ID 3413704851 更新 45 条键来源映射 ---

--- 正在为 Mod '85chevyCaprice' 生成输出文件 ---
    - 最终合并 (output.txt): 45 条
    - 纯净英文 (EN_output.txt): 45 条
    - 纯净中文 (CN_output.txt): 0 条
    - 英文待办 (en_todo.txt): 6 条 (增量)
    - 中文独有 (cn_only.txt): 0 条 (增量)
    - 冲突键 (conflict_keys.txt): 0 条
    -> 正在尝试从 Git 历史记录中获取旧版本: data/output_files/85chevyCaprice_3413704851/EN_todo.txt
      --> 成功找到旧版本。
     -> 在 'EN_todo.txt (旧版本)' 中找到 6 个键。

处理成功！所有输出文件已保存在 '85chevyCaprice_3413704851' 文件夹中。
    -> [内存] 已为 Mod 3413704851 记录 Commit SHA: 53dbbce
