

========================= 开始处理 Workshop ID: 3428008364 (86chevyCUCV) =========================

--- 正在检查已完成的翻译于: data/completed_files/3428008364/en_completed.txt ---
     -> 在 'en_completed.txt' 中找到 83 个键。

--- 正在检查待排除的键于: data/completed_files/3428008364/exclusion_list.txt ---
  -> 排除列表文件 'exclusion_list.txt' 不存在，跳过。

-------------------- 处理子模组: 86chevyCUCV --------------------

--- 正在为 '86chevyCUCV' 动态查找 'media' 文件夹 ---
  -> 发现版本目录: 42.0
  -> 正在检查路径的有效性: data/workshop_content/3428008364/mods/86chevyCUCV/42.0/media
  --> 路径有效！将使用此路径进行处理: data/workshop_content/3428008364/mods/86chevyCUCV/42.0/media

--- 预加载 EN (L1) 数据 ---
  -> 扫描目录: data/workshop_content/3428008364/mods/86chevyCUCV/42.0/media/lua/shared/Translate/EN
     -> 在 'IG_UI_EN.txt' 中找到 32 个键。
     -> 在 'Recipes_EN.txt' 中找到 24 个键。
预加载完成: 找到 56 个本地 EN 键。

--- 阶段 1: 扫描 Scripts (L0) ---
  -> 处理: vehicles/86chevyCUCV_models.txt
  -> 处理: vehicles/86chevyCUCV_recipes.txt
     -> 新增: 4 个 Recipe
  -> 处理: vehicles/86chevyCUCV_vehiclesitems.txt
     -> 新增: 24 个 Item
  -> 处理: vehicles/86chevyK5blazer.txt
  -> 处理: vehicles/86chevyK5ksp.txt
  -> 处理: vehicles/86chevyK5pd.txt
  -> 处理: vehicles/86chevyM1008.txt
  -> 处理: vehicles/86chevyM1009.txt
  -> 处理: vehicles/86chevyM1009mp.txt
  -> 处理: vehicles/86chevyM1010.txt
  -> 处理: vehicles/86chevyM1028.txt
  -> 处理: vehicles/86chevyM1031.txt
  -> 处理: vehicles/TrailerM101A2cargo.txt
  -> 处理: vehicles/TrailerM101A2cargo_recipes.txt
     -> 新增: 1 个 Recipe
  -> 处理: vehicles/template_CUCV86_armor.txt
  -> 处理: vehicles/template_CUCV86_bed_extras.txt
  -> 处理: vehicles/template_CUCV86_bumpers.txt
  -> 处理: vehicles/template_CUCV86_doors.txt
  -> 处理: vehicles/template_CUCV86_hood.txt
  -> 处理: vehicles/template_CUCV86_mudflaps.txt
  -> 处理: vehicles/template_CUCV86_seats.txt
  -> 处理: vehicles/template_CUCV86_sidesteps.txt
  -> 处理: vehicles/template_CUCV86_spareTire.txt
  -> 处理: vehicles/template_CUCV86_tire.txt
  -> 处理: vehicles/template_CUCV86_trunk.txt
  -> 处理: vehicles/template_CUCV86_trunkdoor.txt
  -> 处理: vehicles/template_CUCV86_visor.txt
  -> 处理: vehicles/template_CUCV86_windows.txt
  -> 处理: vehicles/template_CUCV86_windshields.txt
  -> 处理: vehicles/template_M101A2_bed_extras.txt
  -> 处理: vehicles/template_M101A2_spare.txt
  -> 处理: vehicles/template_M101A2_suspension.txt
  -> 处理: vehicles/template_M101A2_tires.txt
  -> 处理: vehicles/template_M101A2_trunk.txt
  -> 处理: vehicles/template_M101A2_trunkdoor.txt
阶段 1 完成: 从 scripts 新生成了 28 条数据。

--- 阶段 2: 合并 L0 与 L1 后，纯净英文基准总计: 84 条数据。---

--- 阶段 3: 从 CN 目录加载了 0 条数据。---

--- 已为 Mod ID 3428008364 更新 84 条键来源映射 ---

--- 正在为 Mod '86chevyCUCV' 生成输出文件 ---
    - 最终合并 (output.txt): 84 条
    - 纯净英文 (EN_output.txt): 84 条
    - 纯净中文 (CN_output.txt): 0 条
    - 英文待办 (en_todo.txt): 2 条 (增量)
    - 中文独有 (cn_only.txt): 0 条 (增量)
    - 冲突键 (conflict_keys.txt): 0 条
    -> 正在尝试从 Git 历史记录中获取旧版本: data/output_files/86chevyCUCV_3428008364/EN_todo.txt
      --> 成功找到旧版本。
     -> 在 'EN_todo.txt (旧版本)' 中找到 2 个键。

处理成功！所有输出文件已保存在 '86chevyCUCV_3428008364' 文件夹中。
    -> [内存] 已为 Mod 3428008364 记录 Commit SHA: 41d452f
