

========================= 开始处理 Workshop ID: 2566953935 (86oshkoshP19A) =========================

--- 正在检查已完成的翻译于: data/completed_files/2566953935/en_completed.txt ---
     -> 在 'en_completed.txt' 中找到 68 个键。

--- 正在检查待排除的键于: data/completed_files/2566953935/exclusion_list.txt ---
  -> 排除列表文件 'exclusion_list.txt' 不存在，跳过。

-------------------- 处理子模组: 86oshkoshP19A --------------------

--- 正在为 '86oshkoshP19A' 动态查找 'media' 文件夹 ---
  -> 发现版本目录: 42.0
  -> 正在检查路径的有效性: data/workshop_content/2566953935/mods/86oshkoshP19A/42.0/media
  --> 路径有效！将使用此路径进行处理: data/workshop_content/2566953935/mods/86oshkoshP19A/42.0/media

--- 预加载 EN (L1) 数据 ---
  -> 扫描目录: data/workshop_content/2566953935/mods/86oshkoshP19A/42.0/media/lua/shared/Translate/EN
     -> 在 'IG_UI_EN.txt' 中找到 28 个键。
     -> 在 'Recipes_EN.txt' 中找到 18 个键。
预加载完成: 找到 46 个本地 EN 键。

--- 阶段 1: 扫描 Scripts (L0) ---
  -> 处理: vehicles/86oshkoshFRTR55.txt
  -> 处理: vehicles/86oshkoshKYFD.txt
  -> 处理: vehicles/86oshkoshP19ABurnt.txt
  -> 处理: vehicles/86oshkoshP19A_recipes.txt
     -> 新增: 2 个 Recipe
  -> 处理: vehicles/86oshkoshP19Avehiclesitems.txt
     -> 新增: 22 个 Item
  -> 处理: vehicles/86oshkoshUSMC.txt
  -> 处理: vehicles/86oshkosh_models.txt
  -> 处理: vehicles/template_M10XX_mudflaps.txt
  -> 处理: vehicles/template_M10XX_tarp.txt
  -> 处理: vehicles/template_M10XX_toolboxes.txt
  -> 处理: vehicles/template_M10XX_trunkdoors.txt
  -> 处理: vehicles/template_P19A_armor.txt
  -> 处理: vehicles/template_P19A_armored_tire.txt
  -> 处理: vehicles/template_P19A_bumpers.txt
  -> 处理: vehicles/template_P19A_doors.txt
  -> 处理: vehicles/template_P19A_fenders.txt
  -> 处理: vehicles/template_P19A_hood.txt
  -> 处理: vehicles/template_P19A_roof_hatch.txt
  -> 处理: vehicles/template_P19A_roofrack.txt
  -> 处理: vehicles/template_P19A_seats.txt
  -> 处理: vehicles/template_P19A_spare_mounts.txt
  -> 处理: vehicles/template_P19A_spare_tires.txt
  -> 处理: vehicles/template_P19A_trunk_clusters.txt
  -> 处理: vehicles/template_P19A_trunkdoors.txt
  -> 处理: vehicles/template_P19A_windows.txt
  -> 处理: vehicles/template_P19A_windshield.txt
  -> 处理: vehicles/trailerM1082.txt
  -> 处理: vehicles/trailerM1095.txt
阶段 1 完成: 从 scripts 新生成了 24 条数据。

--- 阶段 2: 合并 L0 与 L1 后，纯净英文基准总计: 70 条数据。---

--- 阶段 3: 从 CN 目录加载了 0 条数据。---

--- 已为 Mod ID 2566953935 更新 70 条键来源映射 ---

--- 正在为 Mod '86oshkoshP19A' 生成输出文件 ---
    - 最终合并 (output.txt): 70 条
    - 纯净英文 (EN_output.txt): 70 条
    - 纯净中文 (CN_output.txt): 0 条
    - 英文待办 (en_todo.txt): 2 条 (增量)
    - 中文独有 (cn_only.txt): 0 条 (增量)
    - 冲突键 (conflict_keys.txt): 0 条
    -> 正在尝试从 Git 历史记录中获取旧版本: data/output_files/86oshkoshP19A_2566953935/EN_todo.txt
      --> 成功找到旧版本。
     -> 在 'EN_todo.txt (旧版本)' 中找到 2 个键。

处理成功！所有输出文件已保存在 '86oshkoshP19A_2566953935' 文件夹中。
    -> [内存] 已为 Mod 2566953935 记录 Commit SHA: 53dbbce
