

========================= 开始处理 Workshop ID: 3196180339 (87chevySuburban) =========================

--- 正在检查已完成的翻译于: data/completed_files/3196180339/en_completed.txt ---
     -> 在 'en_completed.txt' 中找到 36 个键。

--- 正在检查待排除的键于: data/completed_files/3196180339/exclusion_list.txt ---
  -> 排除列表文件 'exclusion_list.txt' 不存在，跳过。

-------------------- 处理子模组: 87chevySuburban --------------------

--- 正在为 '87chevySuburban' 动态查找 'media' 文件夹 ---
  -> 发现版本目录: 42.0
  -> 正在检查路径的有效性: data/workshop_content/3196180339/mods/87chevySuburban/42.0/media
  --> 路径有效！将使用此路径进行处理: data/workshop_content/3196180339/mods/87chevySuburban/42.0/media

--- 预加载 EN (L1) 数据 ---
  -> 扫描目录: data/workshop_content/3196180339/mods/87chevySuburban/42.0/media/lua/shared/Translate/EN
     -> 在 'IG_UI_EN.txt' 中找到 10 个键。
     -> 在 'Recipes_EN.txt' 中找到 12 个键。
预加载完成: 找到 22 个本地 EN 键。

--- 阶段 1: 扫描 Scripts (L0) ---
  -> 处理: vehicles/87chevySuburban.txt
  -> 处理: vehicles/87chevySuburbanCUCV.txt
  -> 处理: vehicles/87chevySuburbanOP.txt
  -> 处理: vehicles/87chevySuburban_models.txt
  -> 处理: vehicles/87chevySuburban_recipes.txt
     -> 新增: 2 个 Recipe
  -> 处理: vehicles/87chevySuburban_vehiclesitems.txt
     -> 新增: 14 个 Item
  -> 处理: vehicles/template_SUB87_armor.txt
  -> 处理: vehicles/template_SUB87_bumpers.txt
  -> 处理: vehicles/template_SUB87_doors.txt
  -> 处理: vehicles/template_SUB87_extras.txt
  -> 处理: vehicles/template_SUB87_hood.txt
  -> 处理: vehicles/template_SUB87_roofLights.txt
  -> 处理: vehicles/template_SUB87_roofrack.txt
  -> 处理: vehicles/template_SUB87_seats.txt
  -> 处理: vehicles/template_SUB87_sidesteps.txt
  -> 处理: vehicles/template_SUB87_spareTire.txt
  -> 处理: vehicles/template_SUB87_tire.txt
  -> 处理: vehicles/template_SUB87_trunk.txt
  -> 处理: vehicles/template_SUB87_trunkdoor.txt
  -> 处理: vehicles/template_SUB87_windows.txt
  -> 处理: vehicles/template_SUB87_windshields.txt
阶段 1 完成: 从 scripts 新生成了 16 条数据。

--- 阶段 2: 合并 L0 与 L1 后，纯净英文基准总计: 38 条数据。---

--- 阶段 3: 从 CN 目录加载了 0 条数据。---

--- 已为 Mod ID 3196180339 更新 38 条键来源映射 ---

--- 正在为 Mod '87chevySuburban' 生成输出文件 ---
    - 最终合并 (output.txt): 38 条
    - 纯净英文 (EN_output.txt): 38 条
    - 纯净中文 (CN_output.txt): 0 条
    - 英文待办 (en_todo.txt): 2 条 (增量)
    - 中文独有 (cn_only.txt): 0 条 (增量)
    - 冲突键 (conflict_keys.txt): 0 条
    -> 正在尝试从 Git 历史记录中获取旧版本: data/output_files/87chevySuburban_3196180339/EN_todo.txt
      --> 成功找到旧版本。
     -> 在 'EN_todo.txt (旧版本)' 中找到 2 个键。

处理成功！所有输出文件已保存在 '87chevySuburban_3196180339' 文件夹中。
    -> [内存] 已为 Mod 3196180339 记录 Commit SHA: 53dbbce
