

========================= 开始处理 Workshop ID: 3435796523 (88toyotaHilux) =========================

--- 正在检查已完成的翻译于: data\completed_files\3435796523\en_completed.txt ---
     -> 在 'en_completed.txt' 中找到 53 个键。

--- 正在检查待排除的键于: data\completed_files\3435796523\exclusion_list.txt ---
  -> 排除列表文件 'exclusion_list.txt' 不存在，跳过。

-------------------- 处理子模组: 88toyotaHilux --------------------

--- 正在为 '88toyotaHilux' 动态查找 'media' 文件夹 ---
  -> 发现版本目录: 42.0
  -> 正在检查路径的有效性: data\workshop_content\3435796523\mods\88toyotaHilux\42.0\media
  --> 路径有效！已将其加入待处理列表。

--- 阶段 1: 扫描所有 media 路径下的翻译文件 (L1) ---
  -> 正在处理 media 路径: data\workshop_content\3435796523\mods\88toyotaHilux\42.0\media
  -> 扫描目录: data\workshop_content\3435796523\mods\88toyotaHilux\42.0\media\lua\shared\Translate\EN
     -> 在 'IG_UI_EN.txt' 中找到 6 个键。
     -> 在 'Recipes_EN.txt' 中找到 23 个键。
阶段 1 完成: 从 EN 加载了 29 条数据, 从 CN 加载了 0 条数据。

--- 阶段 2: 扫描所有 Media 路径下的 Scripts (L0) ---
  -> 正在处理 Scripts 路径: data\workshop_content\3435796523\mods\88toyotaHilux\42.0\media\scripts
    -> 处理: vehicles\88toyotaHilux_models.txt
    -> 处理: vehicles\88toyotaHilux_recipes.txt
     -> 新增: 2 个 Recipe
    -> 处理: vehicles\88toyotaHilux_vehiclesitems.txt
     -> 新增: 24 个 Item
    -> 处理: vehicles\88toyotaHiluxSC.txt
    -> 处理: vehicles\88toyotaHiluxXC.txt
    -> 处理: vehicles\88toyotaHiluxXCS.txt
    -> 处理: vehicles\template_HLX88_armor.txt
    -> 处理: vehicles\template_HLX88_bedExtras.txt
    -> 处理: vehicles\template_HLX88_bumpers.txt
    -> 处理: vehicles\template_HLX88_doors.txt
    -> 处理: vehicles\template_HLX88_hood.txt
    -> 处理: vehicles\template_HLX88_mudflaps.txt
    -> 处理: vehicles\template_HLX88_roofracks.txt
    -> 处理: vehicles\template_HLX88_seats.txt
    -> 处理: vehicles\template_HLX88_sidesteps.txt
    -> 处理: vehicles\template_HLX88_spareTires.txt
    -> 处理: vehicles\template_HLX88_tire.txt
    -> 处理: vehicles\template_HLX88_trunk.txt
    -> 处理: vehicles\template_HLX88_trunkdoor.txt
    -> 处理: vehicles\template_HLX88_windows.txt
    -> 处理: vehicles\template_HLX88_windshields.txt
阶段 2 完成: 从 scripts 新生成了 26 条数据。

--- 阶段 3: 合并 L0 与 L1 后，纯净英文基准总计: 55 条数据。---

--- 已为 Mod ID 3435796523 更新 55 条键来源映射 ---

--- 正在为 Mod '88toyotaHilux' 生成输出文件 ---
    - 最终合并 (output.txt): 55 条
    - 纯净英文 (EN_output.txt): 55 条
    - 纯净中文 (CN_output.txt): 0 条
    - 英文待办 (en_todo.txt): 2 条 (增量)
    - 中文独有 (cn_only.txt): 0 条 (增量)
    - 冲突键 (conflict_keys.txt): 0 条
    -> 正在尝试从 Git 历史记录中获取旧版本: data/output_files/88toyotaHilux_3435796523/EN_todo.txt
      --> 成功找到旧版本。
     -> 在 'EN_todo.txt (旧版本)' 中找到 2 个键。

处理成功！所有输出文件已保存在 '88toyotaHilux_3435796523' 文件夹中。
    -> [内存] 已为 Mod 3435796523 记录 Commit SHA: 53dbbce
