

========================= 开始处理 Workshop ID: 3570973322 (89defender) =========================

--- 正在检查已完成的翻译于: data/completed_files/3570973322/en_completed.txt ---
     -> 在 'en_completed.txt' 中找到 75 个键。

--- 正在检查待排除的键于: data/completed_files/3570973322/exclusion_list.txt ---
  -> 排除列表文件 'exclusion_list.txt' 不存在，跳过。

-------------------- 处理子模组: 89defender --------------------

--- 正在为 '89defender' 动态查找 'media' 文件夹 ---
  -> 发现版本目录: 42.0
  -> 正在检查路径的有效性: data/workshop_content/3570973322/mods/89defender/42.0/media
  --> 路径有效！将使用此路径进行处理: data/workshop_content/3570973322/mods/89defender/42.0/media

--- 预加载 EN (L1) 数据 ---
  -> 扫描目录: data/workshop_content/3570973322/mods/89defender/42.0/media/lua/shared/Translate/EN
     -> 在 'IG_UI_EN.txt' 中找到 11 个键。
     -> 在 'Recipes_EN.txt' 中找到 31 个键。
预加载完成: 找到 42 个本地 EN 键。

--- 阶段 1: 扫描 Scripts (L0) ---
  -> 处理: vehicles/89defender110.txt
  -> 处理: vehicles/89defender110utility.txt
  -> 处理: vehicles/89defender130.txt
  -> 处理: vehicles/89defender90.txt
  -> 处理: vehicles/89defender90utility.txt
  -> 处理: vehicles/89defender_models.txt
  -> 处理: vehicles/89defender_recipes.txt
     -> 新增: 2 个 Recipe
  -> 处理: vehicles/89defender_vehiclesitems.txt
     -> 新增: 33 个 Item
  -> 处理: vehicles/Trailer89defender.txt
  -> 处理: vehicles/template_DEF89_armor.txt
  -> 处理: vehicles/template_DEF89_bumpers.txt
  -> 处理: vehicles/template_DEF89_console.txt
  -> 处理: vehicles/template_DEF89_doors.txt
  -> 处理: vehicles/template_DEF89_hood.txt
  -> 处理: vehicles/template_DEF89_mudflaps.txt
  -> 处理: vehicles/template_DEF89_passengers.txt
  -> 处理: vehicles/template_DEF89_roofracks.txt
  -> 处理: vehicles/template_DEF89_seats.txt
  -> 处理: vehicles/template_DEF89_sidesteps.txt
  -> 处理: vehicles/template_DEF89_snorkel.txt
  -> 处理: vehicles/template_DEF89_spareTires.txt
  -> 处理: vehicles/template_DEF89_tire.txt
  -> 处理: vehicles/template_DEF89_truckBedAddons.txt
  -> 处理: vehicles/template_DEF89_trunk.txt
  -> 处理: vehicles/template_DEF89_trunkdoors.txt
  -> 处理: vehicles/template_DEF89_vents.txt
  -> 处理: vehicles/template_DEF89_windows.txt
  -> 处理: vehicles/template_DEF89_windshields.txt
阶段 1 完成: 从 scripts 新生成了 35 条数据。

--- 阶段 2: 合并 L0 与 L1 后，纯净英文基准总计: 77 条数据。---

--- 阶段 3: 从 CN 目录加载了 0 条数据。---

--- 已为 Mod ID 3570973322 更新 77 条键来源映射 ---

--- 正在为 Mod '89defender' 生成输出文件 ---
    - 最终合并 (output.txt): 77 条
    - 纯净英文 (EN_output.txt): 77 条
    - 纯净中文 (CN_output.txt): 0 条
    - 英文待办 (en_todo.txt): 2 条 (增量)
    - 中文独有 (cn_only.txt): 0 条 (增量)
    - 冲突键 (conflict_keys.txt): 0 条
    -> 正在尝试从 Git 历史记录中获取旧版本: data/output_files/89defender_3570973322/EN_todo.txt
      --> 成功找到旧版本。
     -> 在 'EN_todo.txt (旧版本)' 中找到 2 个键。

处理成功！所有输出文件已保存在 '89defender_3570973322' 文件夹中。
    -> [内存] 已为 Mod 3570973322 记录 Commit SHA: 08d4227
