

========================= 开始处理 Workshop ID: 2932549988 (89trooper) =========================

--- 正在检查已完成的翻译于: data\completed_files\2932549988\en_completed.txt ---
     -> 在 'en_completed.txt' 中找到 48 个键。

--- 正在检查待排除的键于: data\completed_files\2932549988\exclusion_list.txt ---
  -> 排除列表文件 'exclusion_list.txt' 不存在，跳过。

-------------------- 处理子模组: 89trooper --------------------

--- 正在为 '89trooper' 动态查找 'media' 文件夹 ---
  -> 发现版本目录: 42.0
  -> 正在检查路径的有效性: data\workshop_content\2932549988\mods\89trooper\42.0\media
  --> 路径有效！将使用此路径进行处理: data\workshop_content\2932549988\mods\89trooper\42.0\media

--- 预加载 EN (L1) 数据 ---
  -> 扫描目录: data\workshop_content\2932549988\mods\89trooper\42.0\media\lua\shared\Translate\EN
     -> 在 'IG_UI_EN.txt' 中找到 5 个键。
     -> 在 'Recipes_EN.txt' 中找到 20 个键。
预加载完成: 找到 25 个本地 EN 键。

--- 阶段 1: 扫描 Scripts (L0) ---
  -> 处理: vehicles\89trooper.txt
  -> 处理: vehicles\89trooper_models.txt
  -> 处理: vehicles\89trooper_recipes.txt
     -> 新增: 2 个 Recipe
  -> 处理: vehicles\89trooper_vehiclesitems.txt
     -> 新增: 23 个 Item
  -> 处理: vehicles\89trooperOP.txt
  -> 处理: vehicles\89trooperRS.txt
  -> 处理: vehicles\template_ISZ89_armor.txt
  -> 处理: vehicles\template_ISZ89_bumpers.txt
  -> 处理: vehicles\template_ISZ89_doors.txt
  -> 处理: vehicles\template_ISZ89_gearOP.txt
  -> 处理: vehicles\template_ISZ89_hood.txt
  -> 处理: vehicles\template_ISZ89_mudflaps.txt
  -> 处理: vehicles\template_ISZ89_roofrack.txt
  -> 处理: vehicles\template_ISZ89_seats.txt
  -> 处理: vehicles\template_ISZ89_sidesteps.txt
  -> 处理: vehicles\template_ISZ89_spareTire.txt
  -> 处理: vehicles\template_ISZ89_tire.txt
  -> 处理: vehicles\template_ISZ89_trunk.txt
  -> 处理: vehicles\template_ISZ89_trunkdoor.txt
  -> 处理: vehicles\template_ISZ89_windows.txt
  -> 处理: vehicles\template_ISZ89_windshields.txt
阶段 1 完成: 从 scripts 新生成了 25 条数据。

--- 阶段 2: 合并 L0 与 L1 后，纯净英文基准总计: 50 条数据。---

--- 阶段 3: 从 CN 目录加载了 0 条数据。---

--- 已为 Mod ID 2932549988 更新 50 条键来源映射 ---

--- 正在为 Mod '89trooper' 生成输出文件 ---
    - 最终合并 (output.txt): 50 条
    - 纯净英文 (EN_output.txt): 50 条
    - 纯净中文 (CN_output.txt): 0 条
    - 英文待办 (en_todo.txt): 2 条 (增量)
    - 中文独有 (cn_only.txt): 0 条 (增量)
    - 冲突键 (conflict_keys.txt): 0 条
    -> 正在尝试从 Git 历史记录中获取旧版本: data/output_files/89trooper_2932549988/EN_todo.txt
      --> 成功找到旧版本。
     -> 在 'EN_todo.txt (旧版本)' 中找到 2 个键。

处理成功！所有输出文件已保存在 '89trooper_2932549988' 文件夹中。
    -> [内存] 已为 Mod 2932549988 记录 Commit SHA: 53dbbce
