

========================= 开始处理 Workshop ID: 3292659291 (89volvo200) =========================

--- 正在检查已完成的翻译于: data\completed_files\3292659291\en_completed.txt ---
     -> 在 'en_completed.txt' 中找到 93 个键。

--- 正在检查待排除的键于: data\completed_files\3292659291\exclusion_list.txt ---
  -> 排除列表文件 'exclusion_list.txt' 不存在，跳过。

-------------------- 处理子模组: 89volvo200 --------------------

--- 正在为 '89volvo200' 动态查找 'media' 文件夹 ---
  -> 发现版本目录: 42.0
  -> 正在检查路径的有效性: data\workshop_content\3292659291\mods\89volvo200\42.0\media
  --> 路径有效！已将其加入待处理列表。

--- 阶段 1: 扫描所有 media 路径下的翻译文件 (L1) ---
  -> 正在处理 media 路径: data\workshop_content\3292659291\mods\89volvo200\42.0\media
  -> 扫描目录: data\workshop_content\3292659291\mods\89volvo200\42.0\media\lua\shared\Translate\EN
     -> 在 'IG_UI_EN.txt' 中找到 7 个键。
     -> 在 'Recipes_EN.txt' 中找到 38 个键。
阶段 1 完成: 从 EN 加载了 45 条数据, 从 CN 加载了 0 条数据。

--- 阶段 2: 扫描所有 Media 路径下的 Scripts (L0) ---
  -> 正在处理 Scripts 路径: data\workshop_content\3292659291\mods\89volvo200\42.0\media\scripts
    -> 处理: vehicles\89volvo200_models.txt
    -> 处理: vehicles\89volvo200_recipes.txt
     -> 新增: 2 个 Recipe
    -> 处理: vehicles\89volvo200_vehiclesitems.txt
     -> 新增: 48 个 Item
    -> 处理: vehicles\89volvo242turbo.txt
    -> 处理: vehicles\89volvo244sedan.txt
    -> 处理: vehicles\89volvo245wagon.txt
    -> 处理: vehicles\template_VL200_armor.txt
    -> 处理: vehicles\template_VL200_bumpers.txt
    -> 处理: vehicles\template_VL200_doors.txt
    -> 处理: vehicles\template_VL200_frontLips.txt
    -> 处理: vehicles\template_VL200_hood.txt
    -> 处理: vehicles\template_VL200_mudflaps.txt
    -> 处理: vehicles\template_VL200_roofracks.txt
    -> 处理: vehicles\template_VL200_seats.txt
    -> 处理: vehicles\template_VL200_spareTire.txt
    -> 处理: vehicles\template_VL200_spoiler.txt
    -> 处理: vehicles\template_VL200_tires.txt
    -> 处理: vehicles\template_VL200_trunk.txt
    -> 处理: vehicles\template_VL200_trunkDoor.txt
    -> 处理: vehicles\template_VL200_windows.txt
    -> 处理: vehicles\template_VL200_windshields.txt
阶段 2 完成: 从 scripts 新生成了 50 条数据。

--- 阶段 3: 合并 L0 与 L1 后，纯净英文基准总计: 95 条数据。---

--- 已为 Mod ID 3292659291 更新 95 条键来源映射 ---

--- 正在为 Mod '89volvo200' 生成输出文件 ---
    - 最终合并 (output.txt): 95 条
    - 纯净英文 (EN_output.txt): 95 条
    - 纯净中文 (CN_output.txt): 0 条
    - 英文待办 (en_todo.txt): 2 条 (增量)
    - 中文独有 (cn_only.txt): 0 条 (增量)
    - 冲突键 (conflict_keys.txt): 0 条
    -> 正在尝试从 Git 历史记录中获取旧版本: data/output_files/89volvo200_3292659291/EN_todo.txt
      --> 成功找到旧版本。
     -> 在 'EN_todo.txt (旧版本)' 中找到 2 个键。

处理成功！所有输出文件已保存在 '89volvo200_3292659291' 文件夹中。
    -> [内存] 已为 Mod 3292659291 记录 Commit SHA: 53dbbce
