

========================= 开始处理 Workshop ID: 2642541073 (92amgeneralM998) =========================

--- 正在检查已完成的翻译于: data\completed_files\2642541073\en_completed.txt ---
     -> 在 'en_completed.txt' 中找到 58 个键。

--- 正在检查待排除的键于: data\completed_files\2642541073\exclusion_list.txt ---
  -> 排除列表文件 'exclusion_list.txt' 不存在，跳过。

-------------------- 处理子模组: 92amgeneralM998 --------------------

--- 正在为 '92amgeneralM998' 动态查找 'media' 文件夹 ---
  -> 发现版本目录: 42.0
  -> 正在检查路径的有效性: data\workshop_content\2642541073\mods\92amgeneralM998\42.0\media
  --> 路径有效！将使用此路径进行处理: data\workshop_content\2642541073\mods\92amgeneralM998\42.0\media

--- 预加载 EN (L1) 数据 ---
  -> 扫描目录: data\workshop_content\2642541073\mods\92amgeneralM998\42.0\media\lua\shared\Translate\EN
     -> 在 'IG_UI_EN.txt' 中找到 13 个键。
     -> 在 'Recipes_EN.txt' 中找到 23 个键。
预加载完成: 找到 36 个本地 EN 键。

--- 阶段 1: 扫描 Scripts (L0) ---
  -> 处理: vehicles\92amgeneralM998.txt
  -> 处理: vehicles\92amgeneralM998_models.txt
  -> 处理: vehicles\92amgeneralM998_recipes.txt
     -> 新增: 3 个 Recipe
  -> 处理: vehicles\92amgeneralM998_vehiclesitems.txt
     -> 新增: 20 个 Item
  -> 处理: vehicles\92amgeneralM998Burnt.txt
  -> 处理: vehicles\template_M101A3_cover.txt
  -> 处理: vehicles\template_M101A3_spare.txt
  -> 处理: vehicles\template_M101A3_suspension.txt
  -> 处理: vehicles\template_M101A3_tarp.txt
  -> 处理: vehicles\template_M101A3_tires.txt
  -> 处理: vehicles\template_M101A3_trunk.txt
  -> 处理: vehicles\template_M101A3_trunkdoor.txt
  -> 处理: vehicles\template_M988_mufflers.txt
  -> 处理: vehicles\template_M998_armor.txt
  -> 处理: vehicles\template_M998_armored_tire.txt
  -> 处理: vehicles\template_M998_back_covers.txt
  -> 处理: vehicles\template_M998_bumpers.txt
  -> 处理: vehicles\template_M998_doors.txt
  -> 处理: vehicles\template_M998_hood.txt
  -> 处理: vehicles\template_M998_mudflaps.txt
  -> 处理: vehicles\template_M998_roofrack.txt
  -> 处理: vehicles\template_M998_seats.txt
  -> 处理: vehicles\template_M998_sparetire.txt
  -> 处理: vehicles\template_M998_trunk.txt
  -> 处理: vehicles\template_M998_trunk_barriers.txt
  -> 处理: vehicles\template_M998_trunkdoor.txt
  -> 处理: vehicles\template_M998_windows.txt
  -> 处理: vehicles\template_M998_windshield.txt
  -> 处理: vehicles\TrailerM101A3cargo.txt
  -> 处理: vehicles\TrailerM101A3cargo_models.txt
  -> 处理: vehicles\TrailerM101A3cargo_recipes.txt
     -> 新增: 1 个 Recipe
  -> 处理: vehicles\TrailerM101A3cargo_vehiclesitems.txt
     -> 新增: 2 个 Item
阶段 1 完成: 从 scripts 新生成了 25 条数据。

--- 阶段 2: 合并 L0 与 L1 后，纯净英文基准总计: 61 条数据。---

--- 阶段 3: 从 CN 目录加载了 0 条数据。---

--- 阶段 4: 检测到 1 个与官方重复的键。---

--- 已为 Mod ID 2642541073 更新 61 条键来源映射 ---

--- 正在为 Mod '92amgeneralM998' 生成输出文件 ---
    - 最终合并 (output.txt): 61 条
    - 纯净英文 (EN_output.txt): 61 条
    - 纯净中文 (CN_output.txt): 0 条
    - 英文待办 (en_todo.txt): 3 条 (增量)
    - 中文独有 (cn_only.txt): 0 条 (增量)
    - 冲突键 (conflict_keys.txt): 1 条
    -> 正在尝试从 Git 历史记录中获取旧版本: data/output_files/92amgeneralM998_2642541073/EN_todo.txt
      --> 成功找到旧版本。
     -> 在 'EN_todo.txt (旧版本)' 中找到 3 个键。

处理成功！所有输出文件已保存在 '92amgeneralM998_2642541073' 文件夹中。
    -> [内存] 已为 Mod 2642541073 记录 Commit SHA: 53dbbce
