

========================= 开始处理 Workshop ID: 3287727378 (92jeepYJ) =========================

--- 正在检查已完成的翻译于: data\completed_files\3287727378\en_completed.txt ---
     -> 在 'en_completed.txt' 中找到 86 个键。

--- 正在检查待排除的键于: data\completed_files\3287727378\exclusion_list.txt ---
  -> 排除列表文件 'exclusion_list.txt' 不存在，跳过。

-------------------- 处理子模组: 92jeepYJ --------------------

--- 正在为 '92jeepYJ' 动态查找 'media' 文件夹 ---
  -> 发现版本目录: 42.0
  -> 正在检查路径的有效性: data\workshop_content\3287727378\mods\92jeepYJ\42.0\media
  --> 路径有效！已将其加入待处理列表。

--- 阶段 1: 扫描所有 media 路径下的翻译文件 (L1) ---
  -> 正在处理 media 路径: data\workshop_content\3287727378\mods\92jeepYJ\42.0\media
  -> 扫描目录: data\workshop_content\3287727378\mods\92jeepYJ\42.0\media\lua\shared\Translate\EN
     -> 在 'IG_UI_EN.txt' 中找到 17 个键。
     -> 在 'Recipes_EN.txt' 中找到 28 个键。
阶段 1 完成: 从 EN 加载了 45 条数据, 从 CN 加载了 0 条数据。

--- 阶段 2: 扫描所有 Media 路径下的 Scripts (L0) ---
  -> 正在处理 Scripts 路径: data\workshop_content\3287727378\mods\92jeepYJ\42.0\media\scripts
    -> 处理: vehicles\92jeepYJ_ducks.txt
     -> 新增: 10 个 Item
    -> 处理: vehicles\92jeepYJ_models.txt
    -> 处理: vehicles\92jeepYJ_recipes.txt
     -> 新增: 3 个 Recipe
    -> 处理: vehicles\92jeepYJ_vehiclesitems.txt
     -> 新增: 31 个 Item
    -> 处理: vehicles\92jeepYJjp.txt
    -> 处理: vehicles\92jeepYJranger.txt
    -> 处理: vehicles\92jeepYJs.txt
    -> 处理: vehicles\92jeepYJse.txt
    -> 处理: vehicles\template_JP92_armor.txt
    -> 处理: vehicles\template_JP92_bodykit.txt
    -> 处理: vehicles\template_JP92_bumpers.txt
    -> 处理: vehicles\template_JP92_doors.txt
    -> 处理: vehicles\template_JP92_frames.txt
    -> 处理: vehicles\template_JP92_gunrack.txt
    -> 处理: vehicles\template_JP92_hood.txt
    -> 处理: vehicles\template_JP92_jack.txt
    -> 处理: vehicles\template_JP92_lightbar.txt
    -> 处理: vehicles\template_JP92_rollBars.txt
    -> 处理: vehicles\template_JP92_roofrack.txt
    -> 处理: vehicles\template_JP92_roofTops.txt
    -> 处理: vehicles\template_JP92_seats.txt
    -> 处理: vehicles\template_JP92_snorkel.txt
    -> 处理: vehicles\template_JP92_spareTire.txt
    -> 处理: vehicles\template_JP92_tire.txt
    -> 处理: vehicles\template_JP92_trunk.txt
    -> 处理: vehicles\template_JP92_trunkdoor.txt
    -> 处理: vehicles\template_JP92_winch.txt
    -> 处理: vehicles\template_JP92_windows.txt
    -> 处理: vehicles\template_JP92_windshields.txt
阶段 2 完成: 从 scripts 新生成了 44 条数据。

--- 阶段 3: 合并 L0 与 L1 后，纯净英文基准总计: 89 条数据。---

--- 阶段 4: 检测到 1 个与官方重复的键。---

--- 阶段 4: 检测到 1 个与官方重复的键。---

--- 已为 Mod ID 3287727378 更新 89 条键来源映射 ---

--- 正在为 Mod '92jeepYJ' 生成输出文件 ---
    - 最终合并 (output.txt): 89 条
    - 纯净英文 (EN_output.txt): 89 条
    - 纯净中文 (CN_output.txt): 0 条
    - 英文待办 (en_todo.txt): 3 条 (增量)
    - 中文独有 (cn_only.txt): 0 条 (增量)
    - 冲突键 (conflict_keys.txt): 1 条
    -> 正在尝试从 Git 历史记录中获取旧版本: data/output_files/92jeepYJ_3287727378/EN_todo.txt
      --> 成功找到旧版本。
     -> 在 'EN_todo.txt (旧版本)' 中找到 3 个键。

处理成功！所有输出文件已保存在 '92jeepYJ_3287727378' 文件夹中。
    -> [内存] 已为 Mod 3287727378 记录 Commit SHA: 41d452f
