

========================= 开始处理 Workshop ID: 3152529790 (93chevySuburban) =========================

--- 正在检查已完成的翻译于: data\completed_files\3152529790\en_completed.txt ---
     -> 在 'en_completed.txt' 中找到 150 个键。

--- 正在检查待排除的键于: data\completed_files\3152529790\exclusion_list.txt ---
  -> 排除列表文件 'exclusion_list.txt' 不存在，跳过。

-------------------- 处理子模组: 93chevySuburban --------------------

--- 正在为 '93chevySuburban' 动态查找 'media' 文件夹 ---
  -> 发现版本目录: 42.0
  -> 正在检查路径的有效性: data\workshop_content\3152529790\mods\93chevySuburban\42.0\media
  --> 路径有效！已将其加入待处理列表。

--- 阶段 1: 扫描所有 media 路径下的翻译文件 (L1) ---
  -> 正在处理 media 路径: data\workshop_content\3152529790\mods\93chevySuburban\42.0\media
  -> 扫描目录: data\workshop_content\3152529790\mods\93chevySuburban\42.0\media\lua\shared\Translate\EN
     -> 在 'IG_UI_EN.txt' 中找到 36 个键。
     -> 在 'Recipes_EN.txt' 中找到 48 个键。
阶段 1 完成: 从 EN 加载了 84 条数据, 从 CN 加载了 0 条数据。

--- 阶段 2: 扫描所有 Media 路径下的 Scripts (L0) ---
  -> 正在处理 Scripts 路径: data\workshop_content\3152529790\mods\93chevySuburban\42.0\media\scripts
    -> 处理: vehicles\93chevySilveradoCC.txt
    -> 处理: vehicles\93chevySilveradoCCdually.txt
    -> 处理: vehicles\93chevySilveradoCClong.txt
    -> 处理: vehicles\93chevySilveradoCClongfd.txt
    -> 处理: vehicles\93chevySilveradoK3500flatbed.txt
    -> 处理: vehicles\93chevySilveradoK3500wrecker.txt
    -> 处理: vehicles\93chevySilveradoSC.txt
    -> 处理: vehicles\93chevySilveradoSCdually.txt
    -> 处理: vehicles\93chevySilveradoSClong.txt
    -> 处理: vehicles\93chevySilveradoSClongFossoil.txt
    -> 处理: vehicles\93chevySilveradoXC.txt
    -> 处理: vehicles\93chevySilveradoXCdually.txt
    -> 处理: vehicles\93chevySilveradoXClong.txt
    -> 处理: vehicles\93chevySilveradoXClongMcCoy.txt
    -> 处理: vehicles\93chevySilveradoXClongRanger.txt
    -> 处理: vehicles\93chevySuburban.txt
    -> 处理: vehicles\93chevySuburban_models.txt
    -> 处理: vehicles\93chevySuburban_recipes.txt
     -> 新增: 2 个 Recipe
    -> 处理: vehicles\93chevySuburban_vehiclesitems.txt
     -> 新增: 48 个 Item
    -> 处理: vehicles\93chevySuburbanDually.txt
    -> 处理: vehicles\93chevySuburbanfbi.txt
    -> 处理: vehicles\93chevySuburbanfd.txt
    -> 处理: vehicles\93chevySuburbanksp.txt
    -> 处理: vehicles\93chevySuburbanpd.txt
    -> 处理: vehicles\93chevySuburbanpdu.txt
    -> 处理: vehicles\template_SIL93_bedStakes.txt
    -> 处理: vehicles\template_SIL93_bedTarp.txt
    -> 处理: vehicles\template_SIL93_roofLights.txt
    -> 处理: vehicles\template_SIL93_tire.txt
    -> 处理: vehicles\template_SUB93_armor.txt
    -> 处理: vehicles\template_SUB93_bumpers.txt
    -> 处理: vehicles\template_SUB93_doors.txt
    -> 处理: vehicles\template_SUB93_gunrack.txt
    -> 处理: vehicles\template_SUB93_hood.txt
    -> 处理: vehicles\template_SUB93_mudflaps.txt
    -> 处理: vehicles\template_SUB93_roofrack.txt
    -> 处理: vehicles\template_SUB93_seats.txt
    -> 处理: vehicles\template_SUB93_sidesteps.txt
    -> 处理: vehicles\template_SUB93_spareTires.txt
    -> 处理: vehicles\template_SUB93_tire.txt
    -> 处理: vehicles\template_SUB93_toolboxes.txt
    -> 处理: vehicles\template_SUB93_truckbedAddons.txt
    -> 处理: vehicles\template_SUB93_trunk.txt
    -> 处理: vehicles\template_SUB93_trunkdoor.txt
    -> 处理: vehicles\template_SUB93_windows.txt
    -> 处理: vehicles\template_SUB93_windshields.txt
阶段 2 完成: 从 scripts 新生成了 50 条数据。

--- 阶段 3: 合并 L0 与 L1 后，纯净英文基准总计: 134 条数据。---

-------------------- 处理子模组: 93chevySuburbanExpanded --------------------

--- 正在为 '93chevySuburbanExpanded' 动态查找 'media' 文件夹 ---
  -> 发现版本目录: 42.0
  -> 正在检查路径的有效性: data\workshop_content\3152529790\mods\93chevySuburbanExpanded\42.0\media
  --> 路径有效！已将其加入待处理列表。

--- 阶段 1: 扫描所有 media 路径下的翻译文件 (L1) ---
  -> 正在处理 media 路径: data\workshop_content\3152529790\mods\93chevySuburbanExpanded\42.0\media
  -> 扫描目录: data\workshop_content\3152529790\mods\93chevySuburbanExpanded\42.0\media\lua\shared\Translate\EN
     -> 在 'IG_UI_EN.txt' 中找到 20 个键。
阶段 1 完成: 从 EN 加载了 20 条数据, 从 CN 加载了 0 条数据。

--- 阶段 2: 扫描所有 Media 路径下的 Scripts (L0) ---
  -> 正在处理 Scripts 路径: data\workshop_content\3152529790\mods\93chevySuburbanExpanded\42.0\media\scripts
    -> 处理: vehicles\template_93chevySilveradoCCdually.txt
    -> 处理: vehicles\template_93chevySilveradoCClong.txt
    -> 处理: vehicles\template_93chevySilveradoCClongPolice.txt
    -> 处理: vehicles\template_93chevySilveradoK3500flatbed.txt
    -> 处理: vehicles\template_93chevySilveradoK3500wrecker.txt
    -> 处理: vehicles\template_93chevySilveradoSCdually.txt
    -> 处理: vehicles\template_93chevySilveradoSCpolice.txt
    -> 处理: vehicles\template_93chevySilveradoXC.txt
    -> 处理: vehicles\template_93chevySilveradoXCdually.txt
    -> 处理: vehicles\template_93chevySuburbanPolice.txt
    -> 处理: vehicles\vehicles_93chevySuburbanExpanded.txt
阶段 2 完成: 从 scripts 新生成了 0 条数据。

--- 阶段 3: 合并 L0 与 L1 后，纯净英文基准总计: 20 条数据。---

--- 已为 Mod ID 3152529790 更新 154 条键来源映射 ---

--- 正在为 Mod '93chevySuburban' 生成输出文件 ---
    - 最终合并 (output.txt): 154 条
    - 纯净英文 (EN_output.txt): 154 条
    - 纯净中文 (CN_output.txt): 0 条
    - 英文待办 (en_todo.txt): 4 条 (增量)
    - 中文独有 (cn_only.txt): 0 条 (增量)
    - 冲突键 (conflict_keys.txt): 0 条
    -> 正在尝试从 Git 历史记录中获取旧版本: data/output_files/93chevySuburban_3152529790/EN_todo.txt
      --> 成功找到旧版本。
     -> 在 'EN_todo.txt (旧版本)' 中找到 4 个键。

处理成功！所有输出文件已保存在 '93chevySuburban_3152529790' 文件夹中。
    -> [内存] 已为 Mod 3152529790 记录 Commit SHA: 53dbbce
