

========================= 开始处理 Workshop ID: 3073430075 (93fordF350) =========================

--- 正在检查已完成的翻译于: data\completed_files\3073430075\en_completed.txt ---
     -> 在 'en_completed.txt' 中找到 91 个键。

--- 正在检查待排除的键于: data\completed_files\3073430075\exclusion_list.txt ---
  -> 排除列表文件 'exclusion_list.txt' 不存在，跳过。

-------------------- 处理子模组: 93fordF350 --------------------

--- 正在为 '93fordF350' 动态查找 'media' 文件夹 ---
  -> 发现版本目录: 42.0
  -> 正在检查路径的有效性: data\workshop_content\3073430075\mods\93fordF350\42.0\media
  --> 路径有效！将使用此路径进行处理: data\workshop_content\3073430075\mods\93fordF350\42.0\media

--- 预加载 EN (L1) 数据 ---
  -> 扫描目录: data\workshop_content\3073430075\mods\93fordF350\42.0\media\lua\shared\Translate\EN
     -> 在 'IG_UI_EN.txt' 中找到 24 个键。
     -> 在 'Recipes_EN.txt' 中找到 34 个键。
预加载完成: 找到 58 个本地 EN 键。

--- 阶段 1: 扫描 Scripts (L0) ---
  -> 处理: vehicles\93fordF150.txt
  -> 处理: vehicles\93fordF250.txt
  -> 处理: vehicles\93fordF350.txt
  -> 处理: vehicles\93fordF350_models.txt
  -> 处理: vehicles\93fordF350_recipes.txt
     -> 新增: 3 个 Recipe
  -> 处理: vehicles\93fordF350_vehiclesitems.txt
     -> 新增: 33 个 Item
  -> 处理: vehicles\93fordF350dually.txt
  -> 处理: vehicles\93fordF350fd.txt
  -> 处理: vehicles\93fordF350pd.txt
  -> 处理: vehicles\93fordF350so.txt
  -> 处理: vehicles\93fordF350utility.txt
  -> 处理: vehicles\93fordF350utilityDpw.txt
  -> 处理: vehicles\93fordF350utilityFd.txt
  -> 处理: vehicles\template_F3502_armor.txt
  -> 处理: vehicles\template_F3502_bedCover.txt
  -> 处理: vehicles\template_F3502_bumpers.txt
  -> 处理: vehicles\template_F3502_collision.txt
  -> 处理: vehicles\template_F3502_doors.txt
  -> 处理: vehicles\template_F3502_gunrack.txt
  -> 处理: vehicles\template_F3502_headacheRack.txt
  -> 处理: vehicles\template_F3502_hood.txt
  -> 处理: vehicles\template_F3502_mudflaps.txt
  -> 处理: vehicles\template_F3502_roofLights.txt
  -> 处理: vehicles\template_F3502_roofrack.txt
  -> 处理: vehicles\template_F3502_seats.txt
  -> 处理: vehicles\template_F3502_sidesteps.txt
  -> 处理: vehicles\template_F3502_spareTires.txt
  -> 处理: vehicles\template_F3502_tire.txt
  -> 处理: vehicles\template_F3502_trunk.txt
  -> 处理: vehicles\template_F3502_trunkdoor.txt
  -> 处理: vehicles\template_F3502_windows.txt
  -> 处理: vehicles\template_F3502_windshields.txt
阶段 1 完成: 从 scripts 新生成了 36 条数据。

--- 阶段 2: 合并 L0 与 L1 后，纯净英文基准总计: 94 条数据。---

--- 阶段 3: 从 CN 目录加载了 0 条数据。---

--- 阶段 4: 检测到 1 个与官方重复的键。---

--- 已为 Mod ID 3073430075 更新 94 条键来源映射 ---

--- 正在为 Mod '93fordF350' 生成输出文件 ---
    - 最终合并 (output.txt): 94 条
    - 纯净英文 (EN_output.txt): 94 条
    - 纯净中文 (CN_output.txt): 0 条
    - 英文待办 (en_todo.txt): 3 条 (增量)
    - 中文独有 (cn_only.txt): 0 条 (增量)
    - 冲突键 (conflict_keys.txt): 1 条
    -> 正在尝试从 Git 历史记录中获取旧版本: data/output_files/93fordF350_3073430075/EN_todo.txt
      --> 成功找到旧版本。
     -> 在 'EN_todo.txt (旧版本)' 中找到 3 个键。

处理成功！所有输出文件已保存在 '93fordF350_3073430075' 文件夹中。
    -> [内存] 已为 Mod 3073430075 记录 Commit SHA: 53dbbce
