

========================= 开始处理 Workshop ID: 2969343830 (93fordElgin) =========================

--- 正在检查已完成的翻译于: data\completed_files\2969343830\en_completed.txt ---
     -> 在 'en_completed.txt' 中找到 49 个键。

--- 正在检查待排除的键于: data\completed_files\2969343830\exclusion_list.txt ---
  -> 排除列表文件 'exclusion_list.txt' 不存在，跳过。

-------------------- 处理子模组: 93fordElgin --------------------

--- 正在为 '93fordElgin' 动态查找 'media' 文件夹 ---
  -> 发现版本目录: 42.0
  -> 正在检查路径的有效性: data\workshop_content\2969343830\mods\93fordElgin\42.0\media
  --> 路径有效！将使用此路径进行处理: data\workshop_content\2969343830\mods\93fordElgin\42.0\media

--- 预加载 EN (L1) 数据 ---
  -> 扫描目录: data\workshop_content\2969343830\mods\93fordElgin\42.0\media\lua\shared\Translate\EN
     -> 在 'IG_UI_EN.txt' 中找到 9 个键。
     -> 在 'Recipes_EN.txt' 中找到 15 个键。
     -> 在 'Sandbox_EN.txt' 中找到 9 个键。
预加载完成: 找到 33 个本地 EN 键。

--- 阶段 1: 扫描 Scripts (L0) ---
  -> 处理: vehicles\93fordElgin.txt
  -> 处理: vehicles\93fordElgin_models.txt
  -> 处理: vehicles\93fordElgin_recipes.txt
     -> 新增: 2 个 Recipe
  -> 处理: vehicles\93fordElgin_vehiclesitems.txt
     -> 新增: 16 个 Item
  -> 处理: vehicles\93fordElginSpec.txt
  -> 处理: vehicles\template_CF8K_armor.txt
  -> 处理: vehicles\template_CF8K_bumpers.txt
  -> 处理: vehicles\template_CF8K_doors.txt
  -> 处理: vehicles\template_CF8K_hood.txt
  -> 处理: vehicles\template_CF8K_mufflers.txt
  -> 处理: vehicles\template_CF8K_seats.txt
  -> 处理: vehicles\template_CF8K_sweeper.txt
  -> 处理: vehicles\template_CF8K_tires.txt
  -> 处理: vehicles\template_CF8K_trunk.txt
  -> 处理: vehicles\template_CF8K_windows.txt
  -> 处理: vehicles\template_CF8K_windshields.txt
阶段 1 完成: 从 scripts 新生成了 18 条数据。

--- 阶段 2: 合并 L0 与 L1 后，纯净英文基准总计: 51 条数据。---

--- 阶段 3: 从 CN 目录加载了 0 条数据。---

--- 已为 Mod ID 2969343830 更新 51 条键来源映射 ---

--- 正在为 Mod '93fordElgin' 生成输出文件 ---
    - 最终合并 (output.txt): 51 条
    - 纯净英文 (EN_output.txt): 51 条
    - 纯净中文 (CN_output.txt): 0 条
    - 英文待办 (en_todo.txt): 2 条 (增量)
    - 中文独有 (cn_only.txt): 0 条 (增量)
    - 冲突键 (conflict_keys.txt): 0 条
    -> 正在尝试从 Git 历史记录中获取旧版本: data/output_files/93fordElgin_2969343830/EN_todo.txt
      --> 成功找到旧版本。
     -> 在 'EN_todo.txt (旧版本)' 中找到 2 个键。

处理成功！所有输出文件已保存在 '93fordElgin_2969343830' 文件夹中。
    -> [内存] 已为 Mod 2969343830 记录 Commit SHA: 53dbbce
