

========================= 开始处理 Workshop ID: 3001592312 (93mustangSSP) =========================

--- 正在检查已完成的翻译于: data\completed_files\3001592312\en_completed.txt ---
     -> 在 'en_completed.txt' 中找到 39 个键。

--- 正在检查待排除的键于: data\completed_files\3001592312\exclusion_list.txt ---
  -> 排除列表文件 'exclusion_list.txt' 不存在，跳过。

-------------------- 处理子模组: 93mustangSSP --------------------

--- 正在为 '93mustangSSP' 动态查找 'media' 文件夹 ---
  -> 发现版本目录: 42.0
  -> 正在检查路径的有效性: data\workshop_content\3001592312\mods\93mustangSSP\42.0\media
  --> 路径有效！已将其加入待处理列表。

--- 阶段 1: 扫描所有 media 路径下的翻译文件 (L1) ---
  -> 正在处理 media 路径: data\workshop_content\3001592312\mods\93mustangSSP\42.0\media
  -> 扫描目录: data\workshop_content\3001592312\mods\93mustangSSP\42.0\media\lua\shared\Translate\EN
     -> 在 'IG_UI_EN.txt' 中找到 6 个键。
     -> 在 'Recipes_EN.txt' 中找到 15 个键。
阶段 1 完成: 从 EN 加载了 21 条数据, 从 CN 加载了 0 条数据。

--- 阶段 2: 扫描所有 Media 路径下的 Scripts (L0) ---
  -> 正在处理 Scripts 路径: data\workshop_content\3001592312\mods\93mustangSSP\42.0\media\scripts
    -> 处理: vehicles\93mustangSSP.txt
    -> 处理: vehicles\93mustangSSP_models.txt
    -> 处理: vehicles\93mustangSSP_recipes.txt
     -> 新增: 2 个 Recipe
    -> 处理: vehicles\93mustangSSP_vehiclesitems.txt
     -> 新增: 18 个 Item
    -> 处理: vehicles\93mustangSSPksp.txt
    -> 处理: vehicles\93mustangSSPkspCol.txt
    -> 处理: vehicles\93mustangSSPpd.txt
    -> 处理: vehicles\93mustangSSPunmarked.txt
    -> 处理: vehicles\template_SSP93_armor.txt
    -> 处理: vehicles\template_SSP93_bumpers.txt
    -> 处理: vehicles\template_SSP93_bumpersR.txt
    -> 处理: vehicles\template_SSP93_doors.txt
    -> 处理: vehicles\template_SSP93_hood.txt
    -> 处理: vehicles\template_SSP93_seats.txt
    -> 处理: vehicles\template_SSP93_spareTire.txt
    -> 处理: vehicles\template_SSP93_tire.txt
    -> 处理: vehicles\template_SSP93_trunk.txt
    -> 处理: vehicles\template_SSP93_trunkdoor.txt
    -> 处理: vehicles\template_SSP93_windows.txt
    -> 处理: vehicles\template_SSP93_windshields.txt
阶段 2 完成: 从 scripts 新生成了 20 条数据。

--- 阶段 3: 合并 L0 与 L1 后，纯净英文基准总计: 41 条数据。---

--- 已为 Mod ID 3001592312 更新 41 条键来源映射 ---

--- 正在为 Mod '93mustangSSP' 生成输出文件 ---
    - 最终合并 (output.txt): 41 条
    - 纯净英文 (EN_output.txt): 41 条
    - 纯净中文 (CN_output.txt): 0 条
    - 英文待办 (en_todo.txt): 2 条 (增量)
    - 中文独有 (cn_only.txt): 0 条 (增量)
    - 冲突键 (conflict_keys.txt): 0 条
    -> 正在尝试从 Git 历史记录中获取旧版本: data/output_files/93mustangSSP_3001592312/EN_todo.txt
      --> 成功找到旧版本。
     -> 在 'EN_todo.txt (旧版本)' 中找到 2 个键。

处理成功！所有输出文件已保存在 '93mustangSSP_3001592312' 文件夹中。
    -> [内存] 已为 Mod 3001592312 记录 Commit SHA: 53dbbce
