

========================= 开始处理 Workshop ID: 2897390033 (97bushmaster) =========================

--- 正在检查已完成的翻译于: data/completed_files/2897390033/en_completed.txt ---
     -> 在 'en_completed.txt' 中找到 0 个键。

--- 正在检查待排除的键于: data/completed_files/2897390033/exclusion_list.txt ---
  -> 排除列表文件 'exclusion_list.txt' 不存在，跳过。

-------------------- 处理子模组: 97bushmaster --------------------

--- 正在为 '97bushmaster' 动态查找 'media' 文件夹 ---
  -> 发现版本目录: 42.0
  -> 正在检查路径的有效性: data/workshop_content/2897390033/mods/97bushmaster/42.0/media
  --> 路径有效！将使用此路径进行处理: data/workshop_content/2897390033/mods/97bushmaster/42.0/media

--- 预加载 EN (L1) 数据 ---
  -> 扫描目录: data/workshop_content/2897390033/mods/97bushmaster/42.0/media/lua/shared/Translate/EN
     -> 在 'IG_UI_EN.txt' 中找到 35 个键。
     -> 在 'Recipes_EN.txt' 中找到 19 个键。
     -> 在 'Sandbox_EN.txt' 中找到 2 个键。
预加载完成: 找到 56 个本地 EN 键。

--- 阶段 1: 扫描 Scripts (L0) ---
  -> 处理: vehicles/97bushAmbulance.txt
  -> 处理: vehicles/97bushmaster.txt
  -> 处理: vehicles/97bushmaster_models.txt
  -> 处理: vehicles/97bushmaster_recipes.txt
     -> 新增: 3 个 Recipe
  -> 处理: vehicles/97bushmaster_vehiclesitems.txt
     -> 新增: 20 个 Item
  -> 处理: vehicles/template_BUSH_bullbars.txt
  -> 处理: vehicles/template_BUSH_doors.txt
  -> 处理: vehicles/template_BUSH_fender_storage.txt
  -> 处理: vehicles/template_BUSH_gasCans.txt
  -> 处理: vehicles/template_BUSH_gastank.txt
  -> 处理: vehicles/template_BUSH_hood.txt
  -> 处理: vehicles/template_BUSH_left_side_storage.txt
  -> 处理: vehicles/template_BUSH_mudflaps.txt
  -> 处理: vehicles/template_BUSH_passengers_amb.txt
  -> 处理: vehicles/template_BUSH_passengers_pmv.txt
  -> 处理: vehicles/template_BUSH_right_side_storage.txt
  -> 处理: vehicles/template_BUSH_roof_storage.txt
  -> 处理: vehicles/template_BUSH_seats_amb.txt
  -> 处理: vehicles/template_BUSH_seats_pmv.txt
  -> 处理: vehicles/template_BUSH_spare_tires.txt
  -> 处理: vehicles/template_BUSH_storage_amb.txt
  -> 处理: vehicles/template_BUSH_storage_lids.txt
  -> 处理: vehicles/template_BUSH_storage_pmv.txt
  -> 处理: vehicles/template_BUSH_windows.txt
  -> 处理: vehicles/template_BUSH_windshields.txt
阶段 1 完成: 从 scripts 新生成了 23 条数据。

--- 阶段 2: 合并 L0 与 L1 后，纯净英文基准总计: 79 条数据。---

--- 阶段 3: 从 CN 目录加载了 0 条数据。---

--- 阶段 4: 检测到 1 个与官方重复的键。---

--- 已为 Mod ID 2897390033 更新 79 条键来源映射 ---

--- 正在为 Mod '97bushmaster' 生成输出文件 ---
    - 最终合并 (output.txt): 79 条
    - 纯净英文 (EN_output.txt): 79 条
    - 纯净中文 (CN_output.txt): 0 条
    - 英文待办 (en_todo.txt): 79 条 (增量)
    - 中文独有 (cn_only.txt): 0 条 (增量)
    - 冲突键 (conflict_keys.txt): 1 条
    -> 正在尝试从 Git 历史记录中获取旧版本: data/output_files/97bushmaster_2897390033/EN_todo.txt
      --> 成功找到旧版本。
     -> 在 'EN_todo.txt (旧版本)' 中找到 79 个键。

处理成功！所有输出文件已保存在 '97bushmaster_2897390033' 文件夹中。
    -> [内存] 已为 Mod 2897390033 记录 Commit SHA: a260667
