

========================= 开始处理 Workshop ID: 3315443103 (98stagea) =========================

--- 正在检查已完成的翻译于: data\completed_files\3315443103\en_completed.txt ---
     -> 在 'en_completed.txt' 中找到 62 个键。

--- 正在检查待排除的键于: data\completed_files\3315443103\exclusion_list.txt ---
  -> 排除列表文件 'exclusion_list.txt' 不存在，跳过。

-------------------- 处理子模组: 98stagea --------------------

--- 正在为 '98stagea' 动态查找 'media' 文件夹 ---
  -> 发现版本目录: 42.0
  -> 正在检查路径的有效性: data\workshop_content\3315443103\mods\98stagea\42.0\media
  --> 路径有效！已将其加入待处理列表。

--- 阶段 1: 扫描所有 media 路径下的翻译文件 (L1) ---
  -> 正在处理 media 路径: data\workshop_content\3315443103\mods\98stagea\42.0\media
  -> 扫描目录: data\workshop_content\3315443103\mods\98stagea\42.0\media\lua\shared\Translate\EN
     -> 在 'IG_UI_EN.txt' 中找到 17 个键。
     -> 在 'Recipes_EN.txt' 中找到 21 个键。
阶段 1 完成: 从 EN 加载了 38 条数据, 从 CN 加载了 0 条数据。

--- 阶段 2: 扫描所有 Media 路径下的 Scripts (L0) ---
  -> 正在处理 Scripts 路径: data\workshop_content\3315443103\mods\98stagea\42.0\media\scripts
    -> 处理: vehicles\98stagea260RS.txt
    -> 处理: vehicles\98stagea260RSlhd.txt
    -> 处理: vehicles\98stagea_models.txt
    -> 处理: vehicles\98stagea_recipes.txt
     -> 新增: 2 个 Recipe
    -> 处理: vehicles\98stagea_vehiclesitems.txt
     -> 新增: 24 个 Item
    -> 处理: vehicles\template_STAGEA_armor.txt
    -> 处理: vehicles\template_STAGEA_bumpers.txt
    -> 处理: vehicles\template_STAGEA_doors.txt
    -> 处理: vehicles\template_STAGEA_hood.txt
    -> 处理: vehicles\template_STAGEA_roofracks.txt
    -> 处理: vehicles\template_STAGEA_seats.txt
    -> 处理: vehicles\template_STAGEA_sideskirts.txt
    -> 处理: vehicles\template_STAGEA_spareTire.txt
    -> 处理: vehicles\template_STAGEA_spoiler.txt
    -> 处理: vehicles\template_STAGEA_tires.txt
    -> 处理: vehicles\template_STAGEA_trunk.txt
    -> 处理: vehicles\template_STAGEA_trunkDoor.txt
    -> 处理: vehicles\template_STAGEA_windows.txt
    -> 处理: vehicles\template_STAGEA_windshields.txt
阶段 2 完成: 从 scripts 新生成了 26 条数据。

--- 阶段 3: 合并 L0 与 L1 后，纯净英文基准总计: 64 条数据。---

--- 已为 Mod ID 3315443103 更新 64 条键来源映射 ---

--- 正在为 Mod '98stagea' 生成输出文件 ---
    - 最终合并 (output.txt): 64 条
    - 纯净英文 (EN_output.txt): 64 条
    - 纯净中文 (CN_output.txt): 0 条
    - 英文待办 (en_todo.txt): 2 条 (增量)
    - 中文独有 (cn_only.txt): 0 条 (增量)
    - 冲突键 (conflict_keys.txt): 0 条
    -> 正在尝试从 Git 历史记录中获取旧版本: data/output_files/98stagea_3315443103/EN_todo.txt
      --> 成功找到旧版本。
     -> 在 'EN_todo.txt (旧版本)' 中找到 2 个键。

处理成功！所有输出文件已保存在 '98stagea_3315443103' 文件夹中。
    -> [内存] 已为 Mod 3315443103 记录 Commit SHA: 53dbbce
