

========================= 开始处理 Workshop ID: 3433203442 ([B42]_ZuperCarts_-_Carts_&_Trolleys_(forked)) =========================

--- 正在检查已完成的翻译于: data\completed_files\3433203442\en_completed.txt ---
     -> 在 'en_completed.txt' 中找到 18 个键。

--- 正在检查待排除的键于: data\completed_files\3433203442\exclusion_list.txt ---
  -> 排除列表文件 'exclusion_list.txt' 不存在，跳过。

-------------------- 处理子模组: [B42] ZuperCarts - Carts & Trolleys (forked) --------------------

--- 正在为 '[B42] ZuperCarts - Carts & Trolleys (forked)' 动态查找 'media' 文件夹 ---
  -> 发现版本目录: 42
  -> 正在检查路径的有效性: data\workshop_content\3433203442\mods\[B42] ZuperCarts - Carts & Trolleys (forked)\42\media
  --> 路径有效！将使用此路径进行处理: data\workshop_content\3433203442\mods\[B42] ZuperCarts - Carts & Trolleys (forked)\42\media

--- 预加载 EN (L1) 数据 ---
  -> 扫描目录: data\workshop_content\3433203442\mods\[B42] ZuperCarts - Carts & Trolleys (forked)\42\media\lua\shared\Translate\EN
     -> 在 'sandbox_EN.txt' 中找到 5 个键。
     -> 在 'UI_EN.txt' 中找到 9 个键。
预加载完成: 找到 14 个本地 EN 键。

--- 阶段 1: 扫描 Scripts (L0) ---
  -> 处理: items_trolley.txt
     -> 新增: 4 个 Item
  -> 处理: models_trolley.txt
阶段 1 完成: 从 scripts 新生成了 4 条数据。

--- 阶段 2: 合并 L0 与 L1 后，纯净英文基准总计: 18 条数据。---

--- 阶段 3: 从 CN 目录加载了 0 条数据。---

--- 已为 Mod ID 3433203442 更新 18 条键来源映射 ---

--- 正在为 Mod '[B42]_ZuperCarts_-_Carts_&_Trolleys_(forked)' 生成输出文件 ---
    - 最终合并 (output.txt): 18 条
    - 纯净英文 (EN_output.txt): 18 条
    - 纯净中文 (CN_output.txt): 0 条
    - 英文待办 (en_todo.txt): 0 条 (增量)
    - 中文独有 (cn_only.txt): 0 条 (增量)
    - 冲突键 (conflict_keys.txt): 0 条
    -> 正在尝试从 Git 历史记录中获取旧版本: data/output_files/[B42]_ZuperCarts_-_Carts_&_Trolleys_(forked)_3433203442/EN_todo.txt
      --> 成功找到旧版本。
     -> 在 'EN_todo.txt (旧版本)' 中找到 0 个键。

处理成功！所有输出文件已保存在 '[B42]_ZuperCarts_-_Carts_&_Trolleys_(forked)_3433203442' 文件夹中。
    -> [内存] 已为 Mod 3433203442 记录 Commit SHA: d914dee
