

========================= 开始处理 Workshop ID: 3403697073 ([B42]_Bag_Upgrade_Plus) =========================

--- 正在检查已完成的翻译于: data\completed_files\3403697073\en_completed.txt ---
     -> 在 'en_completed.txt' 中找到 63 个键。

--- 正在检查待排除的键于: data\completed_files\3403697073\exclusion_list.txt ---
  -> 排除列表文件 'exclusion_list.txt' 不存在，跳过。

-------------------- 处理子模组: [B42] Bag Upgrade Plus --------------------

--- 正在为 '[B42] Bag Upgrade Plus' 动态查找 'media' 文件夹 ---
  -> 发现版本目录: 42.0
  -> 正在检查路径的有效性: data\workshop_content\3403697073\mods\[B42] Bag Upgrade Plus\42.0\media
  --> 路径有效！已将其加入待处理列表。

--- 阶段 1: 扫描所有 media 路径下的翻译文件 (L1) ---
  -> 正在处理 media 路径: data\workshop_content\3403697073\mods\[B42] Bag Upgrade Plus\42.0\media
  -> 扫描目录: data\workshop_content\3403697073\mods\[B42] Bag Upgrade Plus\42.0\media\lua\shared\Translate\EN
     -> 在 'ItemName_EN.txt' 中找到 22 个键。
     -> 在 'Recipes_EN.txt' 中找到 15 个键。
  -> 扫描目录: data\workshop_content\3403697073\mods\[B42] Bag Upgrade Plus\42.0\media\lua\shared\Translate\CN
     -> 在 'ItemName_CN.txt' 中找到 23 个键。
     -> 在 'Recipes_CN.txt' 中找到 15 个键。
阶段 1 完成: 从 EN 加载了 37 条数据, 从 CN 加载了 38 条数据。

--- 阶段 2: 扫描所有 Media 路径下的 Scripts (L0) ---
  -> 正在处理 Scripts 路径: data\workshop_content\3403697073\mods\[B42] Bag Upgrade Plus\42.0\media\scripts
    -> 处理: clothing\BUP_Clothing.txt
     -> 新增: 2 个 Item
    -> 处理: clothing\BUP_Crafted.txt
     -> 新增: 1 个 Recipe
    -> 处理: items\BUP_items.txt
     -> 新增: 28 个 Item
    -> 处理: items\BUP_toys.txt
     -> 新增: 10 个 Item
    -> 处理: recipes\BUP_Recipes.txt
     -> 新增: 2 个 Recipe
阶段 2 完成: 从 scripts 新生成了 43 条数据。

--- 阶段 3: 合并 L0 与 L1 后，纯净英文基准总计: 80 条数据。---

--- 阶段 4: 检测到 38 个与官方重复的键。---

--- 阶段 4: 检测到 38 个与官方重复的键。---

--- 已为 Mod ID 3403697073 更新 81 条键来源映射 ---

--- 正在为 Mod '[B42]_Bag_Upgrade_Plus' 生成输出文件 ---
    - 最终合并 (output.txt): 81 条
    - 纯净英文 (EN_output.txt): 80 条
    - 纯净中文 (CN_output.txt): 38 条
    - 英文待办 (en_todo.txt): 3 条 (增量)
    - 中文独有 (cn_only.txt): 1 条 (增量)
    - 冲突键 (conflict_keys.txt): 38 条
    -> 正在尝试从 Git 历史记录中获取旧版本: data/output_files/[B42]_Bag_Upgrade_Plus_3403697073/EN_todo.txt
      --> 成功找到旧版本。
     -> 在 'EN_todo.txt (旧版本)' 中找到 3 个键。

处理成功！所有输出文件已保存在 '[B42]_Bag_Upgrade_Plus_3403697073' 文件夹中。
    -> [内存] 已为 Mod 3403697073 记录 Commit SHA: 2ebac34
