

========================= 开始处理 Workshop ID: 3407793320 ([B42]_Bag_Upgrade_Ultra) =========================

--- 正在检查已完成的翻译于: data\completed_files\3407793320\en_completed.txt ---
     -> 在 'en_completed.txt' 中找到 42 个键。

--- 正在检查待排除的键于: data\completed_files\3407793320\exclusion_list.txt ---
  -> 排除列表文件 'exclusion_list.txt' 不存在，跳过。

-------------------- 处理子模组: [B42] Bag Upgrade Ultra --------------------

--- 正在为 '[B42] Bag Upgrade Ultra' 动态查找 'media' 文件夹 ---
  -> 发现版本目录: 42.0
  -> 正在检查路径的有效性: data\workshop_content\3407793320\mods\[B42] Bag Upgrade Ultra\42.0\media
  --> 路径有效！将使用此路径进行处理: data\workshop_content\3407793320\mods\[B42] Bag Upgrade Ultra\42.0\media

--- 预加载 EN (L1) 数据 ---
  -> 扫描目录: data\workshop_content\3407793320\mods\[B42] Bag Upgrade Ultra\42.0\media\lua\shared\Translate\EN
     -> 在 'ItemName_EN.txt' 中找到 22 个键。
     -> 在 'Recipes_EN.txt' 中找到 15 个键。
预加载完成: 找到 37 个本地 EN 键。

--- 阶段 1: 扫描 Scripts (L0) ---
  -> 处理: clothing\BUU_Clothing.txt
     -> 新增: 1 个 Item
  -> 处理: recipes\BUU_Recipes.txt
     -> 新增: 2 个 Recipe
阶段 1 完成: 从 scripts 新生成了 3 条数据。

--- 阶段 2: 合并 L0 与 L1 后，纯净英文基准总计: 40 条数据。---

--- 阶段 3: 从 CN 目录加载了 0 条数据。---

--- 已为 Mod ID 3407793320 更新 40 条键来源映射 ---

--- 正在为 Mod '[B42]_Bag_Upgrade_Ultra' 生成输出文件 ---
    - 最终合并 (output.txt): 40 条
    - 纯净英文 (EN_output.txt): 40 条
    - 纯净中文 (CN_output.txt): 0 条
    - 英文待办 (en_todo.txt): 0 条 (增量)
    - 中文独有 (cn_only.txt): 0 条 (增量)
    - 冲突键 (conflict_keys.txt): 0 条
    -> 正在尝试从 Git 历史记录中获取旧版本: data/output_files/[B42]_Bag_Upgrade_Ultra_3407793320/EN_todo.txt
      --> 成功找到旧版本。
     -> 在 'EN_todo.txt (旧版本)' 中找到 0 个键。

处理成功！所有输出文件已保存在 '[B42]_Bag_Upgrade_Ultra_3407793320' 文件夹中。
    -> [内存] 已为 Mod 3407793320 记录 Commit SHA: 45bc4f6
