

========================= 开始处理 Workshop ID: 3569050120 ([B42]Kill_Cell_-_Armory) =========================

--- 正在检查已完成的翻译于: data/completed_files/3569050120/en_completed.txt ---
  -> 文件 'en_completed.txt' 在目标位置不存在，将自动创建。

--- 正在检查待排除的键于: data/completed_files/3569050120/exclusion_list.txt ---
  -> 排除列表文件 'exclusion_list.txt' 不存在，跳过。

-------------------- 处理子模组: [B42]Kill Cell - Armory --------------------

--- 正在为 '[B42]Kill Cell - Armory' 动态查找 'media' 文件夹 ---
  -> 发现版本目录: 42
  -> 正在检查路径的有效性: data/workshop_content/3569050120/mods/[B42]Kill Cell - Armory/42/media
  --> 路径有效！已将其加入待处理列表。

--- 阶段 1: 扫描所有 media 路径下的翻译文件 (L1) ---
  -> 正在处理 media 路径: data/workshop_content/3569050120/mods/[B42]Kill Cell - Armory/42/media
  -> 扫描目录: data/workshop_content/3569050120/mods/[B42]Kill Cell - Armory/42/media/lua/shared/Translate/EN
     -> 在 'ContextMenu_EN.txt' 中找到 4 个键。
     -> 在 'IG_UI_EN.txt' 中找到 73 个键。
     -> 在 'ItemName_EN.txt' 中找到 82 个键。
     -> 在 'Recipes_EN.txt' 中找到 0 个键。
     -> 在 'Sandbox_EN.txt' 中找到 3 个键。
     -> 在 'Tooltip_EN.txt' 中找到 2 个键。
     -> 在 'UI_EN.txt' 中找到 5 个键。
阶段 1 完成: 从 EN 加载了 169 条数据, 从 CN 加载了 0 条数据。

--- 阶段 2: 扫描所有 Media 路径下的 Scripts (L0) ---
  -> 正在处理 Scripts 路径: data/workshop_content/3569050120/mods/[B42]Kill Cell - Armory/42/media/scripts
    -> 处理: 556.txt
     -> 新增: 1 个 Item
    -> 处理: AR/HK416_Vanguard.txt
    -> 处理: AR/HK416_tanonized.txt
    -> 处理: AR/M4A1.txt
    -> 处理: AR/M4_14_5.txt
    -> 处理: AR/MCX.txt
    -> 处理: AR/SR16.txt
    -> 处理: AR/Sig_MCX.txt
    -> 处理: AR/Sig_MCX_LVAW.txt
    -> 处理: GunPartItem/Canon.txt
     -> 新增: 1 个 Item
    -> 处理: GunPartItem/Grip.txt
    -> 处理: GunPartItem/Laser.txt
     -> 新增: 1 个 Item
    -> 处理: GunPartItem/LaserItem.txt
     -> 新增: 7 个 Item
    -> 处理: GunPartItem/Mags.txt
     -> 新增: 19 个 Item
    -> 处理: GunPartItem/Scope.txt
    -> 处理: Pistol/Pistols.txt
    -> 处理: clothing/KCA_Gear.txt
     -> 新增: 13 个 Item
    -> 处理: clothing/KCA_Gear_models.txt
阶段 2 完成: 从 scripts 新生成了 42 条数据。

--- 阶段 3: 合并 L0 与 L1 后，纯净英文基准总计: 211 条数据。---

--- 阶段 4: 检测到 1 个与官方重复的键。---

--- 已为 Mod ID 3569050120 更新 211 条键来源映射 ---

--- 正在为 Mod '[B42]Kill_Cell_-_Armory' 生成输出文件 ---
    - 最终合并 (output.txt): 211 条
    - 纯净英文 (EN_output.txt): 211 条
    - 纯净中文 (CN_output.txt): 0 条
    - 英文待办 (en_todo.txt): 211 条 (增量)
    - 中文独有 (cn_only.txt): 0 条 (增量)
    - 冲突键 (conflict_keys.txt): 1 条
    -> 正在尝试从 Git 历史记录中获取旧版本: data/output_files/[B42]Kill_Cell_-_Armory_3569050120/EN_todo.txt
      --> 成功找到旧版本。
     -> 在 'EN_todo.txt (旧版本)' 中找到 0 个键。
    -> 检测到内容变更。新增: 211, 移除: 0

处理成功！所有输出文件已保存在 '[B42]Kill_Cell_-_Armory_3569050120' 文件夹中。
    -> 警告：未能获取 Mod 3569050120 的完成文件SHA，状态未记录。
