

========================= 开始处理 Workshop ID: 3397215647 (AmmoReloadingToolsetReal) =========================

--- 正在检查已完成的翻译于: data\completed_files\3397215647\en_completed.txt ---
     -> 在 'en_completed.txt' 中找到 51 个键。

--- 正在检查待排除的键于: data\completed_files\3397215647\exclusion_list.txt ---
  -> 排除列表文件 'exclusion_list.txt' 不存在，跳过。

-------------------- 处理子模组: AmmoReloadingToolsetReal --------------------

--- 正在为 'AmmoReloadingToolsetReal' 动态查找 'media' 文件夹 ---
  -> 发现版本目录: 42
  -> 正在检查路径的有效性: data\workshop_content\3397215647\mods\AmmoReloadingToolsetReal\42\media
  --> 路径有效！已将其加入待处理列表。

--- 阶段 1: 扫描所有 media 路径下的翻译文件 (L1) ---
  -> 正在处理 media 路径: data\workshop_content\3397215647\mods\AmmoReloadingToolsetReal\42\media
  -> 扫描目录: data\workshop_content\3397215647\mods\AmmoReloadingToolsetReal\42\media\lua\shared\Translate\EN
     -> 在 'ContextMenu_EN.txt' 中找到 1 个键。
     -> 在 'Entity_EN.txt' 中找到 3 个键。
     -> 在 'IG_UI_EN.txt' 中找到 2 个键。
     -> 在 'ItemName_EN.txt' 中找到 18 个键。
     -> 在 'Moveables_EN.txt' 中找到 1 个键。
     -> 在 'Recipes_EN.txt' 中找到 38 个键。
  -> 扫描目录: data\workshop_content\3397215647\mods\AmmoReloadingToolsetReal\42\media\lua\shared\Translate\CN
     -> 在 'ItemName_CN.txt' 中找到 18 个键。
     -> 在 'Moveables_CN.txt' 中找到 1 个键。
     -> 在 'Recipes_CN.txt' 中找到 38 个键。
阶段 1 完成: 从 EN 加载了 62 条数据, 从 CN 加载了 57 条数据。

--- 阶段 2: 扫描所有 Media 路径下的 Scripts (L0) ---
  -> 正在处理 Scripts 路径: data\workshop_content\3397215647\mods\AmmoReloadingToolsetReal\42\media\scripts
    -> 处理: entities\appliances\entity_reloadingbench.txt
    -> 处理: items_ammoparts.txt
    -> 处理: recipes\recipes_ammo_reloading.txt
     -> 新增: 10 个 Recipe
    -> 处理: recipes\recipes_ammo_scrapping.txt
     -> 新增: 1 个 Recipe
    -> 处理: recipes\recipes_ammo_smelting.txt
     -> 新增: 1 个 Recipe
    -> 处理: recipes\recipes_ammo_smithing.txt
     -> 新增: 1 个 Recipe
    -> 处理: workbenches.txt
阶段 2 完成: 从 scripts 新生成了 13 条数据。

--- 阶段 3: 合并 L0 与 L1 后，纯净英文基准总计: 75 条数据。---

--- 阶段 4: 检测到 4 个与官方重复的键。---

-------------------- 处理子模组: ARTR_RFGP --------------------

--- 正在为 'ARTR_RFGP' 动态查找 'media' 文件夹 ---
  -> 发现版本目录: 42
  -> 正在检查路径的有效性: data\workshop_content\3397215647\mods\ARTR_RFGP\42\media
  --> 路径有效！已将其加入待处理列表。

--- 阶段 1: 扫描所有 media 路径下的翻译文件 (L1) ---
  -> 正在处理 media 路径: data\workshop_content\3397215647\mods\ARTR_RFGP\42\media
阶段 1 完成: 从 EN 加载了 0 条数据, 从 CN 加载了 0 条数据。

--- 阶段 2: 扫描所有 Media 路径下的 Scripts (L0) ---
  -> 正在处理 Scripts 路径: data\workshop_content\3397215647\mods\ARTR_RFGP\42\media\scripts
    -> 处理: items_ammoparts2.txt
     -> 新增: 2 个 Item
    -> 处理: recipes\recipes_ammo_reloading2.txt
     -> 新增: 5 个 Recipe
    -> 处理: recipes\recipes_ammo_smelting2.txt
     -> 新增: 2 个 Recipe
    -> 处理: recipes\recipes_ammo_smithing2.txt
     -> 新增: 2 个 Recipe
阶段 2 完成: 从 scripts 新生成了 11 条数据。

--- 阶段 3: 合并 L0 与 L1 后，纯净英文基准总计: 11 条数据。---

--- 已为 Mod ID 3397215647 更新 122 条键来源映射 ---

--- 正在为 Mod 'AmmoReloadingToolsetReal' 生成输出文件 ---
    - 最终合并 (output.txt): 84 条
    - 纯净英文 (EN_output.txt): 84 条
    - 纯净中文 (CN_output.txt): 57 条
    - 英文待办 (en_todo.txt): 14 条 (增量)
    - 中文独有 (cn_only.txt): 0 条 (增量)
    - 冲突键 (conflict_keys.txt): 4 条
    -> 正在尝试从 Git 历史记录中获取旧版本: data/output_files/AmmoReloadingToolsetReal_3397215647/EN_todo.txt
      --> 成功找到旧版本。
     -> 在 'EN_todo.txt (旧版本)' 中找到 14 个键。

处理成功！所有输出文件已保存在 'AmmoReloadingToolsetReal_3397215647' 文件夹中。
    -> [内存] 已为 Mod 3397215647 记录 Commit SHA: 104640c
