

========================= 开始处理 Workshop ID: 3403314193 (ATA_Petyarbuilt) =========================

--- 正在检查已完成的翻译于: data\completed_files\3403314193\en_completed.txt ---
     -> 在 'en_completed.txt' 中找到 155 个键。

--- 正在检查待排除的键于: data\completed_files\3403314193\exclusion_list.txt ---
  -> 排除列表文件 'exclusion_list.txt' 不存在，跳过。

-------------------- 处理子模组: ATA_Petyarbuilt --------------------

--- 正在为 'ATA_Petyarbuilt' 动态查找 'media' 文件夹 ---
  -> 发现版本目录: 42
  -> 正在检查路径的有效性: data\workshop_content\3403314193\mods\ATA_Petyarbuilt\42\media
  --> 路径有效！已将其加入待处理列表。

--- 阶段 1: 扫描所有 media 路径下的翻译文件 (L1) ---
  -> 正在处理 media 路径: data\workshop_content\3403314193\mods\ATA_Petyarbuilt\42\media
  -> 扫描目录: data\workshop_content\3403314193\mods\ATA_Petyarbuilt\42\media\lua\shared\Translate\EN
     -> 在 'ContextMenu_EN.txt' 中找到 65 个键。
     -> 在 'IG_UI_EN.txt' 中找到 428 个键。
  -> 扫描目录: data\workshop_content\3403314193\mods\ATA_Petyarbuilt\42\media\lua\shared\Translate\CN
     -> 在 'ContextMenu_CN.txt' 中找到 59 个键。
     -> 在 'IG_UI_CN.txt' 中找到 291 个键。
阶段 1 完成: 从 EN 加载了 493 条数据, 从 CN 加载了 350 条数据。

--- 阶段 2: 扫描所有 Media 路径下的 Scripts (L0) ---
  -> 正在处理 Scripts 路径: data\workshop_content\3403314193\mods\ATA_Petyarbuilt\42\media\scripts
    -> 处理: vehicles\ATA_Petyarbuilt_engine_rpm.txt
    -> 处理: vehicles\template_ata_petyarbuilt.txt
    -> 处理: vehicles\templates\ATAPetyarbuilt\a_template_models_ATAPetyarbuilt_heavy.txt
    -> 处理: vehicles\templates\ATAPetyarbuilt\a_template_models_ATAPetyarbuilt_light.txt
    -> 处理: vehicles\templates\ATAPetyarbuilt\a_template_models_ATAPetyarbuilt_mods.txt
    -> 处理: vehicles\templates\ATAPetyarbuilt\a_template_models_ATAPetyarbuilt_reinforced.txt
    -> 处理: vehicles\templates\ATSMega\a_template_models_ATSMega_mods.txt
    -> 处理: vehicles\templates\template_upgrades_ATAPetyarbuilt.txt
    -> 处理: vehicles\templates\template_upgrades_ATSMega.txt
    -> 处理: vehicles\trailer_ATSMega.txt
     -> 新增: 1 个 Item
    -> 处理: vehicles\trailer_ATSMegaAnimal.txt
    -> 处理: vehicles\vehicle_ata_petyarbuilt.txt
阶段 2 完成: 从 scripts 新生成了 1 条数据。

--- 阶段 3: 合并 L0 与 L1 后，纯净英文基准总计: 494 条数据。---

--- 阶段 4: 检测到 1 个与官方重复的键。---

--- 阶段 4: 检测到 1 个与官方重复的键。---

-------------------- 处理子模组: ATA_Petyarbuilt_BCP --------------------

--- 正在为 'ATA_Petyarbuilt_BCP' 动态查找 'media' 文件夹 ---
  -> 发现版本目录: 42
  -> 正在检查路径的有效性: data\workshop_content\3403314193\mods\ATA_Petyarbuilt_BCP\42\media
  --> 路径有效！已将其加入待处理列表。

--- 阶段 1: 扫描所有 media 路径下的翻译文件 (L1) ---
  -> 正在处理 media 路径: data\workshop_content\3403314193\mods\ATA_Petyarbuilt_BCP\42\media
阶段 1 完成: 从 EN 加载了 0 条数据, 从 CN 加载了 0 条数据。

--- 阶段 2: 扫描所有 Media 路径下的 Scripts (L0) ---
  -> 正在处理 Scripts 路径: data\workshop_content\3403314193\mods\ATA_Petyarbuilt_BCP\42\media\scripts
    -> 处理: vehicles\Ptrblt_engine_rpm.txt
    -> 处理: vehicles\template_ata_petyarbuilt.txt
阶段 2 完成: 从 scripts 新生成了 0 条数据。

--- 阶段 3: 合并 L0 与 L1 后，纯净英文基准总计: 0 条数据。---

--- 已为 Mod ID 3403314193 更新 494 条键来源映射 ---

--- 正在为 Mod 'ATA_Petyarbuilt' 生成输出文件 ---
    - 最终合并 (output.txt): 494 条
    - 纯净英文 (EN_output.txt): 494 条
    - 纯净中文 (CN_output.txt): 350 条
    - 英文待办 (en_todo.txt): 0 条 (增量)
    - 中文独有 (cn_only.txt): 0 条 (增量)
    - 冲突键 (conflict_keys.txt): 1 条
    -> 正在尝试从 Git 历史记录中获取旧版本: data/output_files/ATA_Petyarbuilt_3403314193/EN_todo.txt
      --> 成功找到旧版本。
     -> 在 'EN_todo.txt (旧版本)' 中找到 0 个键。

处理成功！所有输出文件已保存在 'ATA_Petyarbuilt_3403314193' 文件夹中。
    -> [内存] 已为 Mod 3403314193 记录 Commit SHA: c4f0928
