

========================= 开始处理 Workshop ID: 2335368829 (Authentic_Z_-_Backpacks+) =========================

--- 正在检查已完成的翻译于: data/completed_files/2335368829/en_completed.txt ---
     -> 在 'en_completed.txt' 中找到 1433 个键。

--- 正在检查待排除的键于: data/completed_files/2335368829/exclusion_list.txt ---
  -> 排除列表文件 'exclusion_list.txt' 不存在，跳过。

-------------------- 处理子模组: Authentic Z - Backpacks+ --------------------

--- 正在为 'Authentic Z - Backpacks+' 动态查找 'media' 文件夹 ---
  -> 发现版本目录: 42
  -> 正在检查路径的有效性: data/workshop_content/2335368829/mods/Authentic Z - Backpacks+/42/media
  --> 路径有效！将使用此路径进行处理: data/workshop_content/2335368829/mods/Authentic Z - Backpacks+/42/media

--- 预加载 EN (L1) 数据 ---
  -> 扫描目录: data/workshop_content/2335368829/mods/Authentic Z - Backpacks+/42/media/lua/shared/Translate/EN
     -> 在 'ContextMenu_EN.txt' 中找到 12 个键。
     -> 在 'Fluids_EN.txt' 中找到 3 个键。
     -> 在 'IG_UI_EN.txt' 中找到 69 个键。
     -> 在 'ItemName_EN.txt' 中找到 615 个键。
     -> 在 'MakeUp_EN.txt' 中找到 10 个键。
     -> 在 'Recipes_EN.txt' 中找到 47 个键。
     -> 在 'Tooltip_EN.txt' 中找到 51 个键。
     -> 在 'UI_EN.txt' 中找到 16 个键。
预加载完成: 找到 823 个本地 EN 键。

--- 阶段 1: 扫描 Scripts (L0) ---
  -> 处理: AuthenticZBackpacksPlus_attachments.txt
  -> 处理: AuthenticZBackpacksPlus_models_items.txt
  -> 处理: clothing/AuthenticZBackpacksPlus_clothing_bags.txt
     -> 新增: 3 个 Item
  -> 处理: items/items_AuthenticZBackpacksPlus.txt
     -> 新增: 25 个 Item
  -> 处理: items/items_AuthenticZ_Edited.txt
     -> 新增: 3 个 Item
  -> 处理: items/items_fluids_AuthenticZ.txt
  -> 处理: recipes/recipes_AuthenticZ_BackpackAttachment.txt
     -> 新增: 6 个 Recipe
  -> 处理: recipes/recipes_AuthenticZ_BackpackSecondary.txt
     -> 新增: 2 个 Recipe
  -> 处理: recipes/recipes_AuthenticZ_BackpackUpgrades.txt
     -> 新增: 9 个 Item, 50 个 Recipe
  -> 处理: recipes/recipes_AuthenticZ_Balloon.txt
     -> 新增: 12 个 Recipe
阶段 1 完成: 从 scripts 新生成了 108 条数据。

--- 阶段 2: 合并 L0 与 L1 后，纯净英文基准总计: 931 条数据。---
  -> 扫描目录: data/workshop_content/2335368829/mods/Authentic Z - Backpacks+/42/media/lua/shared/Translate/CN
     -> 在 'CH_TranslationBy_hollaming.txt' 中找到 0 个键。
     -> 在 'ContextMenu_CN.txt' 中找到 12 个键。
     -> 在 'IG_UI_CN.txt' 中找到 69 个键。
     -> 在 'ItemName_CN.txt' 中找到 676 个键。
     -> 在 'MakeUp_CN.txt' 中找到 10 个键。
     -> 在 'Recipes_CN.txt' 中找到 47 个键。
     -> 在 'Tooltip_CN.txt' 中找到 46 个键。
     -> 在 'UI_CN.txt' 中找到 17 个键。

--- 阶段 3: 从 CN 目录加载了 877 条数据。---

--- 阶段 4: 检测到 9 个与官方重复的键。---

--- 已为 Mod ID 2335368829 更新 1124 条键来源映射 ---

-------------------- 处理子模组: Authentic Z - Current --------------------

--- 正在为 'Authentic Z - Current' 动态查找 'media' 文件夹 ---
  -> 发现版本目录: 42
  -> 正在检查路径的有效性: data/workshop_content/2335368829/mods/Authentic Z - Current/42/media
  --> 路径有效！将使用此路径进行处理: data/workshop_content/2335368829/mods/Authentic Z - Current/42/media

--- 预加载 EN (L1) 数据 ---
  -> 扫描目录: data/workshop_content/2335368829/mods/Authentic Z - Current/42/media/lua/shared/Translate/EN
     -> 在 'ContextMenu_EN.txt' 中找到 42 个键。
     -> 在 'Fluids_EN.txt' 中找到 3 个键。
     -> 在 'IG_UI_EN.txt' 中找到 78 个键。
     -> 在 'ItemName_EN.txt' 中找到 1137 个键。
     -> 在 'MakeUp_EN.txt' 中找到 10 个键。
     -> 在 'Recipes_EN.txt' 中找到 57 个键。
     -> 在 'Tooltip_EN.txt' 中找到 65 个键。
     -> 在 'UI_EN.txt' 中找到 17 个键。
预加载完成: 找到 1409 个本地 EN 键。

--- 阶段 1: 扫描 Scripts (L0) ---
  -> 处理: AuthenticZCurrent_attachments.txt
  -> 处理: AuthenticZCurrent_models_items.txt
  -> 处理: AuthenticZCurrent_sounds.txt
  -> 处理: AuthenticZ_Edited_items.txt
     -> 新增: 3 个 Item
  -> 处理: AuthenticZ_item_FlareGun.txt
  -> 处理: AuthenticZ_weapons.txt
     -> 新增: 1 个 Item
  -> 处理: clothing/clothing_AuthenticZ_S_models.txt
  -> 处理: clothing/clothing_AuthenticZ_XL_models.txt
  -> 处理: clothing/clothing_AuthenticZ_XXL_models.txt
  -> 处理: clothing/clothing_AuthenticZ_XXXL_models.txt
     -> 新增: 1 个 Item
  -> 处理: clothing/clothing_AuthenticZ_bags.txt
     -> 新增: 2 个 Item
  -> 处理: clothing/clothing_AuthenticZ_body_models.txt
     -> 新增: 11 个 Item
  -> 处理: clothing/clothing_AuthenticZ_gore.txt
  -> 处理: clothing/clothing_AuthenticZ_hats.txt
     -> 新增: 8 个 Item
  -> 处理: clothing/clothing_AuthenticZ_jacket.txt
     -> 新增: 4 个 Item
  -> 处理: clothing/clothing_AuthenticZ_jacket_Vanilla.txt
  -> 处理: clothing/clothing_AuthenticZ_jewelry.txt
     -> 新增: 1 个 Item
  -> 处理: clothing/clothing_AuthenticZ_misc.txt
  -> 处理: clothing/clothing_AuthenticZ_others.txt
     -> 新增: 8 个 Item
  -> 处理: clothing/clothing_AuthenticZ_pants.txt
     -> 新增: 7 个 Item
  -> 处理: clothing/clothing_AuthenticZ_shirts.txt
     -> 新增: 8 个 Item
  -> 处理: clothing/clothing_AuthenticZ_shoes.txt
  -> 处理: clothing/clothing_AuthenticZ_suits.txt
     -> 新增: 2 个 Item
  -> 处理: clothing/clothing_AuthenticZ_wigs.txt
     -> 新增: 43 个 Item
  -> 处理: items/items_AuthenticZ.txt
     -> 新增: 23 个 Item
  -> 处理: items/items_fluids_AuthenticZ.txt
  -> 处理: items_AuthenticZ_Chainsaw.txt
  -> 处理: recipes/recipes_AuthenticZ.txt
     -> 新增: 35 个 Recipe
  -> 处理: recipes/recipes_AuthenticZCurrent_fixing.txt
     -> 新增: 7 个 Recipe
  -> 处理: recipes/recipes_AuthenticZ_BackpackAttachment.txt
     -> 新增: 6 个 Recipe
  -> 处理: recipes/recipes_AuthenticZ_BackpackSecondary.txt
     -> 新增: 1 个 Recipe
  -> 处理: recipes/recipes_AuthenticZ_BackpackUpgrades.txt
     -> 新增: 6 个 Item, 53 个 Recipe
  -> 处理: recipes/recipes_AuthenticZ_Balloon.txt
     -> 新增: 12 个 Recipe
  -> 处理: recipes/recipes_AuthenticZ_Clothing.txt
     -> 新增: 2 个 Recipe
阶段 1 完成: 从 scripts 新生成了 240 条数据。

--- 阶段 2: 合并 L0 与 L1 后，纯净英文基准总计: 1649 条数据。---
  -> 扫描目录: data/workshop_content/2335368829/mods/Authentic Z - Current/42/media/lua/shared/Translate/CN
     -> 在 'CH_TranslationBy_hollaming.txt' 中找到 0 个键。
     -> 在 'ContextMenu_CN.txt' 中找到 12 个键。
     -> 在 'IG_UI_CN.txt' 中找到 72 个键。
     -> 在 'ItemName_CN.txt' 中找到 726 个键。
     -> 在 'MakeUp_CN.txt' 中找到 10 个键。
     -> 在 'Recipes_CN.txt' 中找到 49 个键。
     -> 在 'Tooltip_CN.txt' 中找到 36 个键。
     -> 在 'UI_CN.txt' 中找到 17 个键。

--- 阶段 3: 从 CN 目录加载了 922 条数据。---

--- 阶段 4: 检测到 12 个与官方重复的键。---

--- 已为 Mod ID 2335368829 更新 2499 条键来源映射 ---

-------------------- 处理子模组: Authentic Z - Lite --------------------

--- 正在为 'Authentic Z - Lite' 动态查找 'media' 文件夹 ---
  -> 发现版本目录: 42
  -> 正在检查路径的有效性: data/workshop_content/2335368829/mods/Authentic Z - Lite/42/media
  --> 路径有效！将使用此路径进行处理: data/workshop_content/2335368829/mods/Authentic Z - Lite/42/media

--- 预加载 EN (L1) 数据 ---
  -> 扫描目录: data/workshop_content/2335368829/mods/Authentic Z - Lite/42/media/lua/shared/Translate/EN
     -> 在 'ContextMenu_EN.txt' 中找到 42 个键。
     -> 在 'Fluids_EN.txt' 中找到 3 个键。
     -> 在 'IG_UI_EN.txt' 中找到 77 个键。
     -> 在 'ItemName_EN.txt' 中找到 979 个键。
     -> 在 'MakeUp_EN.txt' 中找到 10 个键。
     -> 在 'Recipes_EN.txt' 中找到 57 个键。
     -> 在 'Tooltip_EN.txt' 中找到 65 个键。
     -> 在 'UI_EN.txt' 中找到 18 个键。
预加载完成: 找到 1251 个本地 EN 键。

--- 阶段 1: 扫描 Scripts (L0) ---
  -> 处理: AuthenticZLite_attachments.txt
  -> 处理: AuthenticZLite_models_items.txt
  -> 处理: AuthenticZLite_sounds.txt
  -> 处理: AuthenticZ_item_Chainsaw.txt
  -> 处理: AuthenticZ_item_FlareGun.txt
  -> 处理: AuthenticZ_weapons.txt
     -> 新增: 1 个 Item
  -> 处理: clothing/clothing_AuthenticZ_1XL_models.txt
     -> 新增: 15 个 Item
  -> 处理: clothing/clothing_AuthenticZ_2XL_models.txt
     -> 新增: 18 个 Item
  -> 处理: clothing/clothing_AuthenticZ_3XL_models.txt
     -> 新增: 20 个 Item
  -> 处理: clothing/clothing_AuthenticZ_Lite_wigs.txt
     -> 新增: 41 个 Item
  -> 处理: clothing/clothing_AuthenticZ_S_models.txt
     -> 新增: 1 个 Item
  -> 处理: clothing/clothing_AuthenticZ_bags.txt
     -> 新增: 2 个 Item
  -> 处理: clothing/clothing_AuthenticZ_body_models.txt
     -> 新增: 11 个 Item
  -> 处理: clothing/clothing_AuthenticZ_clothing_suits.txt
     -> 新增: 3 个 Item
  -> 处理: clothing/clothing_AuthenticZ_gore.txt
  -> 处理: clothing/clothing_AuthenticZ_hats.txt
     -> 新增: 10 个 Item
  -> 处理: clothing/clothing_AuthenticZ_jacket.txt
     -> 新增: 4 个 Item
  -> 处理: clothing/clothing_AuthenticZ_jacket_Vanilla.txt
  -> 处理: clothing/clothing_AuthenticZ_jewelry.txt
     -> 新增: 1 个 Item
  -> 处理: clothing/clothing_AuthenticZ_misc.txt
  -> 处理: clothing/clothing_AuthenticZ_others.txt
     -> 新增: 11 个 Item
  -> 处理: clothing/clothing_AuthenticZ_pants.txt
     -> 新增: 7 个 Item
  -> 处理: clothing/clothing_AuthenticZ_shirts.txt
     -> 新增: 8 个 Item
  -> 处理: clothing/clothing_AuthenticZ_shoes.txt
     -> 新增: 1 个 Item
  -> 处理: clothing/clothing_AuthenticZ_suits.txt
     -> 新增: 13 个 Item
  -> 处理: items/items_AuthenticZLite.txt
     -> 新增: 24 个 Item
  -> 处理: items/items_fluids_AuthenticZLite.txt
  -> 处理: recipes/recipes_AuthenticZ.txt
     -> 新增: 35 个 Recipe
  -> 处理: recipes/recipes_AuthenticZ_Balloon.txt
     -> 新增: 12 个 Recipe
  -> 处理: recipes/recipes_AuthenticZ_Clothing.txt
     -> 新增: 2 个 Recipe
阶段 1 完成: 从 scripts 新生成了 235 条数据。

--- 阶段 2: 合并 L0 与 L1 后，纯净英文基准总计: 1486 条数据。---
  -> 扫描目录: data/workshop_content/2335368829/mods/Authentic Z - Lite/42/media/lua/shared/Translate/CN
     -> 在 'CH_TranslationBy_hollaming.txt' 中找到 0 个键。
     -> 在 'ContextMenu_CN.txt' 中找到 12 个键。
     -> 在 'IG_UI_CN.txt' 中找到 72 个键。
     -> 在 'ItemName_CN.txt' 中找到 726 个键。
     -> 在 'MakeUp_CN.txt' 中找到 10 个键。
     -> 在 'Recipes_CN.txt' 中找到 49 个键。
     -> 在 'Tooltip_CN.txt' 中找到 36 个键。
     -> 在 'UI_CN.txt' 中找到 17 个键。

--- 阶段 3: 从 CN 目录加载了 922 条数据。---

--- 阶段 4: 检测到 9 个与官方重复的键。---

--- 已为 Mod ID 2335368829 更新 3729 条键来源映射 ---

--- 正在为 Mod 'Authentic_Z_-_Backpacks+' 生成输出文件 ---
    - 最终合并 (output.txt): 3729 条
    - 纯净英文 (EN_output.txt): 3475 条
    - 纯净中文 (CN_output.txt): 2340 条
    - 英文待办 (en_todo.txt): 29 条 (增量)
    - 中文独有 (cn_only.txt): 254 条 (增量)
    - 冲突键 (conflict_keys.txt): 12 条
    -> 正在尝试从 Git 历史记录中获取旧版本: data/output_files/Authentic_Z_-_Backpacks+_2335368829/EN_todo.txt
      --> 成功找到旧版本。
     -> 在 'EN_todo.txt (旧版本)' 中找到 29 个键。

处理成功！所有输出文件已保存在 'Authentic_Z_-_Backpacks+_2335368829' 文件夹中。
    -> [内存] 已为 Mod 2335368829 记录 Commit SHA: 2d047aa
