

========================= 开始处理 Workshop ID: 3596110952 (AutoRoomLights) =========================

--- 正在检查已完成的翻译于: data/completed_files/3596110952/en_completed.txt ---
  -> 文件 'en_completed.txt' 在目标位置不存在，将自动创建。

--- 正在检查待排除的键于: data/completed_files/3596110952/exclusion_list.txt ---
  -> 排除列表文件 'exclusion_list.txt' 不存在，跳过。

-------------------- 处理子模组: AutoRoomLights --------------------

--- 正在为 'AutoRoomLights' 动态查找 'media' 文件夹 ---
  -> 发现版本目录: 42.0
  --> 未能在任何优先路径中找到 'media' 文件夹。

--- 已为 Mod ID 3596110952 更新 0 条键来源映射 ---

--- 正在为 Mod 'AutoRoomLights' 生成输出文件 ---
    - 最终合并 (output.txt): 0 条
    - 纯净英文 (EN_output.txt): 0 条
    - 纯净中文 (CN_output.txt): 0 条
    - 英文待办 (en_todo.txt): 0 条 (增量)
    - 中文独有 (cn_only.txt): 0 条 (增量)
    - 冲突键 (conflict_keys.txt): 0 条
    -> 正在尝试从 Git 历史记录中获取旧版本: data/output_files/AutoRoomLights_3596110952/EN_todo.txt
      --> 在 Git 历史记录中未找到该文件，视为全新。

处理成功！所有输出文件已保存在 'AutoRoomLights_3596110952' 文件夹中。
    -> 警告：未能获取 Mod 3596110952 的完成文件SHA，状态未记录。
