

========================= 开始处理 Workshop ID: 3387222454 (B42_Rain's_Firearms_&_Gun_Parts) =========================

--- 正在检查已完成的翻译于: data/completed_files/3387222454/en_completed.txt ---
     -> 在 'en_completed.txt' 中找到 406 个键。

--- 正在检查待排除的键于: data/completed_files/3387222454/exclusion_list.txt ---
  -> 排除列表文件 'exclusion_list.txt' 不存在，跳过。

-------------------- 处理子模组: B42 Rain's Firearms & Gun Parts --------------------

--- 正在为 'B42 Rain's Firearms & Gun Parts' 动态查找 'media' 文件夹 ---
  -> 发现版本目录: 42
  -> 正在检查路径的有效性: data/workshop_content/3387222454/mods/B42 Rain's Firearms & Gun Parts/42/media
  --> 路径有效！将使用此路径进行处理: data/workshop_content/3387222454/mods/B42 Rain's Firearms & Gun Parts/42/media

--- 预加载 EN (L1) 数据 ---
  -> 扫描目录: data/workshop_content/3387222454/mods/B42 Rain's Firearms & Gun Parts/42/media/lua/shared/Translate/EN
     -> 在 'ContextMenu_EN.txt' 中找到 17 个键。
     -> 在 'ItemName_EN.txt' 中找到 191 个键。
     -> 在 'Recipes_EN.txt' 中找到 40 个键。
     -> 在 'Sandbox_EN.txt' 中找到 9 个键。
     -> 在 'Tooltip_EN.txt' 中找到 83 个键。
     -> 在 'UI_EN.txt' 中找到 2 个键。
预加载完成: 找到 342 个本地 EN 键。

--- 阶段 1: 扫描 Scripts (L0) ---
  -> 处理: RFNGP_ammo.txt
     -> 新增: 1 个 Item
  -> 处理: RFNGP_attachments.txt
     -> 新增: 1 个 Item
  -> 处理: RFNGP_drummags.txt
     -> 新增: 23 个 Recipe
  -> 处理: RFNGP_fixing.txt
  -> 处理: RFNGP_guncases.txt
  -> 处理: RFNGP_items.txt
  -> 处理: RFNGP_magazinerecipes.txt
     -> 新增: 8 个 Recipe
  -> 处理: RFNGP_mgs.txt
  -> 处理: RFNGP_minigun.txt
  -> 处理: RFNGP_nomag.txt
  -> 处理: RFNGP_packs.txt
  -> 处理: RFNGP_pistols.txt
  -> 处理: RFNGP_recipes.txt
     -> 新增: 14 个 Recipe
  -> 处理: RFNGP_revolvers.txt
  -> 处理: RFNGP_rifles223556.txt
  -> 处理: RFNGP_rifles308762.txt
  -> 处理: RFNGP_rifles44.txt
  -> 处理: RFNGP_rifles76239.txt
  -> 处理: RFNGP_shotguns.txt
  -> 处理: RFNGP_skillmag.txt
     -> 新增: 7 个 Recipe
  -> 处理: RFNGP_smgs.txt
  -> 处理: RFNGP_sounds.txt
阶段 1 完成: 从 scripts 新生成了 51 条数据。

--- 阶段 2: 合并 L0 与 L1 后，纯净英文基准总计: 393 条数据。---

--- 阶段 3: 从 CN 目录加载了 0 条数据。---

--- 阶段 4: 检测到 76 个与官方重复的键。---

--- 已为 Mod ID 3387222454 更新 393 条键来源映射 ---

-------------------- 处理子模组: B42 Rain's Firearms & Gun Parts Expanded --------------------

--- 正在为 'B42 Rain's Firearms & Gun Parts Expanded' 动态查找 'media' 文件夹 ---
  -> 发现版本目录: 42
  -> 正在检查路径的有效性: data/workshop_content/3387222454/mods/B42 Rain's Firearms & Gun Parts Expanded/42/media
  --> 路径有效！将使用此路径进行处理: data/workshop_content/3387222454/mods/B42 Rain's Firearms & Gun Parts Expanded/42/media

--- 预加载 EN (L1) 数据 ---
  -> 扫描目录: data/workshop_content/3387222454/mods/B42 Rain's Firearms & Gun Parts Expanded/42/media/lua/shared/Translate/EN
     -> 在 'ContextMenu_EN.txt' 中找到 17 个键。
     -> 在 'ItemName_EN.txt' 中找到 211 个键。
     -> 在 'Recipes_EN.txt' 中找到 42 个键。
     -> 在 'Sandbox_EN.txt' 中找到 9 个键。
     -> 在 'Tooltip_EN.txt' 中找到 88 个键。
     -> 在 'UI_EN.txt' 中找到 2 个键。
预加载完成: 找到 369 个本地 EN 键。

--- 阶段 1: 扫描 Scripts (L0) ---
  -> 处理: RFNGP_ammo.txt
     -> 新增: 1 个 Item
  -> 处理: RFNGP_attachments.txt
  -> 处理: RFNGP_drummags.txt
     -> 新增: 39 个 Recipe
  -> 处理: RFNGP_explosives.txt
  -> 处理: RFNGP_fixing.txt
  -> 处理: RFNGP_guncases.txt
  -> 处理: RFNGP_items.txt
  -> 处理: RFNGP_magazinerecipes.txt
     -> 新增: 10 个 Recipe
  -> 处理: RFNGP_mgs.txt
  -> 处理: RFNGP_minigun.txt
  -> 处理: RFNGP_nomag.txt
  -> 处理: RFNGP_packs.txt
  -> 处理: RFNGP_pistols.txt
  -> 处理: RFNGP_recipes.txt
     -> 新增: 20 个 Recipe
  -> 处理: RFNGP_revolvers.txt
  -> 处理: RFNGP_rifles223556.txt
  -> 处理: RFNGP_rifles308762.txt
  -> 处理: RFNGP_rifles44.txt
  -> 处理: RFNGP_rifles76239.txt
     -> 新增: 3 个 Recipe
  -> 处理: RFNGP_shotguns.txt
  -> 处理: RFNGP_skillmag.txt
     -> 新增: 7 个 Recipe
  -> 处理: RFNGP_smgs.txt
  -> 处理: RFNGP_sounds.txt
阶段 1 完成: 从 scripts 新生成了 76 条数据。

--- 阶段 2: 合并 L0 与 L1 后，纯净英文基准总计: 445 条数据。---

--- 阶段 3: 从 CN 目录加载了 0 条数据。---

--- 阶段 4: 检测到 75 个与官方重复的键。---

--- 已为 Mod ID 3387222454 更新 446 条键来源映射 ---

--- 正在为 Mod 'B42_Rain's_Firearms_&_Gun_Parts' 生成输出文件 ---
    - 最终合并 (output.txt): 446 条
    - 纯净英文 (EN_output.txt): 446 条
    - 纯净中文 (CN_output.txt): 0 条
    - 英文待办 (en_todo.txt): 40 条 (增量)
    - 中文独有 (cn_only.txt): 0 条 (增量)
    - 冲突键 (conflict_keys.txt): 76 条
    -> 正在尝试从 Git 历史记录中获取旧版本: data/output_files/B42_Rain's_Firearms_&_Gun_Parts_3387222454/EN_todo.txt
      --> 成功找到旧版本。
     -> 在 'EN_todo.txt (旧版本)' 中找到 40 个键。

处理成功！所有输出文件已保存在 'B42_Rain's_Firearms_&_Gun_Parts_3387222454' 文件夹中。
    -> [内存] 已为 Mod 3387222454 记录 Commit SHA: 8937081
