

========================= 开始处理 Workshop ID: 3403180543 (BanditsWeekOne) =========================

--- 正在检查已完成的翻译于: data/completed_files/3403180543/en_completed.txt ---
     -> 在 'en_completed.txt' 中找到 821 个键。

--- 正在检查待排除的键于: data/completed_files/3403180543/exclusion_list.txt ---
  -> 排除列表文件 'exclusion_list.txt' 不存在，跳过。

-------------------- 处理子模组: BanditsWeekOne --------------------

--- 正在为 'BanditsWeekOne' 动态查找 'media' 文件夹 ---
  -> 发现版本目录: 42
  -> 正在检查路径的有效性: data/workshop_content/3403180543/mods/BanditsWeekOne/42/media
  --> 路径有效！将使用此路径进行处理: data/workshop_content/3403180543/mods/BanditsWeekOne/42/media

--- 预加载 EN (L1) 数据 ---
  -> 扫描目录: data/workshop_content/3403180543/mods/BanditsWeekOne/42/media/lua/shared/Translate/EN
     -> 在 'GameSound_EN.txt' 中找到 6 个键。
     -> 在 'IG_UI_EN.txt' 中找到 572 个键。
     -> 在 'Print_Media_EN.txt' 中找到 2 个键。
     -> 在 'RadioData_EN.txt' 中找到 183 个键。
     -> 在 'Sandbox_EN.txt' 中找到 31 个键。
     -> 在 'UI_EN.txt' 中找到 14 个键。
预加载完成: 找到 808 个本地 EN 键。

--- 阶段 1: 扫描 Scripts (L0) ---
  -> 处理: bwo_items.txt
     -> 新增: 8 个 Item
  -> 处理: bwo_models.txt
  -> 处理: bwo_music.txt
  -> 处理: bwo_sounds.txt
  -> 处理: bwo_sounds_broadcasts.txt
  -> 处理: bwo_sounds_overwrites.txt
  -> 处理: bwo_sounds_party.txt
  -> 处理: bwo_sounds_television.txt
  -> 处理: bwo_sounds_voices_male_2.txt
  -> 处理: bwo_sounds_voices_male_3.txt
  -> 处理: bwo_sounds_voices_male_4.txt
  -> 处理: bwo_tc_items.txt
     -> 新增: 6 个 Item
  -> 处理: bwo_tc_music.txt
  -> 处理: bwo_ti.txt
  -> 处理: bwo_variants.txt
  -> 处理: clothing/bwo_items_hazmat.txt
     -> 新增: 9 个 Item
  -> 处理: sounds_RadioTalkOverride.txt
  -> 处理: vehicles/templates/template_pzkA10wreck.txt
  -> 处理: vehicles/templates/template_pzkHeli350Wrecks.txt
  -> 处理: vehicles/templates/template_pzkPlaneParts1.txt
  -> 处理: vehicles/vehicle_pzkA10wreck.txt
  -> 处理: vehicles/vehicle_pzkHeli350wreck.txt
  -> 处理: vehicles/vehicle_pzkPlaneParts.txt
阶段 1 完成: 从 scripts 新生成了 23 条数据。

--- 阶段 2: 合并 L0 与 L1 后，纯净英文基准总计: 831 条数据。---

--- 阶段 3: 从 CN 目录加载了 0 条数据。---

--- 阶段 4: 检测到 4 个与官方重复的键。---

--- 已为 Mod ID 3403180543 更新 831 条键来源映射 ---

--- 正在为 Mod 'BanditsWeekOne' 生成输出文件 ---
    - 最终合并 (output.txt): 831 条
    - 纯净英文 (EN_output.txt): 831 条
    - 纯净中文 (CN_output.txt): 0 条
    - 英文待办 (en_todo.txt): 10 条 (增量)
    - 中文独有 (cn_only.txt): 0 条 (增量)
    - 冲突键 (conflict_keys.txt): 4 条
    -> 正在尝试从 Git 历史记录中获取旧版本: data/output_files/BanditsWeekOne_3403180543/EN_todo.txt
      --> 成功找到旧版本。
     -> 在 'EN_todo.txt (旧版本)' 中找到 10 个键。

处理成功！所有输出文件已保存在 'BanditsWeekOne_3403180543' 文件夹中。
    -> [内存] 已为 Mod 3403180543 记录 Commit SHA: 9f5e1ec
