

========================= 开始处理 Workshop ID: 3459200930 (BasicVan) =========================

--- 正在检查已完成的翻译于: data\completed_files\3459200930\en_completed.txt ---
     -> 在 'en_completed.txt' 中找到 13 个键。

--- 正在检查待排除的键于: data\completed_files\3459200930\exclusion_list.txt ---
  -> 排除列表文件 'exclusion_list.txt' 不存在，跳过。

-------------------- 处理子模组: BasicVan --------------------

--- 正在为 'BasicVan' 动态查找 'media' 文件夹 ---
  -> 发现版本目录: 42.0
  -> 正在检查路径的有效性: data\workshop_content\3459200930\mods\BasicVan\42.0\media
  --> 路径有效！已将其加入待处理列表。

--- 阶段 1: 扫描所有 media 路径下的翻译文件 (L1) ---
  -> 正在处理 media 路径: data\workshop_content\3459200930\mods\BasicVan\42.0\media
  -> 扫描目录: data\workshop_content\3459200930\mods\BasicVan\42.0\media\lua\shared\Translate\EN
     -> 在 'IG_UI_EN.txt' 中找到 4 个键。
阶段 1 完成: 从 EN 加载了 4 条数据, 从 CN 加载了 0 条数据。

--- 阶段 2: 扫描所有 Media 路径下的 Scripts (L0) ---
  -> 正在处理 Scripts 路径: data\workshop_content\3459200930\mods\BasicVan\42.0\media\scripts
    -> 处理: vehicles\BasicVan.txt
    -> 处理: vehicles\BasicVan_items.txt
     -> 新增: 9 个 Item
    -> 处理: vehicles\BasicVan_models.txt
    -> 处理: vehicles\passenger_template_3_seats.txt
    -> 处理: vehicles\template_seat_frontmiddle.txt
    -> 处理: vehicles\template_van_storage.txt
    -> 处理: vehicles\template_VanSide.txt
阶段 2 完成: 从 scripts 新生成了 9 条数据。

--- 阶段 3: 合并 L0 与 L1 后，纯净英文基准总计: 13 条数据。---

--- 已为 Mod ID 3459200930 更新 13 条键来源映射 ---

--- 正在为 Mod 'BasicVan' 生成输出文件 ---
    - 最终合并 (output.txt): 13 条
    - 纯净英文 (EN_output.txt): 13 条
    - 纯净中文 (CN_output.txt): 0 条
    - 英文待办 (en_todo.txt): 0 条 (增量)
    - 中文独有 (cn_only.txt): 0 条 (增量)
    - 冲突键 (conflict_keys.txt): 0 条
    -> 正在尝试从 Git 历史记录中获取旧版本: data/output_files/BasicVan_3459200930/EN_todo.txt
      --> 成功找到旧版本。
     -> 在 'EN_todo.txt (旧版本)' 中找到 0 个键。

处理成功！所有输出文件已保存在 'BasicVan_3459200930' 文件夹中。
    -> [内存] 已为 Mod 3459200930 记录 Commit SHA: 6301ee2
