

========================= 开始处理 Workshop ID: 3463117260 (Buildables_Expansion) =========================

--- 正在检查已完成的翻译于: data\completed_files\3463117260\en_completed.txt ---
     -> 在 'en_completed.txt' 中找到 655 个键。

--- 正在检查待排除的键于: data\completed_files\3463117260\exclusion_list.txt ---
  -> 排除列表文件 'exclusion_list.txt' 不存在，跳过。

-------------------- 处理子模组: Buildables Expansion --------------------

--- 正在为 'Buildables Expansion' 动态查找 'media' 文件夹 ---
  -> 发现版本目录: 42
  -> 正在检查路径的有效性: data\workshop_content\3463117260\mods\Buildables Expansion\common\media
  --> 路径有效！将使用此路径进行处理: data\workshop_content\3463117260\mods\Buildables Expansion\common\media

--- 预加载 EN (L1) 数据 ---
  -> 扫描目录: data\workshop_content\3463117260\mods\Buildables Expansion\common\media\lua\shared\Translate\EN
     -> 在 'ContextMenu_EN.txt' 中找到 3 个键。
     -> 在 'IG_UI_EN.txt' 中找到 52 个键。
     -> 在 'ItemName_EN.txt' 中找到 28 个键。
     -> 在 'Recipes_EN.txt' 中找到 483 个键。
     -> 在 'Sandbox_EN.txt' 中找到 6 个键。
     -> 在 'Tooltip_EN.txt' 中找到 44 个键。
预加载完成: 找到 616 个本地 EN 键。

--- 阶段 1: 扫描 Scripts (L0) ---
  -> 处理: entities\appliances\bathroom\entity_appliances_bathroom_beige_sink.txt
     -> 新增: 2 个 Recipe
  -> 处理: entities\appliances\bathroom\entity_appliances_bathroom_chrome_sink.txt
     -> 新增: 2 个 Recipe
  -> 处理: entities\appliances\bathroom\entity_appliances_bathroom_dark_industrial_sink.txt
     -> 新增: 2 个 Recipe
  -> 处理: entities\appliances\bathroom\entity_appliances_bathroom_deluxe_shower.txt
     -> 新增: 2 个 Recipe
  -> 处理: entities\appliances\bathroom\entity_appliances_bathroom_fancy_toilet.txt
     -> 新增: 2 个 Recipe
  -> 处理: entities\appliances\bathroom\entity_appliances_bathroom_hanging_toilet.txt
     -> 新增: 2 个 Recipe
  -> 处理: entities\appliances\bathroom\entity_appliances_bathroom_industrial_sink.txt
     -> 新增: 2 个 Recipe
  -> 处理: entities\appliances\bathroom\entity_appliances_bathroom_large_deluxe_bath.txt
     -> 新增: 2 个 Recipe
  -> 处理: entities\appliances\bathroom\entity_appliances_bathroom_low_toilet.txt
     -> 新增: 2 个 Recipe
  -> 处理: entities\appliances\bathroom\entity_appliances_bathroom_white_hanging_sink.txt
     -> 新增: 2 个 Recipe
  -> 处理: entities\appliances\bathroom\entity_appliances_bathroom_white_sink.txt
     -> 新增: 2 个 Recipe
  -> 处理: entities\appliances\bathroom\entity_appliances_bathroom_white_standing_sink.txt
     -> 新增: 2 个 Recipe
  -> 处理: entities\appliances\cooking\entity_appliances_cooking_antique_oven.txt
     -> 新增: 2 个 Recipe
  -> 处理: entities\appliances\cooking\entity_appliances_cooking_barbecue.txt
     -> 新增: 2 个 Recipe
  -> 处理: entities\appliances\cooking\entity_appliances_cooking_chrome_microwave.txt
     -> 新增: 2 个 Recipe
  -> 处理: entities\appliances\cooking\entity_appliances_cooking_green_oven.txt
     -> 新增: 2 个 Recipe
  -> 处理: entities\appliances\cooking\entity_appliances_cooking_grey_oven.txt
     -> 新增: 2 个 Recipe
  -> 处理: entities\appliances\cooking\entity_appliances_cooking_industrial_fryer.txt
     -> 新增: 2 个 Recipe
  -> 处理: entities\appliances\cooking\entity_appliances_cooking_industrial_oven.txt
     -> 新增: 2 个 Recipe
  -> 处理: entities\appliances\cooking\entity_appliances_cooking_jorge_foreguy_barbecue.txt
     -> 新增: 2 个 Recipe
  -> 处理: entities\appliances\cooking\entity_appliances_cooking_modern_oven.txt
     -> 新增: 2 个 Recipe
  -> 处理: entities\appliances\cooking\entity_appliances_cooking_red_oven.txt
     -> 新增: 2 个 Recipe
  -> 处理: entities\appliances\cooking\entity_appliances_cooking_white_microwave.txt
     -> 新增: 2 个 Recipe
  -> 处理: entities\appliances\fridges\entity_appliances_fridges_blue_fridge.txt
     -> 新增: 2 个 Recipe
  -> 处理: entities\appliances\fridges\entity_appliances_fridges_generic_cooled_shelves.txt
     -> 新增: 2 个 Recipe
  -> 处理: entities\appliances\fridges\entity_appliances_fridges_green_fridge.txt
     -> 新增: 2 个 Recipe
  -> 处理: entities\appliances\fridges\entity_appliances_fridges_industrial_fridge.txt
     -> 新增: 2 个 Recipe
  -> 处理: entities\appliances\fridges\entity_appliances_fridges_large_fridge.txt
     -> 新增: 2 个 Recipe
  -> 处理: entities\appliances\fridges\entity_appliances_fridges_mini_fridge.txt
     -> 新增: 2 个 Recipe
  -> 处理: entities\appliances\fridges\entity_appliances_fridges_plain_fridge.txt
     -> 新增: 2 个 Recipe
  -> 处理: entities\appliances\fridges\entity_appliances_fridges_popsicle_fridge.txt
     -> 新增: 2 个 Recipe
  -> 处理: entities\appliances\fridges\entity_appliances_fridges_red_fridge.txt
     -> 新增: 2 个 Recipe
  -> 处理: entities\appliances\fridges\entity_appliances_fridges_steel_fridge.txt
     -> 新增: 2 个 Recipe
  -> 处理: entities\appliances\fridges\entity_appliances_fridges_trailer_fridge_1.txt
     -> 新增: 2 个 Recipe
  -> 处理: entities\appliances\fridges\entity_appliances_fridges_trailer_fridge_2.txt
     -> 新增: 2 个 Recipe
  -> 处理: entities\appliances\fridges\entity_appliances_fridges_white_fridge.txt
     -> 新增: 2 个 Recipe
  -> 处理: entities\appliances\fridges\entity_appliances_fridges_white_industrial_fridge.txt
     -> 新增: 2 个 Recipe
  -> 处理: entities\appliances\laundry\entity_appliances_laundry_blue_combo_washer_dryer.txt
     -> 新增: 2 个 Recipe
  -> 处理: entities\appliances\laundry\entity_appliances_washing_bin.txt
     -> 新增: 2 个 Recipe
  -> 处理: entities\appliances\laundry\entity_appliances_white_clothing_dryer.txt
     -> 新增: 2 个 Recipe
  -> 处理: entities\appliances\laundry\entity_appliances_white_washing_machine.txt
     -> 新增: 2 个 Recipe
  -> 处理: entities\containers\bookshelves\entity_containers_bookshelves_big_wall_shelves.txt
     -> 新增: 2 个 Recipe
  -> 处理: entities\containers\bookshelves\entity_containers_bookshelves_big_wall_shelves_corner.txt
     -> 新增: 2 个 Recipe
  -> 处理: entities\containers\bookshelves\entity_containers_bookshelves_white_fancy.txt
     -> 新增: 2 个 Recipe
  -> 处理: entities\containers\commercial\entity_containers_commercial_fossoil_counter.txt
     -> 新增: 2 个 Recipe
  -> 处理: entities\containers\commercial\entity_containers_commercial_fossoil_counter_corner.txt
     -> 新增: 2 个 Recipe
  -> 处理: entities\containers\commercial\entity_containers_commercial_gas2go_counter.txt
     -> 新增: 2 个 Recipe
  -> 处理: entities\containers\commercial\entity_containers_commercial_gas2go_counter_corner.txt
     -> 新增: 2 个 Recipe
  -> 处理: entities\containers\commercial\entity_containers_commercial_generic_shop_counter.txt
     -> 新增: 2 个 Recipe
  -> 处理: entities\containers\commercial\entity_containers_commercial_generic_shop_counter_corner.txt
     -> 新增: 2 个 Recipe
  -> 处理: entities\containers\commercial\entity_containers_commercial_shop_display_counter.txt
     -> 新增: 2 个 Recipe
  -> 处理: entities\containers\commercial\entity_containers_commercial_trapezoid_shop_shelves.txt
     -> 新增: 2 个 Recipe
  -> 处理: entities\containers\commercial\entity_containers_commerical_glass_display_counter.txt
     -> 新增: 2 个 Recipe
  -> 处理: entities\containers\commercial\entity_containers_commerical_glass_display_counter_corner.txt
     -> 新增: 2 个 Recipe
  -> 处理: entities\containers\commercial\entity_containers_commerical_glass_display_stand.txt
     -> 新增: 2 个 Recipe
  -> 处理: entities\containers\commercial\entity_containers_commerical_grocery_display_counter.txt
     -> 新增: 2 个 Recipe
  -> 处理: entities\containers\commercial\entity_containers_commerical_grocery_trapezoid_counter.txt
     -> 新增: 2 个 Recipe
  -> 处理: entities\containers\commercial\entity_containers_commerical_large_shop_shelves.txt
     -> 新增: 2 个 Recipe
  -> 处理: entities\containers\commercial\entity_containers_commerical_red_glass_display_stand.txt
     -> 新增: 2 个 Recipe
  -> 处理: entities\containers\commercial\entity_containers_commerical_rounded_glass_display_counter.txt
     -> 新增: 2 个 Recipe
  -> 处理: entities\containers\commercial\entity_containers_commerical_white_display_counter.txt
     -> 新增: 2 个 Recipe
  -> 处理: entities\containers\commercial\entity_containers_commerical_white_stripped_counter.txt
     -> 新增: 2 个 Recipe
  -> 处理: entities\containers\commercial\entity_containers_commerical_white_stripped_counter_corner.txt
     -> 新增: 2 个 Recipe
  -> 处理: entities\containers\commercial\entity_containers_commerical_white_stripped_display_stand.txt
     -> 新增: 2 个 Recipe
  -> 处理: entities\containers\crates\entity_containers_crates_battered_cardboard_box.txt
     -> 新增: 2 个 Recipe
  -> 处理: entities\containers\crates\entity_containers_crates_big_cardboard_box.txt
     -> 新增: 2 个 Recipe
  -> 处理: entities\containers\crates\entity_containers_crates_green_military_crate.txt
     -> 新增: 2 个 Recipe
  -> 处理: entities\containers\crates\entity_containers_crates_grey_military_crate.txt
     -> 新增: 2 个 Recipe
  -> 处理: entities\containers\crates\entity_containers_crates_small_wooden_crate.txt
     -> 新增: 2 个 Recipe
  -> 处理: entities\containers\crates\entity_containers_crates_vegetable_basket.txt
     -> 新增: 2 个 Recipe
  -> 处理: entities\containers\metal\entity_containers_metal_blue_wall_locker.txt
     -> 新增: 2 个 Recipe
  -> 处理: entities\containers\metal\entity_containers_metal_clothes_stand.txt
     -> 新增: 2 个 Recipe
  -> 处理: entities\containers\metal\entity_containers_metal_grey_file_cabinet.txt
     -> 新增: 2 个 Recipe
  -> 处理: entities\containers\metal\entity_containers_metal_large_clothes_rack.txt
     -> 新增: 2 个 Recipe
  -> 处理: entities\containers\metal\entity_containers_metal_large_metal_shelves.txt
     -> 新增: 2 个 Recipe
  -> 处理: entities\containers\metal\entity_containers_metal_medical_metal_counter.txt
     -> 新增: 2 个 Recipe
  -> 处理: entities\containers\metal\entity_containers_metal_military_locker.txt
     -> 新增: 2 个 Recipe
  -> 处理: entities\containers\metal\entity_containers_metal_red_mobile_tool_cabinet.txt
     -> 新增: 2 个 Recipe
  -> 处理: entities\containers\metal\entity_containers_metal_small_clothes_rack.txt
     -> 新增: 2 个 Recipe
  -> 处理: entities\containers\metal\entity_containers_metal_standing_vault.txt
     -> 新增: 2 个 Recipe
  -> 处理: entities\containers\metal\entity_containers_metal_wall_bin.txt
     -> 新增: 2 个 Recipe
  -> 处理: entities\containers\metal\entity_containers_metal_wall_vault.txt
     -> 新增: 2 个 Recipe
  -> 处理: entities\containers\metal\entity_containers_metal_white_file_cabinet.txt
     -> 新增: 2 个 Recipe
  -> 处理: entities\containers\metal\entity_containers_metal_yellow_wall_locker.txt
     -> 新增: 2 个 Recipe
  -> 处理: entities\containers\residential\entity_containers_residential_birchwood_counter.txt
     -> 新增: 2 个 Recipe
  -> 处理: entities\containers\residential\entity_containers_residential_birchwood_counter_corner.txt
     -> 新增: 2 个 Recipe
  -> 处理: entities\containers\residential\entity_containers_residential_dark_counter.txt
     -> 新增: 2 个 Recipe
  -> 处理: entities\containers\residential\entity_containers_residential_dark_counter_corner.txt
     -> 新增: 2 个 Recipe
  -> 处理: entities\containers\residential\entity_containers_residential_green_counter.txt
     -> 新增: 2 个 Recipe
  -> 处理: entities\containers\residential\entity_containers_residential_green_counter_corner.txt
     -> 新增: 2 个 Recipe
  -> 处理: entities\containers\residential\entity_containers_residential_modern_counter.txt
     -> 新增: 2 个 Recipe
  -> 处理: entities\containers\residential\entity_containers_residential_modern_counter_corner.txt
     -> 新增: 2 个 Recipe
  -> 处理: entities\containers\residential\entity_containers_residential_motel_counter.txt
     -> 新增: 2 个 Recipe
  -> 处理: entities\containers\residential\entity_containers_residential_motel_counter_corner.txt
     -> 新增: 2 个 Recipe
  -> 处理: entities\containers\residential\entity_containers_residential_oak_counter.txt
     -> 新增: 2 个 Recipe
  -> 处理: entities\containers\residential\entity_containers_residential_oak_counter_corner.txt
     -> 新增: 2 个 Recipe
  -> 处理: entities\containers\residential\entity_containers_residential_trailer_counter.txt
     -> 新增: 2 个 Recipe
  -> 处理: entities\containers\residential\entity_containers_residential_white_counter.txt
     -> 新增: 2 个 Recipe
  -> 处理: entities\containers\residential\entity_containers_residential_white_counter_corner.txt
     -> 新增: 2 个 Recipe
  -> 处理: entities\containers\residential\entity_containers_residential_wooden_counter.txt
     -> 新增: 2 个 Recipe
  -> 处理: entities\containers\residential\entity_containers_residential_wooden_counter_corner.txt
     -> 新增: 2 个 Recipe
  -> 处理: entities\containers\restaurant\entity_containers_restaurant_bar_black_wall_bar.txt
     -> 新增: 2 个 Recipe
  -> 处理: entities\containers\restaurant\entity_containers_restaurant_bar_brown_wall_bar.txt
     -> 新增: 2 个 Recipe
  -> 处理: entities\containers\restaurant\entity_containers_restaurant_black_bar_counter.txt
     -> 新增: 2 个 Recipe
  -> 处理: entities\containers\restaurant\entity_containers_restaurant_black_bar_counter_corner.txt
     -> 新增: 2 个 Recipe
  -> 处理: entities\containers\restaurant\entity_containers_restaurant_brown_bar_counter.txt
     -> 新增: 2 个 Recipe
  -> 处理: entities\containers\restaurant\entity_containers_restaurant_brown_bar_counter_corner.txt
     -> 新增: 2 个 Recipe
  -> 处理: entities\containers\restaurant\entity_containers_restaurant_diner_counter.txt
     -> 新增: 2 个 Recipe
  -> 处理: entities\containers\restaurant\entity_containers_restaurant_diner_counter_corner.txt
     -> 新增: 2 个 Recipe
  -> 处理: entities\containers\restaurant\entity_containers_restaurant_left_bar_black_wall_bar.txt
     -> 新增: 2 个 Recipe
  -> 处理: entities\containers\restaurant\entity_containers_restaurant_left_bar_brown_wall_bar.txt
     -> 新增: 2 个 Recipe
  -> 处理: entities\containers\restaurant\entity_containers_restaurant_oak_bar_counter.txt
     -> 新增: 2 个 Recipe
  -> 处理: entities\containers\restaurant\entity_containers_restaurant_oak_bar_counter_corner.txt
     -> 新增: 2 个 Recipe
  -> 处理: entities\containers\restaurant\entity_containers_restaurant_pizza_whirled_counter.txt
     -> 新增: 2 个 Recipe
  -> 处理: entities\containers\restaurant\entity_containers_restaurant_pizza_whirled_counter_corner.txt
     -> 新增: 2 个 Recipe
  -> 处理: entities\containers\restaurant\entity_containers_restaurant_right_bar_black_wall_bar.txt
     -> 新增: 2 个 Recipe
  -> 处理: entities\containers\restaurant\entity_containers_restaurant_right_bar_brown_wall_bar.txt
     -> 新增: 2 个 Recipe
  -> 处理: entities\containers\restaurant\entity_containers_restaurant_seahorse_coffee_counter.txt
     -> 新增: 2 个 Recipe
  -> 处理: entities\containers\restaurant\entity_containers_restaurant_seahorse_coffee_counter_corner.txt
     -> 新增: 2 个 Recipe
  -> 处理: entities\containers\restaurant\entity_containers_restaurant_spiffo_counter.txt
     -> 新增: 2 个 Recipe
  -> 处理: entities\containers\restaurant\entity_containers_restaurant_spiffo_counter_corner.txt
     -> 新增: 2 个 Recipe
  -> 处理: entities\containers\restaurant\entity_containers_restaurant_square_theater_counter.txt
     -> 新增: 2 个 Recipe
  -> 处理: entities\containers\restaurant\entity_containers_restaurant_theater_counter.txt
     -> 新增: 2 个 Recipe
  -> 处理: entities\containers\restaurant\entity_containers_restaurant_theater_counter_corner.txt
     -> 新增: 2 个 Recipe
  -> 处理: entities\containers\restaurant\entity_containers_restaurant_zippee_counter.txt
     -> 新增: 2 个 Recipe
  -> 处理: entities\containers\restaurant\entity_containers_restaurant_zippee_counter_corner.txt
     -> 新增: 2 个 Recipe
  -> 处理: entities\containers\trash_cans\entity_containers_trash_cans_blue_dumpster.txt
     -> 新增: 2 个 Recipe
  -> 处理: entities\containers\trash_cans\entity_containers_trash_cans_fossoil_garbage_bin.txt
     -> 新增: 2 个 Recipe
  -> 处理: entities\containers\trash_cans\entity_containers_trash_cans_grey_garbage_bin.txt
     -> 新增: 2 个 Recipe
  -> 处理: entities\containers\trash_cans\entity_containers_trash_cans_orange_dumpster.txt
     -> 新增: 2 个 Recipe
  -> 处理: entities\containers\trash_cans\entity_containers_trash_cans_public_garbage_bin.txt
     -> 新增: 2 个 Recipe
  -> 处理: entities\containers\trash_cans\entity_containers_trash_cans_recycle_bin.txt
     -> 新增: 2 个 Recipe
  -> 处理: entities\containers\trash_cans\entity_containers_trash_cans_round_bin.txt
     -> 新增: 2 个 Recipe
  -> 处理: entities\containers\trash_cans\entity_containers_trash_green_garbage_bin.txt
     -> 新增: 2 个 Recipe
  -> 处理: entities\containers\trash_cans\entity_containers_trash_mall_garbage_bin.txt
     -> 新增: 2 个 Recipe
  -> 处理: entities\containers\trash_cans\entity_containers_trash_spiffos_bin.txt
     -> 新增: 2 个 Recipe
  -> 处理: entities\containers\trash_cans\entity_containers_trash_wheelie_bin.txt
     -> 新增: 2 个 Recipe
  -> 处理: entities\containers\upper_counters\entity_containers_upper_counter_birchwood.txt
     -> 新增: 2 个 Recipe
  -> 处理: entities\containers\upper_counters\entity_containers_upper_counter_trailer.txt
     -> 新增: 2 个 Recipe
  -> 处理: entities\decorations\garage\entity_decorations_garage_car_lift_lower_middle_part.txt
     -> 新增: 2 个 Recipe
  -> 处理: entities\decorations\garage\entity_decorations_garage_car_lift_lower_part.txt
     -> 新增: 2 个 Recipe
  -> 处理: entities\decorations\garage\entity_decorations_garage_car_lift_pillar.txt
     -> 新增: 2 个 Recipe
  -> 处理: entities\decorations\garage\entity_decorations_garage_car_lift_upper_middle_part.txt
     -> 新增: 2 个 Recipe
  -> 处理: entities\decorations\outdoor\entity_decorations_outdoor_dog_house.txt
     -> 新增: 2 个 Recipe
  -> 处理: entities\decorations\outdoor\entity_decorations_outdoor_makeshift_target.txt
     -> 新增: 2 个 Recipe
  -> 处理: entities\decorations\roadway\entity_decorations_roadway_concrete_road_block.txt
     -> 新增: 2 个 Recipe
  -> 处理: entities\decorations\roadway\entity_decorations_roadway_concrete_wheel_stop.txt
     -> 新增: 2 个 Recipe
  -> 处理: entities\decorations\roadway\entity_decorations_roadway_mailbox.txt
     -> 新增: 2 个 Recipe
  -> 处理: entities\decorations\roadway\entity_decorations_roadway_post_barrier.txt
     -> 新增: 2 个 Recipe
  -> 处理: entities\decorations\roadway\entity_decorations_roadway_public_mailbox.txt
     -> 新增: 2 个 Recipe
  -> 处理: entities\decorations\roadway\entity_decorations_roadway_road_block.txt
     -> 新增: 2 个 Recipe
  -> 处理: entities\decorations\roadway\entity_decorations_roadway_road_cone_big.txt
     -> 新增: 2 个 Recipe
  -> 处理: entities\decorations\roadway\entity_decorations_roadway_road_cone_small.txt
     -> 新增: 2 个 Recipe
  -> 处理: entities\decorations\roadway\entity_decorations_roadway_standpipe.txt
     -> 新增: 2 个 Recipe
  -> 处理: entities\decorations\rugs\entity_decorations_rugs_bathroom_brown.txt
     -> 新增: 2 个 Recipe
  -> 处理: entities\decorations\rugs\entity_decorations_rugs_bathroom_purple.txt
     -> 新增: 2 个 Recipe
  -> 处理: entities\decorations\rugs\entity_decorations_rugs_bordeaux.txt
     -> 新增: 2 个 Recipe
  -> 处理: entities\decorations\rugs\entity_decorations_rugs_bordeaux_corner.txt
     -> 新增: 2 个 Recipe
  -> 处理: entities\decorations\rugs\entity_decorations_rugs_bordeaux_side.txt
     -> 新增: 2 个 Recipe
  -> 处理: entities\decorations\rugs\entity_decorations_rugs_bordeaux_victorian_1.txt
     -> 新增: 2 个 Recipe
  -> 处理: entities\decorations\rugs\entity_decorations_rugs_bordeaux_victorian_2.txt
     -> 新增: 2 个 Recipe
  -> 处理: entities\decorations\rugs\entity_decorations_rugs_dark_green.txt
     -> 新增: 2 个 Recipe
  -> 处理: entities\decorations\rugs\entity_decorations_rugs_dark_green_corner.txt
     -> 新增: 2 个 Recipe
  -> 处理: entities\decorations\rugs\entity_decorations_rugs_dark_green_side.txt
     -> 新增: 2 个 Recipe
  -> 处理: entities\decorations\rugs\entity_decorations_rugs_dark_green_victorian_1.txt
     -> 新增: 2 个 Recipe
  -> 处理: entities\decorations\rugs\entity_decorations_rugs_dark_green_victorian_2.txt
     -> 新增: 2 个 Recipe
  -> 处理: entities\decorations\rugs\entity_decorations_rugs_dark_grey.txt
     -> 新增: 2 个 Recipe
  -> 处理: entities\decorations\rugs\entity_decorations_rugs_dark_grey_corner.txt
     -> 新增: 2 个 Recipe
  -> 处理: entities\decorations\rugs\entity_decorations_rugs_dark_grey_side.txt
     -> 新增: 2 个 Recipe
  -> 处理: entities\decorations\rugs\entity_decorations_rugs_dark_grey_victorian_1.txt
     -> 新增: 2 个 Recipe
  -> 处理: entities\decorations\rugs\entity_decorations_rugs_dark_grey_victorian_2.txt
     -> 新增: 2 个 Recipe
  -> 处理: entities\decorations\rugs\entity_decorations_rugs_dark_purple.txt
     -> 新增: 2 个 Recipe
  -> 处理: entities\decorations\rugs\entity_decorations_rugs_dark_purple_corner.txt
     -> 新增: 2 个 Recipe
  -> 处理: entities\decorations\rugs\entity_decorations_rugs_dark_purple_side.txt
     -> 新增: 2 个 Recipe
  -> 处理: entities\decorations\rugs\entity_decorations_rugs_dark_purple_victorian_1.txt
     -> 新增: 2 个 Recipe
  -> 处理: entities\decorations\rugs\entity_decorations_rugs_dark_purple_victorian_2.txt
     -> 新增: 2 个 Recipe
  -> 处理: entities\decorations\rugs\entity_decorations_rugs_door_mat.txt
     -> 新增: 2 个 Recipe
  -> 处理: entities\decorations\rugs\entity_decorations_rugs_fancy_blue.txt
     -> 新增: 2 个 Recipe
  -> 处理: entities\decorations\rugs\entity_decorations_rugs_fancy_blue_corner.txt
     -> 新增: 2 个 Recipe
  -> 处理: entities\decorations\rugs\entity_decorations_rugs_fancy_brown.txt
     -> 新增: 2 个 Recipe
  -> 处理: entities\decorations\rugs\entity_decorations_rugs_fancy_brown_corner.txt
     -> 新增: 2 个 Recipe
  -> 处理: entities\decorations\rugs\entity_decorations_rugs_fancy_green.txt
     -> 新增: 2 个 Recipe
  -> 处理: entities\decorations\rugs\entity_decorations_rugs_fancy_green_corner.txt
     -> 新增: 2 个 Recipe
  -> 处理: entities\decorations\rugs\entity_decorations_rugs_fancy_orange.txt
     -> 新增: 2 个 Recipe
  -> 处理: entities\decorations\rugs\entity_decorations_rugs_fancy_orange_corner.txt
     -> 新增: 2 个 Recipe
  -> 处理: entities\doors\garage\entity_doors_garage_3_tile_green.txt
     -> 新增: 2 个 Recipe
  -> 处理: entities\doors\garage\entity_doors_garage_3_tile_grey.txt
     -> 新增: 2 个 Recipe
  -> 处理: entities\doors\garage\entity_doors_garage_3_tile_red_window.txt
     -> 新增: 2 个 Recipe
  -> 处理: entities\doors\garage\entity_doors_garage_3_tile_rolling.txt
     -> 新增: 2 个 Recipe
  -> 处理: entities\doors\garage\entity_doors_garage_3_tile_rolling_window.txt
     -> 新增: 2 个 Recipe
  -> 处理: entities\doors\garage\entity_doors_garage_3_tile_white.txt
     -> 新增: 2 个 Recipe
  -> 处理: entities\doors\gates\entity_doors_gates_double_wrought_iron.txt
     -> 新增: 2 个 Recipe
  -> 处理: entities\doors\metal\entity_doors_metal_black_door.txt
     -> 新增: 2 个 Recipe
  -> 处理: entities\doors\metal\entity_doors_metal_blue_door.txt
     -> 新增: 2 个 Recipe
  -> 处理: entities\doors\metal\entity_doors_metal_double_black_glass_left_door.txt
     -> 新增: 2 个 Recipe
  -> 处理: entities\doors\metal\entity_doors_metal_double_black_glass_right_door.txt
     -> 新增: 2 个 Recipe
  -> 处理: entities\doors\metal\entity_doors_metal_double_grey_left_door.txt
     -> 新增: 2 个 Recipe
  -> 处理: entities\doors\metal\entity_doors_metal_double_grey_right_door.txt
     -> 新增: 2 个 Recipe
  -> 处理: entities\doors\metal\entity_doors_metal_double_orange_kitchen_glass_left_door.txt
     -> 新增: 2 个 Recipe
  -> 处理: entities\doors\metal\entity_doors_metal_double_orange_kitchen_glass_right_door.txt
     -> 新增: 2 个 Recipe
  -> 处理: entities\doors\metal\entity_doors_metal_pileocrepe_orange_door.txt
     -> 新增: 2 个 Recipe
  -> 处理: entities\doors\metal\entity_doors_metal_pizzawhirled_green_door.txt
     -> 新增: 2 个 Recipe
  -> 处理: entities\doors\metal\entity_doors_metal_red_door.txt
     -> 新增: 2 个 Recipe
  -> 处理: entities\doors\metal\entity_doors_metal_security_door.txt
     -> 新增: 2 个 Recipe
  -> 处理: entities\doors\metal\entity_doors_metal_spiffos_red_door.txt
     -> 新增: 2 个 Recipe
  -> 处理: entities\doors\metal\entity_doors_metal_tan_door.txt
     -> 新增: 2 个 Recipe
  -> 处理: entities\doors\metal\entity_doors_metal_white_door.txt
     -> 新增: 2 个 Recipe
  -> 处理: entities\doors\metal\entity_doors_metal_white_window_door.txt
     -> 新增: 2 个 Recipe
  -> 处理: entities\doors\wooden\entity_doors_wooden_black_door.txt
     -> 新增: 2 个 Recipe
  -> 处理: entities\doors\wooden\entity_doors_wooden_black_panel_door.txt
     -> 新增: 2 个 Recipe
  -> 处理: entities\doors\wooden\entity_doors_wooden_blue_door.txt
     -> 新增: 2 个 Recipe
  -> 处理: entities\doors\wooden\entity_doors_wooden_brown_door.txt
     -> 新增: 2 个 Recipe
  -> 处理: entities\doors\wooden\entity_doors_wooden_brown_panel_door.txt
     -> 新增: 2 个 Recipe
  -> 处理: entities\doors\wooden\entity_doors_wooden_brown_sliding_glass_door.txt
     -> 新增: 2 个 Recipe
  -> 处理: entities\doors\wooden\entity_doors_wooden_brown_window_door.txt
     -> 新增: 2 个 Recipe
  -> 处理: entities\doors\wooden\entity_doors_wooden_cherry_door.txt
     -> 新增: 2 个 Recipe
  -> 处理: entities\doors\wooden\entity_doors_wooden_door.txt
     -> 新增: 2 个 Recipe
  -> 处理: entities\doors\wooden\entity_doors_wooden_double_pane_black_door.txt
     -> 新增: 2 个 Recipe
  -> 处理: entities\doors\wooden\entity_doors_wooden_fossoil_blue_window_door.txt
     -> 新增: 2 个 Recipe
  -> 处理: entities\doors\wooden\entity_doors_wooden_gas2go_red_window_door.txt
     -> 新增: 2 个 Recipe
  -> 处理: entities\doors\wooden\entity_doors_wooden_pileocrepe_blue_window_door.txt
     -> 新增: 2 个 Recipe
  -> 处理: entities\doors\wooden\entity_doors_wooden_pizzawhirled_brown_window_door.txt
     -> 新增: 2 个 Recipe
  -> 处理: entities\doors\wooden\entity_doors_wooden_rough_door.txt
     -> 新增: 2 个 Recipe
  -> 处理: entities\doors\wooden\entity_doors_wooden_seahorse_brown_window_door.txt
     -> 新增: 2 个 Recipe
  -> 处理: entities\doors\wooden\entity_doors_wooden_single_pane_black_door.txt
     -> 新增: 2 个 Recipe
  -> 处理: entities\doors\wooden\entity_doors_wooden_single_pane_chestnut_door.txt
     -> 新增: 2 个 Recipe
  -> 处理: entities\doors\wooden\entity_doors_wooden_spiffo_orange_window_door.txt
     -> 新增: 2 个 Recipe
  -> 处理: entities\doors\wooden\entity_doors_wooden_tan_door.txt
     -> 新增: 2 个 Recipe
  -> 处理: entities\doors\wooden\entity_doors_wooden_white_door.txt
     -> 新增: 2 个 Recipe
  -> 处理: entities\doors\wooden\entity_doors_wooden_white_panel_door.txt
     -> 新增: 2 个 Recipe
  -> 处理: entities\doors\wooden\entity_doors_wooden_white_sliding_glass_door.txt
     -> 新增: 2 个 Recipe
  -> 处理: entities\doors\wooden\entity_doors_wooden_white_window_door.txt
     -> 新增: 2 个 Recipe
  -> 处理: entities\fences\high\metal\entity_fences_high_metal_chainlink_razorwire.txt
     -> 新增: 2 个 Recipe
  -> 处理: entities\fences\high\metal\entity_fences_high_metal_chainlink_razorwire_corner.txt
     -> 新增: 2 个 Recipe
  -> 处理: entities\fences\high\metal\entity_fences_high_metal_chainlink_razorwire_post.txt
     -> 新增: 2 个 Recipe
  -> 处理: entities\fences\high\metal\entity_fences_high_metal_wired.txt
     -> 新增: 2 个 Recipe
  -> 处理: entities\fences\high\metal\entity_fences_high_metal_wired_corner.txt
     -> 新增: 2 个 Recipe
  -> 处理: entities\fences\high\metal\entity_fences_high_metal_wired_razor.txt
     -> 新增: 2 个 Recipe
  -> 处理: entities\fences\high\metal\entity_fences_high_metal_wired_razor_corner.txt
     -> 新增: 2 个 Recipe
  -> 处理: entities\fences\high\metal\entity_fences_high_metal_wrought_iron.txt
     -> 新增: 2 个 Recipe
  -> 处理: entities\fences\high\metal\entity_fences_high_metal_wrought_iron_corner.txt
     -> 新增: 2 个 Recipe
  -> 处理: entities\fences\high\metal\entity_fences_high_metal_wrought_iron_post.txt
     -> 新增: 2 个 Recipe
  -> 处理: entities\fences\high\wooden\entity_fences_high_wooden_decorative.txt
     -> 新增: 2 个 Recipe
  -> 处理: entities\fences\high\wooden\entity_fences_high_wooden_decorative_post.txt
     -> 新增: 2 个 Recipe
  -> 处理: entities\fences\high\wooden\entity_fences_high_wooden_fence.txt
     -> 新增: 2 个 Recipe
  -> 处理: entities\fences\high\wooden\entity_fences_high_wooden_fence_corner.txt
     -> 新增: 2 个 Recipe
  -> 处理: entities\fences\high\wooden\entity_fences_high_wooden_fence_post.txt
     -> 新增: 2 个 Recipe
  -> 处理: entities\fences\low\entity_fences_low_hesco_barrier.txt
     -> 新增: 2 个 Recipe
  -> 处理: entities\fences\low\metal\entity_fences_low_metal_wrought_iron.txt
     -> 新增: 2 个 Recipe
  -> 处理: entities\fences\low\metal\entity_fences_low_metal_wrought_iron_corner.txt
     -> 新增: 2 个 Recipe
  -> 处理: entities\fences\low\metal\entity_fences_low_metal_wrought_iron_post.txt
     -> 新增: 2 个 Recipe
  -> 处理: entities\fences\low\wooden\entity_fences_low_wooden_grey_fence.txt
     -> 新增: 2 个 Recipe
  -> 处理: entities\fences\low\wooden\entity_fences_low_wooden_grey_fence_corner.txt
     -> 新增: 2 个 Recipe
  -> 处理: entities\fences\low\wooden\entity_fences_low_wooden_grey_fence_post.txt
     -> 新增: 2 个 Recipe
  -> 处理: entities\fences\low\wooden\entity_fences_low_wooden_railing.txt
     -> 新增: 2 个 Recipe
  -> 处理: entities\fences\low\wooden\entity_fences_low_wooden_railing_corner.txt
     -> 新增: 2 个 Recipe
  -> 处理: entities\fences\low\wooden\entity_fences_low_wooden_railing_corner_tall_post.txt
     -> 新增: 2 个 Recipe
  -> 处理: entities\fences\low\wooden\entity_fences_low_wooden_railing_post.txt
     -> 新增: 2 个 Recipe
  -> 处理: entities\fences\low\wooden\entity_fences_low_wooden_railing_tall_post.txt
     -> 新增: 2 个 Recipe
  -> 处理: entities\fences\low\wooden\entity_fences_low_wooden_white_picket_fence.txt
     -> 新增: 2 个 Recipe
  -> 处理: entities\fences\low\wooden\entity_fences_low_wooden_white_picket_fence_corner.txt
     -> 新增: 2 个 Recipe
  -> 处理: entities\fences\low\wooden\entity_fences_low_wooden_white_picket_fence_post.txt
     -> 新增: 2 个 Recipe
  -> 处理: entities\fences\low\wooden\entity_fences_low_wooden_white_railing.txt
     -> 新增: 2 个 Recipe
  -> 处理: entities\fences\low\wooden\entity_fences_low_wooden_white_railing_corner.txt
     -> 新增: 2 个 Recipe
  -> 处理: entities\fences\low\wooden\entity_fences_low_wooden_white_railing_corner_tall_post.txt
     -> 新增: 2 个 Recipe
  -> 处理: entities\fences\low\wooden\entity_fences_low_wooden_white_railing_post.txt
     -> 新增: 2 个 Recipe
  -> 处理: entities\fences\low\wooden\entity_fences_low_wooden_white_railing_tall_post.txt
     -> 新增: 2 个 Recipe
  -> 处理: entities\fences\stair_railings\entity_fences_wooden_stair_railings.txt
     -> 新增: 2 个 Recipe
  -> 处理: entities\floors\carpets\entity_floor_carpet_beige.txt
     -> 新增: 2 个 Recipe
  -> 处理: entities\floors\carpets\entity_floor_carpet_black.txt
     -> 新增: 2 个 Recipe
  -> 处理: entities\floors\carpets\entity_floor_carpet_blue.txt
     -> 新增: 2 个 Recipe
  -> 处理: entities\floors\carpets\entity_floor_carpet_bordeaux.txt
     -> 新增: 2 个 Recipe
  -> 处理: entities\floors\carpets\entity_floor_carpet_brown.txt
     -> 新增: 2 个 Recipe
  -> 处理: entities\floors\carpets\entity_floor_carpet_dark_grey.txt
     -> 新增: 2 个 Recipe
  -> 处理: entities\floors\carpets\entity_floor_carpet_dark_red.txt
     -> 新增: 2 个 Recipe
  -> 处理: entities\floors\carpets\entity_floor_carpet_green.txt
     -> 新增: 2 个 Recipe
  -> 处理: entities\floors\carpets\entity_floor_carpet_greenes_grocery.txt
     -> 新增: 2 个 Recipe
  -> 处理: entities\floors\carpets\entity_floor_carpet_grey.txt
     -> 新增: 2 个 Recipe
  -> 处理: entities\floors\carpets\entity_floor_carpet_grey_curly.txt
     -> 新增: 2 个 Recipe
  -> 处理: entities\floors\carpets\entity_floor_carpet_light_green.txt
     -> 新增: 2 个 Recipe
  -> 处理: entities\floors\carpets\entity_floor_carpet_purple.txt
     -> 新增: 2 个 Recipe
  -> 处理: entities\floors\carpets\entity_floor_carpet_red.txt
     -> 新增: 2 个 Recipe
  -> 处理: entities\floors\carpets\entity_floor_carpet_violet.txt
     -> 新增: 2 个 Recipe
  -> 处理: entities\floors\carpets\entity_floor_carpet_white.txt
     -> 新增: 2 个 Recipe
  -> 处理: entities\floors\carpets\entity_floor_carpet_yellow.txt
     -> 新增: 2 个 Recipe
  -> 处理: entities\floors\ceramic\entity_floor_ceramic_acacia_tiles.txt
     -> 新增: 2 个 Recipe
  -> 处理: entities\floors\ceramic\entity_floor_ceramic_beige_checkered_tiles.txt
     -> 新增: 2 个 Recipe
  -> 处理: entities\floors\ceramic\entity_floor_ceramic_birchwood_tiles.txt
     -> 新增: 2 个 Recipe
  -> 处理: entities\floors\ceramic\entity_floor_ceramic_black_diagonal_tiles.txt
     -> 新增: 2 个 Recipe
  -> 处理: entities\floors\ceramic\entity_floor_ceramic_black_tiles.txt
     -> 新增: 2 个 Recipe
  -> 处理: entities\floors\ceramic\entity_floor_ceramic_blue_checkered_tiles.txt
     -> 新增: 2 个 Recipe
  -> 处理: entities\floors\ceramic\entity_floor_ceramic_brown_checkered_tiles.txt
     -> 新增: 2 个 Recipe
  -> 处理: entities\floors\ceramic\entity_floor_ceramic_brown_diagonal_tiles.txt
     -> 新增: 2 个 Recipe
  -> 处理: entities\floors\ceramic\entity_floor_ceramic_brown_tiles.txt
     -> 新增: 2 个 Recipe
  -> 处理: entities\floors\ceramic\entity_floor_ceramic_cinnamon_tiles.txt
     -> 新增: 2 个 Recipe
  -> 处理: entities\floors\ceramic\entity_floor_ceramic_dark_grey_squares_tiles.txt
     -> 新增: 2 个 Recipe
  -> 处理: entities\floors\ceramic\entity_floor_ceramic_dark_grey_tiles.txt
     -> 新增: 2 个 Recipe
  -> 处理: entities\floors\ceramic\entity_floor_ceramic_green_diagonal_tiles.txt
     -> 新增: 2 个 Recipe
  -> 处理: entities\floors\ceramic\entity_floor_ceramic_green_tiles.txt
     -> 新增: 2 个 Recipe
  -> 处理: entities\floors\ceramic\entity_floor_ceramic_grey_checkered_tiles.txt
     -> 新增: 2 个 Recipe
  -> 处理: entities\floors\ceramic\entity_floor_ceramic_grey_diagonal_tiles.txt
     -> 新增: 2 个 Recipe
  -> 处理: entities\floors\ceramic\entity_floor_ceramic_grey_squares_tiles.txt
     -> 新增: 2 个 Recipe
  -> 处理: entities\floors\ceramic\entity_floor_ceramic_grey_tiles.txt
     -> 新增: 2 个 Recipe
  -> 处理: entities\floors\ceramic\entity_floor_ceramic_hardwood_tiles.txt
     -> 新增: 2 个 Recipe
  -> 处理: entities\floors\ceramic\entity_floor_ceramic_purple_tiles.txt
     -> 新增: 2 个 Recipe
  -> 处理: entities\floors\ceramic\entity_floor_ceramic_red_checkered_tiles.txt
     -> 新增: 2 个 Recipe
  -> 处理: entities\floors\ceramic\entity_floor_ceramic_white_black_tiles.txt
     -> 新增: 2 个 Recipe
  -> 处理: entities\floors\ceramic\entity_floor_ceramic_white_checkered_tiles.txt
     -> 新增: 2 个 Recipe
  -> 处理: entities\floors\ceramic\entity_floor_ceramic_white_diagonal_tiles.txt
     -> 新增: 2 个 Recipe
  -> 处理: entities\floors\ceramic\entity_floor_ceramic_yellow_checkered_tiles.txt
     -> 新增: 2 个 Recipe
  -> 处理: entities\floors\ceramic\entity_floor_ceramic_yellow_diagonal_tiles.txt
     -> 新增: 2 个 Recipe
  -> 处理: entities\floors\concrete\entity_floor_concrete.txt
     -> 新增: 2 个 Recipe
  -> 处理: entities\floors\concrete\entity_floor_concrete_beige_smooth_tiles.txt
     -> 新增: 2 个 Recipe
  -> 处理: entities\floors\concrete\entity_floor_concrete_corner.txt
     -> 新增: 2 个 Recipe
  -> 处理: entities\floors\concrete\entity_floor_concrete_dark_grey_smooth_tiles.txt
     -> 新增: 2 个 Recipe
  -> 处理: entities\floors\concrete\entity_floor_concrete_grey_smooth_tiles.txt
     -> 新增: 2 个 Recipe
  -> 处理: entities\floors\concrete\entity_floor_concrete_turquoise_smooth_tiles.txt
     -> 新增: 2 个 Recipe
  -> 处理: entities\floors\concrete\entity_floor_concrete_white_smooth_tiles.txt
     -> 新增: 2 个 Recipe
  -> 处理: entities\floors\metal\entity_floor_metal_brown_railroad.txt
     -> 新增: 2 个 Recipe
  -> 处理: entities\floors\metal\entity_floor_metal_elevator_1.txt
     -> 新增: 2 个 Recipe
  -> 处理: entities\floors\metal\entity_floor_metal_elevator_2.txt
     -> 新增: 2 个 Recipe
  -> 处理: entities\floors\metal\entity_floor_metal_green_industrial.txt
     -> 新增: 2 个 Recipe
  -> 处理: entities\floors\metal\entity_floor_metal_grey_industrial.txt
     -> 新增: 2 个 Recipe
  -> 处理: entities\floors\metal\entity_floor_metal_grey_railroad_panel.txt
     -> 新增: 2 个 Recipe
  -> 处理: entities\floors\metal\entity_floor_metal_rusty_mesh.txt
     -> 新增: 2 个 Recipe
  -> 处理: entities\floors\metal\entity_floor_metal_rusty_mesh_grate.txt
     -> 新增: 2 个 Recipe
  -> 处理: entities\floors\metal\entity_floor_metal_steel_bars.txt
     -> 新增: 2 个 Recipe
  -> 处理: entities\floors\natural\entity_floor_autum_grass.txt
     -> 新增: 2 个 Recipe
  -> 处理: entities\floors\natural\entity_floor_beige_gravel.txt
     -> 新增: 2 个 Recipe
  -> 处理: entities\floors\natural\entity_floor_beige_gravel_corner.txt
     -> 新增: 2 个 Recipe
  -> 处理: entities\floors\natural\entity_floor_beige_gravel_edge.txt
     -> 新增: 2 个 Recipe
  -> 处理: entities\floors\natural\entity_floor_faded_grass.txt
     -> 新增: 2 个 Recipe
  -> 处理: entities\floors\natural\entity_floor_gravel_corner.txt
     -> 新增: 2 个 Recipe
  -> 处理: entities\floors\natural\entity_floor_gravel_edge.txt
     -> 新增: 2 个 Recipe
  -> 处理: entities\floors\natural\entity_floor_verdant_grass.txt
     -> 新增: 2 个 Recipe
  -> 处理: entities\floors\paved\entity_floor_beige_asphalt.txt
     -> 新增: 2 个 Recipe
  -> 处理: entities\floors\paved\entity_floor_beige_asphalt_corner.txt
     -> 新增: 2 个 Recipe
  -> 处理: entities\floors\paved\entity_floor_dark_asphalt.txt
     -> 新增: 2 个 Recipe
  -> 处理: entities\floors\paved\entity_floor_dark_asphalt_corner.txt
     -> 新增: 2 个 Recipe
  -> 处理: entities\floors\paved\entity_floor_dark_asphalt_edge.txt
     -> 新增: 2 个 Recipe
  -> 处理: entities\floors\paved\entity_floor_light_asphalt.txt
     -> 新增: 2 个 Recipe
  -> 处理: entities\floors\paved\entity_floor_light_asphalt_corner.txt
     -> 新增: 2 个 Recipe
  -> 处理: entities\floors\paved\entity_floor_light_asphalt_edge.txt
     -> 新增: 2 个 Recipe
  -> 处理: entities\floors\paved\entity_floor_medium_asphalt.txt
     -> 新增: 2 个 Recipe
  -> 处理: entities\floors\paved\entity_floor_medium_asphalt_corner.txt
     -> 新增: 2 个 Recipe
  -> 处理: entities\floors\paved\entity_floor_medium_asphalt_edge.txt
     -> 新增: 2 个 Recipe
  -> 处理: entities\floors\paved\entity_floor_old_asphalt.txt
     -> 新增: 2 个 Recipe
  -> 处理: entities\floors\paved\entity_floor_old_asphalt_corner.txt
     -> 新增: 2 个 Recipe
  -> 处理: entities\floors\paved\entity_floor_old_asphalt_edge.txt
     -> 新增: 2 个 Recipe
  -> 处理: entities\floors\wooden\entity_floor_wood_birchwood.txt
     -> 新增: 2 个 Recipe
  -> 处理: entities\floors\wooden\entity_floor_wood_chestnutwood.txt
     -> 新增: 2 个 Recipe
  -> 处理: entities\floors\wooden\entity_floor_wood_cinnamonwood.txt
     -> 新增: 2 个 Recipe
  -> 处理: entities\floors\wooden\entity_floor_wood_finewood.txt
     -> 新增: 2 个 Recipe
  -> 处理: entities\floors\wooden\entity_floor_wood_hardwood.txt
     -> 新增: 2 个 Recipe
  -> 处理: entities\floors\wooden\entity_floor_wood_oakwood.txt
     -> 新增: 2 个 Recipe
  -> 处理: entities\floors\wooden\entity_floor_wood_pinewood_tiles.txt
     -> 新增: 2 个 Recipe
  -> 处理: entities\floors\wooden\entity_floor_wood_wideplank.txt
     -> 新增: 2 个 Recipe
  -> 处理: entities\furniture\armchairs\entity_furniture_armchairs_black_fancy.txt
     -> 新增: 2 个 Recipe
  -> 处理: entities\furniture\armchairs\entity_furniture_armchairs_blue_comfy.txt
     -> 新增: 2 个 Recipe
  -> 处理: entities\furniture\armchairs\entity_furniture_armchairs_blue_rattan.txt
     -> 新增: 2 个 Recipe
  -> 处理: entities\furniture\armchairs\entity_furniture_armchairs_brown_lazy.txt
     -> 新增: 2 个 Recipe
  -> 处理: entities\furniture\armchairs\entity_furniture_armchairs_fancy_white.txt
     -> 新增: 2 个 Recipe
  -> 处理: entities\furniture\armchairs\entity_furniture_armchairs_green_comfy.txt
     -> 新增: 2 个 Recipe
  -> 处理: entities\furniture\armchairs\entity_furniture_armchairs_grey_lazy.txt
     -> 新增: 2 个 Recipe
  -> 处理: entities\furniture\armchairs\entity_furniture_armchairs_orange_modern.txt
     -> 新增: 2 个 Recipe
  -> 处理: entities\furniture\armchairs\entity_furniture_armchairs_purple_rattan.txt
     -> 新增: 2 个 Recipe
  -> 处理: entities\furniture\armchairs\entity_furniture_armchairs_red_modern.txt
     -> 新增: 2 个 Recipe
  -> 处理: entities\furniture\armchairs\entity_furniture_armchairs_victorian_1.txt
     -> 新增: 2 个 Recipe
  -> 处理: entities\furniture\armchairs\entity_furniture_armchairs_victorian_2.txt
     -> 新增: 2 个 Recipe
  -> 处理: entities\furniture\armchairs\entity_furniture_armchairs_victorian_3.txt
     -> 新增: 2 个 Recipe
  -> 处理: entities\furniture\armchairs\entity_furniture_armchairs_victorian_4.txt
     -> 新增: 2 个 Recipe
  -> 处理: entities\furniture\armchairs\entity_furniture_armchairs_victorian_5.txt
     -> 新增: 2 个 Recipe
  -> 处理: entities\furniture\armchairs\entity_furniture_armchairs_victorian_6.txt
     -> 新增: 2 个 Recipe
  -> 处理: entities\furniture\armchairs\entity_furniture_armchairs_white_lazy.txt
     -> 新增: 2 个 Recipe
  -> 处理: entities\furniture\armchairs\entity_furniture_armchairs_white_modern.txt
     -> 新增: 2 个 Recipe
  -> 处理: entities\furniture\armchairs\entity_furniture_armchairs_yellow_modern.txt
     -> 新增: 2 个 Recipe
  -> 处理: entities\furniture\beds\large\entity_furniture_beds_large_fancy.txt
     -> 新增: 2 个 Recipe
  -> 处理: entities\furniture\beds\large\entity_furniture_beds_large_modern.txt
     -> 新增: 2 个 Recipe
  -> 处理: entities\furniture\beds\large\entity_furniture_beds_large_oak.txt
     -> 新增: 2 个 Recipe
  -> 处理: entities\furniture\beds\simple\entity_furniture_beds_blue.txt
     -> 新增: 2 个 Recipe
  -> 处理: entities\furniture\beds\simple\entity_furniture_beds_bunk.txt
     -> 新增: 2 个 Recipe
  -> 处理: entities\furniture\beds\simple\entity_furniture_beds_fancy.txt
     -> 新增: 2 个 Recipe
  -> 处理: entities\furniture\beds\simple\entity_furniture_beds_hospital.txt
     -> 新增: 2 个 Recipe
  -> 处理: entities\furniture\beds\simple\entity_furniture_beds_simple.txt
     -> 新增: 2 个 Recipe
  -> 处理: entities\furniture\beds\simple\entity_furniture_beds_stretcher.txt
     -> 新增: 2 个 Recipe
  -> 处理: entities\furniture\beds\simple\entity_furniture_beds_twin.txt
     -> 新增: 2 个 Recipe
  -> 处理: entities\furniture\benches\entity_furniture_benches_50s_seat.txt
     -> 新增: 2 个 Recipe
  -> 处理: entities\furniture\benches\entity_furniture_benches_blue_seat.txt
     -> 新增: 2 个 Recipe
  -> 处理: entities\furniture\benches\entity_furniture_benches_brick_mall.txt
     -> 新增: 2 个 Recipe
  -> 处理: entities\furniture\benches\entity_furniture_benches_church_pew.txt
     -> 新增: 2 个 Recipe
  -> 处理: entities\furniture\benches\entity_furniture_benches_fancy_outdoors_bench.txt
     -> 新增: 2 个 Recipe
  -> 处理: entities\furniture\benches\entity_furniture_benches_park_bench.txt
     -> 新增: 2 个 Recipe
  -> 处理: entities\furniture\benches\entity_furniture_benches_pizza_whirled_seat.txt
     -> 新增: 2 个 Recipe
  -> 处理: entities\furniture\benches\entity_furniture_benches_spiffo_lounge_seat.txt
     -> 新增: 2 个 Recipe
  -> 处理: entities\furniture\benches\entity_furniture_benches_sturdy.txt
     -> 新增: 2 个 Recipe
  -> 处理: entities\furniture\benches\entity_furniture_benches_trailer_fixed.txt
     -> 新增: 2 个 Recipe
  -> 处理: entities\furniture\chairs\entity_furniture_chairs_black_office.txt
     -> 新增: 2 个 Recipe
  -> 处理: entities\furniture\chairs\entity_furniture_chairs_blue_plastic.txt
     -> 新增: 2 个 Recipe
  -> 处理: entities\furniture\chairs\entity_furniture_chairs_dark_wooden.txt
     -> 新增: 2 个 Recipe
  -> 处理: entities\furniture\chairs\entity_furniture_chairs_folding.txt
     -> 新增: 2 个 Recipe
  -> 处理: entities\furniture\chairs\entity_furniture_chairs_green_dinner.txt
     -> 新增: 2 个 Recipe
  -> 处理: entities\furniture\chairs\entity_furniture_chairs_grey.txt
     -> 新增: 2 个 Recipe
  -> 处理: entities\furniture\chairs\entity_furniture_chairs_red_wooden.txt
     -> 新增: 2 个 Recipe
  -> 处理: entities\furniture\chairs\entity_furniture_chairs_spiffos_dinner.txt
     -> 新增: 2 个 Recipe
  -> 处理: entities\furniture\chairs\entity_furniture_chairs_white_wooden.txt
     -> 新增: 2 个 Recipe
  -> 处理: entities\furniture\chairs\entity_furniture_chairs_wooden.txt
     -> 新增: 2 个 Recipe
  -> 处理: entities\furniture\couches\entity_furniture_couches_blue_comfy.txt
     -> 新增: 2 个 Recipe
  -> 处理: entities\furniture\couches\entity_furniture_couches_blue_rattan.txt
     -> 新增: 2 个 Recipe
  -> 处理: entities\furniture\couches\entity_furniture_couches_brown_lazy.txt
     -> 新增: 2 个 Recipe
  -> 处理: entities\furniture\couches\entity_furniture_couches_green_comfy.txt
     -> 新增: 2 个 Recipe
  -> 处理: entities\furniture\couches\entity_furniture_couches_grey_lazy.txt
     -> 新增: 2 个 Recipe
  -> 处理: entities\furniture\couches\entity_furniture_couches_orange_modern.txt
     -> 新增: 2 个 Recipe
  -> 处理: entities\furniture\couches\entity_furniture_couches_purple_rattan.txt
     -> 新增: 2 个 Recipe
  -> 处理: entities\furniture\couches\entity_furniture_couches_victorian_1.txt
     -> 新增: 2 个 Recipe
  -> 处理: entities\furniture\couches\entity_furniture_couches_victorian_2.txt
     -> 新增: 2 个 Recipe
  -> 处理: entities\furniture\couches\entity_furniture_couches_victorian_3.txt
     -> 新增: 2 个 Recipe
  -> 处理: entities\furniture\couches\entity_furniture_couches_victorian_4.txt
     -> 新增: 2 个 Recipe
  -> 处理: entities\furniture\couches\entity_furniture_couches_victorian_5.txt
     -> 新增: 2 个 Recipe
  -> 处理: entities\furniture\couches\entity_furniture_couches_victorian_6.txt
     -> 新增: 2 个 Recipe
  -> 处理: entities\furniture\couches\entity_furniture_couches_white_lazy.txt
     -> 新增: 2 个 Recipe
  -> 处理: entities\furniture\couches\entity_furniture_couches_yellow_modern.txt
     -> 新增: 2 个 Recipe
  -> 处理: entities\furniture\dressers\entity_furniture_dressers_bedroom_drawers.txt
     -> 新增: 2 个 Recipe
  -> 处理: entities\furniture\dressers\entity_furniture_dressers_fancy_dark_drawers.txt
     -> 新增: 2 个 Recipe
  -> 处理: entities\furniture\dressers\entity_furniture_dressers_fancy_dark_wardrobe.txt
     -> 新增: 2 个 Recipe
  -> 处理: entities\furniture\dressers\entity_furniture_dressers_fancy_oak_drawers.txt
     -> 新增: 2 个 Recipe
  -> 处理: entities\furniture\dressers\entity_furniture_dressers_fancy_oak_wardrobe.txt
     -> 新增: 2 个 Recipe
  -> 处理: entities\furniture\dressers\entity_furniture_dressers_fancy_white_drawers.txt
     -> 新增: 2 个 Recipe
  -> 处理: entities\furniture\dressers\entity_furniture_dressers_fancy_white_wardrobe.txt
     -> 新增: 2 个 Recipe
  -> 处理: entities\furniture\dressers\entity_furniture_dressers_large_wardrobe.txt
     -> 新增: 2 个 Recipe
  -> 处理: entities\furniture\dressers\entity_furniture_dressers_light_wood_drawers.txt
     -> 新增: 2 个 Recipe
  -> 处理: entities\furniture\dressers\entity_furniture_dressers_light_wood_wardrobe.txt
     -> 新增: 2 个 Recipe
  -> 处理: entities\furniture\dressers\entity_furniture_dressers_mirror_and_drawers.txt
     -> 新增: 2 个 Recipe
  -> 处理: entities\furniture\dressers\entity_furniture_dressers_small_table_drawer.txt
     -> 新增: 2 个 Recipe
  -> 处理: entities\furniture\tables\large\entity_furniture_tables_large_bleached_table.txt
     -> 新增: 2 个 Recipe
  -> 处理: entities\furniture\tables\large\entity_furniture_tables_large_broad_white_table.txt
     -> 新增: 2 个 Recipe
  -> 处理: entities\furniture\tables\large\entity_furniture_tables_large_brown_office_desk.txt
     -> 新增: 2 个 Recipe
  -> 处理: entities\furniture\tables\large\entity_furniture_tables_large_brown_table.txt
     -> 新增: 2 个 Recipe
  -> 处理: entities\furniture\tables\large\entity_furniture_tables_large_dark_oak_table.txt
     -> 新增: 2 个 Recipe
  -> 处理: entities\furniture\tables\large\entity_furniture_tables_large_dark_table.txt
     -> 新增: 2 个 Recipe
  -> 处理: entities\furniture\tables\large\entity_furniture_tables_large_dark_wooden_table.txt
     -> 新增: 2 个 Recipe
  -> 处理: entities\furniture\tables\large\entity_furniture_tables_large_fancy_dark_table.txt
     -> 新增: 2 个 Recipe
  -> 处理: entities\furniture\tables\large\entity_furniture_tables_large_fancy_table.txt
     -> 新增: 2 个 Recipe
  -> 处理: entities\furniture\tables\large\entity_furniture_tables_large_light_oak_table.txt
     -> 新增: 2 个 Recipe
  -> 处理: entities\furniture\tables\large\entity_furniture_tables_large_light_round_table.txt
     -> 新增: 2 个 Recipe
  -> 处理: entities\furniture\tables\large\entity_furniture_tables_large_light_wood_restaurant_table.txt
     -> 新增: 2 个 Recipe
  -> 处理: entities\furniture\tables\large\entity_furniture_tables_large_lightwood_desk.txt
     -> 新增: 2 个 Recipe
  -> 处理: entities\furniture\tables\large\entity_furniture_tables_large_oak_round_table.txt
     -> 新增: 2 个 Recipe
  -> 处理: entities\furniture\tables\large\entity_furniture_tables_large_oak_table.txt
     -> 新增: 2 个 Recipe
  -> 处理: entities\furniture\tables\large\entity_furniture_tables_large_office_desk.txt
     -> 新增: 2 个 Recipe
  -> 处理: entities\furniture\tables\large\entity_furniture_tables_large_plastic_table.txt
     -> 新增: 2 个 Recipe
  -> 处理: entities\furniture\tables\large\entity_furniture_tables_large_simple_table.txt
     -> 新增: 2 个 Recipe
  -> 处理: entities\furniture\tables\large\entity_furniture_tables_large_smooth_plastic_table.txt
     -> 新增: 2 个 Recipe
  -> 处理: entities\furniture\tables\large\entity_furniture_tables_large_smooth_table.txt
     -> 新增: 2 个 Recipe
  -> 处理: entities\furniture\tables\large\entity_furniture_tables_large_spiffo_type_a_table.txt
     -> 新增: 2 个 Recipe
  -> 处理: entities\furniture\tables\large\entity_furniture_tables_large_spiffo_type_b_table.txt
     -> 新增: 2 个 Recipe
  -> 处理: entities\furniture\tables\small\entity_furniture_tables_low_black_modern_table.txt
     -> 新增: 2 个 Recipe
  -> 处理: entities\furniture\tables\small\entity_furniture_tables_low_brown_table.txt
     -> 新增: 2 个 Recipe
  -> 处理: entities\furniture\tables\small\entity_furniture_tables_low_fancy_table.txt
     -> 新增: 2 个 Recipe
  -> 处理: entities\furniture\tables\small\entity_furniture_tables_low_light_table.txt
     -> 新增: 2 个 Recipe
  -> 处理: entities\furniture\tables\small\entity_furniture_tables_low_long_dark_table.txt
     -> 新增: 2 个 Recipe
  -> 处理: entities\furniture\tables\small\entity_furniture_tables_low_long_double_table.txt
     -> 新增: 2 个 Recipe
  -> 处理: entities\furniture\tables\small\entity_furniture_tables_low_long_light_table.txt
     -> 新增: 2 个 Recipe
  -> 处理: entities\furniture\tables\small\entity_furniture_tables_low_long_table.txt
     -> 新增: 2 个 Recipe
  -> 处理: entities\furniture\tables\small\entity_furniture_tables_low_plastic_table.txt
     -> 新增: 2 个 Recipe
  -> 处理: entities\lighting\indoor\entity_lighting_indoor_switch_left_side.txt
     -> 新增: 2 个 Recipe
  -> 处理: entities\lighting\indoor\entity_lighting_indoor_switch_right_side.txt
     -> 新增: 2 个 Recipe
  -> 处理: entities\lighting\outdoor\entity_lighting_outdoor_antique_lamp.txt
     -> 新增: 2 个 Recipe
  -> 处理: entities\lighting\outdoor\entity_lighting_outdoor_fancy_grey_light_post.txt
     -> 新增: 2 个 Recipe
  -> 处理: entities\lighting\outdoor\entity_lighting_outdoor_fancy_lamp.txt
     -> 新增: 2 个 Recipe
  -> 处理: entities\lighting\outdoor\entity_lighting_outdoor_fancy_light_post.txt
     -> 新增: 2 个 Recipe
  -> 处理: entities\lighting\outdoor\entity_lighting_outdoor_flood_lights.txt
     -> 新增: 2 个 Recipe
  -> 处理: entities\lighting\outdoor\entity_lighting_outdoor_modern_lamp.txt
     -> 新增: 2 个 Recipe
  -> 处理: entities\lighting\outdoor\entity_lighting_outdoor_neon_open_sign.txt
     -> 新增: 2 个 Recipe
  -> 处理: entities\lighting\outdoor\entity_lighting_outdoor_oval_lamp.txt
     -> 新增: 2 个 Recipe
  -> 处理: entities\lighting\outdoor\entity_lighting_outdoor_oval_light_post.txt
     -> 新增: 2 个 Recipe
  -> 处理: entities\lighting\outdoor\entity_lighting_outdoor_round_lamp.txt
     -> 新增: 2 个 Recipe
  -> 处理: entities\lighting\outdoor\entity_lighting_outdoor_tall_light_post.txt
     -> 新增: 2 个 Recipe
  -> 处理: entities\stairs\metal\entity_stairs_brown_metal.txt
     -> 新增: 2 个 Recipe
  -> 处理: entities\stairs\metal\entity_stairs_elevator.txt
     -> 新增: 2 个 Recipe
  -> 处理: entities\stairs\metal\entity_stairs_modern.txt
     -> 新增: 2 个 Recipe
  -> 处理: entities\stairs\wooden\entity_stairs_wooden_brown.txt
     -> 新增: 2 个 Recipe
  -> 处理: entities\stairs\wooden\entity_stairs_wooden_dark_brown.txt
     -> 新增: 2 个 Recipe
  -> 处理: entities\stairs\wooden\entity_stairs_wooden_simple.txt
     -> 新增: 2 个 Recipe
  -> 处理: entities\stairs\wooden\entity_stairs_wooden_white_industrail.txt
     -> 新增: 2 个 Recipe
  -> 处理: entities\stairs\wooden\entity_stairs_wooden_white_motel.txt
     -> 新增: 2 个 Recipe
  -> 处理: entities\stairs\wooden\entity_stairs_wooden_yellow_brown.txt
     -> 新增: 2 个 Recipe
  -> 处理: entities\survival\fireplace\entity_survival_fireplace_double.txt
     -> 新增: 2 个 Recipe
  -> 处理: entities\survival\fireplace\entity_survival_fireplace_simple.txt
     -> 新增: 2 个 Recipe
  -> 处理: entities\windows\wooden\entity_windows_wooden_arched_white.txt
     -> 新增: 2 个 Recipe
  -> 处理: entities\windows\wooden\entity_windows_wooden_chrome.txt
     -> 新增: 2 个 Recipe
  -> 处理: entities\windows\wooden\entity_windows_wooden_slider.txt
     -> 新增: 2 个 Recipe
  -> 处理: entities\windows\wooden\entity_windows_wooden_tiled.txt
     -> 新增: 2 个 Recipe
  -> 处理: entities\windows\wooden\entity_windows_wooden_trailer1.txt
     -> 新增: 2 个 Recipe
  -> 处理: entities\windows\wooden\entity_windows_wooden_trailer2.txt
     -> 新增: 2 个 Recipe
  -> 处理: entities\windows\wooden\entity_windows_wooden_white.txt
     -> 新增: 2 个 Recipe
  -> 处理: entities\windows\wooden\entity_windows_wooden_white_tiled.txt
     -> 新增: 2 个 Recipe
  -> 处理: items\BuildablesExpansion_Items.txt
  -> 处理: models\BuildablesExpansion_Models.txt
  -> 处理: recipes\BuildablesExpansion_Recipes.txt
     -> 新增: 1 个 Recipe
阶段 1 完成: 从 scripts 新生成了 528 条数据。

--- 阶段 2: 合并 L0 与 L1 后，纯净英文基准总计: 1144 条数据。---

--- 阶段 3: 从 CN 目录加载了 0 条数据。---

--- 阶段 4: 检测到 7 个与官方重复的键。---

--- 已为 Mod ID 3463117260 更新 1144 条键来源映射 ---

--- 正在为 Mod 'Buildables_Expansion' 生成输出文件 ---
    - 最终合并 (output.txt): 1144 条
    - 纯净英文 (EN_output.txt): 1144 条
    - 纯净中文 (CN_output.txt): 0 条
    - 英文待办 (en_todo.txt): 496 条 (增量)
    - 中文独有 (cn_only.txt): 0 条 (增量)
    - 冲突键 (conflict_keys.txt): 7 条
    -> 正在尝试从 Git 历史记录中获取旧版本: data/output_files/Buildables_Expansion_3463117260/EN_todo.txt
      --> 成功找到旧版本。
     -> 在 'EN_todo.txt (旧版本)' 中找到 2 个键。
    -> 检测到内容变更。新增: 494, 移除: 0

处理成功！所有输出文件已保存在 'Buildables_Expansion_3463117260' 文件夹中。
    -> [内存] 已为 Mod 3463117260 记录 Commit SHA: 8652f9b
