

========================= 开始处理 Workshop ID: 3140453034 (BWardrobe) =========================

--- 正在检查已完成的翻译于: data\completed_files\3140453034\en_completed.txt ---
     -> 在 'en_completed.txt' 中找到 815 个键。

--- 正在检查待排除的键于: data\completed_files\3140453034\exclusion_list.txt ---
  -> 排除列表文件 'exclusion_list.txt' 不存在，跳过。

-------------------- 处理子模组: BWardrobe --------------------

--- 正在为 'BWardrobe' 动态查找 'media' 文件夹 ---
  -> 正在检查路径的有效性: data\workshop_content\3140453034\mods\BWardrobe\common\media
  --> 路径有效！已将其加入待处理列表。
  -> 正在检查路径的有效性: data\workshop_content\3140453034\mods\BWardrobe\media
  --> 路径有效！已将其加入待处理列表。

--- 阶段 1: 扫描所有 media 路径下的翻译文件 (L1) ---
  -> 正在处理 media 路径: data\workshop_content\3140453034\mods\BWardrobe\common\media
  -> 扫描目录: data\workshop_content\3140453034\mods\BWardrobe\common\media\lua\shared\Translate\EN
     -> 在 'ContextMenu_EN.txt' 中找到 13 个键。
     -> 在 'IG_UI_EN.txt' 中找到 2 个键。
     -> 在 'ItemName_EN.txt' 中找到 350 个键。
     -> 在 'Sandbox_EN.txt' 中找到 35 个键。
     -> 在 'Tooltip_EN.txt' 中找到 9 个键。
     -> 在 'UI_EN.txt' 中找到 14 个键。
  -> 正在处理 media 路径: data\workshop_content\3140453034\mods\BWardrobe\media
  -> 扫描目录: data\workshop_content\3140453034\mods\BWardrobe\media\lua\shared\Translate\EN
     -> 在 'ContextMenu_EN.txt' 中找到 13 个键。
     -> 在 'IG_UI_EN.txt' 中找到 2 个键。
     -> 在 'ItemName_EN.txt' 中找到 350 个键。
     -> 在 'Sandbox_EN.txt' 中找到 35 个键。
     -> 在 'Tooltip_EN.txt' 中找到 9 个键。
     -> 在 'UI_EN.txt' 中找到 14 个键。
阶段 1 完成: 从 EN 加载了 423 条数据, 从 CN 加载了 0 条数据。

--- 阶段 2: 扫描所有 Media 路径下的 Scripts (L0) ---
  -> 正在处理 Scripts 路径: data\workshop_content\3140453034\mods\BWardrobe\common\media\scripts
    -> 处理: BWardrobe_Cloth.txt
     -> 新增: 392 个 Item
    -> 处理: BWardrobe_Model.txt
    -> 处理: BWardrobe_Model_Base.txt
    -> 处理: BWardrobe_Sounds.txt
  -> 正在处理 Scripts 路径: data\workshop_content\3140453034\mods\BWardrobe\media\scripts
    -> 处理: BWardrobe_Cloth.txt
    -> 处理: BWardrobe_Crafting.txt
     -> 新增: 9 个 Item
    -> 处理: BWardrobe_Model.txt
    -> 处理: BWardrobe_Model_Base.txt
    -> 处理: BWardrobe_Sounds.txt
阶段 2 完成: 从 scripts 新生成了 401 条数据。

--- 阶段 3: 合并 L0 与 L1 后，纯净英文基准总计: 824 条数据。---

--- 阶段 4: 检测到 1 个与官方重复的键。---

--- 阶段 4: 检测到 1 个与官方重复的键。---

--- 已为 Mod ID 3140453034 更新 824 条键来源映射 ---

--- 正在为 Mod 'BWardrobe' 生成输出文件 ---
    - 最终合并 (output.txt): 824 条
    - 纯净英文 (EN_output.txt): 824 条
    - 纯净中文 (CN_output.txt): 0 条
    - 英文待办 (en_todo.txt): 9 条 (增量)
    - 中文独有 (cn_only.txt): 0 条 (增量)
    - 冲突键 (conflict_keys.txt): 1 条
    -> 正在尝试从 Git 历史记录中获取旧版本: data/output_files/BWardrobe_3140453034/EN_todo.txt
      --> 成功找到旧版本。
     -> 在 'EN_todo.txt (旧版本)' 中找到 0 个键。
    -> 检测到内容变更。新增: 9, 移除: 0

处理成功！所有输出文件已保存在 'BWardrobe_3140453034' 文件夹中。
    -> [内存] 已为 Mod 3140453034 记录 Commit SHA: afbc1c9
