

========================= 开始处理 Workshop ID: 2749928925 (cdda_zombie) =========================

--- 正在检查已完成的翻译于: data/completed_files/2749928925/en_completed.txt ---
     -> 在 'en_completed.txt' 中找到 7 个键。

--- 正在检查待排除的键于: data/completed_files/2749928925/exclusion_list.txt ---
  -> 排除列表文件 'exclusion_list.txt' 不存在，跳过。

-------------------- 处理子模组: cdda_zombie --------------------

--- 正在为 'cdda_zombie' 动态查找 'media' 文件夹 ---
  -> 发现版本目录: 42.0
  -> 正在检查路径的有效性: data/workshop_content/2749928925/mods/cdda_zombie/42.0/media
  --> 路径有效！将使用此路径进行处理: data/workshop_content/2749928925/mods/cdda_zombie/42.0/media

--- 预加载 EN (L1) 数据 ---
  -> 扫描目录: data/workshop_content/2749928925/mods/cdda_zombie/42.0/media/lua/shared/Translate/EN
     -> 在 'IG_UI_EN.txt' 中找到 40 个键。
     -> 在 'Sandbox_EN.txt' 中找到 45 个键。
预加载完成: 找到 85 个本地 EN 键。

--- 阶段 1: 扫描 Scripts (L0) ---
  -> 处理: CDDA_ZombieItems.txt
阶段 1 完成: 从 scripts 新生成了 0 条数据。

--- 阶段 2: 合并 L0 与 L1 后，纯净英文基准总计: 85 条数据。---
  -> 扫描目录: data/workshop_content/2749928925/mods/cdda_zombie/42.0/media/lua/shared/Translate/CN
     -> 在 'IG_UI_CN.txt' 中找到 40 个键。
     -> 在 'Sandbox_CN.txt' 中找到 45 个键。

--- 阶段 3: 从 CN 目录加载了 85 条数据。---

--- 已为 Mod ID 2749928925 更新 86 条键来源映射 ---

-------------------- 处理子模组: cdda_zombies_overhaul_cn --------------------

--- 正在为 'cdda_zombies_overhaul_cn' 动态查找 'media' 文件夹 ---
  -> 发现版本目录: 42.0
  -> 正在检查路径的有效性: data/workshop_content/2749928925/mods/cdda_zombies_overhaul_cn/42.0/media
  --> 路径有效！将使用此路径进行处理: data/workshop_content/2749928925/mods/cdda_zombies_overhaul_cn/42.0/media

--- 预加载 EN (L1) 数据 ---
预加载完成: 找到 0 个本地 EN 键。

--- 阶段 1: 扫描 Scripts (L0) ---
  -> 警告：未找到 Scripts 目录，跳过。
阶段 1 完成: 从 scripts 新生成了 0 条数据。

--- 阶段 2: 合并 L0 与 L1 后，纯净英文基准总计: 0 条数据。---
  -> 扫描目录: data/workshop_content/2749928925/mods/cdda_zombies_overhaul_cn/42.0/media/lua/shared/Translate/CN
     -> 在 'IG_UI_CN.txt' 中找到 43 个键。
     -> 在 'Sandbox_CN.txt' 中找到 55 个键。

--- 阶段 3: 从 CN 目录加载了 98 条数据。---

--- 已为 Mod ID 2749928925 更新 104 条键来源映射 ---

-------------------- 处理子模组: cdda_zomboids_cn --------------------

--- 正在为 'cdda_zomboids_cn' 动态查找 'media' 文件夹 ---
  -> 发现版本目录: 42.0
  -> 正在检查路径的有效性: data/workshop_content/2749928925/mods/cdda_zomboids_cn/42.0/media
  --> 路径有效！将使用此路径进行处理: data/workshop_content/2749928925/mods/cdda_zomboids_cn/42.0/media

--- 预加载 EN (L1) 数据 ---
预加载完成: 找到 0 个本地 EN 键。

--- 阶段 1: 扫描 Scripts (L0) ---
  -> 警告：未找到 Scripts 目录，跳过。
阶段 1 完成: 从 scripts 新生成了 0 条数据。

--- 阶段 2: 合并 L0 与 L1 后，纯净英文基准总计: 0 条数据。---
  -> 扫描目录: data/workshop_content/2749928925/mods/cdda_zomboids_cn/42.0/media/lua/shared/Translate/CN
     -> 在 'IG_UI_CN.txt' 中找到 98 个键。
     -> 在 'Sandbox_CN.txt' 中找到 178 个键。
     -> 在 'UI_CN.txt' 中找到 4 个键。

--- 阶段 3: 从 CN 目录加载了 280 条数据。---

--- 已为 Mod ID 2749928925 更新 299 条键来源映射 ---

--- 正在为 Mod 'cdda_zombie' 生成输出文件 ---
    - 最终合并 (output.txt): 299 条
    - 纯净英文 (EN_output.txt): 85 条
    - 纯净中文 (CN_output.txt): 298 条
    - 英文待办 (en_todo.txt): 1 条 (增量)
    - 中文独有 (cn_only.txt): 214 条 (增量)
    - 冲突键 (conflict_keys.txt): 0 条
    -> 正在尝试从 Git 历史记录中获取旧版本: data/output_files/cdda_zombie_2749928925/EN_todo.txt
      --> 成功找到旧版本。
     -> 在 'EN_todo.txt (旧版本)' 中找到 1 个键。

处理成功！所有输出文件已保存在 'cdda_zombie_2749928925' 文件夹中。
    -> [内存] 已为 Mod 2749928925 记录 Commit SHA: 4f4040a
