

========================= 开始处理 Workshop ID: 3580513066 (Check-the-Papers) =========================

--- 正在检查已完成的翻译于: data/completed_files/3580513066/en_completed.txt ---
     -> 在 'en_completed.txt' 中找到 0 个键。

--- 正在检查待排除的键于: data/completed_files/3580513066/exclusion_list.txt ---
  -> 排除列表文件 'exclusion_list.txt' 不存在，跳过。

-------------------- 处理子模组: Check-the-Papers --------------------

--- 正在为 'Check-the-Papers' 动态查找 'media' 文件夹 ---
  -> 发现版本目录: 42
  --> 未能在任何优先路径中找到 'media' 文件夹。

--- 已为 Mod ID 3580513066 更新 0 条键来源映射 ---

--- 正在为 Mod 'Check-the-Papers' 生成输出文件 ---
    - 最终合并 (output.txt): 0 条
    - 纯净英文 (EN_output.txt): 0 条
    - 纯净中文 (CN_output.txt): 0 条
    - 英文待办 (en_todo.txt): 0 条 (增量)
    - 中文独有 (cn_only.txt): 0 条 (增量)
    - 冲突键 (conflict_keys.txt): 0 条
    -> 正在尝试从 Git 历史记录中获取旧版本: data/output_files/Check-the-Papers_3580513066/EN_todo.txt
      --> 成功找到旧版本。
     -> 在 'EN_todo.txt (旧版本)' 中找到 0 个键。

处理成功！所有输出文件已保存在 'Check-the-Papers_3580513066' 文件夹中。
    -> [内存] 已为 Mod 3580513066 记录 Commit SHA: 25f5325
