

========================= 开始处理 Workshop ID: 2847911733 (ClothesBOX) =========================

--- 正在检查已完成的翻译于: data\completed_files\2847911733\en_completed.txt ---
     -> 在 'en_completed.txt' 中找到 21 个键。

--- 正在检查待排除的键于: data\completed_files\2847911733\exclusion_list.txt ---
  -> 排除列表文件 'exclusion_list.txt' 不存在，跳过。

-------------------- 处理子模组: ClothesBOX --------------------

--- 正在为 'ClothesBOX' 动态查找 'media' 文件夹 ---
  -> 发现版本目录: 42
  -> 正在检查路径的有效性: data\workshop_content\2847911733\mods\ClothesBOX\42\media
  --> 路径有效！将使用此路径进行处理: data\workshop_content\2847911733\mods\ClothesBOX\42\media

--- 预加载 EN (L1) 数据 ---
  -> 扫描目录: data\workshop_content\2847911733\mods\ClothesBOX\42\media\lua\shared\Translate\EN
     -> 在 'ContextMenu_EN.txt' 中找到 12 个键。
     -> 在 'ItemName_EN.txt' 中找到 107 个键。
预加载完成: 找到 119 个本地 EN 键。

--- 阶段 1: 扫描 Scripts (L0) ---
  -> 处理: clothing\BWC_bags.txt
     -> 新增: 1 个 Item
  -> 处理: clothing\BWC_Cap.txt
  -> 处理: clothing\BWC_Glasses.txt
  -> 处理: clothing\BWC_Jackets.txt
  -> 处理: clothing\BWC_models.txt
  -> 处理: clothing\BWC_Other.txt
  -> 处理: clothing\BWC_pants.txt
  -> 处理: clothing\BWC_suits.txt
阶段 1 完成: 从 scripts 新生成了 1 条数据。

--- 阶段 2: 合并 L0 与 L1 后，纯净英文基准总计: 120 条数据。---
  -> 扫描目录: data\workshop_content\2847911733\mods\ClothesBOX\42\media\lua\shared\Translate\CN
     -> 在 'CH_TranslationBy_hollaming.txt' 中找到 0 个键。
     -> 在 'ItemName_CN.txt' 中找到 101 个键。

--- 阶段 3: 从 CN 目录加载了 101 条数据。---

--- 已为 Mod ID 2847911733 更新 122 条键来源映射 ---

--- 正在为 Mod 'ClothesBOX' 生成输出文件 ---
    - 最终合并 (output.txt): 122 条
    - 纯净英文 (EN_output.txt): 120 条
    - 纯净中文 (CN_output.txt): 101 条
    - 英文待办 (en_todo.txt): 0 条 (增量)
    - 中文独有 (cn_only.txt): 2 条 (增量)
    - 冲突键 (conflict_keys.txt): 0 条
    -> 正在尝试从 Git 历史记录中获取旧版本: data/output_files/ClothesBOX_2847911733/EN_todo.txt
      --> 成功找到旧版本。
     -> 在 'EN_todo.txt (旧版本)' 中找到 0 个键。

处理成功！所有输出文件已保存在 'ClothesBOX_2847911733' 文件夹中。
    -> [内存] 已为 Mod 2847911733 记录 Commit SHA: 41d452f
