

========================= 开始处理 Workshop ID: 2843855721 (CytU1550L) =========================

--- 正在检查已完成的翻译于: data\completed_files\2843855721\en_completed.txt ---
     -> 在 'en_completed.txt' 中找到 43 个键。

--- 正在检查待排除的键于: data\completed_files\2843855721\exclusion_list.txt ---
  -> 排除列表文件 'exclusion_list.txt' 不存在，跳过。

-------------------- 处理子模组: CytU1550L --------------------

--- 正在为 'CytU1550L' 动态查找 'media' 文件夹 ---
  -> 发现版本目录: 42.0
  -> 正在检查路径的有效性: data\workshop_content\2843855721\mods\CytU1550L\42.0\media
  --> 路径有效！将使用此路径进行处理: data\workshop_content\2843855721\mods\CytU1550L\42.0\media

--- 预加载 EN (L1) 数据 ---
  -> 扫描目录: data\workshop_content\2843855721\mods\CytU1550L\42.0\media\lua\shared\Translate\EN
     -> 在 'IG_UI_EN.txt' 中找到 10 个键。
预加载完成: 找到 10 个本地 EN 键。

--- 阶段 1: 扫描 Scripts (L0) ---
  -> 处理: U1550L_items.txt
     -> 新增: 16 个 Item
  -> 处理: U1550L_recipes.txt
     -> 新增: 11 个 Recipe
  -> 处理: U1550L_repair.txt
  -> 处理: U1550L_worlditems.txt
  -> 处理: vehicles\engine_unimogrpm.txt
  -> 处理: vehicles\parts\U1550LTrailerPart.txt
     -> 新增: 1 个 Item
  -> 处理: vehicles\template_U1550Larmor.txt
  -> 处理: vehicles\Vehicle_U1550L.txt
  -> 处理: vehicles\Vehicle_UnimogTrailer.txt
阶段 1 完成: 从 scripts 新生成了 28 条数据。

--- 阶段 2: 合并 L0 与 L1 后，纯净英文基准总计: 38 条数据。---

--- 阶段 3: 从 CN 目录加载了 0 条数据。---

--- 阶段 4: 检测到 3 个与官方重复的键。---

--- 已为 Mod ID 2843855721 更新 38 条键来源映射 ---

--- 正在为 Mod 'CytU1550L' 生成输出文件 ---
    - 最终合并 (output.txt): 38 条
    - 纯净英文 (EN_output.txt): 38 条
    - 纯净中文 (CN_output.txt): 0 条
    - 英文待办 (en_todo.txt): 3 条 (增量)
    - 中文独有 (cn_only.txt): 0 条 (增量)
    - 冲突键 (conflict_keys.txt): 3 条
    -> 正在尝试从 Git 历史记录中获取旧版本: data/output_files/CytU1550L_2843855721/EN_todo.txt
      --> 成功找到旧版本。
     -> 在 'EN_todo.txt (旧版本)' 中找到 3 个键。

处理成功！所有输出文件已保存在 'CytU1550L_2843855721' 文件夹中。
    -> [内存] 已为 Mod 2843855721 记录 Commit SHA: 5520a31
