

========================= 开始处理 Workshop ID: 3583266047 (DaihatsuHijetTruck) =========================

--- 正在检查已完成的翻译于: data/completed_files/3583266047/en_completed.txt ---
     -> 在 'en_completed.txt' 中找到 10 个键。

--- 正在检查待排除的键于: data/completed_files/3583266047/exclusion_list.txt ---
  -> 排除列表文件 'exclusion_list.txt' 不存在，跳过。

-------------------- 处理子模组: DaihatsuHijetTruck --------------------

--- 正在为 'DaihatsuHijetTruck' 动态查找 'media' 文件夹 ---
  -> 发现版本目录: 42.0
  -> 正在检查路径的有效性: data/workshop_content/3583266047/mods/DaihatsuHijetTruck/42.0/media
  --> 路径有效！将使用此路径进行处理: data/workshop_content/3583266047/mods/DaihatsuHijetTruck/42.0/media

--- 预加载 EN (L1) 数据 ---
  -> 扫描目录: data/workshop_content/3583266047/mods/DaihatsuHijetTruck/42.0/media/lua/shared/Translate/EN
     -> 在 'IG_UI_EN.txt' 中找到 12 个键。
预加载完成: 找到 12 个本地 EN 键。

--- 阶段 1: 扫描 Scripts (L0) ---
  -> 处理: vehicles/hijet100p.txt
  -> 处理: vehicles/hijet100pJDM.txt
  -> 处理: vehicles/hijet100pJDMTurbo.txt
  -> 处理: vehicles/template_hijet100pJDM_accesories.txt
  -> 处理: vehicles/template_hijet100pJDM_armor.txt
  -> 处理: vehicles/template_hijet100pJDM_bumpers.txt
  -> 处理: vehicles/template_hijet100pJDM_doors.txt
  -> 处理: vehicles/template_hijet100pJDM_hood.txt
  -> 处理: vehicles/template_hijet100pJDM_seats.txt
  -> 处理: vehicles/template_hijet100pJDM_trunkdoor.txt
  -> 处理: vehicles/template_hijet100pJDM_trunks.txt
  -> 处理: vehicles/template_hijet100pJDM_windows.txt
  -> 处理: vehicles/template_hijet100pJDM_windshields.txt
  -> 处理: vehicles/template_hijet100p_accesories.txt
  -> 处理: vehicles/template_hijet100p_armor.txt
  -> 处理: vehicles/template_hijet100p_bumpers.txt
  -> 处理: vehicles/template_hijet100p_doors.txt
  -> 处理: vehicles/template_hijet100p_hood.txt
  -> 处理: vehicles/template_hijet100p_seats.txt
  -> 处理: vehicles/template_hijet100p_trunkdoor.txt
  -> 处理: vehicles/template_hijet100p_trunks.txt
  -> 处理: vehicles/template_hijet100p_windows.txt
  -> 处理: vehicles/template_hijet100p_windshields.txt
阶段 1 完成: 从 scripts 新生成了 0 条数据。

--- 阶段 2: 合并 L0 与 L1 后，纯净英文基准总计: 12 条数据。---

--- 阶段 3: 从 CN 目录加载了 0 条数据。---

--- 已为 Mod ID 3583266047 更新 12 条键来源映射 ---

--- 正在为 Mod 'DaihatsuHijetTruck' 生成输出文件 ---
    - 最终合并 (output.txt): 12 条
    - 纯净英文 (EN_output.txt): 12 条
    - 纯净中文 (CN_output.txt): 0 条
    - 英文待办 (en_todo.txt): 2 条 (增量)
    - 中文独有 (cn_only.txt): 0 条 (增量)
    - 冲突键 (conflict_keys.txt): 0 条
    -> 正在尝试从 Git 历史记录中获取旧版本: data/output_files/DaihatsuHijetTruck_3583266047/EN_todo.txt
      --> 成功找到旧版本。
     -> 在 'EN_todo.txt (旧版本)' 中找到 2 个键。

处理成功！所有输出文件已保存在 'DaihatsuHijetTruck_3583266047' 文件夹中。
    -> [内存] 已为 Mod 3583266047 记录 Commit SHA: 45bc4f6
