

========================= 开始处理 Workshop ID: 3572846242 (Detailed_Skill_Tooltips) =========================

--- 正在检查已完成的翻译于: data/completed_files/3572846242/en_completed.txt ---
     -> 在 'en_completed.txt' 中找到 79 个键。

--- 正在检查待排除的键于: data/completed_files/3572846242/exclusion_list.txt ---
  -> 排除列表文件 'exclusion_list.txt' 不存在，跳过。

-------------------- 处理子模组: Detailed Skill Tooltips --------------------

--- 正在为 'Detailed Skill Tooltips' 动态查找 'media' 文件夹 ---
  -> 发现版本目录: 42
  -> 正在检查路径的有效性: data/workshop_content/3572846242/mods/Detailed Skill Tooltips/42/media
  --> 路径有效！将使用此路径进行处理: data/workshop_content/3572846242/mods/Detailed Skill Tooltips/42/media

--- 预加载 EN (L1) 数据 ---
  -> 扫描目录: data/workshop_content/3572846242/mods/Detailed Skill Tooltips/42/media/lua/shared/Translate/EN
     -> 在 'IG_UI_EN.txt' 中找到 97 个键。
预加载完成: 找到 97 个本地 EN 键。

--- 阶段 1: 扫描 Scripts (L0) ---
  -> 警告：未找到 Scripts 目录，跳过。
阶段 1 完成: 从 scripts 新生成了 0 条数据。

--- 阶段 2: 合并 L0 与 L1 后，纯净英文基准总计: 97 条数据。---

--- 阶段 3: 从 CN 目录加载了 0 条数据。---

--- 已为 Mod ID 3572846242 更新 97 条键来源映射 ---

--- 正在为 Mod 'Detailed_Skill_Tooltips' 生成输出文件 ---
    - 最终合并 (output.txt): 97 条
    - 纯净英文 (EN_output.txt): 97 条
    - 纯净中文 (CN_output.txt): 0 条
    - 英文待办 (en_todo.txt): 18 条 (增量)
    - 中文独有 (cn_only.txt): 0 条 (增量)
    - 冲突键 (conflict_keys.txt): 0 条
    -> 正在尝试从 Git 历史记录中获取旧版本: data/output_files/Detailed_Skill_Tooltips_3572846242/EN_todo.txt
      --> 成功找到旧版本。
     -> 在 'EN_todo.txt (旧版本)' 中找到 0 个键。
    -> 检测到内容变更。新增: 18, 移除: 0

处理成功！所有输出文件已保存在 'Detailed_Skill_Tooltips_3572846242' 文件夹中。
    -> [内存] 已为 Mod 3572846242 记录 Commit SHA: e2990b2

--- 所有模组处理循环结束，正在保存最终运行状态 ---

--- 应用正则表达式来源覆盖规则 ---
成功加载 6 条正则表达式规则。
未发现需要应用的正则表达式规则。

--- 正在合并手动分类的键来源 ---
  -> 未发现需要合并的手动分类条目。
全局键来源映射已成功保存到: translation_utils/key_source_map.json

增量更新日志已记录到: data/logs/update_log.json

--- 开始生成状态报告 ---
状态报告生成脚本输出:
--- 开始生成状态报告 ---
  -> STATUS.md 已生成。
  -> MOD_TODO_STATUS.md 已生成。
--- 所有报告生成完毕 ---

