

========================= 开始处理 Workshop ID: 3391306957 (DivisionBackpack) =========================

--- 正在检查已完成的翻译于: data\completed_files\3391306957\en_completed.txt ---
     -> 在 'en_completed.txt' 中找到 21 个键。

--- 正在检查待排除的键于: data\completed_files\3391306957\exclusion_list.txt ---
  -> 排除列表文件 'exclusion_list.txt' 不存在，跳过。

-------------------- 处理子模组: DivisionBackpack --------------------

--- 正在为 'DivisionBackpack' 动态查找 'media' 文件夹 ---
  -> 发现版本目录: 42
  -> 正在检查路径的有效性: data\workshop_content\3391306957\mods\DivisionBackpack\42\media
  --> 路径有效！将使用此路径进行处理: data\workshop_content\3391306957\mods\DivisionBackpack\42\media

--- 预加载 EN (L1) 数据 ---
预加载完成: 找到 0 个本地 EN 键。

--- 阶段 1: 扫描 Scripts (L0) ---
  -> 处理: clothing\DivisionBackpack_clothingItems.txt
  -> 处理: clothing\DivisionBackpackLarge_clothingItems.txt
     -> 新增: 1 个 Item, 2 个 Recipe
  -> 处理: clothing\DivisionBackpackMedium_clothingItems.txt
     -> 新增: 1 个 Item, 2 个 Recipe
  -> 处理: clothing\DivisionBackpackOP_clothingItems.txt
     -> 新增: 1 个 Item, 2 个 Recipe
  -> 处理: clothing\DivisionBackpackSmall_clothingItems.txt
     -> 新增: 1 个 Item, 2 个 Recipe
  -> 处理: clothing\DivisionBackpackXL_clothingItems.txt
     -> 新增: 1 个 Item, 2 个 Recipe
  -> 处理: clothing\RenegadeBackpackLarge_clothingItems.txt
     -> 新增: 1 个 Item, 2 个 Recipe
  -> 处理: clothing\RenegadeBackpackMedium_clothingItems.txt
     -> 新增: 1 个 Item, 2 个 Recipe
  -> 处理: clothing\RenegadeBackpackOP_clothingItems.txt
     -> 新增: 1 个 Item, 2 个 Recipe
  -> 处理: clothing\RenegadeBackpackSmall_clothingItems.txt
     -> 新增: 1 个 Item, 2 个 Recipe
  -> 处理: clothing\RenegadeBackpackXL_clothingItems.txt
     -> 新增: 1 个 Item, 2 个 Recipe
  -> 处理: DivisionFabricRoll.txt
     -> 新增: 2 个 Recipe
  -> 处理: TheDivisionBackpack.txt
阶段 1 完成: 从 scripts 新生成了 22 条数据。

--- 阶段 2: 合并 L0 与 L1 后，纯净英文基准总计: 22 条数据。---

--- 阶段 3: 从 CN 目录加载了 0 条数据。---

--- 阶段 4: 检测到 1 个与官方重复的键。---

--- 已为 Mod ID 3391306957 更新 22 条键来源映射 ---

--- 正在为 Mod 'DivisionBackpack' 生成输出文件 ---
    - 最终合并 (output.txt): 22 条
    - 纯净英文 (EN_output.txt): 22 条
    - 纯净中文 (CN_output.txt): 0 条
    - 英文待办 (en_todo.txt): 1 条 (增量)
    - 中文独有 (cn_only.txt): 0 条 (增量)
    - 冲突键 (conflict_keys.txt): 1 条
    -> 正在尝试从 Git 历史记录中获取旧版本: data/output_files/DivisionBackpack_3391306957/EN_todo.txt
      --> 成功找到旧版本。
     -> 在 'EN_todo.txt (旧版本)' 中找到 1 个键。

处理成功！所有输出文件已保存在 'DivisionBackpack_3391306957' 文件夹中。
    -> [内存] 已为 Mod 3391306957 记录 Commit SHA: f261155
