

========================= 开始处理 Workshop ID: 3432928943 (EFTBackpacks) =========================

--- 正在检查已完成的翻译于: data\completed_files\3432928943\en_completed.txt ---
     -> 在 'en_completed.txt' 中找到 42 个键。

--- 正在检查待排除的键于: data\completed_files\3432928943\exclusion_list.txt ---
  -> 排除列表文件 'exclusion_list.txt' 不存在，跳过。

-------------------- 处理子模组: EFTBackpacks --------------------

--- 正在为 'EFTBackpacks' 动态查找 'media' 文件夹 ---
  -> 正在检查路径的有效性: data\workshop_content\3432928943\mods\EFTBackpacks\common\media
  --> 路径有效！将使用此路径进行处理: data\workshop_content\3432928943\mods\EFTBackpacks\common\media

--- 预加载 EN (L1) 数据 ---
  -> 扫描目录: data\workshop_content\3432928943\mods\EFTBackpacks\common\media\lua\shared\Translate\EN
     -> 在 'ContextMenu_EN.txt' 中找到 0 个键。
     -> 在 'Recipes_EN.txt' 中找到 13 个键。
预加载完成: 找到 13 个本地 EN 键。

--- 阶段 1: 扫描 Scripts (L0) ---
  -> 处理: clothing\EFTBackpacksItems.txt
     -> 新增: 16 个 Item
  -> 处理: clothing\EFTBackpacksItemsModels.txt
  -> 处理: EFTCraftingRecipes.txt
     -> 新增: 14 个 Recipe
阶段 1 完成: 从 scripts 新生成了 30 条数据。

--- 阶段 2: 合并 L0 与 L1 后，纯净英文基准总计: 43 条数据。---

--- 阶段 3: 从 CN 目录加载了 0 条数据。---

--- 阶段 4: 检测到 1 个与官方重复的键。---

--- 已为 Mod ID 3432928943 更新 43 条键来源映射 ---

--- 正在为 Mod 'EFTBackpacks' 生成输出文件 ---
    - 最终合并 (output.txt): 43 条
    - 纯净英文 (EN_output.txt): 43 条
    - 纯净中文 (CN_output.txt): 0 条
    - 英文待办 (en_todo.txt): 1 条 (增量)
    - 中文独有 (cn_only.txt): 0 条 (增量)
    - 冲突键 (conflict_keys.txt): 1 条
    -> 正在尝试从 Git 历史记录中获取旧版本: data/output_files/EFTBackpacks_3432928943/EN_todo.txt
      --> 成功找到旧版本。
     -> 在 'EN_todo.txt (旧版本)' 中找到 1 个键。

处理成功！所有输出文件已保存在 'EFTBackpacks_3432928943' 文件夹中。
    -> [内存] 已为 Mod 3432928943 记录 Commit SHA: c1a1a7c
