

========================= 开始处理 Workshop ID: 3399263137 (FactoryPieces) =========================

--- 正在检查已完成的翻译于: data\completed_files\3399263137\en_completed.txt ---
     -> 在 'en_completed.txt' 中找到 101 个键。

--- 正在检查待排除的键于: data\completed_files\3399263137\exclusion_list.txt ---
  -> 排除列表文件 'exclusion_list.txt' 不存在，跳过。

-------------------- 处理子模组: FactoryPieces --------------------

--- 正在为 'FactoryPieces' 动态查找 'media' 文件夹 ---
  -> 发现版本目录: 42
  -> 正在检查路径的有效性: data\workshop_content\3399263137\mods\FactoryPieces\42\media
  --> 路径有效！将使用此路径进行处理: data\workshop_content\3399263137\mods\FactoryPieces\42\media

--- 预加载 EN (L1) 数据 ---
  -> 扫描目录: data\workshop_content\3399263137\mods\FactoryPieces\42\media\lua\shared\Translate\EN
     -> 在 'Fluids_EN.txt' 中找到 4 个键。
     -> 在 'IG_UI_EN.txt' 中找到 13 个键。
     -> 在 'Recipes_EN.txt' 中找到 36 个键。
     -> 在 'Tooltip_EN.txt' 中找到 43 个键。
预加载完成: 找到 96 个本地 EN 键。

--- 阶段 1: 扫描 Scripts (L0) ---
  -> 处理: entities\entity_autobutcher.txt
     -> 新增: 2 个 Recipe
  -> 处理: entities\entity_cleanconveyorlifter.txt
     -> 新增: 2 个 Recipe
  -> 处理: entities\entity_controlterminal.txt
     -> 新增: 2 个 Recipe
  -> 处理: entities\entity_conveyor.txt
     -> 新增: 2 个 Recipe
  -> 处理: entities\entity_conveyorcorner.txt
     -> 新增: 2 个 Recipe
  -> 处理: entities\entity_darkgreenbarrel.txt
     -> 新增: 2 个 Recipe
  -> 处理: entities\entity_dirtyconveyorlifter.txt
     -> 新增: 2 个 Recipe
  -> 处理: entities\entity_heavyconveyor.txt
     -> 新增: 2 个 Recipe
  -> 处理: entities\entity_industrialconveyoroven.txt
     -> 新增: 2 个 Recipe
  -> 处理: entities\entity_largemillingmachine.txt
     -> 新增: 2 个 Recipe
  -> 处理: entities\entity_lightgreenbarrel.txt
     -> 新增: 2 个 Recipe
  -> 处理: entities\entity_millingmachinedrumextension.txt
     -> 新增: 2 个 Recipe
  -> 处理: entities\entity_millingmachinetowerextension.txt
     -> 新增: 2 个 Recipe
  -> 处理: entities\entity_orangebarrel.txt
     -> 新增: 2 个 Recipe
  -> 处理: entities\entity_orangecautiontile.txt
     -> 新增: 2 个 Recipe
  -> 处理: entities\entity_orangeframedcautiontile.txt
     -> 新增: 2 个 Recipe
  -> 处理: entities\entity_orangelinecautiontile.txt
     -> 新增: 2 个 Recipe
  -> 处理: entities\entity_overheadexhaustfan.txt
     -> 新增: 2 个 Recipe
  -> 处理: entities\entity_overheadtrack.txt
     -> 新增: 2 个 Recipe
  -> 处理: entities\entity_overheadtracklifter.txt
     -> 新增: 2 个 Recipe
  -> 处理: entities\entity_quadroboticarms.txt
     -> 新增: 2 个 Recipe
  -> 处理: entities\entity_quadroboticfluidarms.txt
     -> 新增: 2 个 Recipe
  -> 处理: entities\entity_quadroboticsawarms.txt
     -> 新增: 2 个 Recipe
  -> 处理: entities\entity_roboticarm.txt
     -> 新增: 2 个 Recipe
  -> 处理: entities\entity_roboticclaw.txt
     -> 新增: 2 个 Recipe
  -> 处理: entities\entity_roboticfluidarm.txt
     -> 新增: 2 个 Recipe
  -> 处理: entities\entity_roboticsawarm.txt
     -> 新增: 2 个 Recipe
  -> 处理: entities\entity_sawmill.txt
     -> 新增: 2 个 Recipe
  -> 处理: entities\entity_sawmillconveyor.txt
     -> 新增: 2 个 Recipe
  -> 处理: entities\entity_silogenerator.txt
     -> 新增: 2 个 Recipe
  -> 处理: entities\entity_smallmillingmachine.txt
     -> 新增: 2 个 Recipe
  -> 处理: entities\entity_universalproductionmachine.txt
     -> 新增: 2 个 Recipe
  -> 处理: entities\entity_vehicleliftfloorendcap.txt
     -> 新增: 2 个 Recipe
  -> 处理: entities\entity_vehicleliftfloormiddle.txt
     -> 新增: 2 个 Recipe
  -> 处理: entities\entity_vehicleliftoverheadendcap.txt
     -> 新增: 2 个 Recipe
  -> 处理: entities\entity_vehicleliftoverheadmiddle.txt
     -> 新增: 2 个 Recipe
  -> 处理: entities\entity_yellowcautiontile.txt
     -> 新增: 2 个 Recipe
  -> 处理: entities\entity_yellowframedcautiontile.txt
     -> 新增: 2 个 Recipe
  -> 处理: entities\entity_yellowlinecautiontile.txt
     -> 新增: 2 个 Recipe
  -> 处理: FactoryPieces_Items.txt
     -> 新增: 5 个 Item
  -> 处理: FactoryPieces_WorldModels.txt
阶段 1 完成: 从 scripts 新生成了 45 条数据。

--- 阶段 2: 合并 L0 与 L1 后，纯净英文基准总计: 141 条数据。---

--- 阶段 3: 从 CN 目录加载了 0 条数据。---

--- 已为 Mod ID 3399263137 更新 141 条键来源映射 ---

--- 正在为 Mod 'FactoryPieces' 生成输出文件 ---
    - 最终合并 (output.txt): 141 条
    - 纯净英文 (EN_output.txt): 141 条
    - 纯净中文 (CN_output.txt): 0 条
    - 英文待办 (en_todo.txt): 40 条 (增量)
    - 中文独有 (cn_only.txt): 0 条 (增量)
    - 冲突键 (conflict_keys.txt): 0 条
    -> 正在尝试从 Git 历史记录中获取旧版本: data/output_files/FactoryPieces_3399263137/EN_todo.txt
      --> 成功找到旧版本。
     -> 在 'EN_todo.txt (旧版本)' 中找到 0 个键。
    -> 检测到内容变更。新增: 40, 移除: 0

处理成功！所有输出文件已保存在 'FactoryPieces_3399263137' 文件夹中。
    -> [内存] 已为 Mod 3399263137 记录 Commit SHA: f261155
