

========================= 开始处理 Workshop ID: 3444499190 (Farming_Expansion) =========================

--- 正在检查已完成的翻译于: data\completed_files\3444499190\en_completed.txt ---
     -> 在 'en_completed.txt' 中找到 86 个键。

--- 正在检查待排除的键于: data\completed_files\3444499190\exclusion_list.txt ---
  -> 排除列表文件 'exclusion_list.txt' 不存在，跳过。

-------------------- 处理子模组: Farming Expansion --------------------

--- 正在为 'Farming Expansion' 动态查找 'media' 文件夹 ---
  -> 发现版本目录: 42
  -> 正在检查路径的有效性: data\workshop_content\3444499190\mods\Farming Expansion\42\media
  --> 路径有效！已将其加入待处理列表。

--- 阶段 1: 扫描所有 media 路径下的翻译文件 (L1) ---
  -> 正在处理 media 路径: data\workshop_content\3444499190\mods\Farming Expansion\42\media
  -> 扫描目录: data\workshop_content\3444499190\mods\Farming Expansion\42\media\lua\shared\Translate\EN
     -> 在 'Farming_EN.txt' 中找到 3 个键。
     -> 在 'Fluids_EN.txt' 中找到 3 个键。
     -> 在 'Tooltip_EN.txt' 中找到 13 个键。
阶段 1 完成: 从 EN 加载了 19 条数据, 从 CN 加载了 0 条数据。

--- 阶段 2: 扫描所有 Media 路径下的 Scripts (L0) ---
  -> 正在处理 Scripts 路径: data\workshop_content\3444499190\mods\Farming Expansion\42\media\scripts
    -> 处理: entities\fe_fluids\appliances\distilator.txt
     -> 新增: 2 个 Recipe
    -> 处理: entities\fe_fluids\craftRecipes\craftrecipe_fe_fluids.txt
     -> 新增: 10 个 Recipe
    -> 处理: fe_sounds.txt
    -> 处理: items\fe_brewing.txt
     -> 新增: 23 个 Item
    -> 处理: items\fe_seeds.txt
     -> 新增: 6 个 Item
    -> 处理: recipes\fe_seedcrafting.txt
     -> 新增: 25 个 Recipe
    -> 处理: sounds\player\fe_player_sound.txt
    -> 处理: worlditems_fe.txt
阶段 2 完成: 从 scripts 新生成了 66 条数据。

--- 阶段 3: 合并 L0 与 L1 后，纯净英文基准总计: 85 条数据。---

--- 阶段 4: 检测到 1 个与官方重复的键。---

--- 阶段 4: 检测到 1 个与官方重复的键。---

--- 已为 Mod ID 3444499190 更新 85 条键来源映射 ---

--- 正在为 Mod 'Farming_Expansion' 生成输出文件 ---
    - 最终合并 (output.txt): 85 条
    - 纯净英文 (EN_output.txt): 85 条
    - 纯净中文 (CN_output.txt): 0 条
    - 英文待办 (en_todo.txt): 3 条 (增量)
    - 中文独有 (cn_only.txt): 0 条 (增量)
    - 冲突键 (conflict_keys.txt): 1 条
    -> 正在尝试从 Git 历史记录中获取旧版本: data/output_files/Farming_Expansion_3444499190/EN_todo.txt
      --> 成功找到旧版本。
     -> 在 'EN_todo.txt (旧版本)' 中找到 3 个键。

处理成功！所有输出文件已保存在 'Farming_Expansion_3444499190' 文件夹中。
    -> [内存] 已为 Mod 3444499190 记录 Commit SHA: 8652f9b
