

========================= 开始处理 Workshop ID: 2791656602 (fhqwhgads'_Motorious_Zone) =========================

--- 正在检查已完成的翻译于: data/completed_files/2791656602/en_completed.txt ---
     -> 在 'en_completed.txt' 中找到 220 个键。

--- 正在检查待排除的键于: data/completed_files/2791656602/exclusion_list.txt ---
  -> 排除列表文件 'exclusion_list.txt' 不存在，跳过。

-------------------- 处理子模组: fhqwhgads' Motorious Zone --------------------

--- 正在为 'fhqwhgads' Motorious Zone' 动态查找 'media' 文件夹 ---
  -> 发现版本目录: 42
  -> 正在检查路径的有效性: data/workshop_content/2791656602/mods/fhqwhgads' Motorious Zone/42/media
  --> 路径有效！将使用此路径进行处理: data/workshop_content/2791656602/mods/fhqwhgads' Motorious Zone/42/media

--- 预加载 EN (L1) 数据 ---
  -> 扫描目录: data/workshop_content/2791656602/mods/fhqwhgads' Motorious Zone/42/media/lua/shared/Translate/EN
     -> 在 'IG_UI_EN.txt' 中找到 223 个键。
预加载完成: 找到 223 个本地 EN 键。

--- 阶段 1: 扫描 Scripts (L0) ---
  -> 处理: fhqMZTemplates.txt
  -> 处理: vehicles/fhq240SXCabrio.txt
  -> 处理: vehicles/fhq250GTO.txt
  -> 处理: vehicles/fhq250GTO3387GT.txt
  -> 处理: vehicles/fhq250GTO3451GT.txt
  -> 处理: vehicles/fhq250GTO3505GT.txt
  -> 处理: vehicles/fhq250GTO3705GT.txt
  -> 处理: vehicles/fhq250GTO4153GT.txt
  -> 处理: vehicles/fhq250GTORed.txt
  -> 处理: vehicles/fhq300ZXZ32.txt
  -> 处理: vehicles/fhq300ZXZ32MC2Police.txt
  -> 处理: vehicles/fhq300ZXZ32Plus2.txt
  -> 处理: vehicles/fhq300ZXZ32Slicktop.txt
  -> 处理: vehicles/fhq300ZXZ32_Forza.txt
  -> 处理: vehicles/fhq57BelAir.txt
  -> 处理: vehicles/fhq57BelAirKSP.txt
  -> 处理: vehicles/fhq57BelAirPolice.txt
  -> 处理: vehicles/fhq57Chev150.txt
  -> 处理: vehicles/fhq57Chev1502Dr.txt
  -> 处理: vehicles/fhq57Chev210.txt
  -> 处理: vehicles/fhq57Chev2102Dr.txt
  -> 处理: vehicles/fhq58356.txt
  -> 处理: vehicles/fhq58Belvedere.txt
  -> 处理: vehicles/fhq58Fury.txt
  -> 处理: vehicles/fhq58Savoy.txt
  -> 处理: vehicles/fhq58Sub360.txt
  -> 处理: vehicles/fhq61KarmannGhia.txt
  -> 处理: vehicles/fhq67911.txt
  -> 处理: vehicles/fhq67912.txt
  -> 处理: vehicles/fhq69GTO.txt
  -> 处理: vehicles/fhq69OvalChamp.txt
  -> 处理: vehicles/fhq70914.txt
  -> 处理: vehicles/fhq70Challenger.txt
  -> 处理: vehicles/fhq70ChallengerRT.txt
  -> 处理: vehicles/fhq70ChallengerSF.txt
  -> 处理: vehicles/fhq70ChallengerShaker.txt
  -> 处理: vehicles/fhq70ChallengerTA.txt
  -> 处理: vehicles/fhq70ChallengerTARace.txt
  -> 处理: vehicles/fhq71Cuda.txt
  -> 处理: vehicles/fhq78Scirocco.txt
  -> 处理: vehicles/fhq78SciroccoS.txt
  -> 处理: vehicles/fhq83PulsarNX.txt
  -> 处理: vehicles/fhq85SubXT.txt
  -> 处理: vehicles/fhq85SubXT4WDT.txt
  -> 处理: vehicles/fhq85SubXTRally.txt
  -> 处理: vehicles/fhq86Accord.txt
  -> 处理: vehicles/fhq86AccordAeroDeck.txt
  -> 处理: vehicles/fhq88Mazda626.txt
  -> 处理: vehicles/fhq92Econoline.txt
  -> 处理: vehicles/fhq92Econoline4Door.txt
  -> 处理: vehicles/fhq92EconolineAmbulance.txt
  -> 处理: vehicles/fhq92EconolineAmbulanceLightbar.txt
  -> 处理: vehicles/fhq92EconolinePanel.txt
  -> 处理: vehicles/fhq92EconolinePayday.txt
  -> 处理: vehicles/fhq92EconolineT3Ambulance.txt
  -> 处理: vehicles/fhq92EconolineValkyrie.txt
  -> 处理: vehicles/fhq92EconolineXL.txt
  -> 处理: vehicles/fhq92EconolineXLPanel.txt
  -> 处理: vehicles/fhq93Ranger.txt
  -> 处理: vehicles/fhq93RangerLBed.txt
  -> 处理: vehicles/fhq93RangerSCab.txt
  -> 处理: vehicles/fhqAZ1.txt
  -> 处理: vehicles/fhqB10M.txt
  -> 处理: vehicles/fhqB10M_Riv.txt
  -> 处理: vehicles/fhqBeat.txt
  -> 处理: vehicles/fhqBeatMugen.txt
  -> 处理: vehicles/fhqBeatRace.txt
  -> 处理: vehicles/fhqBomberBFS.txt
  -> 处理: vehicles/fhqBronco.txt
  -> 处理: vehicles/fhqBroncoHalfCab.txt
  -> 处理: vehicles/fhqBroncoHalfCabOffroad.txt
  -> 处理: vehicles/fhqBroncoOffroad.txt
  -> 处理: vehicles/fhqCara.txt
  -> 处理: vehicles/fhqCelicaGT4RC.txt
  -> 处理: vehicles/fhqCelicaST185.txt
  -> 处理: vehicles/fhqCelicaST185Rally.txt
  -> 处理: vehicles/fhqCelicaT180.txt
  -> 处理: vehicles/fhqCelicaT180Cabrio.txt
  -> 处理: vehicles/fhqCelicaT180Coupe.txt
  -> 处理: vehicles/fhqCelicaT180CoupeGT.txt
  -> 处理: vehicles/fhqChaserJZX90.txt
  -> 处理: vehicles/fhqChili.txt
  -> 处理: vehicles/fhqChristine.txt
  -> 处理: vehicles/fhqCountach.txt
  -> 处理: vehicles/fhqCrestaJZX90.txt
  -> 处理: vehicles/fhqDeltaEvo.txt
  -> 处理: vehicles/fhqDeltaEvoRally.txt
  -> 处理: vehicles/fhqDiablo.txt
  -> 处理: vehicles/fhqDiabloInterceptor.txt
  -> 处理: vehicles/fhqDiabloPolice.txt
  -> 处理: vehicles/fhqDiabloSE30.txt
  -> 处理: vehicles/fhqDiabloStrosek.txt
  -> 处理: vehicles/fhqE36Coupe.txt
  -> 处理: vehicles/fhqE36Lime.txt
  -> 处理: vehicles/fhqE36M3Coupe.txt
  -> 处理: vehicles/fhqE36M3GTR.txt
  -> 处理: vehicles/fhqE36M3GTRMW.txt
  -> 处理: vehicles/fhqE36M3Sed.txt
  -> 处理: vehicles/fhqE36Sed.txt
  -> 处理: vehicles/fhqFBMustangGT.txt
  -> 处理: vehicles/fhqFBMustangGTCabrio.txt
  -> 处理: vehicles/fhqFBMustangHatchSSP.txt
  -> 处理: vehicles/fhqFBMustangHatchSSPLightbar.txt
  -> 处理: vehicles/fhqFBMustangLX.txt
  -> 处理: vehicles/fhqFBMustangLX50.txt
  -> 处理: vehicles/fhqFBMustangLX50Custom.txt
  -> 处理: vehicles/fhqFBMustangLXCabrio.txt
  -> 处理: vehicles/fhqFBMustangLXCabrio50.txt
  -> 处理: vehicles/fhqFBMustangLXCoupe.txt
  -> 处理: vehicles/fhqFBMustangLXCoupe50.txt
  -> 处理: vehicles/fhqFBMustangPanda.txt
  -> 处理: vehicles/fhqFBMustangSAACMkII.txt
  -> 处理: vehicles/fhqFBMustangSSP.txt
  -> 处理: vehicles/fhqFBMustangSSPLightbar.txt
  -> 处理: vehicles/fhqFBMustangSVO.txt
  -> 处理: vehicles/fhqFBMustangSVT.txt
  -> 处理: vehicles/fhqFBMustangSVTR.txt
  -> 处理: vehicles/fhqFBMustangU2.txt
  -> 处理: vehicles/fhqFiero.txt
  -> 处理: vehicles/fhqFieroGLee.txt
  -> 处理: vehicles/fhqFieroGT.txt
  -> 处理: vehicles/fhqFieroGTFB.txt
  -> 处理: vehicles/fhqFieroIndy.txt
  -> 处理: vehicles/fhqFieroJalapeno.txt
  -> 处理: vehicles/fhqFieroPace.txt
  -> 处理: vehicles/fhqG4Coupe.txt
  -> 处理: vehicles/fhqGT40.txt
  -> 处理: vehicles/fhqGT40Gulf.txt
  -> 处理: vehicles/fhqGT40LM.txt
  -> 处理: vehicles/fhqGT40MkII.txt
  -> 处理: vehicles/fhqGT40MkIIRace.txt
  -> 处理: vehicles/fhqHQPanelVan.txt
  -> 处理: vehicles/fhqHQSandman.txt
  -> 处理: vehicles/fhqHQSandmanUte.txt
  -> 处理: vehicles/fhqHQUte.txt
  -> 处理: vehicles/fhqImpreza.txt
  -> 处理: vehicles/fhqImprezaCoupe.txt
  -> 处理: vehicles/fhqImprezaOBS.txt
  -> 处理: vehicles/fhqImprezaRally.txt
  -> 处理: vehicles/fhqImprezaWRX.txt
  -> 处理: vehicles/fhqImprezaWRXWag.txt
  -> 处理: vehicles/fhqImprezaWRXWagOR.txt
  -> 处理: vehicles/fhqImprezaWag.txt
  -> 处理: vehicles/fhqInfJ30.txt
  -> 处理: vehicles/fhqInfJ30t.txt
  -> 处理: vehicles/fhqLM002.txt
  -> 处理: vehicles/fhqLM002Estate.txt
  -> 处理: vehicles/fhqLeCar.txt
  -> 处理: vehicles/fhqLeCarPolice.txt
  -> 处理: vehicles/fhqLexusLS400.txt
  -> 处理: vehicles/fhqLexusSC300.txt
  -> 处理: vehicles/fhqLexusSC400.txt
  -> 处理: vehicles/fhqLoyale.txt
  -> 处理: vehicles/fhqLoyale4WD.txt
  -> 处理: vehicles/fhqLoyaleRally.txt
  -> 处理: vehicles/fhqLoyaleWag.txt
  -> 处理: vehicles/fhqLoyaleWag4WD.txt
  -> 处理: vehicles/fhqLoyaleWagPickup.txt
  -> 处理: vehicles/fhqM20b.txt
  -> 处理: vehicles/fhqM715CivMZ.txt
  -> 处理: vehicles/fhqM715HardtopCivMZ.txt
  -> 处理: vehicles/fhqM715HardtopMZ.txt
  -> 处理: vehicles/fhqM715MZ.txt
  -> 处理: vehicles/fhqMX5NA.txt
  -> 处理: vehicles/fhqMX5NAHardtop.txt
  -> 处理: vehicles/fhqMX5NAOffroad.txt
  -> 处理: vehicles/fhqMX5NARally.txt
  -> 处理: vehicles/fhqMX5NAWink.txt
  -> 处理: vehicles/fhqMarkIIJZX90.txt
  -> 处理: vehicles/fhqMcLarenF1.txt
  -> 处理: vehicles/fhqNSX.txt
  -> 处理: vehicles/fhqNX2000.txt
  -> 处理: vehicles/fhqPrevia.txt
  -> 处理: vehicles/fhqPreviaAllTrac.txt
  -> 处理: vehicles/fhqPreviaLivery.txt
  -> 处理: vehicles/fhqPreviaM3.txt
  -> 处理: vehicles/fhqPreviaOR.txt
  -> 处理: vehicles/fhqR32GTR.txt
  -> 处理: vehicles/fhqR32GTRN1.txt
  -> 处理: vehicles/fhqR32GTRPace.txt
  -> 处理: vehicles/fhqR32GTRTC.txt
  -> 处理: vehicles/fhqR32GTRTommy.txt
  -> 处理: vehicles/fhqR32GTS.txt
  -> 处理: vehicles/fhqR32Sedan.txt
  -> 处理: vehicles/fhqRX7FB.txt
  -> 处理: vehicles/fhqRX7FB_C.txt
  -> 处理: vehicles/fhqRX7FB_GSL.txt
  -> 处理: vehicles/fhqRX7FB_Rally.txt
  -> 处理: vehicles/fhqRX7SA.txt
  -> 处理: vehicles/fhqRobinMk2.txt
  -> 处理: vehicles/fhqRobinMk2Stabilisers.txt
  -> 处理: vehicles/fhqRollbinMk2.txt
  -> 处理: vehicles/fhqRollbinMk2Stabilisers.txt
  -> 处理: vehicles/fhqSidekick.txt
  -> 处理: vehicles/fhqSidekickHardtop.txt
  -> 处理: vehicles/fhqSidekickLWB.txt
  -> 处理: vehicles/fhqSidekickLWBRanger.txt
  -> 处理: vehicles/fhqStratos.txt
  -> 处理: vehicles/fhqStratosRally.txt
  -> 处理: vehicles/fhqSupraMkIV.txt
  -> 处理: vehicles/fhqSupraMkIVOWR.txt
  -> 处理: vehicles/fhqSupraMkIVOWROOTHST.txt
  -> 处理: vehicles/fhqSupraMkIVSmooth.txt
  -> 处理: vehicles/fhqSuzCap.txt
  -> 处理: vehicles/fhqV140_400SEL.txt
  -> 处理: vehicles/fhqV140_500SEL.txt
  -> 处理: vehicles/fhqV140_600SEL.txt
  -> 处理: vehicles/fhqV140_600SEL_AMG.txt
  -> 处理: vehicles/fhqV140_800SEL.txt
  -> 处理: vehicles/fhqVWT2T1.txt
  -> 处理: vehicles/fhqVWT2T1CrewCab.txt
  -> 处理: vehicles/fhqVWT2T1Livery.txt
  -> 处理: vehicles/fhqVWT2T1Truck.txt
  -> 处理: vehicles/fhqVWT2T1Van.txt
  -> 处理: vehicles/fhqW140_300SD.txt
  -> 处理: vehicles/fhqW140_400SE.txt
  -> 处理: vehicles/fhqW140_500SE.txt
  -> 处理: vehicles/fhqW140_600SE.txt
  -> 处理: vehicles/fhqZeroR.txt
  -> 处理: vehicles/fhq_R32Sounds.txt
  -> 处理: vehicles/fhq_models_MZShared.txt
  -> 处理: vehicles/fhqonevia.txt
  -> 处理: vehicles/fhqoneviaPreFL.txt
  -> 处理: vehicles/fhqoneviaS.txt
  -> 处理: vehicles/fhqoneviadrifty.txt
阶段 1 完成: 从 scripts 新生成了 0 条数据。

--- 阶段 2: 合并 L0 与 L1 后，纯净英文基准总计: 223 条数据。---

--- 阶段 3: 从 CN 目录加载了 0 条数据。---

--- 已为 Mod ID 2791656602 更新 223 条键来源映射 ---

-------------------- 处理子模组: fhqwhgads' Motorious Zone - Imports --------------------

--- 正在为 'fhqwhgads' Motorious Zone - Imports' 动态查找 'media' 文件夹 ---
  -> 发现版本目录: 42
  --> 未能在任何优先路径中找到 'media' 文件夹。

--- 已为 Mod ID 2791656602 更新 223 条键来源映射 ---

-------------------- 处理子模组: fhqwhgads' Motorious Zone - Rares and Exotics --------------------

--- 正在为 'fhqwhgads' Motorious Zone - Rares and Exotics' 动态查找 'media' 文件夹 ---
  -> 发现版本目录: 42
  --> 未能在任何优先路径中找到 'media' 文件夹。

--- 已为 Mod ID 2791656602 更新 223 条键来源映射 ---

-------------------- 处理子模组: fhqwhgads' Motorious Zone - Real Names Adddon --------------------

--- 正在为 'fhqwhgads' Motorious Zone - Real Names Adddon' 动态查找 'media' 文件夹 ---
  -> 发现版本目录: 42
  -> 正在检查路径的有效性: data/workshop_content/2791656602/mods/fhqwhgads' Motorious Zone - Real Names Adddon/42/media
  --> 路径有效！将使用此路径进行处理: data/workshop_content/2791656602/mods/fhqwhgads' Motorious Zone - Real Names Adddon/42/media

--- 预加载 EN (L1) 数据 ---
  -> 扫描目录: data/workshop_content/2791656602/mods/fhqwhgads' Motorious Zone - Real Names Adddon/42/media/lua/shared/Translate/EN
     -> 在 'IG_UI_EN.txt' 中找到 223 个键。
预加载完成: 找到 223 个本地 EN 键。

--- 阶段 1: 扫描 Scripts (L0) ---
  -> 警告：未找到 Scripts 目录，跳过。
阶段 1 完成: 从 scripts 新生成了 0 条数据。

--- 阶段 2: 合并 L0 与 L1 后，纯净英文基准总计: 223 条数据。---

--- 阶段 3: 从 CN 目录加载了 0 条数据。---

--- 已为 Mod ID 2791656602 更新 223 条键来源映射 ---

-------------------- 处理子模组: fhqwhgads' Motorious Zone - US Motors --------------------

--- 正在为 'fhqwhgads' Motorious Zone - US Motors' 动态查找 'media' 文件夹 ---
  -> 发现版本目录: 42
  --> 未能在任何优先路径中找到 'media' 文件夹。

--- 已为 Mod ID 2791656602 更新 223 条键来源映射 ---

--- 正在为 Mod 'fhqwhgads'_Motorious_Zone' 生成输出文件 ---
    - 最终合并 (output.txt): 223 条
    - 纯净英文 (EN_output.txt): 223 条
    - 纯净中文 (CN_output.txt): 0 条
    - 英文待办 (en_todo.txt): 3 条 (增量)
    - 中文独有 (cn_only.txt): 0 条 (增量)
    - 冲突键 (conflict_keys.txt): 0 条
    -> 正在尝试从 Git 历史记录中获取旧版本: data/output_files/fhqwhgads'_Motorious_Zone_2791656602/EN_todo.txt
      --> 成功找到旧版本。
     -> 在 'EN_todo.txt (旧版本)' 中找到 3 个键。

处理成功！所有输出文件已保存在 'fhqwhgads'_Motorious_Zone_2791656602' 文件夹中。
    -> [内存] 已为 Mod 2791656602 记录 Commit SHA: 6301ee2
