

========================= 开始处理 Workshop ID: 3554570236 (FRAcceptableGunsDemo) =========================

--- 正在检查已完成的翻译于: data\completed_files\3554570236\en_completed.txt ---
     -> 在 'en_completed.txt' 中找到 0 个键。

--- 正在检查待排除的键于: data\completed_files\3554570236\exclusion_list.txt ---
  -> 排除列表文件 'exclusion_list.txt' 不存在，跳过。

-------------------- 处理子模组: FRAcceptableGunsDemo --------------------

--- 正在为 'FRAcceptableGunsDemo' 动态查找 'media' 文件夹 ---
  -> 发现版本目录: 42
  -> 正在检查路径的有效性: data\workshop_content\3554570236\mods\FRAcceptableGunsDemo\42\media
  --> 路径有效！将使用此路径进行处理: data\workshop_content\3554570236\mods\FRAcceptableGunsDemo\42\media

--- 预加载 EN (L1) 数据 ---
  -> 扫描目录: data\workshop_content\3554570236\mods\FRAcceptableGunsDemo\42\media\lua\shared\Translate\EN
     -> 在 'ContextMenu_EN.txt' 中找到 1 个键。
     -> 在 'IG_UI_EN.txt' 中找到 81 个键。
     -> 在 'ItemName_EN.txt' 中找到 348 个键。
     -> 在 'Recipes_EN.txt' 中找到 6 个键。
     -> 在 'Tooltip_EN.txt' 中找到 82 个键。
预加载完成: 找到 518 个本地 EN 键。

--- 阶段 1: 扫描 Scripts (L0) ---
  -> 处理: FR_GunSounds.txt
  -> 处理: items\ammo\items_weapons_fr_ammunition.txt
  -> 处理: items\attachments\items_weapons_fr_attachments_common_flashlights.txt
  -> 处理: items\attachments\items_weapons_fr_attachments_common_lasers.txt
  -> 处理: items\attachments\items_weapons_fr_attachments_common_muzzle.txt
  -> 处理: items\attachments\items_weapons_fr_attachments_common_scopes.txt
  -> 处理: items\attachments\items_weapons_fr_attachments_shotgun.txt
  -> 处理: items\attachments\items_weapons_fr_stocks_pistols.txt
  -> 处理: items\attachments\models_fr_shared_items.txt
  -> 处理: items\melee\items_weapons_fr_melee.txt
  -> 处理: items\melee\models_fr_melee.txt
  -> 处理: items\pistols\items_weapons_fr_deagle.txt
  -> 处理: items\pistols\items_weapons_fr_m1911.txt
  -> 处理: items\pistols\items_weapons_fr_m9.txt
  -> 处理: items\pistols\models_fr_deagle.txt
  -> 处理: items\pistols\models_fr_m1911.txt
  -> 处理: items\pistols\models_fr_m9.txt
  -> 处理: items\revolvers\items_weapons_fr_swm10.txt
  -> 处理: items\revolvers\items_weapons_fr_swm29.txt
  -> 处理: items\revolvers\items_weapons_fr_swm36.txt
  -> 处理: items\revolvers\models_fr_revolver_m10.txt
  -> 处理: items\revolvers\models_fr_revolver_m29.txt
  -> 处理: items\rifles_assault\items_weapons_fr_ar15.txt
  -> 处理: items\rifles_assault\models_fr_ar15.txt
  -> 处理: items\rifles_battle\items_weapons_fr_m14.txt
  -> 处理: items\rifles_battle\items_weapons_fr_mini14.txt
  -> 处理: items\rifles_battle\models_fr_m14.txt
  -> 处理: items\rifles_battle\models_fr_mini14.txt
  -> 处理: items\rifles_boltaction\items_weapons_fr_boltaction_rem700.txt
  -> 处理: items\rifles_boltaction\items_weapons_fr_boltaction_winm70.txt
  -> 处理: items\rifles_boltaction\models_fr_boltaction_rem700.txt
  -> 处理: items\rifles_boltaction\models_fr_boltaction_winm70.txt
  -> 处理: items\shotguns_breakaction\items_weapons_fr_breakaction_shotguns.txt
  -> 处理: items\shotguns_breakaction\models_fr_breakaction_shotguns.txt
  -> 处理: items\shotguns_pump\items_weapons_fr_pump_shotguns.txt
  -> 处理: items\shotguns_pump\models_fr_pump_shotguns.txt
  -> 处理: items\tools\items_weapons_fr_tools.txt
     -> 新增: 2 个 Item
  -> 处理: items\tools\models_fr_tools.txt
  -> 处理: items\utility\items_weapon_spawners.txt
     -> 新增: 46 个 Item
  -> 处理: items\utility\items_weapons_fake_parts.txt
     -> 新增: 40 个 Item
  -> 处理: recipes\recipesmisc.txt
     -> 新增: 1 个 Recipe
  -> 处理: recipes\recipessawedoff.txt
     -> 新增: 2 个 Recipe
阶段 1 完成: 从 scripts 新生成了 91 条数据。

--- 阶段 2: 合并 L0 与 L1 后，纯净英文基准总计: 609 条数据。---

--- 阶段 3: 从 CN 目录加载了 0 条数据。---

--- 阶段 4: 检测到 3 个与官方重复的键。---

--- 已为 Mod ID 3554570236 更新 609 条键来源映射 ---

--- 正在为 Mod 'FRAcceptableGunsDemo' 生成输出文件 ---
    - 最终合并 (output.txt): 609 条
    - 纯净英文 (EN_output.txt): 609 条
    - 纯净中文 (CN_output.txt): 0 条
    - 英文待办 (en_todo.txt): 609 条 (增量)
    - 中文独有 (cn_only.txt): 0 条 (增量)
    - 冲突键 (conflict_keys.txt): 3 条
    -> 正在尝试从 Git 历史记录中获取旧版本: data/output_files/FRAcceptableGunsDemo_3554570236/EN_todo.txt
      --> 成功找到旧版本。
     -> 在 'EN_todo.txt (旧版本)' 中找到 609 个键。

处理成功！所有输出文件已保存在 'FRAcceptableGunsDemo_3554570236' 文件夹中。
    -> [内存] 已为 Mod 3554570236 记录 Commit SHA: e732630
