

========================= 开始处理 Workshop ID: 2959472220 (FRUsedCarsAnimAlpha) =========================

--- 正在检查已完成的翻译于: data\completed_files\2959472220\en_completed.txt ---
     -> 在 'en_completed.txt' 中找到 407 个键。

--- 正在检查待排除的键于: data\completed_files\2959472220\exclusion_list.txt ---
  -> 排除列表文件 'exclusion_list.txt' 不存在，跳过。

-------------------- 处理子模组: FRUsedCarsAnimAlpha --------------------

--- 正在为 'FRUsedCarsAnimAlpha' 动态查找 'media' 文件夹 ---
  -> 发现版本目录: 42
  -> 正在检查路径的有效性: data\workshop_content\2959472220\mods\FRUsedCarsAnimAlpha\42\media
  --> 路径有效！已将其加入待处理列表。

--- 阶段 1: 扫描所有 media 路径下的翻译文件 (L1) ---
  -> 正在处理 media 路径: data\workshop_content\2959472220\mods\FRUsedCarsAnimAlpha\42\media
  -> 扫描目录: data\workshop_content\2959472220\mods\FRUsedCarsAnimAlpha\42\media\lua\shared\Translate\EN
     -> 在 'CarNames_EN.txt' 中找到 0 个键。
     -> 在 'ContextMenu_EN.txt' 中找到 32 个键。
     -> 在 'IG_UI_EN.txt' 中找到 193 个键。
     -> 在 'IG_UI_EN_RealNames.txt' 中找到 148 个键。
     -> 在 'ItemName_EN.txt' 中找到 148 个键。
     -> 在 'Recipes_EN.txt' 中找到 4 个键。
     -> 在 'Sandbox_EN.txt' 中找到 3 个键。
     -> 在 'UI_EN.txt' 中找到 3 个键。
阶段 1 完成: 从 EN 加载了 387 条数据, 从 CN 加载了 0 条数据。

--- 阶段 2: 扫描所有 Media 路径下的 Scripts (L0) ---
  -> 正在处理 Scripts 路径: data\workshop_content\2959472220\mods\FRUsedCarsAnimAlpha\42\media\scripts
    -> 处理: vehicles\a_parts_folder\fr_models_parts.txt
    -> 处理: vehicles\a_parts_folder\fr_models_parts_trailer_animed.txt
    -> 处理: vehicles\a_parts_folder\fr_models_tires.txt
    -> 处理: vehicles\a_parts_folder\fr_models_world.txt
    -> 处理: vehicles\a_parts_folder\fr_vehicleitems_addedvanillatypes.txt
     -> 新增: 3 个 Item
    -> 处理: vehicles\a_parts_folder\fr_vehicleitems_attachments.txt
     -> 新增: 7 个 Item
    -> 处理: vehicles\a_parts_folder\fr_vehicleitems_bumpers.txt
    -> 处理: vehicles\a_parts_folder\fr_vehicleitems_engineparts.txt
    -> 处理: vehicles\a_parts_folder\fr_vehicleitems_hubcaps.txt
    -> 处理: vehicles\a_parts_folder\fr_vehicleitems_interiorparts.txt
    -> 处理: vehicles\a_parts_folder\fr_vehicleitems_roofs.txt
    -> 处理: vehicles\a_parts_folder\fr_vehicleitems_storagetanks.txt
    -> 处理: vehicles\a_parts_folder\fr_vehicleitems_tires.txt
     -> 新增: 9 个 Item
    -> 处理: vehicles\a_parts_folder\fr_vehicleitems_trunks.txt
    -> 处理: vehicles\a_parts_folder\fr_vehicleitems_utility.txt
     -> 新增: 1 个 Item
    -> 处理: vehicles\a_template_folder\fr_template_attachments.txt
    -> 处理: vehicles\a_template_folder\fr_template_bumper.txt
    -> 处理: vehicles\a_template_folder\fr_template_categories.txt
    -> 处理: vehicles\a_template_folder\fr_template_door.txt
    -> 处理: vehicles\a_template_folder\fr_template_enginedoor.txt
    -> 处理: vehicles\a_template_folder\fr_template_engineparts.txt
    -> 处理: vehicles\a_template_folder\fr_template_fenderskirt.txt
    -> 处理: vehicles\a_template_folder\fr_template_fueltank.txt
    -> 处理: vehicles\a_template_folder\fr_template_gastank.txt
    -> 处理: vehicles\a_template_folder\fr_template_greebles.txt
    -> 处理: vehicles\a_template_folder\fr_template_hubcap.txt
    -> 处理: vehicles\a_template_folder\fr_template_InteriorParts.txt
    -> 处理: vehicles\a_template_folder\fr_template_itemmounts.txt
    -> 处理: vehicles\a_template_folder\fr_template_muffler.txt
    -> 处理: vehicles\a_template_folder\fr_template_passenger_compartment.txt
    -> 处理: vehicles\a_template_folder\fr_template_passengers.txt
    -> 处理: vehicles\a_template_folder\fr_template_popuplights.txt
    -> 处理: vehicles\a_template_folder\fr_template_PropaneTank.txt
    -> 处理: vehicles\a_template_folder\fr_template_radio.txt
    -> 处理: vehicles\a_template_folder\fr_template_radio_HAM.txt
    -> 处理: vehicles\a_template_folder\fr_template_roof.txt
    -> 处理: vehicles\a_template_folder\fr_template_seat.txt
    -> 处理: vehicles\a_template_folder\fr_template_sidesteps.txt
    -> 处理: vehicles\a_template_folder\fr_template_tire.txt
    -> 处理: vehicles\a_template_folder\fr_template_trunk.txt
    -> 处理: vehicles\a_template_folder\fr_template_trunk_door.txt
    -> 处理: vehicles\a_template_folder\fr_template_utilityitems.txt
    -> 处理: vehicles\a_template_folder\fr_template_window.txt
    -> 处理: vehicles\a_template_folder\fr_template_windshield.txt
    -> 处理: vehicles\a_template_folder\fr_vehiclefixings.txt
    -> 处理: vehicles\ag_hmmwv_92\ag_hmmwv_92_2d_mil.txt
    -> 处理: vehicles\ag_hmmwv_92\ag_hmmwv_92_4d_mil.txt
    -> 处理: vehicles\ag_hmmwv_92\models_ag_hmmwv_92.txt
    -> 处理: vehicles\ag_m151_85\ag_m151_85_mil.txt
    -> 处理: vehicles\ag_m151_85\models_ag_m151_85.txt
    -> 处理: vehicles\ag_m35_88\ag_m35_88_mil.txt
    -> 处理: vehicles\ag_m35_88\ag_m49_88_mil.txt
    -> 处理: vehicles\ag_m35_88\models_ag_m35_88.txt
    -> 处理: vehicles\am_gremlin_73\am_gremlin_73.txt
    -> 处理: vehicles\am_gremlin_73\models_am_gremlin_73.txt
    -> 处理: vehicles\bu_wildcat_68\bu_wildcat_68.txt
    -> 处理: vehicles\bu_wildcat_68\bu_wildcat_68_convert.txt
    -> 处理: vehicles\bu_wildcat_68\models_bu_wildcat_68.txt
    -> 处理: vehicles\ca_deville_79\ca_deville_79.txt
    -> 处理: vehicles\ca_deville_79\ca_deville_79_coupe.txt
    -> 处理: vehicles\ca_deville_79\models_ca_deville_79.txt
    -> 处理: vehicles\ch_3100_51\ch_3100_51.txt
    -> 处理: vehicles\ch_3100_51\ch_3100_51_offroad.txt
    -> 处理: vehicles\ch_3100_51\ch_3100_51_old.txt
    -> 处理: vehicles\ch_3100_51\models_51chevy3100.txt
    -> 处理: vehicles\ch_astro_92\ch_astro_92.txt
    -> 处理: vehicles\ch_astro_92\models_ch_astro_92.txt
    -> 处理: vehicles\ch_belair_55\ch_belair_55.txt
    -> 处理: vehicles\ch_belair_55\ch_belair_55_taxi.txt
    -> 处理: vehicles\ch_belair_55\models_ch_belair_55.txt
    -> 处理: vehicles\ch_c10_71\ch_c10_71_lb.txt
    -> 处理: vehicles\ch_c10_71\ch_c10_71_lb_ranger.txt
    -> 处理: vehicles\ch_c10_71\ch_c10_71_offroadlb.txt
    -> 处理: vehicles\ch_c10_71\ch_c10_71_offroadsb.txt
    -> 处理: vehicles\ch_c10_71\ch_c10_71_sb.txt
    -> 处理: vehicles\ch_c10_71\models71chevyc10.txt
    -> 处理: vehicles\ch_caprice_87\ch_caprice_87.txt
    -> 处理: vehicles\ch_caprice_87\ch_caprice_87_police.txt
    -> 处理: vehicles\ch_caprice_87\ch_caprice_87_taxi.txt
    -> 处理: vehicles\ch_caprice_87\ch_caprice_87_wag.txt
    -> 处理: vehicles\ch_caprice_87\models_ch_caprice_87.txt
    -> 处理: vehicles\ch_chevelle_70\ch_chevelle_70.txt
    -> 处理: vehicles\ch_chevelle_70\ch_chevelle_70_convert.txt
    -> 处理: vehicles\ch_chevelle_70\ch_elcamino_70.txt
    -> 处理: vehicles\ch_chevelle_70\models_ch_chevelle_70.txt
    -> 处理: vehicles\ch_corvette_79\ch_corvette_79.txt
    -> 处理: vehicles\ch_corvette_79\models_ch_corvette_79.txt
    -> 处理: vehicles\ch_impala_71\ch_impala_71.txt
    -> 处理: vehicles\ch_impala_71\models_ch_impala_71.txt
    -> 处理: vehicles\ch_montecarlo_83\ch_montecarlo_83.txt
    -> 处理: vehicles\ch_montecarlo_83\ch_montecarlo_83_ttop.txt
    -> 处理: vehicles\ch_montecarlo_83\models_ch_montecarlo_83.txt
    -> 处理: vehicles\ch_s10_91\ch_s10_91_ext_lb.txt
    -> 处理: vehicles\ch_s10_91\ch_s10_91_ext_lb_ranger.txt
    -> 处理: vehicles\ch_s10_91\ch_s10_91_ext_offroadlb.txt
    -> 处理: vehicles\ch_s10_91\ch_s10_91_ext_offroadsb.txt
    -> 处理: vehicles\ch_s10_91\ch_s10_91_ext_sb.txt
    -> 处理: vehicles\ch_s10_91\ch_s10_91_lb.txt
    -> 处理: vehicles\ch_s10_91\ch_s10_91_lb_ranger.txt
    -> 处理: vehicles\ch_s10_91\ch_s10_91_offroadlb.txt
    -> 处理: vehicles\ch_s10_91\ch_s10_91_offroadsb.txt
    -> 处理: vehicles\ch_s10_91\ch_s10_91_sb.txt
    -> 处理: vehicles\ch_s10_91\models_ch_s10_91.txt
    -> 处理: vehicles\ch_stepvan_80\ch_stepvan_80.txt
    -> 处理: vehicles\ch_stepvan_80\ch_stepvan_80_police.txt
    -> 处理: vehicles\ch_stepvan_80\models_ch_stepvan_80.txt
    -> 处理: vehicles\ch_trucks_80\ch_blazer_87.txt
    -> 处理: vehicles\ch_trucks_80\ch_blazer_87_mil.txt
    -> 处理: vehicles\ch_trucks_80\ch_blazer_87_offroad.txt
    -> 处理: vehicles\ch_trucks_80\ch_blazer_87_police.txt
    -> 处理: vehicles\ch_trucks_80\ch_c10_87_lb.txt
    -> 处理: vehicles\ch_trucks_80\ch_c10_87_lb_mil.txt
    -> 处理: vehicles\ch_trucks_80\ch_c10_87_offroadlb.txt
    -> 处理: vehicles\ch_trucks_80\ch_c10_87_offroadsb.txt
    -> 处理: vehicles\ch_trucks_80\ch_c10_87_sb.txt
    -> 处理: vehicles\ch_trucks_80\ch_c10_87_utility.txt
    -> 处理: vehicles\ch_trucks_80\ch_c10_87_utility_fire.txt
    -> 处理: vehicles\ch_trucks_80\ch_c10_87_utility_mccoy.txt
    -> 处理: vehicles\ch_trucks_80\ch_suburban_87.txt
    -> 处理: vehicles\ch_trucks_80\ch_suburban_87_offroad.txt
    -> 处理: vehicles\ch_trucks_80\models_ch_trucks_80.txt
    -> 处理: vehicles\da_240z_73\da_240z_73.txt
    -> 处理: vehicles\da_240z_73\models_da_240z_73.txt
    -> 处理: vehicles\do_charger_69\do_charger_69.txt
    -> 处理: vehicles\do_charger_69\do_charger_69_daytona.txt
    -> 处理: vehicles\do_charger_69\do_charger_69_general.txt
    -> 处理: vehicles\do_charger_69\models_do_charger_69.txt
    -> 处理: vehicles\do_ram_90\do_ram_90_lb.txt
    -> 处理: vehicles\do_ram_90\do_ram_90_moving.txt
    -> 处理: vehicles\do_ram_90\do_ram_90_offroadlb.txt
    -> 处理: vehicles\do_ram_90\do_ram_90_offroadsb.txt
    -> 处理: vehicles\do_ram_90\do_ram_90_sb.txt
    -> 处理: vehicles\do_ram_90\models_do_ram_90.txt
    -> 处理: vehicles\do_viper_92\do_viper_92.txt
    -> 处理: vehicles\do_viper_92\models_do_viper_92.txt
    -> 处理: vehicles\fl_bounder_86\fl_bounder_86.txt
    -> 处理: vehicles\fl_bounder_86\models_fl_bounder_86_rv.txt
    -> 处理: vehicles\fo_7810_89\fo_7810_89.txt
    -> 处理: vehicles\fo_7810_89\models_fo_7810_89.txt
    -> 处理: vehicles\fo_b700_90\fo_b700_prisonlong.txt
    -> 处理: vehicles\fo_b700_90\fo_b700_schoollong.txt
    -> 处理: vehicles\fo_b700_90\fo_b700_schoolshort.txt
    -> 处理: vehicles\fo_b700_90\models_fo_b700_90.txt
    -> 处理: vehicles\fo_crownvic_85\fo_crownvic_85.txt
    -> 处理: vehicles\fo_crownvic_85\fo_crownvic_85_coupe.txt
    -> 处理: vehicles\fo_crownvic_85\fo_crownvic_85_police.txt
    -> 处理: vehicles\fo_crownvic_85\fo_crownvic_85_taxi.txt
    -> 处理: vehicles\fo_crownvic_85\fo_crownvic_85_wag.txt
    -> 处理: vehicles\fo_crownvic_85\fo_crownvic_85_wagtaxi.txt
    -> 处理: vehicles\fo_crownvic_85\models_fo_crownvic_85.txt
    -> 处理: vehicles\fo_crownvic_92\fo_crownvic_92.txt
    -> 处理: vehicles\fo_crownvic_92\fo_crownvic_92_police.txt
    -> 处理: vehicles\fo_crownvic_92\models_fo_crownvic_92.txt
    -> 处理: vehicles\fo_econoline_86\fo_econoline_86.txt
    -> 处理: vehicles\fo_econoline_86\fo_econoline_86_florist.txt
    -> 处理: vehicles\fo_econoline_86\models_fo_econoline_86.txt
    -> 处理: vehicles\fo_econoline_ambulance_86\fo_econoline_86_ambulance.txt
    -> 处理: vehicles\fo_econoline_ambulance_86\models_fo_econolineambulance_86.txt
    -> 处理: vehicles\fo_econoline_rv_86\fo_econoline_86_rv.txt
    -> 处理: vehicles\fo_econoline_rv_86\models_fo_econoline_86_rv.txt
    -> 处理: vehicles\fo_explorer_93\fr_fo_explorer_93.txt
    -> 处理: vehicles\fo_explorer_93\fr_fo_explorer_93_jurassic.txt
    -> 处理: vehicles\fo_explorer_93\models_fo_explorer_93.txt
    -> 处理: vehicles\fo_f350_ambulance_80\fo_f350_ambulance_80.txt
    -> 处理: vehicles\fo_f350_ambulance_80\models_fo_f350ambulance_80.txt
    -> 处理: vehicles\fo_f700_90\fo_f700_90_boxlarge.txt
    -> 处理: vehicles\fo_f700_90\fo_f700_90_boxmed.txt
    -> 处理: vehicles\fo_f700_90\fo_f700_90_dump.txt
    -> 处理: vehicles\fo_f700_90\fo_f700_90_flatmed.txt
    -> 处理: vehicles\fo_f700_90\fo_f700_90_flatsmall.txt
    -> 处理: vehicles\fo_f700_90\fo_f700_90_fuel.txt
    -> 处理: vehicles\fo_f700_90\fo_f700_90_pickup.txt
    -> 处理: vehicles\fo_f700_90\fo_f700_90_propane.txt
    -> 处理: vehicles\fo_f700_90\models_fo_f700_90.txt
    -> 处理: vehicles\fo_falcon_73\fo_falcon_73.txt
    -> 处理: vehicles\fo_falcon_73\fo_falcon_73_pursuit.txt
    -> 处理: vehicles\fo_falcon_73\models_fo_falcon_73.txt
    -> 处理: vehicles\fo_mustang_64\fo_mustang_64.txt
    -> 处理: vehicles\fo_mustang_64\fo_mustang_64_convert.txt
    -> 处理: vehicles\fo_mustang_64\models_fo_mustang_64.txt
    -> 处理: vehicles\fo_pinto_73\fo_pinto_73.txt
    -> 处理: vehicles\fo_pinto_73\models_fo_pinto_73.txt
    -> 处理: vehicles\fo_trucks_80\fo_bronco_80.txt
    -> 处理: vehicles\fo_trucks_80\fo_bronco_80_offroad.txt
    -> 处理: vehicles\fo_trucks_80\fo_f350_80.txt
    -> 处理: vehicles\fo_trucks_80\fo_f350_80_offroad.txt
    -> 处理: vehicles\fo_trucks_80\fo_f350_80_offroadquad.txt
    -> 处理: vehicles\fo_trucks_80\fo_f350_80_quad.txt
    -> 处理: vehicles\fo_trucks_80\models_fo_trucks_80.txt
    -> 处理: vehicles\fr_engine_rpm.txt
    -> 处理: vehicles\gm_newlook_70\gm_newlook_70.txt
    -> 处理: vehicles\gm_newlook_70\models_gm_newlook_70.txt
    -> 处理: vehicles\gr_llv_89\gr_llv_89.txt
    -> 处理: vehicles\gr_llv_89\models_gr_llv_89.txt
    -> 处理: vehicles\is_nrr_93\is_nrr_93_boxmed.txt
    -> 处理: vehicles\is_nrr_93\is_nrr_93_dump.txt
    -> 处理: vehicles\is_nrr_93\is_nrr_93_flatmed.txt
    -> 处理: vehicles\is_nrr_93\is_nrr_93_flatsmall.txt
    -> 处理: vehicles\is_nrr_93\models_is_nrr_93.txt
    -> 处理: vehicles\je_cherokee_93\je_cherokee_93.txt
    -> 处理: vehicles\je_cherokee_93\je_cherokee_93_offroad.txt
    -> 处理: vehicles\je_cherokee_93\je_cherokee_93_police.txt
    -> 处理: vehicles\je_cherokee_93\models_je_cherokee_93.txt
    -> 处理: vehicles\je_wagoneer_91\je_wagoneer_91.txt
    -> 处理: vehicles\je_wagoneer_91\models_je_wagoneer_91.txt
    -> 处理: vehicles\je_wrangler_92\je_wrangler_92.txt
    -> 处理: vehicles\je_wrangler_92\je_wrangler_92_jurassic.txt
    -> 处理: vehicles\je_wrangler_92\je_wrangler_92_offroad.txt
    -> 处理: vehicles\je_wrangler_92\models_je_wrangler_92.txt
    -> 处理: vehicles\pe_359_82\models_pe_359_82.txt
    -> 处理: vehicles\pe_359_82\pe_359_82_long.txt
    -> 处理: vehicles\pe_359_82\pe_359_82_med.txt
    -> 处理: vehicles\pe_359_82\pe_359_82_short.txt
    -> 处理: vehicles\pi_engine_90\models_pi_engine_90.txt
    -> 处理: vehicles\pi_engine_90\pi_engine_90_fire.txt
    -> 处理: vehicles\po_gto_65\models_po_gto_65.txt
    -> 处理: vehicles\po_gto_65\po_gto_65.txt
    -> 处理: vehicles\po_transam_77\models_77transam.txt
    -> 处理: vehicles\po_transam_77\po_transam_77.txt
    -> 处理: vehicles\po_transam_77\po_transam_77_bandit.txt
    -> 处理: vehicles\po_transam_77\po_transam_77_ttop.txt
    -> 处理: vehicles\to_celica_91\models_to_celica_91.txt
    -> 处理: vehicles\to_celica_91\to_celica_91.txt
    -> 处理: vehicles\to_corolla_90\models_to_corolla_90.txt
    -> 处理: vehicles\to_corolla_90\to_corolla_90.txt
    -> 处理: vehicles\to_corolla_90\to_corolla_90_coupe.txt
    -> 处理: vehicles\to_corolla_90\to_corolla_90_hatch.txt
    -> 处理: vehicles\to_hilux_83\models_to_hilux_83.txt
    -> 处理: vehicles\to_hilux_83\to_hilux_83_lb.txt
    -> 处理: vehicles\to_hilux_83\to_hilux_83_offroadlb.txt
    -> 处理: vehicles\to_hilux_83\to_hilux_83_offroadsb.txt
    -> 处理: vehicles\to_hilux_83\to_hilux_83_sb.txt
    -> 处理: vehicles\tr_camper_scamp\models_tr_camper_scamp.txt
    -> 处理: vehicles\tr_camper_scamp\trailer_tr_camper_scamp.txt
    -> 处理: vehicles\tr_ch_3100_51\models_tr_ch_3100_51.txt
    -> 处理: vehicles\tr_ch_3100_51\tr_ch_3100_51.txt
    -> 处理: vehicles\tr_fuel\models_tr_fuel.txt
    -> 处理: vehicles\tr_fuel\trailer_fuel_medium.txt
    -> 处理: vehicles\tr_fuel\trailer_fuel_small.txt
    -> 处理: vehicles\tr_moving\models_tr_moving.txt
    -> 处理: vehicles\tr_moving\trailer_moving_large.txt
    -> 处理: vehicles\tr_moving\trailer_moving_medium.txt
    -> 处理: vehicles\tr_open_bed\models_tr_open_bed.txt
    -> 处理: vehicles\tr_open_bed\trailer_open_bed_big.txt
    -> 处理: vehicles\tr_open_bed\trailer_open_bed_large.txt
    -> 处理: vehicles\tr_open_bed\trailer_open_bed_medium.txt
    -> 处理: vehicles\tr_open_bed\trailer_open_bed_small.txt
    -> 处理: vehicles\tr_semi\models_tr_semi.txt
    -> 处理: vehicles\tr_semi\trailer_semi_container.txt
    -> 处理: vehicles\tr_semi\trailer_semi_sideboards.txt
    -> 处理: vehicles\tr_semi\trailer_semi_van.txt
    -> 处理: vehicles\vo_240_93\models_vo_240_93.txt
    -> 处理: vehicles\vo_240_93\vo_240_93.txt
    -> 处理: vehicles\vo_240_93\vo_240_93_wagon.txt
    -> 处理: vehicles\vw_beetle_72\models_72beetle.txt
    -> 处理: vehicles\vw_beetle_72\vw_beetle_72.txt
阶段 2 完成: 从 scripts 新生成了 20 条数据。

--- 阶段 3: 合并 L0 与 L1 后，纯净英文基准总计: 407 条数据。---

--- 阶段 4: 检测到 12 个与官方重复的键。---

--- 已为 Mod ID 2959472220 更新 407 条键来源映射 ---

--- 正在为 Mod 'FRUsedCarsAnimAlpha' 生成输出文件 ---
    - 最终合并 (output.txt): 407 条
    - 纯净英文 (EN_output.txt): 407 条
    - 纯净中文 (CN_output.txt): 0 条
    - 英文待办 (en_todo.txt): 0 条 (增量)
    - 中文独有 (cn_only.txt): 0 条 (增量)
    - 冲突键 (conflict_keys.txt): 12 条
    -> 正在尝试从 Git 历史记录中获取旧版本: data/output_files/FRUsedCarsAnimAlpha_2959472220/EN_todo.txt
      --> 成功找到旧版本。
     -> 在 'EN_todo.txt (旧版本)' 中找到 0 个键。

处理成功！所有输出文件已保存在 'FRUsedCarsAnimAlpha_2959472220' 文件夹中。
    -> [内存] 已为 Mod 2959472220 记录 Commit SHA: 4f4040a
