

========================= 开始处理 Workshop ID: 3439305933 (FunctionalGutters) =========================

--- 正在检查已完成的翻译于: data\completed_files\3439305933\en_completed.txt ---
     -> 在 'en_completed.txt' 中找到 46 个键。

--- 正在检查待排除的键于: data\completed_files\3439305933\exclusion_list.txt ---
  -> 排除列表文件 'exclusion_list.txt' 不存在，跳过。

-------------------- 处理子模组: FunctionalGutters --------------------

--- 正在为 'FunctionalGutters' 动态查找 'media' 文件夹 ---
  -> 发现版本目录: 42
  -> 正在检查路径的有效性: data\workshop_content\3439305933\mods\FunctionalGutters\42\media
  --> 路径有效！将使用此路径进行处理: data\workshop_content\3439305933\mods\FunctionalGutters\42\media

--- 预加载 EN (L1) 数据 ---
  -> 扫描目录: data\workshop_content\3439305933\mods\FunctionalGutters\42\media\lua\shared\Translate\EN
     -> 在 'Print_Media_EN.txt' 中找到 2 个键。
     -> 在 'Print_Text_EN.txt' 中找到 2 个键。
     -> 在 'Recipes_EN.txt' 中找到 5 个键。
     -> 在 'UI_EN.txt' 中找到 39 个键。
预加载完成: 找到 48 个本地 EN 键。

--- 阶段 1: 扫描 Scripts (L0) ---
  -> 处理: entities\FG_Metal_GutterPipes.txt
     -> 新增: 6 个 Recipe
阶段 1 完成: 从 scripts 新生成了 6 条数据。

--- 阶段 2: 合并 L0 与 L1 后，纯净英文基准总计: 54 条数据。---

--- 阶段 3: 从 CN 目录加载了 0 条数据。---

--- 阶段 4: 检测到 1 个与官方重复的键。---

--- 已为 Mod ID 3439305933 更新 54 条键来源映射 ---

--- 正在为 Mod 'FunctionalGutters' 生成输出文件 ---
    - 最终合并 (output.txt): 54 条
    - 纯净英文 (EN_output.txt): 54 条
    - 纯净中文 (CN_output.txt): 0 条
    - 英文待办 (en_todo.txt): 8 条 (增量)
    - 中文独有 (cn_only.txt): 0 条 (增量)
    - 冲突键 (conflict_keys.txt): 1 条
    -> 正在尝试从 Git 历史记录中获取旧版本: data/output_files/FunctionalGutters_3439305933/EN_todo.txt
      --> 成功找到旧版本。
    -> 基线日志已存档到: data\logs\archive\FunctionalGutters_3439305933_baseline_run_20251021_145806.json

处理成功！所有输出文件已保存在 'FunctionalGutters_3439305933' 文件夹中。
    -> [内存] 已为 Mod 3439305933 记录 Commit SHA: 2d047aa
