

========================= 开始处理 Workshop ID: 3429953336 (GaussRifle) =========================

--- 正在检查已完成的翻译于: data/completed_files/3429953336/en_completed.txt ---
     -> 在 'en_completed.txt' 中找到 106 个键。

--- 正在检查待排除的键于: data/completed_files/3429953336/exclusion_list.txt ---
  -> 排除列表文件 'exclusion_list.txt' 不存在，跳过。

-------------------- 处理子模组: GaussRifle --------------------

--- 正在为 'GaussRifle' 动态查找 'media' 文件夹 ---
  -> 发现版本目录: 42
  -> 正在检查路径的有效性: data/workshop_content/3429953336/mods/GaussRifle/42/media
  --> 路径有效！将使用此路径进行处理: data/workshop_content/3429953336/mods/GaussRifle/42/media

--- 预加载 EN (L1) 数据 ---
  -> 扫描目录: data/workshop_content/3429953336/mods/GaussRifle/42/media/lua/shared/Translate/EN
     -> 在 'ContextMenu_EN.txt' 中找到 5 个键。
     -> 在 'IG_UI_EN.txt' 中找到 2 个键。
     -> 在 'ItemName_EN.txt' 中找到 19 个键。
     -> 在 'Recipes_EN.txt' 中找到 20 个键。
     -> 在 'Sandbox_EN.txt' 中找到 31 个键。
     -> 在 'UI_EN.txt' 中找到 9 个键。
预加载完成: 找到 86 个本地 EN 键。

--- 阶段 1: 扫描 Scripts (L0) ---
  -> 处理: GaussRifle_attachments.txt
  -> 处理: GaussRifle_items.txt
     -> 新增: 1 个 Item
  -> 处理: GaussRifle_models.txt
  -> 处理: GaussRifle_recipes_ammo.txt
     -> 新增: 2 个 Recipe
  -> 处理: GaussRifle_recipes_new.txt
     -> 新增: 2 个 Recipe
  -> 处理: GaussRifle_recipes_old.txt
     -> 新增: 19 个 Recipe
  -> 处理: GaussRifle_weapons.txt
阶段 1 完成: 从 scripts 新生成了 23 条数据。

--- 阶段 2: 合并 L0 与 L1 后，纯净英文基准总计: 109 条数据。---

--- 阶段 3: 从 CN 目录加载了 0 条数据。---

--- 阶段 4: 检测到 4 个与官方重复的键。---

--- 已为 Mod ID 3429953336 更新 109 条键来源映射 ---

--- 正在为 Mod 'GaussRifle' 生成输出文件 ---
    - 最终合并 (output.txt): 109 条
    - 纯净英文 (EN_output.txt): 109 条
    - 纯净中文 (CN_output.txt): 0 条
    - 英文待办 (en_todo.txt): 3 条 (增量)
    - 中文独有 (cn_only.txt): 0 条 (增量)
    - 冲突键 (conflict_keys.txt): 4 条
    -> 正在尝试从 Git 历史记录中获取旧版本: data/output_files/GaussRifle_3429953336/EN_todo.txt
      --> 成功找到旧版本。
     -> 在 'EN_todo.txt (旧版本)' 中找到 3 个键。

处理成功！所有输出文件已保存在 'GaussRifle_3429953336' 文件夹中。
    -> [内存] 已为 Mod 3429953336 记录 Commit SHA: e112b80
