

========================= 开始处理 Workshop ID: 3452711271 (H.E.C.U) =========================

--- 正在检查已完成的翻译于: data/completed_files/3452711271/en_completed.txt ---
     -> 在 'en_completed.txt' 中找到 102 个键。

--- 正在检查待排除的键于: data/completed_files/3452711271/exclusion_list.txt ---
  -> 排除列表文件 'exclusion_list.txt' 不存在，跳过。

-------------------- 处理子模组: H.E.C.U --------------------

--- 正在为 'H.E.C.U' 动态查找 'media' 文件夹 ---
  -> 发现版本目录: 42
  -> 正在检查路径的有效性: data/workshop_content/3452711271/mods/H.E.C.U/42/media
  --> 路径有效！将使用此路径进行处理: data/workshop_content/3452711271/mods/H.E.C.U/42/media

--- 预加载 EN (L1) 数据 ---
  -> 扫描目录: data/workshop_content/3452711271/mods/H.E.C.U/42/media/lua/shared/Translate/EN
     -> 在 'ContextMenu_EN.txt' 中找到 6 个键。
     -> 在 'IG_UI_EN.txt' 中找到 1 个键。
     -> 在 'Sandbox_EN.txt' 中找到 67 个键。
预加载完成: 找到 74 个本地 EN 键。

--- 阶段 1: 扫描 Scripts (L0) ---
  -> 处理: D97_HECU_Attachments.txt
  -> 处理: D97_HECU_Model_Items.txt
  -> 处理: D97_HECU_Model_Items_Vanilla.txt
  -> 处理: D97_HECU_Model_Items_Workshop.txt
  -> 处理: D97_HECU_Zeds_SFX.txt
  -> 处理: clothing/D97_HECU_Clothing.txt
     -> 新增: 20 个 Item
  -> 处理: clothing/D97_HECU_Recipes.txt
阶段 1 完成: 从 scripts 新生成了 20 条数据。

--- 阶段 2: 合并 L0 与 L1 后，纯净英文基准总计: 94 条数据。---

--- 阶段 3: 从 CN 目录加载了 0 条数据。---

--- 已为 Mod ID 3452711271 更新 94 条键来源映射 ---

--- 正在为 Mod 'H.E.C.U' 生成输出文件 ---
    - 最终合并 (output.txt): 94 条
    - 纯净英文 (EN_output.txt): 94 条
    - 纯净中文 (CN_output.txt): 0 条
    - 英文待办 (en_todo.txt): 6 条 (增量)
    - 中文独有 (cn_only.txt): 0 条 (增量)
    - 冲突键 (conflict_keys.txt): 0 条
    -> 正在尝试从 Git 历史记录中获取旧版本: data/output_files/H.E.C.U_3452711271/EN_todo.txt
      --> 成功找到旧版本。
     -> 在 'EN_todo.txt (旧版本)' 中找到 7 个键。
    -> 检测到内容变更。新增: 0, 移除: 1

处理成功！所有输出文件已保存在 'H.E.C.U_3452711271' 文件夹中。
    -> [内存] 已为 Mod 3452711271 记录 Commit SHA: 104640c
