

========================= 开始处理 Workshop ID: 3562222835 (HybridGunRepair) =========================

--- 正在检查已完成的翻译于: data\completed_files\3562222835\en_completed.txt ---
     -> 在 'en_completed.txt' 中找到 0 个键。

--- 正在检查待排除的键于: data\completed_files\3562222835\exclusion_list.txt ---
  -> 排除列表文件 'exclusion_list.txt' 不存在，跳过。

-------------------- 处理子模组: HybridGunRepair --------------------

--- 正在为 'HybridGunRepair' 动态查找 'media' 文件夹 ---
  -> 发现版本目录: 42
  -> 正在检查路径的有效性: data\workshop_content\3562222835\mods\HybridGunRepair\42\media
  --> 路径有效！已将其加入待处理列表。

--- 阶段 1: 扫描所有 media 路径下的翻译文件 (L1) ---
  -> 正在处理 media 路径: data\workshop_content\3562222835\mods\HybridGunRepair\42\media
  -> 扫描目录: data\workshop_content\3562222835\mods\HybridGunRepair\42\media\lua\shared\Translate\EN
     -> 在 'IG_UI_EN.txt' 中找到 67 个键。
阶段 1 完成: 从 EN 加载了 67 条数据, 从 CN 加载了 0 条数据。

--- 阶段 2: 扫描所有 Media 路径下的 Scripts (L0) ---
  -> 正在处理 Scripts 路径: data\workshop_content\3562222835\mods\HybridGunRepair\42\media\scripts
    -> 处理: HGR_Items.txt
     -> 新增: 18 个 Item
    -> 处理: module.txt
阶段 2 完成: 从 scripts 新生成了 18 条数据。

--- 阶段 3: 合并 L0 与 L1 后，纯净英文基准总计: 85 条数据。---

-------------------- 处理子模组: HybridGunRepair_v2 --------------------

--- 正在为 'HybridGunRepair_v2' 动态查找 'media' 文件夹 ---
  -> 发现版本目录: 42
  -> 正在检查路径的有效性: data\workshop_content\3562222835\mods\HybridGunRepair_v2\common\media
  --> 路径有效！已将其加入待处理列表。
  -> 正在检查路径的有效性: data\workshop_content\3562222835\mods\HybridGunRepair_v2\42\media
  --> 路径有效！已将其加入待处理列表。

--- 阶段 1: 扫描所有 media 路径下的翻译文件 (L1) ---
  -> 正在处理 media 路径: data\workshop_content\3562222835\mods\HybridGunRepair_v2\common\media
  -> 正在处理 media 路径: data\workshop_content\3562222835\mods\HybridGunRepair_v2\42\media
  -> 扫描目录: data\workshop_content\3562222835\mods\HybridGunRepair_v2\42\media\lua\shared\Translate\EN
     -> 在 'IG_UI_EN.txt' 中找到 85 个键。
阶段 1 完成: 从 EN 加载了 85 条数据, 从 CN 加载了 0 条数据。

--- 阶段 2: 扫描所有 Media 路径下的 Scripts (L0) ---
  -> 正在处理 Scripts 路径: data\workshop_content\3562222835\mods\HybridGunRepair_v2\common\media\scripts
    -> 处理: HGR_Items.txt
     -> 新增: 18 个 Item
  -> 正在处理 Scripts 路径: data\workshop_content\3562222835\mods\HybridGunRepair_v2\42\media\scripts
    -> 处理: HGR_Items.txt
阶段 2 完成: 从 scripts 新生成了 18 条数据。

--- 阶段 3: 合并 L0 与 L1 后，纯净英文基准总计: 103 条数据。---

--- 已为 Mod ID 3562222835 更新 106 条键来源映射 ---

--- 正在为 Mod 'HybridGunRepair' 生成输出文件 ---
    - 最终合并 (output.txt): 106 条
    - 纯净英文 (EN_output.txt): 106 条
    - 纯净中文 (CN_output.txt): 0 条
    - 英文待办 (en_todo.txt): 106 条 (增量)
    - 中文独有 (cn_only.txt): 0 条 (增量)
    - 冲突键 (conflict_keys.txt): 0 条
    -> 正在尝试从 Git 历史记录中获取旧版本: data/output_files/HybridGunRepair_3562222835/EN_todo.txt
      --> 成功找到旧版本。
    -> 基线日志已存档到: data\logs\archive\HybridGunRepair_3562222835_baseline_run_20251111_005957.json

处理成功！所有输出文件已保存在 'HybridGunRepair_3562222835' 文件夹中。
    -> [内存] 已为 Mod 3562222835 记录 Commit SHA: e732630
