

========================= 开始处理 Workshop ID: 3000924731 (Immersive_Lore) =========================

--- 正在检查已完成的翻译于: data\completed_files\3000924731\en_completed.txt ---
     -> 在 'en_completed.txt' 中找到 109 个键。

--- 正在检查待排除的键于: data\completed_files\3000924731\exclusion_list.txt ---
  -> 排除列表文件 'exclusion_list.txt' 不存在，跳过。

-------------------- 处理子模组: Immersive Lore --------------------

--- 正在为 'Immersive Lore' 动态查找 'media' 文件夹 ---
  -> 发现版本目录: 42.0
  -> 正在检查路径的有效性: data\workshop_content\3000924731\mods\Immersive Lore\42.0\media
  --> 路径有效！已将其加入待处理列表。

--- 阶段 1: 扫描所有 media 路径下的翻译文件 (L1) ---
  -> 正在处理 media 路径: data\workshop_content\3000924731\mods\Immersive Lore\42.0\media
  -> 扫描目录: data\workshop_content\3000924731\mods\Immersive Lore\42.0\media\lua\shared\Translate\EN
     -> 在 'Sandbox_EN.txt' 中找到 3 个键。
     -> 在 'UI_EN.txt' 中找到 378 个键。
阶段 1 完成: 从 EN 加载了 381 条数据, 从 CN 加载了 0 条数据。

--- 阶段 2: 扫描所有 Media 路径下的 Scripts (L0) ---
  -> 正在处理 Scripts 路径: data\workshop_content\3000924731\mods\Immersive Lore\42.0\media\scripts
    -> 处理: item_tatteredpaper.txt
     -> 新增: 1 个 Item
    -> 处理: model_tatteredpaper.txt
阶段 2 完成: 从 scripts 新生成了 1 条数据。

--- 阶段 3: 合并 L0 与 L1 后，纯净英文基准总计: 382 条数据。---

--- 已为 Mod ID 3000924731 更新 382 条键来源映射 ---

--- 正在为 Mod 'Immersive_Lore' 生成输出文件 ---
    - 最终合并 (output.txt): 382 条
    - 纯净英文 (EN_output.txt): 382 条
    - 纯净中文 (CN_output.txt): 0 条
    - 英文待办 (en_todo.txt): 273 条 (增量)
    - 中文独有 (cn_only.txt): 0 条 (增量)
    - 冲突键 (conflict_keys.txt): 0 条
    -> 正在尝试从 Git 历史记录中获取旧版本: data/output_files/Immersive_Lore_3000924731/EN_todo.txt
      --> 成功找到旧版本。
    -> 基线日志已存档到: data\logs\archive\Immersive_Lore_3000924731_baseline_run_20251111_001327.json

处理成功！所有输出文件已保存在 'Immersive_Lore_3000924731' 文件夹中。
    -> [内存] 已为 Mod 3000924731 记录 Commit SHA: c4f2b44
