

========================= 开始处理 Workshop ID: 2861393067 (INeedMoreStyle_CE) =========================

--- 正在检查已完成的翻译于: data\completed_files\2861393067\en_completed.txt ---
     -> 在 'en_completed.txt' 中找到 99 个键。

--- 正在检查待排除的键于: data\completed_files\2861393067\exclusion_list.txt ---
  -> 排除列表文件 'exclusion_list.txt' 不存在，跳过。

-------------------- 处理子模组: INeedMoreStyle CE --------------------

--- 正在为 'INeedMoreStyle CE' 动态查找 'media' 文件夹 ---
  -> 正在检查路径的有效性: data\workshop_content\2861393067\mods\INeedMoreStyle CE\common\media
  --> 路径有效！已将其加入待处理列表。
  -> 正在检查路径的有效性: data\workshop_content\2861393067\mods\INeedMoreStyle CE\media
  --> 路径有效！已将其加入待处理列表。

--- 阶段 1: 扫描所有 media 路径下的翻译文件 (L1) ---
  -> 正在处理 media 路径: data\workshop_content\2861393067\mods\INeedMoreStyle CE\common\media
  -> 扫描目录: data\workshop_content\2861393067\mods\INeedMoreStyle CE\common\media\lua\shared\Translate\EN
     -> 在 'ItemName_EN.txt' 中找到 82 个键。
     -> 在 'Sandbox_EN.txt' 中找到 17 个键。
  -> 正在处理 media 路径: data\workshop_content\2861393067\mods\INeedMoreStyle CE\media
  -> 扫描目录: data\workshop_content\2861393067\mods\INeedMoreStyle CE\media\lua\shared\Translate\EN
     -> 在 'ItemName_EN.txt' 中找到 82 个键。
     -> 在 'Sandbox_EN.txt' 中找到 17 个键。
阶段 1 完成: 从 EN 加载了 99 条数据, 从 CN 加载了 0 条数据。

--- 阶段 2: 扫描所有 Media 路径下的 Scripts (L0) ---
  -> 正在处理 Scripts 路径: data\workshop_content\2861393067\mods\INeedMoreStyle CE\common\media\scripts
    -> 处理: INMS_Clothing.txt
  -> 正在处理 Scripts 路径: data\workshop_content\2861393067\mods\INeedMoreStyle CE\media\scripts
    -> 处理: INMS_Clothing.txt
阶段 2 完成: 从 scripts 新生成了 0 条数据。

--- 阶段 3: 合并 L0 与 L1 后，纯净英文基准总计: 99 条数据。---

--- 已为 Mod ID 2861393067 更新 99 条键来源映射 ---

--- 正在为 Mod 'INeedMoreStyle_CE' 生成输出文件 ---
    - 最终合并 (output.txt): 99 条
    - 纯净英文 (EN_output.txt): 99 条
    - 纯净中文 (CN_output.txt): 0 条
    - 英文待办 (en_todo.txt): 0 条 (增量)
    - 中文独有 (cn_only.txt): 0 条 (增量)
    - 冲突键 (conflict_keys.txt): 0 条
    -> 正在尝试从 Git 历史记录中获取旧版本: data/output_files/INeedMoreStyle_CE_2861393067/EN_todo.txt
      --> 成功找到旧版本。
     -> 在 'EN_todo.txt (旧版本)' 中找到 0 个键。

处理成功！所有输出文件已保存在 'INeedMoreStyle_CE_2861393067' 文件夹中。
    -> [内存] 已为 Mod 2861393067 记录 Commit SHA: 53dbbce
