

========================= 开始处理 Workshop ID: 3470426196 (KATTAJ1_Military_Pack) =========================

--- 正在检查已完成的翻译于: data/completed_files/3470426196/en_completed.txt ---
     -> 在 'en_completed.txt' 中找到 760 个键。

--- 正在检查待排除的键于: data/completed_files/3470426196/exclusion_list.txt ---
  -> 排除列表文件 'exclusion_list.txt' 不存在，跳过。

-------------------- 处理子模组: KATTAJ1 Military Pack --------------------

--- 正在为 'KATTAJ1 Military Pack' 动态查找 'media' 文件夹 ---
  -> 发现版本目录: 42
  -> 正在检查路径的有效性: data/workshop_content/3470426196/mods/KATTAJ1 Military Pack/42/media
  --> 路径有效！将使用此路径进行处理: data/workshop_content/3470426196/mods/KATTAJ1 Military Pack/42/media

--- 预加载 EN (L1) 数据 ---
  -> 扫描目录: data/workshop_content/3470426196/mods/KATTAJ1 Military Pack/42/media/lua/shared/Translate/EN
     -> 在 'Sandbox_EN.txt' 中找到 157 个键。
预加载完成: 找到 157 个本地 EN 键。

--- 阶段 1: 扫描 Scripts (L0) ---
  -> 处理: clothing/Military_ArmsProtectionLower.txt
     -> 新增: 12 个 Item
  -> 处理: clothing/Military_ArmsProtectionUpper.txt
     -> 新增: 13 个 Item
  -> 处理: clothing/Military_Backpack.txt
     -> 新增: 40 个 Item
  -> 处理: clothing/Military_BagBack.txt
     -> 新增: 15 个 Item
  -> 处理: clothing/Military_BagFront.txt
     -> 新增: 12 个 Item
  -> 处理: clothing/Military_BagLeg.txt
     -> 新增: 36 个 Item
  -> 处理: clothing/Military_BulletproofVest.txt
     -> 新增: 13 个 Item
  -> 处理: clothing/Military_FullHelmet.txt
     -> 新增: 4 个 Item
  -> 处理: clothing/Military_Glasses.txt
     -> 新增: 1 个 Item
  -> 处理: clothing/Military_Gloves.txt
     -> 新增: 8 个 Item
  -> 处理: clothing/Military_Hat.txt
     -> 新增: 13 个 Item
  -> 处理: clothing/Military_Helmet.txt
     -> 新增: 18 个 Item
  -> 处理: clothing/Military_Holster.txt
     -> 新增: 24 个 Item
  -> 处理: clothing/Military_Jacket.txt
     -> 新增: 48 个 Item
  -> 处理: clothing/Military_LegsProtectionLower.txt
     -> 新增: 12 个 Item
  -> 处理: clothing/Military_LegsProtectionUpper.txt
     -> 新增: 13 个 Item
  -> 处理: clothing/Military_Mask.txt
     -> 新增: 16 个 Item
  -> 处理: clothing/Military_MaskHelmet.txt
     -> 新增: 1 个 Item
  -> 处理: clothing/Military_Pants.txt
     -> 新增: 56 个 Item
  -> 处理: clothing/Military_Sheath.txt
     -> 新增: 28 个 Item
  -> 处理: clothing/Military_Shirt.txt
     -> 新增: 8 个 Item
  -> 处理: clothing/Military_Shoes.txt
     -> 新增: 8 个 Item
  -> 处理: clothing/Military_Skirt.txt
     -> 新增: 15 个 Item
  -> 处理: clothing/Military_Stockings.txt
     -> 新增: 5 个 Item
  -> 处理: clothing/Military_TShirt.txt
     -> 新增: 64 个 Item
  -> 处理: clothing/Military_ThermalUnderwear.txt
     -> 新增: 4 个 Item
阶段 1 完成: 从 scripts 新生成了 487 条数据。

--- 阶段 2: 合并 L0 与 L1 后，纯净英文基准总计: 644 条数据。---

--- 阶段 3: 从 CN 目录加载了 0 条数据。---

--- 已为 Mod ID 3470426196 更新 644 条键来源映射 ---

--- 正在为 Mod 'KATTAJ1_Military_Pack' 生成输出文件 ---
    - 最终合并 (output.txt): 644 条
    - 纯净英文 (EN_output.txt): 644 条
    - 纯净中文 (CN_output.txt): 0 条
    - 英文待办 (en_todo.txt): 1 条 (增量)
    - 中文独有 (cn_only.txt): 0 条 (增量)
    - 冲突键 (conflict_keys.txt): 0 条
    -> 正在尝试从 Git 历史记录中获取旧版本: data/output_files/KATTAJ1_Military_Pack_3470426196/EN_todo.txt
      --> 成功找到旧版本。
     -> 在 'EN_todo.txt (旧版本)' 中找到 0 个键。
    -> 检测到内容变更。新增: 1, 移除: 0

处理成功！所有输出文件已保存在 'KATTAJ1_Military_Pack_3470426196' 文件夹中。
    -> [内存] 已为 Mod 3470426196 记录 Commit SHA: c27285b
