

========================= 开始处理 Workshop ID: 3470422050 (KATTAJ1_Clothes_Core) =========================

--- 正在检查已完成的翻译于: data\completed_files\3470422050\en_completed.txt ---
     -> 在 'en_completed.txt' 中找到 53 个键。

--- 正在检查待排除的键于: data\completed_files\3470422050\exclusion_list.txt ---
  -> 排除列表文件 'exclusion_list.txt' 不存在，跳过。

-------------------- 处理子模组: KATTAJ1 Clothes Core --------------------

--- 正在为 'KATTAJ1 Clothes Core' 动态查找 'media' 文件夹 ---
  -> 发现版本目录: 42
  -> 正在检查路径的有效性: data\workshop_content\3470422050\mods\KATTAJ1 Clothes Core\42\media
  --> 路径有效！已将其加入待处理列表。

--- 阶段 1: 扫描所有 media 路径下的翻译文件 (L1) ---
  -> 正在处理 media 路径: data\workshop_content\3470422050\mods\KATTAJ1 Clothes Core\42\media
  -> 扫描目录: data\workshop_content\3470422050\mods\KATTAJ1 Clothes Core\42\media\lua\shared\Translate\EN
     -> 在 'ContextMenu_EN.txt' 中找到 30 个键。
     -> 在 'IG_UI_EN.txt' 中找到 19 个键。
     -> 在 'Tooltip_EN.txt' 中找到 1 个键。
阶段 1 完成: 从 EN 加载了 50 条数据, 从 CN 加载了 0 条数据。

--- 阶段 2: 扫描所有 Media 路径下的 Scripts (L0) ---
  -> 正在处理 Scripts 路径: data\workshop_content\3470422050\mods\KATTAJ1 Clothes Core\42\media\scripts
    -> 处理: KATTAJ1_Armor_modelsItems.txt
    -> 处理: KATTAJ1_Holster_Gun_Locations.txt
    -> 处理: KATTAJ1_Sheath_Knife_Locations.txt
    -> 处理: KATTAJ1_TacticalFlashlight.txt
     -> 新增: 1 个 Item, 3 个 Recipe
    -> 处理: KATTAJ1_TacticalFlashlight_Attachments.txt
阶段 2 完成: 从 scripts 新生成了 4 条数据。

--- 阶段 3: 合并 L0 与 L1 后，纯净英文基准总计: 54 条数据。---

--- 阶段 4: 检测到 1 个与官方重复的键。---

--- 已为 Mod ID 3470422050 更新 54 条键来源映射 ---

--- 正在为 Mod 'KATTAJ1_Clothes_Core' 生成输出文件 ---
    - 最终合并 (output.txt): 54 条
    - 纯净英文 (EN_output.txt): 54 条
    - 纯净中文 (CN_output.txt): 0 条
    - 英文待办 (en_todo.txt): 1 条 (增量)
    - 中文独有 (cn_only.txt): 0 条 (增量)
    - 冲突键 (conflict_keys.txt): 1 条
    -> 正在尝试从 Git 历史记录中获取旧版本: data/output_files/KATTAJ1_Clothes_Core_3470422050/EN_todo.txt
      --> 成功找到旧版本。
     -> 在 'EN_todo.txt (旧版本)' 中找到 1 个键。

处理成功！所有输出文件已保存在 'KATTAJ1_Clothes_Core_3470422050' 文件夹中。
    -> [内存] 已为 Mod 3470422050 记录 Commit SHA: 53dbbce
