

========================= 开始处理 Workshop ID: 3330403100 (KI5trailers) =========================

--- 正在检查已完成的翻译于: data\completed_files\3330403100\en_completed.txt ---
     -> 在 'en_completed.txt' 中找到 40 个键。

--- 正在检查待排除的键于: data\completed_files\3330403100\exclusion_list.txt ---
  -> 排除列表文件 'exclusion_list.txt' 不存在，跳过。

-------------------- 处理子模组: KI5trailers --------------------

--- 正在为 'KI5trailers' 动态查找 'media' 文件夹 ---
  -> 发现版本目录: 42.0
  -> 正在检查路径的有效性: data\workshop_content\3330403100\mods\KI5trailers\42.0\media
  --> 路径有效！将使用此路径进行处理: data\workshop_content\3330403100\mods\KI5trailers\42.0\media

--- 预加载 EN (L1) 数据 ---
  -> 扫描目录: data\workshop_content\3330403100\mods\KI5trailers\42.0\media\lua\shared\Translate\EN
     -> 在 'IG_UI_EN.txt' 中找到 18 个键。
     -> 在 'Recipes_EN.txt' 中找到 11 个键。
预加载完成: 找到 29 个本地 EN 键。

--- 阶段 1: 扫描 Scripts (L0) ---
  -> 处理: vehicles\KI5trailers_models.txt
  -> 处理: vehicles\KI5trailers_recipes.txt
     -> 新增: 1 个 Recipe
  -> 处理: vehicles\KI5trailers_vehiclesitems.txt
     -> 新增: 11 个 Item
  -> 处理: vehicles\template_KI5TR_flares.txt
  -> 处理: vehicles\template_KI5TR_gasCans.txt
  -> 处理: vehicles\template_KI5TR_mudflaps.txt
  -> 处理: vehicles\template_KI5TR_spare.txt
  -> 处理: vehicles\template_KI5TR_suspension.txt
  -> 处理: vehicles\template_KI5TR_tarp.txt
  -> 处理: vehicles\template_KI5TR_tires.txt
  -> 处理: vehicles\template_KI5TR_toolbox.txt
  -> 处理: vehicles\template_KI5TR_trunk.txt
  -> 处理: vehicles\template_KI5TR_trunkdoor.txt
  -> 处理: vehicles\template_KI5TRC_trunkdoor.txt
  -> 处理: vehicles\template_KI5TRL_trunkdoor.txt
  -> 处理: vehicles\TrailerKI5cargoLarge.txt
  -> 处理: vehicles\TrailerKI5cargoMedium.txt
  -> 处理: vehicles\TrailerKI5cargoSmall.txt
  -> 处理: vehicles\TrailerKI5livestock.txt
  -> 处理: vehicles\TrailerKI5utilityLarge.txt
  -> 处理: vehicles\TrailerKI5utilityMedium.txt
  -> 处理: vehicles\TrailerKI5utilitySmall.txt
阶段 1 完成: 从 scripts 新生成了 12 条数据。

--- 阶段 2: 合并 L0 与 L1 后，纯净英文基准总计: 41 条数据。---

--- 阶段 3: 从 CN 目录加载了 0 条数据。---

--- 已为 Mod ID 3330403100 更新 41 条键来源映射 ---

--- 正在为 Mod 'KI5trailers' 生成输出文件 ---
    - 最终合并 (output.txt): 41 条
    - 纯净英文 (EN_output.txt): 41 条
    - 纯净中文 (CN_output.txt): 0 条
    - 英文待办 (en_todo.txt): 1 条 (增量)
    - 中文独有 (cn_only.txt): 0 条 (增量)
    - 冲突键 (conflict_keys.txt): 0 条
    -> 正在尝试从 Git 历史记录中获取旧版本: data/output_files/KI5trailers_3330403100/EN_todo.txt
      --> 成功找到旧版本。
     -> 在 'EN_todo.txt (旧版本)' 中找到 1 个键。

处理成功！所有输出文件已保存在 'KI5trailers_3330403100' 文件夹中。
    -> [内存] 已为 Mod 3330403100 记录 Commit SHA: 6a960fa
