

========================= 开始处理 Workshop ID: 2855320431 (LazoloTraits) =========================

--- 正在检查已完成的翻译于: data\completed_files\2855320431\en_completed.txt ---
     -> 在 'en_completed.txt' 中找到 10 个键。

--- 正在检查待排除的键于: data\completed_files\2855320431\exclusion_list.txt ---
  -> 排除列表文件 'exclusion_list.txt' 不存在，跳过。

-------------------- 处理子模组: LazoloTraits --------------------

--- 正在为 'LazoloTraits' 动态查找 'media' 文件夹 ---
  -> 发现版本目录: 42.0
  -> 正在检查路径的有效性: data\workshop_content\2855320431\mods\LazoloTraits\42.0\media
  --> 路径有效！将使用此路径进行处理: data\workshop_content\2855320431\mods\LazoloTraits\42.0\media

--- 预加载 EN (L1) 数据 ---
  -> 扫描目录: data\workshop_content\2855320431\mods\LazoloTraits\42.0\media\lua\shared\Translate\EN
     -> 在 'Moodles_EN.TXT' 中找到 50 个键。
     -> 在 'Sandbox_EN.txt' 中找到 222 个键。
     -> 在 'UI_EN.txt' 中找到 394 个键。
预加载完成: 找到 666 个本地 EN 键。

--- 阶段 1: 扫描 Scripts (L0) ---
  -> 警告：未找到 Scripts 目录，跳过。
阶段 1 完成: 从 scripts 新生成了 0 条数据。

--- 阶段 2: 合并 L0 与 L1 后，纯净英文基准总计: 666 条数据。---
  -> 扫描目录: data\workshop_content\2855320431\mods\LazoloTraits\42.0\media\lua\shared\Translate\CN
     -> 在 'Moodles_CN.TXT' 中找到 50 个键。
     -> 在 'Sandbox_CN.txt' 中找到 223 个键。
     -> 在 'UI_CN.txt' 中找到 388 个键。

--- 阶段 3: 从 CN 目录加载了 661 条数据。---

--- 已为 Mod ID 2855320431 更新 668 条键来源映射 ---

--- 正在为 Mod 'LazoloTraits' 生成输出文件 ---
    - 最终合并 (output.txt): 668 条
    - 纯净英文 (EN_output.txt): 666 条
    - 纯净中文 (CN_output.txt): 661 条
    - 英文待办 (en_todo.txt): 0 条 (增量)
    - 中文独有 (cn_only.txt): 2 条 (增量)
    - 冲突键 (conflict_keys.txt): 0 条
    -> 正在尝试从 Git 历史记录中获取旧版本: data/output_files/LazoloTraits_2855320431/EN_todo.txt
      --> 成功找到旧版本。
     -> 在 'EN_todo.txt (旧版本)' 中找到 0 个键。

处理成功！所有输出文件已保存在 'LazoloTraits_2855320431' 文件夹中。
    -> [内存] 已为 Mod 2855320431 记录 Commit SHA: b10fc7a
