

========================= 开始处理 Workshop ID: 3575320927 (LegendaryTK) =========================

--- 正在检查已完成的翻译于: data/completed_files/3575320927/en_completed.txt ---
  -> 文件 'en_completed.txt' 在目标位置不存在，将自动创建。

--- 正在检查待排除的键于: data/completed_files/3575320927/exclusion_list.txt ---
  -> 排除列表文件 'exclusion_list.txt' 不存在，跳过。

-------------------- 处理子模组: LegendaryTK --------------------

--- 正在为 'LegendaryTK' 动态查找 'media' 文件夹 ---
  -> 发现版本目录: 42.0
  -> 正在检查路径的有效性: data/workshop_content/3575320927/mods/LegendaryTK/42.0/media
  --> 路径有效！已将其加入待处理列表。

--- 阶段 1: 扫描所有 media 路径下的翻译文件 (L1) ---
  -> 正在处理 media 路径: data/workshop_content/3575320927/mods/LegendaryTK/42.0/media
  -> 扫描目录: data/workshop_content/3575320927/mods/LegendaryTK/42.0/media/lua/shared/Translate/EN
     -> 在 'ContextMenu_EN.txt' 中找到 2 个键。
     -> 在 'IG_UI_EN.txt' 中找到 2 个键。
     -> 在 'Recipes_EN.txt' 中找到 11 个键。
     -> 在 'Sandbox_EN.txt' 中找到 13 个键。
     -> 在 'UI_EN.txt' 中找到 6 个键。
  -> 扫描目录: data/workshop_content/3575320927/mods/LegendaryTK/42.0/media/lua/shared/Translate/CN
     -> 在 'ContextMenu_CN.txt' 中找到 2 个键。
     -> 在 'IG_UI_CN.txt' 中找到 2 个键。
     -> 在 'ItemName_CN.txt' 中找到 22 个键。
     -> 在 'Recipes_CN.txt' 中找到 11 个键。
     -> 在 'Sandbox_CN.txt' 中找到 13 个键。
     -> 在 'UI_CN.txt' 中找到 6 个键。
阶段 1 完成: 从 EN 加载了 34 条数据, 从 CN 加载了 56 条数据。

--- 阶段 2: 扫描所有 Media 路径下的 Scripts (L0) ---
  -> 正在处理 Scripts 路径: data/workshop_content/3575320927/mods/LegendaryTK/42.0/media/scripts
    -> 处理: generated/LTK_Fixing.txt
    -> 处理: generated/LTK_Items.txt
     -> 新增: 24 个 Item
    -> 处理: generated/LTK_Models.txt
    -> 处理: generated/LTK_Models_characters.txt
    -> 处理: generated/recipes/LTK_Recipes.txt
     -> 新增: 3 个 Recipe
阶段 2 完成: 从 scripts 新生成了 27 条数据。

--- 阶段 3: 合并 L0 与 L1 后，纯净英文基准总计: 61 条数据。---

--- 阶段 4: 检测到 1 个与官方重复的键。---

--- 已为 Mod ID 3575320927 更新 61 条键来源映射 ---

--- 正在为 Mod 'LegendaryTK' 生成输出文件 ---
    - 最终合并 (output.txt): 61 条
    - 纯净英文 (EN_output.txt): 61 条
    - 纯净中文 (CN_output.txt): 56 条
    - 英文待办 (en_todo.txt): 5 条 (增量)
    - 中文独有 (cn_only.txt): 0 条 (增量)
    - 冲突键 (conflict_keys.txt): 1 条
    -> 正在尝试从 Git 历史记录中获取旧版本: data/output_files/LegendaryTK_3575320927/EN_todo.txt
      --> 在 Git 历史记录中未找到该文件，视为全新。
    -> 基线日志已存档到: data/logs/archive/LegendaryTK_3575320927_baseline_run_20251112_040359.json

处理成功！所有输出文件已保存在 'LegendaryTK_3575320927' 文件夹中。
    -> 警告：未能获取 Mod 3575320927 的完成文件SHA，状态未记录。
