

========================= 开始处理 Workshop ID: 3418366499 (LegendaryKatana) =========================

--- 正在检查已完成的翻译于: data\completed_files\3418366499\en_completed.txt ---
     -> 在 'en_completed.txt' 中找到 75 个键。

--- 正在检查待排除的键于: data\completed_files\3418366499\exclusion_list.txt ---
  -> 排除列表文件 'exclusion_list.txt' 不存在，跳过。

-------------------- 处理子模组: LegendaryKatana --------------------

--- 正在为 'LegendaryKatana' 动态查找 'media' 文件夹 ---
  -> 发现版本目录: 42.0
  -> 正在检查路径的有效性: data\workshop_content\3418366499\mods\LegendaryKatana\42.0\media
  --> 路径有效！已将其加入待处理列表。

--- 阶段 1: 扫描所有 media 路径下的翻译文件 (L1) ---
  -> 正在处理 media 路径: data\workshop_content\3418366499\mods\LegendaryKatana\42.0\media
  -> 扫描目录: data\workshop_content\3418366499\mods\LegendaryKatana\42.0\media\lua\shared\Translate\EN
     -> 在 'ContextMenu_EN.txt' 中找到 2 个键。
     -> 在 'IG_UI_EN.txt' 中找到 2 个键。
     -> 在 'Recipes_EN.txt' 中找到 29 个键。
     -> 在 'Sandbox_EN.txt' 中找到 45 个键。
     -> 在 'UI_EN.txt' 中找到 6 个键。
  -> 扫描目录: data\workshop_content\3418366499\mods\LegendaryKatana\42.0\media\lua\shared\Translate\CN
     -> 在 'ContextMenu_CN.txt' 中找到 2 个键。
     -> 在 'IG_UI_CN.txt' 中找到 2 个键。
     -> 在 'ItemName_CN.txt' 中找到 43 个键。
     -> 在 'Recipes_CN.txt' 中找到 29 个键。
     -> 在 'Sandbox_CN.txt' 中找到 45 个键。
     -> 在 'UI_CN.txt' 中找到 6 个键。
阶段 1 完成: 从 EN 加载了 84 条数据, 从 CN 加载了 127 条数据。

--- 阶段 2: 扫描所有 Media 路径下的 Scripts (L0) ---
  -> 正在处理 Scripts 路径: data\workshop_content\3418366499\mods\LegendaryKatana\42.0\media\scripts
    -> 处理: generated\LK_Items.txt
     -> 新增: 43 个 Item
    -> 处理: generated\LK_Models.txt
    -> 处理: generated\LK_Models_characters.txt
    -> 处理: generated\recipes\LK_Recipes.txt
     -> 新增: 7 个 Recipe
阶段 2 完成: 从 scripts 新生成了 50 条数据。

--- 阶段 3: 合并 L0 与 L1 后，纯净英文基准总计: 134 条数据。---

--- 阶段 4: 检测到 4 个与官方重复的键。---

--- 已为 Mod ID 3418366499 更新 134 条键来源映射 ---

--- 正在为 Mod 'LegendaryKatana' 生成输出文件 ---
    - 最终合并 (output.txt): 134 条
    - 纯净英文 (EN_output.txt): 134 条
    - 纯净中文 (CN_output.txt): 127 条
    - 英文待办 (en_todo.txt): 7 条 (增量)
    - 中文独有 (cn_only.txt): 0 条 (增量)
    - 冲突键 (conflict_keys.txt): 4 条
    -> 正在尝试从 Git 历史记录中获取旧版本: data/output_files/LegendaryKatana_3418366499/EN_todo.txt
      --> 成功找到旧版本。
     -> 在 'EN_todo.txt (旧版本)' 中找到 7 个键。

处理成功！所有输出文件已保存在 'LegendaryKatana_3418366499' 文件夹中。
    -> [内存] 已为 Mod 3418366499 记录 Commit SHA: cbc7d66
