

========================= 开始处理 Workshop ID: 3558839307 (LegendaryDuffelbag) =========================

--- 正在检查已完成的翻译于: data\completed_files\3558839307\en_completed.txt ---
     -> 在 'en_completed.txt' 中找到 11 个键。

--- 正在检查待排除的键于: data\completed_files\3558839307\exclusion_list.txt ---
  -> 排除列表文件 'exclusion_list.txt' 不存在，跳过。

-------------------- 处理子模组: LegendaryDuffelbag --------------------

--- 正在为 'LegendaryDuffelbag' 动态查找 'media' 文件夹 ---
  -> 发现版本目录: 42.0
  -> 正在检查路径的有效性: data\workshop_content\3558839307\mods\LegendaryDuffelbag\42.0\media
  --> 路径有效！已将其加入待处理列表。

--- 阶段 1: 扫描所有 media 路径下的翻译文件 (L1) ---
  -> 正在处理 media 路径: data\workshop_content\3558839307\mods\LegendaryDuffelbag\42.0\media
  -> 扫描目录: data\workshop_content\3558839307\mods\LegendaryDuffelbag\42.0\media\lua\shared\Translate\EN
     -> 在 'ContextMenu_EN.txt' 中找到 2 个键。
     -> 在 'Recipes_EN.txt' 中找到 10 个键。
     -> 在 'Sandbox_EN.txt' 中找到 8 个键。
  -> 扫描目录: data\workshop_content\3558839307\mods\LegendaryDuffelbag\42.0\media\lua\shared\Translate\CN
     -> 在 'ContextMenu_CN.txt' 中找到 2 个键。
     -> 在 'ItemName_CN.txt' 中找到 21 个键。
     -> 在 'Recipes_CN.txt' 中找到 10 个键。
     -> 在 'Sandbox_CN.txt' 中找到 8 个键。
阶段 1 完成: 从 EN 加载了 20 条数据, 从 CN 加载了 41 条数据。

--- 阶段 2: 扫描所有 Media 路径下的 Scripts (L0) ---
  -> 正在处理 Scripts 路径: data\workshop_content\3558839307\mods\LegendaryDuffelbag\42.0\media\scripts
    -> 处理: LD_models.txt
    -> 处理: LDItems.txt
     -> 新增: 21 个 Item
    -> 处理: LDRecipes.txt
     -> 新增: 1 个 Recipe
阶段 2 完成: 从 scripts 新生成了 22 条数据。

--- 阶段 3: 合并 L0 与 L1 后，纯净英文基准总计: 42 条数据。---

--- 阶段 4: 检测到 1 个与官方重复的键。---

--- 已为 Mod ID 3558839307 更新 52 条键来源映射 ---

--- 正在为 Mod 'LegendaryDuffelbag' 生成输出文件 ---
    - 最终合并 (output.txt): 42 条
    - 纯净英文 (EN_output.txt): 42 条
    - 纯净中文 (CN_output.txt): 41 条
    - 英文待办 (en_todo.txt): 1 条 (增量)
    - 中文独有 (cn_only.txt): 0 条 (增量)
    - 冲突键 (conflict_keys.txt): 1 条
    -> 正在尝试从 Git 历史记录中获取旧版本: data/output_files/LegendaryDuffelbag_3558839307/EN_todo.txt
      --> 成功找到旧版本。
     -> 在 'EN_todo.txt (旧版本)' 中找到 6 个键。
    -> 检测到内容变更。新增: 0, 移除: 5

处理成功！所有输出文件已保存在 'LegendaryDuffelbag_3558839307' 文件夹中。
    -> [内存] 已为 Mod 3558839307 记录 Commit SHA: c93144c
