

========================= 开始处理 Workshop ID: 3403870858 (Lifestyle) =========================

--- 正在检查已完成的翻译于: data\completed_files\3403870858\en_completed.txt ---
     -> 在 'en_completed.txt' 中找到 4134 个键。

--- 正在检查待排除的键于: data\completed_files\3403870858\exclusion_list.txt ---
  -> 排除列表文件 'exclusion_list.txt' 不存在，跳过。

-------------------- 处理子模组: Lifestyle --------------------

--- 正在为 'Lifestyle' 动态查找 'media' 文件夹 ---
  -> 发现版本目录: 42
  -> 正在检查路径的有效性: data\workshop_content\3403870858\mods\Lifestyle\common\media
  --> 路径有效！已将其加入待处理列表。

--- 阶段 1: 扫描所有 media 路径下的翻译文件 (L1) ---
  -> 正在处理 media 路径: data\workshop_content\3403870858\mods\Lifestyle\common\media
  -> 扫描目录: data\workshop_content\3403870858\mods\Lifestyle\common\media\lua\shared\Translate\EN
     -> 在 'ContextMenu_EN.txt' 中找到 1208 个键。
     -> 在 'IG_UI_EN.txt' 中找到 384 个键。
     -> 在 'ItemName_EN.txt' 中找到 31 个键。
     -> 在 'Moodles_EN.txt' 中找到 142 个键。
     -> 在 'Moveables_EN.txt' 中找到 1450 个键。
     -> 在 'Recipes_EN.txt' 中找到 11 个键。
     -> 在 'Recorded_Media_EN.txt' 中找到 231 个键。
     -> 在 'Sandbox_EN.txt' 中找到 201 个键。
     -> 在 'Tooltip_EN.txt' 中找到 311 个键。
     -> 在 'UI_EN.txt' 中找到 155 个键。
阶段 1 完成: 从 EN 加载了 4124 条数据, 从 CN 加载了 0 条数据。

--- 阶段 2: 扫描所有 Media 路径下的 Scripts (L0) ---
  -> 正在处理 Scripts 路径: data\workshop_content\3403870858\mods\Lifestyle\common\media\scripts
    -> 处理: Disco_sounds.txt
    -> 处理: Disco_sounds_Beach.txt
    -> 处理: Disco_sounds_Classical.txt
    -> 处理: Disco_sounds_Country.txt
    -> 处理: Disco_sounds_DJBooth.txt
    -> 处理: Disco_sounds_DJBoothSfx.txt
    -> 处理: Disco_sounds_Holiday.txt
    -> 处理: Disco_sounds_Jazz.txt
    -> 处理: Disco_sounds_Metal.txt
    -> 处理: Disco_sounds_Muzak.txt
    -> 处理: Disco_sounds_Oldies.txt
    -> 处理: Disco_sounds_Pop.txt
    -> 处理: Disco_sounds_Rap.txt
    -> 处理: Disco_sounds_RB.txt
    -> 处理: Disco_sounds_Reggae.txt
    -> 处理: Disco_sounds_Rock.txt
    -> 处理: Disco_sounds_Salsa.txt
    -> 处理: Disco_sounds_World.txt
    -> 处理: Effects_sounds_player.txt
    -> 处理: Furniture_items.txt
     -> 新增: 1 个 Item
    -> 处理: Instruments_sounds_item.txt
    -> 处理: Lifestyle_items.txt
     -> 新增: 10 个 Item
    -> 处理: Lifestyle_models.txt
    -> 处理: Lifestyle_models_weapons.txt
    -> 处理: Lifestyle_paintedItems.txt
     -> 新增: 6 个 Item
    -> 处理: Lifestyle_recipes.txt
    -> 处理: LS_HarmonicaInstruments_sounds_item.txt
    -> 处理: LS_HarmonicaModel.txt
    -> 处理: LS_HarmonicaSound_Item.txt
    -> 处理: LS_sounds_sfx.txt
    -> 处理: Magazines_items.txt
    -> 处理: recipes\Lifestyle_recipes.txt
     -> 新增: 7 个 Recipe
    -> 处理: SkillBooks_items.txt
    -> 处理: Voice1_sounds_player.txt
    -> 处理: Voice2_sounds_player.txt
    -> 处理: Voice3_sounds_player.txt
    -> 处理: Voice4_sounds_player.txt
    -> 处理: Voice_sounds_player.txt
    -> 处理: Voice_sounds_player_greet.txt
    -> 处理: Voice_sounds_player_hey.txt
    -> 处理: Voice_sounds_player_interactions.txt
    -> 处理: Voice_sounds_player_reactions.txt
    -> 处理: Voice_sounds_player_tell_expo.txt
    -> 处理: Voice_sounds_player_utterances.txt
    -> 处理: zLifestyle_items_base.txt
     -> 新增: 2 个 Item
阶段 2 完成: 从 scripts 新生成了 26 条数据。

--- 阶段 3: 合并 L0 与 L1 后，纯净英文基准总计: 4150 条数据。---

--- 阶段 4: 检测到 14 个与官方重复的键。---

--- 阶段 4: 检测到 14 个与官方重复的键。---

--- 已为 Mod ID 3403870858 更新 4150 条键来源映射 ---

--- 正在为 Mod 'Lifestyle' 生成输出文件 ---
    - 最终合并 (output.txt): 4150 条
    - 纯净英文 (EN_output.txt): 4150 条
    - 纯净中文 (CN_output.txt): 0 条
    - 英文待办 (en_todo.txt): 44 条 (增量)
    - 中文独有 (cn_only.txt): 0 条 (增量)
    - 冲突键 (conflict_keys.txt): 14 条
    -> 正在尝试从 Git 历史记录中获取旧版本: data/output_files/Lifestyle_3403870858/EN_todo.txt
      --> 成功找到旧版本。
     -> 在 'EN_todo.txt (旧版本)' 中找到 44 个键。

处理成功！所有输出文件已保存在 'Lifestyle_3403870858' 文件夹中。
    -> [内存] 已为 Mod 3403870858 记录 Commit SHA: c27285b
