

========================= 开始处理 Workshop ID: 2999183635 (LWBetterElectronics) =========================

--- 正在检查已完成的翻译于: data\completed_files\2999183635\en_completed.txt ---
     -> 在 'en_completed.txt' 中找到 118 个键。

--- 正在检查待排除的键于: data\completed_files\2999183635\exclusion_list.txt ---
  -> 排除列表文件 'exclusion_list.txt' 不存在，跳过。

-------------------- 处理子模组: LWBetterElectronics --------------------

--- 正在为 'LWBetterElectronics' 动态查找 'media' 文件夹 ---
  -> 发现版本目录: 42
  -> 正在检查路径的有效性: data\workshop_content\2999183635\mods\LWBetterElectronics\42\media
  --> 路径有效！将使用此路径进行处理: data\workshop_content\2999183635\mods\LWBetterElectronics\42\media

--- 预加载 EN (L1) 数据 ---
  -> 扫描目录: data\workshop_content\2999183635\mods\LWBetterElectronics\42\media\lua\shared\Translate\EN
     -> 在 'ContextMenu_EN.txt' 中找到 12 个键。
     -> 在 'UI_EN.txt' 中找到 4 个键。
预加载完成: 找到 16 个本地 EN 键。

--- 阶段 1: 扫描 Scripts (L0) ---
  -> 处理: LWBetterElectronics_Items.txt
     -> 新增: 17 个 Item
  -> 处理: LWBetterElectronics_Literature.txt
     -> 新增: 13 个 Item
  -> 处理: LWBetterElectronics_Models.txt
  -> 处理: LWBetterElectronics_Recipes.txt
     -> 新增: 72 个 Recipe
阶段 1 完成: 从 scripts 新生成了 102 条数据。

--- 阶段 2: 合并 L0 与 L1 后，纯净英文基准总计: 118 条数据。---

--- 阶段 3: 从 CN 目录加载了 0 条数据。---

--- 已为 Mod ID 2999183635 更新 118 条键来源映射 ---

--- 正在为 Mod 'LWBetterElectronics' 生成输出文件 ---
    - 最终合并 (output.txt): 118 条
    - 纯净英文 (EN_output.txt): 118 条
    - 纯净中文 (CN_output.txt): 0 条
    - 英文待办 (en_todo.txt): 0 条 (增量)
    - 中文独有 (cn_only.txt): 0 条 (增量)
    - 冲突键 (conflict_keys.txt): 0 条
    -> 正在尝试从 Git 历史记录中获取旧版本: data/output_files/LWBetterElectronics_2999183635/EN_todo.txt
      --> 成功找到旧版本。
     -> 在 'EN_todo.txt (旧版本)' 中找到 0 个键。

处理成功！所有输出文件已保存在 'LWBetterElectronics_2999183635' 文件夹中。
    -> [内存] 已为 Mod 2999183635 记录 Commit SHA: 1e53fab
