

========================= 开始处理 Workshop ID: 3139034529 (MarOccupations) =========================

--- 正在检查已完成的翻译于: data\completed_files\3139034529\en_completed.txt ---
     -> 在 'en_completed.txt' 中找到 394 个键。

--- 正在检查待排除的键于: data\completed_files\3139034529\exclusion_list.txt ---
  -> 排除列表文件 'exclusion_list.txt' 不存在，跳过。

-------------------- 处理子模组: MarOccupations --------------------

--- 正在为 'MarOccupations' 动态查找 'media' 文件夹 ---
  -> 发现版本目录: 42
  -> 正在检查路径的有效性: data\workshop_content\3139034529\mods\MarOccupations\common\media
  --> 路径有效！已将其加入待处理列表。

--- 阶段 1: 扫描所有 media 路径下的翻译文件 (L1) ---
  -> 正在处理 media 路径: data\workshop_content\3139034529\mods\MarOccupations\common\media
  -> 扫描目录: data\workshop_content\3139034529\mods\MarOccupations\common\media\lua\shared\Translate\EN
     -> 在 'Sandbox_EN.txt' 中找到 2 个键。
     -> 在 'UI_EN.txt' 中找到 41 个键。
阶段 1 完成: 从 EN 加载了 43 条数据, 从 CN 加载了 0 条数据。

--- 阶段 2: 扫描所有 Media 路径下的 Scripts (L0) ---
阶段 2 完成: 从 scripts 新生成了 0 条数据。

--- 阶段 3: 合并 L0 与 L1 后，纯净英文基准总计: 43 条数据。---

--- 阶段 4: 检测到 1 个与官方重复的键。---

-------------------- 处理子模组: MarTraits --------------------

--- 正在为 'MarTraits' 动态查找 'media' 文件夹 ---
  -> 发现版本目录: 42
  -> 正在检查路径的有效性: data\workshop_content\3139034529\mods\MarTraits\common\media
  --> 路径有效！已将其加入待处理列表。

--- 阶段 1: 扫描所有 media 路径下的翻译文件 (L1) ---
  -> 正在处理 media 路径: data\workshop_content\3139034529\mods\MarTraits\common\media
  -> 扫描目录: data\workshop_content\3139034529\mods\MarTraits\common\media\lua\shared\Translate\EN
     -> 在 'Moodles_EN.txt' 中找到 16 个键。
     -> 在 'Sandbox_EN.txt' 中找到 27 个键。
     -> 在 'UI_EN.txt' 中找到 86 个键。
阶段 1 完成: 从 EN 加载了 129 条数据, 从 CN 加载了 0 条数据。

--- 阶段 2: 扫描所有 Media 路径下的 Scripts (L0) ---
阶段 2 完成: 从 scripts 新生成了 0 条数据。

--- 阶段 3: 合并 L0 与 L1 后，纯净英文基准总计: 129 条数据。---

--- 已为 Mod ID 3139034529 更新 172 条键来源映射 ---

--- 正在为 Mod 'MarOccupations' 生成输出文件 ---
    - 最终合并 (output.txt): 172 条
    - 纯净英文 (EN_output.txt): 172 条
    - 纯净中文 (CN_output.txt): 0 条
    - 英文待办 (en_todo.txt): 14 条 (增量)
    - 中文独有 (cn_only.txt): 0 条 (增量)
    - 冲突键 (conflict_keys.txt): 1 条
    -> 正在尝试从 Git 历史记录中获取旧版本: data/output_files/MarOccupations_3139034529/EN_todo.txt
      --> 成功找到旧版本。
     -> 在 'EN_todo.txt (旧版本)' 中找到 14 个键。

处理成功！所有输出文件已保存在 'MarOccupations_3139034529' 文件夹中。
    -> [内存] 已为 Mod 3139034529 记录 Commit SHA: c27285b
