

========================= 开始处理 Workshop ID: 2705406713 (Military_Tool_Kit) =========================

--- 正在检查已完成的翻译于: data/completed_files/2705406713/en_completed.txt ---
     -> 在 'en_completed.txt' 中找到 28 个键。

--- 正在检查待排除的键于: data/completed_files/2705406713/exclusion_list.txt ---
  -> 排除列表文件 'exclusion_list.txt' 不存在，跳过。

-------------------- 处理子模组: Military Tool Kit --------------------

--- 正在为 'Military Tool Kit' 动态查找 'media' 文件夹 ---
  -> 发现版本目录: 42
  -> 正在检查路径的有效性: data/workshop_content/2705406713/mods/Military Tool Kit/42/media
  --> 路径有效！将使用此路径进行处理: data/workshop_content/2705406713/mods/Military Tool Kit/42/media

--- 预加载 EN (L1) 数据 ---
预加载完成: 找到 0 个本地 EN 键。

--- 阶段 1: 扫描 Scripts (L0) ---
  -> 处理: Papa_Chad_Itens.txt
     -> 新增: 18 个 Item
  -> 处理: Papa_Chad_Parts.txt
  -> 处理: Papa_Chad_Recipes.txt
     -> 新增: 5 个 Recipe
  -> 处理: Papa_Chad_Sounds.txt
  -> 处理: Papa_Chad_Template_Common.txt
  -> 处理: Papa_Chad_Template_Seats.txt
  -> 处理: Papa_Chad_Template_Turret.txt
阶段 1 完成: 从 scripts 新生成了 23 条数据。

--- 阶段 2: 合并 L0 与 L1 后，纯净英文基准总计: 23 条数据。---

--- 阶段 3: 从 CN 目录加载了 0 条数据。---

--- 阶段 4: 检测到 1 个与官方重复的键。---

--- 已为 Mod ID 2705406713 更新 23 条键来源映射 ---

--- 正在为 Mod 'Military_Tool_Kit' 生成输出文件 ---
    - 最终合并 (output.txt): 23 条
    - 纯净英文 (EN_output.txt): 23 条
    - 纯净中文 (CN_output.txt): 0 条
    - 英文待办 (en_todo.txt): 4 条 (增量)
    - 中文独有 (cn_only.txt): 0 条 (增量)
    - 冲突键 (conflict_keys.txt): 1 条
    -> 正在尝试从 Git 历史记录中获取旧版本: data/output_files/Military_Tool_Kit_2705406713/EN_todo.txt
      --> 成功找到旧版本。
     -> 在 'EN_todo.txt (旧版本)' 中找到 4 个键。

处理成功！所有输出文件已保存在 'Military_Tool_Kit_2705406713' 文件夹中。
    -> [内存] 已为 Mod 2705406713 记录 Commit SHA: 6301ee2
