

========================= 开始处理 Workshop ID: 3383901556 (Modern_&_Historical_Firearms_Bundle) =========================

--- 正在检查已完成的翻译于: data\completed_files\3383901556\en_completed.txt ---
     -> 在 'en_completed.txt' 中找到 146 个键。

--- 正在检查待排除的键于: data\completed_files\3383901556\exclusion_list.txt ---
  -> 排除列表文件 'exclusion_list.txt' 不存在，跳过。

-------------------- 处理子模组: Modern & Historical Firearms Bundle --------------------

--- 正在为 'Modern & Historical Firearms Bundle' 动态查找 'media' 文件夹 ---
  -> 发现版本目录: 42.0
  -> 正在检查路径的有效性: data\workshop_content\3383901556\mods\Modern & Historical Firearms Bundle\42.0\media
  --> 路径有效！已将其加入待处理列表。

--- 阶段 1: 扫描所有 media 路径下的翻译文件 (L1) ---
  -> 正在处理 media 路径: data\workshop_content\3383901556\mods\Modern & Historical Firearms Bundle\42.0\media
  -> 扫描目录: data\workshop_content\3383901556\mods\Modern & Historical Firearms Bundle\42.0\media\lua\shared\Translate\EN
     -> 在 'ContextMenu_EN.txt' 中找到 2 个键。
     -> 在 'Sandbox_EN.txt' 中找到 60 个键。
阶段 1 完成: 从 EN 加载了 62 条数据, 从 CN 加载了 0 条数据。

--- 阶段 2: 扫描所有 Media 路径下的 Scripts (L0) ---
  -> 正在处理 Scripts 路径: data\workshop_content\3383901556\mods\Modern & Historical Firearms Bundle\42.0\media\scripts
    -> 处理: items\MH_items_weapons_ammunition.txt
     -> 新增: 25 个 Item
    -> 处理: items\MH_items_weapons_attachments.txt
     -> 新增: 2 个 Item
    -> 处理: items\MH_items_weapons_firearms.txt
     -> 新增: 57 个 Item
    -> 处理: MH_fixing.txt
    -> 处理: MH_models_items.txt
    -> 处理: MH_models_weapons.txt
阶段 2 完成: 从 scripts 新生成了 84 条数据。

--- 阶段 3: 合并 L0 与 L1 后，纯净英文基准总计: 146 条数据。---

--- 阶段 4: 检测到 2 个与官方重复的键。---

--- 已为 Mod ID 3383901556 更新 146 条键来源映射 ---

--- 正在为 Mod 'Modern_&_Historical_Firearms_Bundle' 生成输出文件 ---
    - 最终合并 (output.txt): 146 条
    - 纯净英文 (EN_output.txt): 146 条
    - 纯净中文 (CN_output.txt): 0 条
    - 英文待办 (en_todo.txt): 0 条 (增量)
    - 中文独有 (cn_only.txt): 0 条 (增量)
    - 冲突键 (conflict_keys.txt): 2 条
    -> 正在尝试从 Git 历史记录中获取旧版本: data/output_files/Modern_&_Historical_Firearms_Bundle_3383901556/EN_todo.txt
      --> 成功找到旧版本。
     -> 在 'EN_todo.txt (旧版本)' 中找到 0 个键。

处理成功！所有输出文件已保存在 'Modern_&_Historical_Firearms_Bundle_3383901556' 文件夹中。
    -> [内存] 已为 Mod 3383901556 记录 Commit SHA: 5f89011
