

========================= 开始处理 Workshop ID: 3406930410 (MRE_XIII_(1993)_-_Meal_Ready_to_Eat_MOD_Real_version) =========================

--- 正在检查已完成的翻译于: data\completed_files\3406930410\en_completed.txt ---
     -> 在 'en_completed.txt' 中找到 0 个键。

--- 正在检查待排除的键于: data\completed_files\3406930410\exclusion_list.txt ---
  -> 排除列表文件 'exclusion_list.txt' 不存在，跳过。

-------------------- 处理子模组: MRE XIII (1993) - Meal Ready to Eat MOD Real version --------------------

--- 正在为 'MRE XIII (1993) - Meal Ready to Eat MOD Real version' 动态查找 'media' 文件夹 ---
  -> 发现版本目录: 42
  -> 正在检查路径的有效性: data\workshop_content\3406930410\mods\MRE XIII (1993) - Meal Ready to Eat MOD Real version\common\media
  --> 路径有效！将使用此路径进行处理: data\workshop_content\3406930410\mods\MRE XIII (1993) - Meal Ready to Eat MOD Real version\common\media

--- 预加载 EN (L1) 数据 ---
  -> 扫描目录: data\workshop_content\3406930410\mods\MRE XIII (1993) - Meal Ready to Eat MOD Real version\common\media\lua\shared\Translate\EN
     -> 在 'ContextMenu_EN.txt' 中找到 1 个键。
     -> 在 'Fluids_EN.txt' 中找到 4 个键。
     -> 在 'IG_UI_EN.txt' 中找到 12 个键。
     -> 在 'ItemName_EN.txt' 中找到 65 个键。
     -> 在 'Recipes_EN.txt' 中找到 24 个键。
预加载完成: 找到 106 个本地 EN 键。

--- 阶段 1: 扫描 Scripts (L0) ---
  -> 处理: USMRE_EvolvedRecipes.txt
     -> 新增: 1 个 Recipe
  -> 处理: USMRE_Fluids.txt
  -> 处理: USMRE_items.txt
     -> 新增: 4 个 Item
  -> 处理: USMRE_models_items.txt
  -> 处理: USMRE_recipes.txt
     -> 新增: 25 个 Recipe
阶段 1 完成: 从 scripts 新生成了 30 条数据。

--- 阶段 2: 合并 L0 与 L1 后，纯净英文基准总计: 136 条数据。---
  -> 扫描目录: data\workshop_content\3406930410\mods\MRE XIII (1993) - Meal Ready to Eat MOD Real version\common\media\lua\shared\Translate\CN
     -> 在 'IG_UI_CN.txt' 中找到 12 个键。
     -> 在 'ItemName_CN.txt' 中找到 0 个键。
     -> 在 'Items_CN.txt' 中找到 0 个键。
     -> 在 'Recipes_CN.txt' 中找到 13 个键。

--- 阶段 3: 从 CN 目录加载了 25 条数据。---

--- 阶段 4: 检测到 1 个与官方重复的键。---

--- 已为 Mod ID 3406930410 更新 149 条键来源映射 ---

--- 正在为 Mod 'MRE_XIII_(1993)_-_Meal_Ready_to_Eat_MOD_Real_version' 生成输出文件 ---
    - 最终合并 (output.txt): 149 条
    - 纯净英文 (EN_output.txt): 136 条
    - 纯净中文 (CN_output.txt): 25 条
    - 英文待办 (en_todo.txt): 124 条 (增量)
    - 中文独有 (cn_only.txt): 13 条 (增量)
    - 冲突键 (conflict_keys.txt): 1 条
    -> 正在尝试从 Git 历史记录中获取旧版本: data/output_files/MRE_XIII_(1993)_-_Meal_Ready_to_Eat_MOD_Real_version_3406930410/EN_todo.txt
      --> 成功找到旧版本。
    -> 基线日志已存档到: data\logs\archive\MRE_XIII_(1993)_-_Meal_Ready_to_Eat_MOD_Real_version_3406930410_baseline_run_20251021_145806.json

处理成功！所有输出文件已保存在 'MRE_XIII_(1993)_-_Meal_Ready_to_Eat_MOD_Real_version_3406930410' 文件夹中。
    -> [内存] 已为 Mod 3406930410 记录 Commit SHA: e6bb7ca
