

========================= 开始处理 Workshop ID: 3404956403 (N&C's_Narcotics) =========================

--- 正在检查已完成的翻译于: data/completed_files/3404956403/en_completed.txt ---
  -> 文件 'en_completed.txt' 在目标位置不存在，将自动创建。

--- 正在检查待排除的键于: data/completed_files/3404956403/exclusion_list.txt ---
  -> 排除列表文件 'exclusion_list.txt' 不存在，跳过。

-------------------- 处理子模组: N&C's Narcotics --------------------

--- 正在为 'N&C's Narcotics' 动态查找 'media' 文件夹 ---
  -> 发现版本目录: 42
  -> 正在检查路径的有效性: data/workshop_content/3404956403/mods/N&C's Narcotics/42/media
  --> 路径有效！已将其加入待处理列表。

--- 阶段 1: 扫描所有 media 路径下的翻译文件 (L1) ---
  -> 正在处理 media 路径: data/workshop_content/3404956403/mods/N&C's Narcotics/42/media
  -> 扫描目录: data/workshop_content/3404956403/mods/N&C's Narcotics/42/media/lua/shared/Translate/EN
     -> 在 'ContextMenu_EN.txt' 中找到 4 个键。
     -> 在 'Farming_EN.txt' 中找到 5 个键。
     -> 在 'IG_UI_EN.txt' 中找到 1 个键。
     -> 在 'ItemName_EN.txt' 中找到 182 个键。
     -> 在 'Moodles_EN.txt' 中找到 52 个键。
     -> 在 'Recipes_EN.txt' 中找到 65 个键。
     -> 在 'Sandbox_EN.txt' 中找到 11 个键。
     -> 在 'Tooltip_EN.txt' 中找到 59 个键。
     -> 在 'UI_EN.txt' 中找到 17 个键。
阶段 1 完成: 从 EN 加载了 396 条数据, 从 CN 加载了 0 条数据。

--- 阶段 2: 扫描所有 Media 路径下的 Scripts (L0) ---
  -> 正在处理 Scripts 路径: data/workshop_content/3404956403/mods/N&C's Narcotics/42/media/scripts
    -> 处理: NnC_GlassmakingRecipes.txt
     -> 新增: 1 个 Recipe
    -> 处理: NnC_MainNarcotics.txt
     -> 新增: 1 个 Item
    -> 处理: NnC_MainNarcoticsRecipes.txt
    -> 处理: NnC_Models.txt
    -> 处理: NnC_Sounds.txt
    -> 处理: NnC_Weed+Farming.txt
     -> 新增: 8 个 Item
    -> 处理: NnC_WeedEdibles.txt
    -> 处理: NnC_WeedEdiblesRecipes.txt
    -> 处理: NnC_WeedRecipes.txt
    -> 处理: NnC_WeedSmokables.txt
     -> 新增: 4 个 Item
阶段 2 完成: 从 scripts 新生成了 14 条数据。

--- 阶段 3: 合并 L0 与 L1 后，纯净英文基准总计: 410 条数据。---

--- 阶段 4: 检测到 2 个与官方重复的键。---

--- 已为 Mod ID 3404956403 更新 410 条键来源映射 ---

--- 正在为 Mod 'N&C's_Narcotics' 生成输出文件 ---
    - 最终合并 (output.txt): 410 条
    - 纯净英文 (EN_output.txt): 410 条
    - 纯净中文 (CN_output.txt): 0 条
    - 英文待办 (en_todo.txt): 410 条 (增量)
    - 中文独有 (cn_only.txt): 0 条 (增量)
    - 冲突键 (conflict_keys.txt): 2 条
    -> 正在尝试从 Git 历史记录中获取旧版本: data/output_files/N&C's_Narcotics_3404956403/EN_todo.txt
      --> 在 Git 历史记录中未找到该文件，视为全新。
    -> 基线日志已存档到: data/logs/archive/N&C's_Narcotics_3404956403_baseline_run_20251112_040359.json

处理成功！所有输出文件已保存在 'N&C's_Narcotics_3404956403' 文件夹中。
    -> [内存] 已为 Mod 3404956403 记录 Commit SHA: 7385369
