

========================= 开始处理 Workshop ID: 3508243687 (NCR_-_Trooper_Pack) =========================

--- 正在检查已完成的翻译于: data\completed_files\3508243687\en_completed.txt ---
     -> 在 'en_completed.txt' 中找到 46 个键。

--- 正在检查待排除的键于: data\completed_files\3508243687\exclusion_list.txt ---
  -> 排除列表文件 'exclusion_list.txt' 不存在，跳过。

-------------------- 处理子模组: NCR - Trooper Pack --------------------

--- 正在为 'NCR - Trooper Pack' 动态查找 'media' 文件夹 ---
  -> 发现版本目录: 42
  -> 正在检查路径的有效性: data\workshop_content\3508243687\mods\NCR - Trooper Pack\42\media
  --> 路径有效！已将其加入待处理列表。

--- 阶段 1: 扫描所有 media 路径下的翻译文件 (L1) ---
  -> 正在处理 media 路径: data\workshop_content\3508243687\mods\NCR - Trooper Pack\42\media
  -> 扫描目录: data\workshop_content\3508243687\mods\NCR - Trooper Pack\42\media\lua\shared\Translate\EN
     -> 在 'ContextMenu_EN.txt' 中找到 0 个键。
     -> 在 'Recipes_EN.txt' 中找到 16 个键。
     -> 在 'Tooltip_EN.txt' 中找到 1 个键。
阶段 1 完成: 从 EN 加载了 17 条数据, 从 CN 加载了 0 条数据。

--- 阶段 2: 扫描所有 Media 路径下的 Scripts (L0) ---
  -> 正在处理 Scripts 路径: data\workshop_content\3508243687\mods\NCR - Trooper Pack\42\media\scripts
    -> 处理: clothing\ncr_accessories.txt
     -> 新增: 4 个 Item
    -> 处理: clothing\ncr_bandolier.txt
     -> 新增: 2 个 Item
    -> 处理: clothing\ncr_clothing.txt
     -> 新增: 2 个 Item
    -> 处理: clothing\ncr_hats.txt
     -> 新增: 2 个 Item
    -> 处理: clothing\ncr_helmets.txt
     -> 新增: 1 个 Item
    -> 处理: clothing\ncr_masks.txt
     -> 新增: 2 个 Item
    -> 处理: clothing\ncr_shoes.txt
     -> 新增: 1 个 Item
    -> 处理: clothing\ncr_vest.txt
     -> 新增: 1 个 Item
    -> 处理: models\ncr_clothing_models.txt
    -> 处理: models\ncr_misc_models.txt
    -> 处理: ncr_magazine.txt
     -> 新增: 1 个 Item
    -> 处理: ncr_recipes.txt
     -> 新增: 14 个 Recipe
阶段 2 完成: 从 scripts 新生成了 30 条数据。

--- 阶段 3: 合并 L0 与 L1 后，纯净英文基准总计: 47 条数据。---

--- 阶段 4: 检测到 1 个与官方重复的键。---

--- 阶段 4: 检测到 1 个与官方重复的键。---

--- 已为 Mod ID 3508243687 更新 47 条键来源映射 ---

--- 正在为 Mod 'NCR_-_Trooper_Pack' 生成输出文件 ---
    - 最终合并 (output.txt): 47 条
    - 纯净英文 (EN_output.txt): 47 条
    - 纯净中文 (CN_output.txt): 0 条
    - 英文待办 (en_todo.txt): 1 条 (增量)
    - 中文独有 (cn_only.txt): 0 条 (增量)
    - 冲突键 (conflict_keys.txt): 1 条
    -> 正在尝试从 Git 历史记录中获取旧版本: data/output_files/NCR_-_Trooper_Pack_3508243687/EN_todo.txt
      --> 成功找到旧版本。
     -> 在 'EN_todo.txt (旧版本)' 中找到 1 个键。

处理成功！所有输出文件已保存在 'NCR_-_Trooper_Pack_3508243687' 文件夹中。
    -> [内存] 已为 Mod 3508243687 记录 Commit SHA: 4f4040a
