

========================= 开始处理 Workshop ID: 3535295548 (newcontainers_B42) =========================

--- 正在检查已完成的翻译于: data/completed_files/3535295548/en_completed.txt ---
     -> 在 'en_completed.txt' 中找到 253 个键。

--- 正在检查待排除的键于: data/completed_files/3535295548/exclusion_list.txt ---
  -> 排除列表文件 'exclusion_list.txt' 不存在，跳过。

-------------------- 处理子模组: newcontainers_B42 --------------------

--- 正在为 'newcontainers_B42' 动态查找 'media' 文件夹 ---
  -> 发现版本目录: 42.0
  -> 正在检查路径的有效性: data/workshop_content/3535295548/mods/newcontainers_B42/42.0/media
  --> 路径有效！将使用此路径进行处理: data/workshop_content/3535295548/mods/newcontainers_B42/42.0/media

--- 预加载 EN (L1) 数据 ---
  -> 扫描目录: data/workshop_content/3535295548/mods/newcontainers_B42/42.0/media/lua/shared/Translate/EN
     -> 在 'ContextMenu_EN.txt' 中找到 1 个键。
     -> 在 'Fluids_EN.txt' 中找到 20 个键。
     -> 在 'ItemName_EN.txt' 中找到 77 个键。
     -> 在 'Recipes_EN.txt' 中找到 12 个键。
     -> 在 'Sandbox_EN.txt' 中找到 119 个键。
     -> 在 'UI_EN.txt' 中找到 1 个键。
预加载完成: 找到 230 个本地 EN 键。

--- 阶段 1: 扫描 Scripts (L0) ---
  -> 处理: clothing/newcontainers_clothing_bags.txt
  -> 处理: newcontainers_attachments.txt
  -> 处理: newcontainers_items.txt
     -> 新增: 4 个 Item
  -> 处理: newcontainers_items_food.txt
     -> 新增: 2 个 Item
  -> 处理: newcontainers_models_items.txt
  -> 处理: newcontainers_recipes.txt
     -> 新增: 5 个 Recipe
  -> 处理: newcontainers_sound.txt
阶段 1 完成: 从 scripts 新生成了 11 条数据。

--- 阶段 2: 合并 L0 与 L1 后，纯净英文基准总计: 241 条数据。---
  -> 扫描目录: data/workshop_content/3535295548/mods/newcontainers_B42/42.0/media/lua/shared/Translate/CN
     -> 在 'ItemName_CN.txt' 中找到 119 个键。
     -> 在 'Recipes_CN.txt' 中找到 22 个键。
     -> 在 'Sandbox_CN.txt' 中找到 119 个键。

--- 阶段 3: 从 CN 目录加载了 260 条数据。---

--- 阶段 4: 检测到 3 个与官方重复的键。---

--- 已为 Mod ID 3535295548 更新 330 条键来源映射 ---

--- 正在为 Mod 'newcontainers_B42' 生成输出文件 ---
    - 最终合并 (output.txt): 330 条
    - 纯净英文 (EN_output.txt): 241 条
    - 纯净中文 (CN_output.txt): 260 条
    - 英文待办 (en_todo.txt): 15 条 (增量)
    - 中文独有 (cn_only.txt): 89 条 (增量)
    - 冲突键 (conflict_keys.txt): 3 条
    -> 正在尝试从 Git 历史记录中获取旧版本: data/output_files/newcontainers_B42_3535295548/EN_todo.txt
      --> 成功找到旧版本。
     -> 在 'EN_todo.txt (旧版本)' 中找到 15 个键。

处理成功！所有输出文件已保存在 'newcontainers_B42_3535295548' 文件夹中。
    -> [内存] 已为 Mod 3535295548 记录 Commit SHA: e2990b2
