

========================= 开始处理 Workshop ID: 3594804663 (OrganizedPlunderer) =========================

--- 正在检查已完成的翻译于: data/completed_files/3594804663/en_completed.txt ---
  -> 文件 'en_completed.txt' 在目标位置不存在，将自动创建。

--- 正在检查待排除的键于: data/completed_files/3594804663/exclusion_list.txt ---
  -> 排除列表文件 'exclusion_list.txt' 不存在，跳过。

-------------------- 处理子模组: OrganizedPlunderer --------------------

--- 正在为 'OrganizedPlunderer' 动态查找 'media' 文件夹 ---
  -> 发现版本目录: 42
  -> 正在检查路径的有效性: data/workshop_content/3594804663/mods/OrganizedPlunderer/42/media
  --> 路径有效！将使用此路径进行处理: data/workshop_content/3594804663/mods/OrganizedPlunderer/42/media

--- 预加载 EN (L1) 数据 ---
  -> 扫描目录: data/workshop_content/3594804663/mods/OrganizedPlunderer/42/media/lua/shared/Translate/EN
     -> 在 'ContextMenu_EN.txt' 中找到 6 个键。
     -> 在 'Tooltip_EN.txt' 中找到 2 个键。
     -> 在 'UI_EN.txt' 中找到 6 个键。
预加载完成: 找到 14 个本地 EN 键。

--- 阶段 1: 扫描 Scripts (L0) ---
  -> 警告：未找到 Scripts 目录，跳过。
阶段 1 完成: 从 scripts 新生成了 0 条数据。

--- 阶段 2: 合并 L0 与 L1 后，纯净英文基准总计: 14 条数据。---
  -> 扫描目录: data/workshop_content/3594804663/mods/OrganizedPlunderer/42/media/lua/shared/Translate/CN
     -> 在 'ContextMenu_CN.txt' 中找到 6 个键。
     -> 在 'Tooltip_CN.txt' 中找到 2 个键。
     -> 在 'UI_CN.txt' 中找到 6 个键。

--- 阶段 3: 从 CN 目录加载了 14 条数据。---

--- 已为 Mod ID 3594804663 更新 14 条键来源映射 ---

--- 正在为 Mod 'OrganizedPlunderer' 生成输出文件 ---
    - 最终合并 (output.txt): 14 条
    - 纯净英文 (EN_output.txt): 14 条
    - 纯净中文 (CN_output.txt): 14 条
    - 英文待办 (en_todo.txt): 0 条 (增量)
    - 中文独有 (cn_only.txt): 0 条 (增量)
    - 冲突键 (conflict_keys.txt): 0 条
    -> 正在尝试从 Git 历史记录中获取旧版本: data/output_files/OrganizedPlunderer_3594804663/EN_todo.txt
      --> 在 Git 历史记录中未找到该文件，视为全新。

处理成功！所有输出文件已保存在 'OrganizedPlunderer_3594804663' 文件夹中。
    -> 警告：未能获取 Mod 3594804663 的完成文件SHA，状态未记录。
