

========================= 开始处理 Workshop ID: 3599368309 (PainSense) =========================

--- 正在检查已完成的翻译于: data/completed_files/3599368309/en_completed.txt ---
  -> 文件 'en_completed.txt' 在目标位置不存在，将自动创建。

--- 正在检查待排除的键于: data/completed_files/3599368309/exclusion_list.txt ---
  -> 排除列表文件 'exclusion_list.txt' 不存在，跳过。

-------------------- 处理子模组: PainSense --------------------

--- 正在为 'PainSense' 动态查找 'media' 文件夹 ---
  -> 发现版本目录: 42
  -> 正在检查路径的有效性: data/workshop_content/3599368309/mods/PainSense/42/media
  --> 路径有效！将使用此路径进行处理: data/workshop_content/3599368309/mods/PainSense/42/media

--- 预加载 EN (L1) 数据 ---
  -> 扫描目录: data/workshop_content/3599368309/mods/PainSense/42/media/lua/shared/Translate/EN
     -> 在 'UI_EN.txt' 中找到 33 个键。
预加载完成: 找到 33 个本地 EN 键。

--- 阶段 1: 扫描 Scripts (L0) ---
  -> 警告：未找到 Scripts 目录，跳过。
阶段 1 完成: 从 scripts 新生成了 0 条数据。

--- 阶段 2: 合并 L0 与 L1 后，纯净英文基准总计: 33 条数据。---
  -> 扫描目录: data/workshop_content/3599368309/mods/PainSense/42/media/lua/shared/Translate/CN
     -> 在 'UI_CN.txt' 中找到 33 个键。

--- 阶段 3: 从 CN 目录加载了 33 条数据。---

--- 已为 Mod ID 3599368309 更新 33 条键来源映射 ---

--- 正在为 Mod 'PainSense' 生成输出文件 ---
    - 最终合并 (output.txt): 33 条
    - 纯净英文 (EN_output.txt): 33 条
    - 纯净中文 (CN_output.txt): 33 条
    - 英文待办 (en_todo.txt): 0 条 (增量)
    - 中文独有 (cn_only.txt): 0 条 (增量)
    - 冲突键 (conflict_keys.txt): 0 条
    -> 正在尝试从 Git 历史记录中获取旧版本: data/output_files/PainSense_3599368309/EN_todo.txt
      --> 在 Git 历史记录中未找到该文件，视为全新。

处理成功！所有输出文件已保存在 'PainSense_3599368309' 文件夹中。
    -> 警告：未能获取 Mod 3599368309 的完成文件SHA，状态未记录。
