

========================= 开始处理 Workshop ID: 3603108864 (people_eater) =========================

--- 正在检查已完成的翻译于: data/completed_files/3603108864/en_completed.txt ---
  -> 文件 'en_completed.txt' 在目标位置不存在，将自动创建。

--- 正在检查待排除的键于: data/completed_files/3603108864/exclusion_list.txt ---
  -> 排除列表文件 'exclusion_list.txt' 不存在，跳过。

-------------------- 处理子模组: people eater --------------------

--- 正在为 'people eater' 动态查找 'media' 文件夹 ---
  -> 发现版本目录: 42
  -> 正在检查路径的有效性: data/workshop_content/3603108864/mods/people eater/42/media
  --> 路径有效！已将其加入待处理列表。

--- 阶段 1: 扫描所有 media 路径下的翻译文件 (L1) ---
  -> 正在处理 media 路径: data/workshop_content/3603108864/mods/people eater/42/media
  -> 扫描目录: data/workshop_content/3603108864/mods/people eater/42/media/lua/shared/Translate/EN
     -> 在 'IG_UI_EN.txt' 中找到 1 个键。
阶段 1 完成: 从 EN 加载了 1 条数据, 从 CN 加载了 0 条数据。

--- 阶段 2: 扫描所有 Media 路径下的 Scripts (L0) ---
  -> 正在处理 Scripts 路径: data/workshop_content/3603108864/mods/people eater/42/media/scripts
    -> 处理: PeopleEater.txt
    -> 处理: Trailer1.txt
    -> 处理: Trailerpart2.txt
    -> 处理: template_PeopleEater_accesories.txt
    -> 处理: template_PeopleEater_armor.txt
    -> 处理: template_PeopleEater_bumpers.txt
    -> 处理: template_PeopleEater_doors.txt
    -> 处理: template_PeopleEater_seats.txt
    -> 处理: template_PeopleEater_trunkdoor.txt
    -> 处理: template_PeopleEater_trunks.txt
    -> 处理: template_PeopleEater_windows.txt
    -> 处理: template_PeopleEater_windshields.txt
阶段 2 完成: 从 scripts 新生成了 0 条数据。

--- 阶段 3: 合并 L0 与 L1 后，纯净英文基准总计: 1 条数据。---

--- 已为 Mod ID 3603108864 更新 1 条键来源映射 ---

--- 正在为 Mod 'people_eater' 生成输出文件 ---
    - 最终合并 (output.txt): 1 条
    - 纯净英文 (EN_output.txt): 1 条
    - 纯净中文 (CN_output.txt): 0 条
    - 英文待办 (en_todo.txt): 1 条 (增量)
    - 中文独有 (cn_only.txt): 0 条 (增量)
    - 冲突键 (conflict_keys.txt): 0 条
    -> 正在尝试从 Git 历史记录中获取旧版本: data/output_files/people_eater_3603108864/EN_todo.txt
      --> 在 Git 历史记录中未找到该文件，视为全新。
    -> 基线日志已存档到: data/logs/archive/people_eater_3603108864_baseline_run_20251113_040436.json

处理成功！所有输出文件已保存在 'people_eater_3603108864' 文件夹中。
    -> 警告：未能获取 Mod 3603108864 的完成文件SHA，状态未记录。

--- 所有模组处理循环结束，正在保存最终运行状态 ---

--- 应用正则表达式来源覆盖规则 ---
成功加载 6 条正则表达式规则。
  -> 规则 #4 ('^PZKMZ_Recipes$...') 匹配并更新了 1 个键。
  -> 规则 #5 ('^IGUI$...') 匹配并更新了 1 个键。
成功通过正则表达式规则更新了 2 个键的来源。

--- 正在合并手动分类的键来源 ---
  -> 未发现需要合并的手动分类条目。
全局键来源映射已成功保存到: translation_utils/key_source_map.json

增量更新日志已记录到: data/logs/update_log.json

--- 开始生成状态报告 ---
状态报告生成脚本输出:
--- 开始生成状态报告 ---
  -> STATUS.md 已生成。
  -> README.md 中的徽章无需更新。
--- 所有报告生成完毕 ---

