

========================= 开始处理 Workshop ID: 2837923608 (Perts_Party_Tiles) =========================

--- 正在检查已完成的翻译于: data\completed_files\2837923608\en_completed.txt ---
     -> 在 'en_completed.txt' 中找到 22 个键。

--- 正在检查待排除的键于: data\completed_files\2837923608\exclusion_list.txt ---
  -> 排除列表文件 'exclusion_list.txt' 不存在，跳过。

-------------------- 处理子模组: Perts Party Tiles --------------------

--- 正在为 'Perts Party Tiles' 动态查找 'media' 文件夹 ---
  -> 正在检查路径的有效性: data\workshop_content\2837923608\mods\Perts Party Tiles\common\media
  --> 路径有效！已将其加入待处理列表。
  -> 正在检查路径的有效性: data\workshop_content\2837923608\mods\Perts Party Tiles\media
  --> 路径有效！已将其加入待处理列表。

--- 阶段 1: 扫描所有 media 路径下的翻译文件 (L1) ---
  -> 正在处理 media 路径: data\workshop_content\2837923608\mods\Perts Party Tiles\common\media
  -> 扫描目录: data\workshop_content\2837923608\mods\Perts Party Tiles\common\media\lua\shared\Translate\EN
     -> 在 'IG_UI_EN.txt' 中找到 5 个键。
     -> 在 'Tooltip_EN.txt' 中找到 3 个键。
  -> 正在处理 media 路径: data\workshop_content\2837923608\mods\Perts Party Tiles\media
  -> 扫描目录: data\workshop_content\2837923608\mods\Perts Party Tiles\media\lua\shared\Translate\EN
     -> 在 'Tooltip_EN.txt' 中找到 3 个键。
阶段 1 完成: 从 EN 加载了 8 条数据, 从 CN 加载了 0 条数据。

--- 阶段 2: 扫描所有 Media 路径下的 Scripts (L0) ---
  -> 正在处理 Scripts 路径: data\workshop_content\2837923608\mods\Perts Party Tiles\common\media\scripts
    -> 处理: clothing\clothing_pert.txt
     -> 新增: 1 个 Item
    -> 处理: Overlook_literature.txt
     -> 新增: 4 个 Item
    -> 处理: OverlookFireaxebase.txt
    -> 处理: OverlookFireaxeweapons.txt
    -> 处理: PertsItems.txt
     -> 新增: 9 个 Item
    -> 处理: PertsMesh.txt
  -> 正在处理 Scripts 路径: data\workshop_content\2837923608\mods\Perts Party Tiles\media\scripts
    -> 处理: clothing\clothing_pert.txt
    -> 处理: Overlook_literature.txt
    -> 处理: OverlookFireaxebase.txt
    -> 处理: OverlookFireaxeweapons.txt
    -> 处理: PertsItems.txt
    -> 处理: PertsMesh.txt
阶段 2 完成: 从 scripts 新生成了 14 条数据。

--- 阶段 3: 合并 L0 与 L1 后，纯净英文基准总计: 22 条数据。---

--- 已为 Mod ID 2837923608 更新 22 条键来源映射 ---

--- 正在为 Mod 'Perts_Party_Tiles' 生成输出文件 ---
    - 最终合并 (output.txt): 22 条
    - 纯净英文 (EN_output.txt): 22 条
    - 纯净中文 (CN_output.txt): 0 条
    - 英文待办 (en_todo.txt): 0 条 (增量)
    - 中文独有 (cn_only.txt): 0 条 (增量)
    - 冲突键 (conflict_keys.txt): 0 条
    -> 正在尝试从 Git 历史记录中获取旧版本: data/output_files/Perts_Party_Tiles_2837923608/EN_todo.txt
      --> 成功找到旧版本。
     -> 在 'EN_todo.txt (旧版本)' 中找到 0 个键。

处理成功！所有输出文件已保存在 'Perts_Party_Tiles_2837923608' 文件夹中。
    -> [内存] 已为 Mod 2837923608 记录 Commit SHA: 764881d
