

========================= 开始处理 Workshop ID: 3434691822 (PFO_GUNRUNNER) =========================

--- 正在检查已完成的翻译于: data\completed_files\3434691822\en_completed.txt ---
     -> 在 'en_completed.txt' 中找到 35 个键。

--- 正在检查待排除的键于: data\completed_files\3434691822\exclusion_list.txt ---
  -> 排除列表文件 'exclusion_list.txt' 不存在，跳过。

-------------------- 处理子模组: PFO_GUNRUNNER --------------------

--- 正在为 'PFO_GUNRUNNER' 动态查找 'media' 文件夹 ---
  -> 发现版本目录: 42
  -> 正在检查路径的有效性: data\workshop_content\3434691822\mods\PFO_GUNRUNNER\Common\media
  --> 路径有效！已将其加入待处理列表。
  -> 正在检查路径的有效性: data\workshop_content\3434691822\mods\PFO_GUNRUNNER\42\media
  --> 路径有效！已将其加入待处理列表。

--- 阶段 1: 扫描所有 media 路径下的翻译文件 (L1) ---
  -> 正在处理 media 路径: data\workshop_content\3434691822\mods\PFO_GUNRUNNER\Common\media
  -> 正在处理 media 路径: data\workshop_content\3434691822\mods\PFO_GUNRUNNER\42\media
  -> 扫描目录: data\workshop_content\3434691822\mods\PFO_GUNRUNNER\42\media\lua\shared\Translate\EN
     -> 在 'Sandbox_EN.txt' 中找到 35 个键。
阶段 1 完成: 从 EN 加载了 35 条数据, 从 CN 加载了 0 条数据。

--- 阶段 2: 扫描所有 Media 路径下的 Scripts (L0) ---
  -> 正在处理 Scripts 路径: data\workshop_content\3434691822\mods\PFO_GUNRUNNER\Common\media\scripts
    -> 处理: Melee\PFO_Melee.txt
     -> 新增: 11 个 Item
    -> 处理: Melee\PFO_Melee_LDR.txt
    -> 处理: PFO_GUNRUNNER_AMMO.txt
     -> 新增: 42 个 Item
    -> 处理: PFO_GUNRUNNER_RECIPES.txt
     -> 新增: 40 个 Recipe
    -> 处理: PFO_MODEL_LDR.txt
    -> 处理: PFO_SOUND_EVENTS.txt
    -> 处理: PFO_VFX_ITEMS.txt
     -> 新增: 12 个 Item
    -> 处理: PFO_WEAPONS.txt
     -> 新增: 119 个 Item
阶段 2 完成: 从 scripts 新生成了 224 条数据。

--- 阶段 3: 合并 L0 与 L1 后，纯净英文基准总计: 259 条数据。---

--- 阶段 4: 检测到 1 个与官方重复的键。---

--- 已为 Mod ID 3434691822 更新 259 条键来源映射 ---

--- 正在为 Mod 'PFO_GUNRUNNER' 生成输出文件 ---
    - 最终合并 (output.txt): 259 条
    - 纯净英文 (EN_output.txt): 259 条
    - 纯净中文 (CN_output.txt): 0 条
    - 英文待办 (en_todo.txt): 224 条 (增量)
    - 中文独有 (cn_only.txt): 0 条 (增量)
    - 冲突键 (conflict_keys.txt): 1 条
    -> 正在尝试从 Git 历史记录中获取旧版本: data/output_files/PFO_GUNRUNNER_3434691822/EN_todo.txt
      --> 成功找到旧版本。
     -> 在 'EN_todo.txt (旧版本)' 中找到 224 个键。

处理成功！所有输出文件已保存在 'PFO_GUNRUNNER_3434691822' 文件夹中。
    -> [内存] 已为 Mod 3434691822 记录 Commit SHA: 104640c
