

========================= 开始处理 Workshop ID: 3294592194 (Pickup_ATM_N_FirePlace) =========================

--- 正在检查已完成的翻译于: data\completed_files\3294592194\en_completed.txt ---
     -> 在 'en_completed.txt' 中找到 0 个键。

--- 正在检查待排除的键于: data\completed_files\3294592194\exclusion_list.txt ---
  -> 排除列表文件 'exclusion_list.txt' 不存在，跳过。

-------------------- 处理子模组: Pickup ATM N FirePlace --------------------

--- 正在为 'Pickup ATM N FirePlace' 动态查找 'media' 文件夹 ---
  -> 发现版本目录: 42.0
  -> 正在检查路径的有效性: data\workshop_content\3294592194\mods\Pickup ATM N FirePlace\42.0\media
  --> 路径有效！已将其加入待处理列表。

--- 阶段 1: 扫描所有 media 路径下的翻译文件 (L1) ---
  -> 正在处理 media 路径: data\workshop_content\3294592194\mods\Pickup ATM N FirePlace\42.0\media
阶段 1 完成: 从 EN 加载了 0 条数据, 从 CN 加载了 0 条数据。

--- 阶段 2: 扫描所有 Media 路径下的 Scripts (L0) ---
  -> 正在处理 Scripts 路径: data\workshop_content\3294592194\mods\Pickup ATM N FirePlace\42.0\media\scripts
    -> 处理: generated\entities\misc\entity_logstack.txt
阶段 2 完成: 从 scripts 新生成了 0 条数据。

--- 阶段 3: 合并 L0 与 L1 后，纯净英文基准总计: 0 条数据。---

--- 已为 Mod ID 3294592194 更新 0 条键来源映射 ---

--- 正在为 Mod 'Pickup_ATM_N_FirePlace' 生成输出文件 ---
    - 最终合并 (output.txt): 0 条
    - 纯净英文 (EN_output.txt): 0 条
    - 纯净中文 (CN_output.txt): 0 条
    - 英文待办 (en_todo.txt): 0 条 (增量)
    - 中文独有 (cn_only.txt): 0 条 (增量)
    - 冲突键 (conflict_keys.txt): 0 条
    -> 正在尝试从 Git 历史记录中获取旧版本: data/output_files/Pickup_ATM_N_FirePlace_3294592194/EN_todo.txt
      --> 成功找到旧版本。
     -> 在 'EN_todo.txt (旧版本)' 中找到 0 个键。

处理成功！所有输出文件已保存在 'Pickup_ATM_N_FirePlace_3294592194' 文件夹中。
    -> [内存] 已为 Mod 3294592194 记录 Commit SHA: 426d8a1
