

========================= 开始处理 Workshop ID: 3461031530 (PipBoy3000_-_Main) =========================

--- 正在检查已完成的翻译于: data\completed_files\3461031530\en_completed.txt ---
     -> 在 'en_completed.txt' 中找到 2 个键。

--- 正在检查待排除的键于: data\completed_files\3461031530\exclusion_list.txt ---
  -> 排除列表文件 'exclusion_list.txt' 不存在，跳过。

-------------------- 处理子模组: PipBoy3000 - Main --------------------

--- 正在为 'PipBoy3000 - Main' 动态查找 'media' 文件夹 ---
  -> 正在检查路径的有效性: data\workshop_content\3461031530\mods\PipBoy3000 - Main\common\media
  --> 路径有效！已将其加入待处理列表。

--- 阶段 1: 扫描所有 media 路径下的翻译文件 (L1) ---
  -> 正在处理 media 路径: data\workshop_content\3461031530\mods\PipBoy3000 - Main\common\media
  -> 扫描目录: data\workshop_content\3461031530\mods\PipBoy3000 - Main\common\media\lua\shared\Translate\EN
     -> 在 'UI_EN.txt' 中找到 2 个键。
阶段 1 完成: 从 EN 加载了 2 条数据, 从 CN 加载了 0 条数据。

--- 阶段 2: 扫描所有 Media 路径下的 Scripts (L0) ---
  -> 正在处理 Scripts 路径: data\workshop_content\3461031530\mods\PipBoy3000 - Main\common\media\scripts
    -> 处理: PFO_Rad_Sounds.txt
    -> 处理: PIP_G.txt
    -> 处理: Pipboy_3000.txt
阶段 2 完成: 从 scripts 新生成了 0 条数据。

--- 阶段 3: 合并 L0 与 L1 后，纯净英文基准总计: 2 条数据。---

--- 已为 Mod ID 3461031530 更新 2 条键来源映射 ---

--- 正在为 Mod 'PipBoy3000_-_Main' 生成输出文件 ---
    - 最终合并 (output.txt): 2 条
    - 纯净英文 (EN_output.txt): 2 条
    - 纯净中文 (CN_output.txt): 0 条
    - 英文待办 (en_todo.txt): 0 条 (增量)
    - 中文独有 (cn_only.txt): 0 条 (增量)
    - 冲突键 (conflict_keys.txt): 0 条
    -> 正在尝试从 Git 历史记录中获取旧版本: data/output_files/PipBoy3000_-_Main_3461031530/EN_todo.txt
      --> 成功找到旧版本。
     -> 在 'EN_todo.txt (旧版本)' 中找到 0 个键。

处理成功！所有输出文件已保存在 'PipBoy3000_-_Main_3461031530' 文件夹中。
    -> [内存] 已为 Mod 3461031530 记录 Commit SHA: 2242fab
