

========================= 开始处理 Workshop ID: 2792348686 (PompsItemsFood) =========================

--- 正在检查已完成的翻译于: data/completed_files/2792348686/en_completed.txt ---
     -> 在 'en_completed.txt' 中找到 661 个键。

--- 正在检查待排除的键于: data/completed_files/2792348686/exclusion_list.txt ---
  -> 排除列表文件 'exclusion_list.txt' 不存在，跳过。

-------------------- 处理子模组: PompsItemsFood --------------------

--- 正在为 'PompsItemsFood' 动态查找 'media' 文件夹 ---
  -> 发现版本目录: 42.0
  -> 正在检查路径的有效性: data/workshop_content/2792348686/mods/PompsItemsFood/42.0/media
  --> 路径有效！将使用此路径进行处理: data/workshop_content/2792348686/mods/PompsItemsFood/42.0/media

--- 预加载 EN (L1) 数据 ---
预加载完成: 找到 0 个本地 EN 键。

--- 阶段 1: 扫描 Scripts (L0) ---
  -> 处理: PompsItemsFood-fluids.txt
  -> 处理: PompsItemsFood-timedactions.txt
  -> 处理: PompsItemsFood-world_items.txt
  -> 处理: items/PompsItemsFood-candy.txt
     -> 新增: 64 个 Item
  -> 处理: items/PompsItemsFood-canned.txt
     -> 新增: 34 个 Item
  -> 处理: items/PompsItemsFood-drinks.txt
     -> 新增: 45 个 Item
  -> 处理: items/PompsItemsFood-frozen.txt
     -> 新增: 14 个 Item
  -> 处理: items/PompsItemsFood-meals.txt
     -> 新增: 66 个 Item
  -> 处理: items/PompsItemsFood-seasonal.txt
     -> 新增: 4 个 Item
  -> 处理: items/PompsItemsFood-snacks.txt
     -> 新增: 47 个 Item
  -> 处理: items/PompsItemsFood-spices.txt
     -> 新增: 23 个 Item
  -> 处理: items/PompsItemsFood-wrappers.txt
     -> 新增: 96 个 Item
  -> 处理: recipes/PompsItemsFood-evolved_recipes.txt
     -> 新增: 1 个 Recipe
  -> 处理: recipes/PompsItemsFood-recipes.txt
     -> 新增: 63 个 Recipe
阶段 1 完成: 从 scripts 新生成了 456 条数据。

--- 阶段 2: 合并 L0 与 L1 后，纯净英文基准总计: 456 条数据。---

--- 阶段 3: 从 CN 目录加载了 0 条数据。---

--- 阶段 4: 检测到 2 个与官方重复的键。---

--- 已为 Mod ID 2792348686 更新 456 条键来源映射 ---

--- 正在为 Mod 'PompsItemsFood' 生成输出文件 ---
    - 最终合并 (output.txt): 456 条
    - 纯净英文 (EN_output.txt): 456 条
    - 纯净中文 (CN_output.txt): 0 条
    - 英文待办 (en_todo.txt): 2 条 (增量)
    - 中文独有 (cn_only.txt): 0 条 (增量)
    - 冲突键 (conflict_keys.txt): 2 条
    -> 正在尝试从 Git 历史记录中获取旧版本: data/output_files/PompsItemsFood_2792348686/EN_todo.txt
      --> 成功找到旧版本。
     -> 在 'EN_todo.txt (旧版本)' 中找到 2 个键。

处理成功！所有输出文件已保存在 'PompsItemsFood_2792348686' 文件夹中。
    -> [内存] 已为 Mod 2792348686 记录 Commit SHA: fb8de73
