

========================= 开始处理 Workshop ID: 3564950449 (Project_Summer_Car) =========================

--- 正在检查已完成的翻译于: data\completed_files\3564950449\en_completed.txt ---
     -> 在 'en_completed.txt' 中找到 118 个键。

--- 正在检查待排除的键于: data\completed_files\3564950449\exclusion_list.txt ---
  -> 排除列表文件 'exclusion_list.txt' 不存在，跳过。

-------------------- 处理子模组: Project Summer Car --------------------

--- 正在为 'Project Summer Car' 动态查找 'media' 文件夹 ---
  -> 发现版本目录: 42
  -> 正在检查路径的有效性: data\workshop_content\3564950449\mods\Project Summer Car\common\media
  --> 路径有效！已将其加入待处理列表。
  -> 正在检查路径的有效性: data\workshop_content\3564950449\mods\Project Summer Car\42\media
  --> 路径有效！已将其加入待处理列表。

--- 阶段 1: 扫描所有 media 路径下的翻译文件 (L1) ---
  -> 正在处理 media 路径: data\workshop_content\3564950449\mods\Project Summer Car\common\media
  -> 扫描目录: data\workshop_content\3564950449\mods\Project Summer Car\common\media\lua\shared\Translate\EN
     -> 在 'Fluids_EN.txt' 中找到 38 个键。
     -> 在 'IG_UI_EN.txt' 中找到 57 个键。
     -> 在 'ItemName_EN.txt' 中找到 118 个键。
     -> 在 'Recipes_EN.txt' 中找到 8 个键。
     -> 在 'Sandbox_EN.txt' 中找到 70 个键。
     -> 在 'Tooltip_EN.txt' 中找到 28 个键。
  -> 正在处理 media 路径: data\workshop_content\3564950449\mods\Project Summer Car\42\media
阶段 1 完成: 从 EN 加载了 319 条数据, 从 CN 加载了 0 条数据。

--- 阶段 2: 扫描所有 Media 路径下的 Scripts (L0) ---
  -> 正在处理 Scripts 路径: data\workshop_content\3564950449\mods\Project Summer Car\42\media\scripts
    -> 处理: Engine_fluids.txt
    -> 处理: EnginePart_Recipes.txt
     -> 新增: 1 个 Recipe
    -> 处理: items\Realistic_Engine_Parts.txt
    -> 处理: items\Realistic_Engine_Parts_Heavy_Duty.txt
    -> 处理: items\Realistic_Engine_Parts_Other.txt
     -> 新增: 37 个 Item
    -> 处理: items\Realistic_Engine_Parts_Sport.txt
    -> 处理: items\Realistic_Misc.txt
    -> 处理: vehicles\template_engine.txt
    -> 处理: WorldModels_EngineParts.txt
    -> 处理: WorldModels_Misc.txt
阶段 2 完成: 从 scripts 新生成了 38 条数据。

--- 阶段 3: 合并 L0 与 L1 后，纯净英文基准总计: 357 条数据。---

--- 已为 Mod ID 3564950449 更新 365 条键来源映射 ---

--- 正在为 Mod 'Project_Summer_Car' 生成输出文件 ---
    - 最终合并 (output.txt): 357 条
    - 纯净英文 (EN_output.txt): 357 条
    - 纯净中文 (CN_output.txt): 0 条
    - 英文待办 (en_todo.txt): 239 条 (增量)
    - 中文独有 (cn_only.txt): 0 条 (增量)
    - 冲突键 (conflict_keys.txt): 0 条
    -> 正在尝试从 Git 历史记录中获取旧版本: data/output_files/Project_Summer_Car_3564950449/EN_todo.txt
      --> 成功找到旧版本。
     -> 在 'EN_todo.txt (旧版本)' 中找到 247 个键。
    -> 检测到内容变更。新增: 0, 移除: 8

处理成功！所有输出文件已保存在 'Project_Summer_Car_3564950449' 文件夹中。
    -> [内存] 已为 Mod 3564950449 记录 Commit SHA: afbc1c9
