

========================= 开始处理 Workshop ID: 3282789883 (Random_Airdrops) =========================

--- 正在检查已完成的翻译于: data\completed_files\3282789883\en_completed.txt ---
     -> 在 'en_completed.txt' 中找到 74 个键。

--- 正在检查待排除的键于: data\completed_files\3282789883\exclusion_list.txt ---
  -> 排除列表文件 'exclusion_list.txt' 不存在，跳过。

-------------------- 处理子模组: Random Airdrops --------------------

--- 正在为 'Random Airdrops' 动态查找 'media' 文件夹 ---
  -> 发现版本目录: 42
  -> 正在检查路径的有效性: data\workshop_content\3282789883\mods\Random Airdrops\42\media
  --> 路径有效！已将其加入待处理列表。

--- 阶段 1: 扫描所有 media 路径下的翻译文件 (L1) ---
  -> 正在处理 media 路径: data\workshop_content\3282789883\mods\Random Airdrops\42\media
  -> 扫描目录: data\workshop_content\3282789883\mods\Random Airdrops\42\media\lua\shared\Translate\EN
     -> 在 'ContextMenu_EN.txt' 中找到 1 个键。
     -> 在 'IG_UI_EN.txt' 中找到 53 个键。
     -> 在 'ItemName_EN.txt' 中找到 1 个键。
     -> 在 'Sandbox_EN.txt' 中找到 19 个键。
阶段 1 完成: 从 EN 加载了 74 条数据, 从 CN 加载了 0 条数据。

--- 阶段 2: 扫描所有 Media 路径下的 Scripts (L0) ---
  -> 正在处理 Scripts 路径: data\workshop_content\3282789883\mods\Random Airdrops\42\media\scripts
    -> 处理: RandomAirdrops_Items.txt
    -> 处理: RandomAirdrops_Models.txt
    -> 处理: RandomAirdrops_Sounds.txt
    -> 处理: RandomAirdrops_Vehicles.txt
阶段 2 完成: 从 scripts 新生成了 0 条数据。

--- 阶段 3: 合并 L0 与 L1 后，纯净英文基准总计: 74 条数据。---

--- 已为 Mod ID 3282789883 更新 74 条键来源映射 ---

--- 正在为 Mod 'Random_Airdrops' 生成输出文件 ---
    - 最终合并 (output.txt): 74 条
    - 纯净英文 (EN_output.txt): 74 条
    - 纯净中文 (CN_output.txt): 0 条
    - 英文待办 (en_todo.txt): 0 条 (增量)
    - 中文独有 (cn_only.txt): 0 条 (增量)
    - 冲突键 (conflict_keys.txt): 0 条
    -> 正在尝试从 Git 历史记录中获取旧版本: data/output_files/Random_Airdrops_3282789883/EN_todo.txt
      --> 成功找到旧版本。
     -> 在 'EN_todo.txt (旧版本)' 中找到 0 个键。

处理成功！所有输出文件已保存在 'Random_Airdrops_3282789883' 文件夹中。
    -> [内存] 已为 Mod 3282789883 记录 Commit SHA: 53dbbce
