

========================= 开始处理 Workshop ID: 3598501350 (RE_Equipment_UI_[B42]) =========================

--- 正在检查已完成的翻译于: data/completed_files/3598501350/en_completed.txt ---
     -> 在 'en_completed.txt' 中找到 0 个键。

--- 正在检查待排除的键于: data/completed_files/3598501350/exclusion_list.txt ---
  -> 排除列表文件 'exclusion_list.txt' 不存在，跳过。

-------------------- 处理子模组: RE Equipment UI [B42] --------------------

--- 正在为 'RE Equipment UI [B42]' 动态查找 'media' 文件夹 ---
  -> 发现版本目录: 42
  -> 正在检查路径的有效性: data/workshop_content/3598501350/mods/RE Equipment UI [B42]/42/media
  --> 路径有效！已将其加入待处理列表。

--- 阶段 1: 扫描所有 media 路径下的翻译文件 (L1) ---
  -> 正在处理 media 路径: data/workshop_content/3598501350/mods/RE Equipment UI [B42]/42/media
  -> 扫描目录: data/workshop_content/3598501350/mods/RE Equipment UI [B42]/42/media/lua/shared/Translate/EN
     -> 在 'UI_EN.txt' 中找到 18 个键。
  -> 扫描目录: data/workshop_content/3598501350/mods/RE Equipment UI [B42]/42/media/lua/shared/Translate/CN
     -> 在 'UI_CN.txt' 中找到 17 个键。
阶段 1 完成: 从 EN 加载了 18 条数据, 从 CN 加载了 17 条数据。

--- 阶段 2: 扫描所有 Media 路径下的 Scripts (L0) ---
阶段 2 完成: 从 scripts 新生成了 0 条数据。

--- 阶段 3: 合并 L0 与 L1 后，纯净英文基准总计: 18 条数据。---

-------------------- 处理子模组: RE Health UI [B42] --------------------

--- 正在为 'RE Health UI [B42]' 动态查找 'media' 文件夹 ---
  -> 发现版本目录: 42
  --> 未能在任何优先路径中找到有效的 'media' 文件夹。

-------------------- 处理子模组: RE Hotbar UI [B42] --------------------

--- 正在为 'RE Hotbar UI [B42]' 动态查找 'media' 文件夹 ---
  -> 发现版本目录: 42
  -> 正在检查路径的有效性: data/workshop_content/3598501350/mods/RE Hotbar UI [B42]/42/media
  --> 路径有效！已将其加入待处理列表。

--- 阶段 1: 扫描所有 media 路径下的翻译文件 (L1) ---
  -> 正在处理 media 路径: data/workshop_content/3598501350/mods/RE Hotbar UI [B42]/42/media
  -> 扫描目录: data/workshop_content/3598501350/mods/RE Hotbar UI [B42]/42/media/lua/shared/Translate/EN
     -> 在 'IG_UI_EN.txt' 中找到 6 个键。
  -> 扫描目录: data/workshop_content/3598501350/mods/RE Hotbar UI [B42]/42/media/lua/shared/Translate/CN
     -> 在 'IG_UI_CN.txt' 中找到 6 个键。
阶段 1 完成: 从 EN 加载了 6 条数据, 从 CN 加载了 6 条数据。

--- 阶段 2: 扫描所有 Media 路径下的 Scripts (L0) ---
阶段 2 完成: 从 scripts 新生成了 0 条数据。

--- 阶段 3: 合并 L0 与 L1 后，纯净英文基准总计: 6 条数据。---

-------------------- 处理子模组: RE Tetris UI [B42] --------------------

--- 正在为 'RE Tetris UI [B42]' 动态查找 'media' 文件夹 ---
  -> 发现版本目录: 42
  -> 正在检查路径的有效性: data/workshop_content/3598501350/mods/RE Tetris UI [B42]/42/media
  --> 路径有效！已将其加入待处理列表。

--- 阶段 1: 扫描所有 media 路径下的翻译文件 (L1) ---
  -> 正在处理 media 路径: data/workshop_content/3598501350/mods/RE Tetris UI [B42]/42/media
  -> 扫描目录: data/workshop_content/3598501350/mods/RE Tetris UI [B42]/42/media/lua/shared/Translate/EN
     -> 在 'Sandbox_EN.txt' 中找到 15 个键。
     -> 在 'UI_EN.txt' 中找到 27 个键。
  -> 扫描目录: data/workshop_content/3598501350/mods/RE Tetris UI [B42]/42/media/lua/shared/Translate/CN
     -> 在 'Sandbox_CN.txt' 中找到 4 个键。
     -> 在 'UI_CN.txt' 中找到 8 个键。
阶段 1 完成: 从 EN 加载了 42 条数据, 从 CN 加载了 12 条数据。

--- 阶段 2: 扫描所有 Media 路径下的 Scripts (L0) ---
阶段 2 完成: 从 scripts 新生成了 0 条数据。

--- 阶段 3: 合并 L0 与 L1 后，纯净英文基准总计: 42 条数据。---

--- 已为 Mod ID 3598501350 更新 66 条键来源映射 ---

--- 正在为 Mod 'RE_Equipment_UI_[B42]' 生成输出文件 ---
    - 最终合并 (output.txt): 66 条
    - 纯净英文 (EN_output.txt): 66 条
    - 纯净中文 (CN_output.txt): 35 条
    - 英文待办 (en_todo.txt): 31 条 (增量)
    - 中文独有 (cn_only.txt): 0 条 (增量)
    - 冲突键 (conflict_keys.txt): 0 条
    -> 正在尝试从 Git 历史记录中获取旧版本: data/output_files/RE_Equipment_UI_[B42]_3598501350/EN_todo.txt
      --> 成功找到旧版本。
     -> 在 'EN_todo.txt (旧版本)' 中找到 31 个键。

处理成功！所有输出文件已保存在 'RE_Equipment_UI_[B42]_3598501350' 文件夹中。
    -> [内存] 已为 Mod 3598501350 记录 Commit SHA: 81fc54f
