

========================= 开始处理 Workshop ID: 3194049112 (RicksMLC_PayAtThePump) =========================

--- 正在检查已完成的翻译于: data/completed_files/3194049112/en_completed.txt ---
  -> 文件 'en_completed.txt' 在目标位置不存在，将自动创建。

--- 正在检查待排除的键于: data/completed_files/3194049112/exclusion_list.txt ---
  -> 排除列表文件 'exclusion_list.txt' 不存在，跳过。

-------------------- 处理子模组: RicksMLC_PayAtThePump --------------------

--- 正在为 'RicksMLC_PayAtThePump' 动态查找 'media' 文件夹 ---
  -> 正在检查路径的有效性: data/workshop_content/3194049112/mods/RicksMLC_PayAtThePump/common/media
  --> 路径有效！已将其加入待处理列表。
  -> 正在检查路径的有效性: data/workshop_content/3194049112/mods/RicksMLC_PayAtThePump/media
  --> 路径有效！已将其加入待处理列表。

--- 阶段 1: 扫描所有 media 路径下的翻译文件 (L1) ---
  -> 正在处理 media 路径: data/workshop_content/3194049112/mods/RicksMLC_PayAtThePump/common/media
  -> 扫描目录: data/workshop_content/3194049112/mods/RicksMLC_PayAtThePump/common/media/lua/shared/Translate/EN
     -> 在 'IG_UI_EN.txt' 中找到 1 个键。
     -> 在 'Sandbox_EN.txt' 中找到 19 个键。
  -> 扫描目录: data/workshop_content/3194049112/mods/RicksMLC_PayAtThePump/common/media/lua/shared/Translate/CN
     -> 在 'IG_UI_CN.txt' 中找到 1 个键。
     -> 在 'Sandbox_CN.txt' 中找到 19 个键。
  -> 正在处理 media 路径: data/workshop_content/3194049112/mods/RicksMLC_PayAtThePump/media
  -> 扫描目录: data/workshop_content/3194049112/mods/RicksMLC_PayAtThePump/media/lua/shared/Translate/EN
     -> 在 'IG_UI_EN.txt' 中找到 1 个键。
     -> 在 'Sandbox_EN.txt' 中找到 19 个键。
  -> 扫描目录: data/workshop_content/3194049112/mods/RicksMLC_PayAtThePump/media/lua/shared/Translate/CN
     -> 在 'IG_UI_CN.txt' 中找到 1 个键。
     -> 在 'Sandbox_CN.txt' 中找到 19 个键。
阶段 1 完成: 从 EN 加载了 20 条数据, 从 CN 加载了 20 条数据。

--- 阶段 2: 扫描所有 Media 路径下的 Scripts (L0) ---
阶段 2 完成: 从 scripts 新生成了 0 条数据。

--- 阶段 3: 合并 L0 与 L1 后，纯净英文基准总计: 20 条数据。---

-------------------- 处理子模组: RicksMLC_PayAtThePump3rdPartyPatch --------------------

--- 正在为 'RicksMLC_PayAtThePump3rdPartyPatch' 动态查找 'media' 文件夹 ---
  --> 未能在任何优先路径中找到有效的 'media' 文件夹。

--- 已为 Mod ID 3194049112 更新 20 条键来源映射 ---

--- 正在为 Mod 'RicksMLC_PayAtThePump' 生成输出文件 ---
    - 最终合并 (output.txt): 20 条
    - 纯净英文 (EN_output.txt): 20 条
    - 纯净中文 (CN_output.txt): 20 条
    - 英文待办 (en_todo.txt): 0 条 (增量)
    - 中文独有 (cn_only.txt): 0 条 (增量)
    - 冲突键 (conflict_keys.txt): 0 条
    -> 正在尝试从 Git 历史记录中获取旧版本: data/output_files/RicksMLC_PayAtThePump_3194049112/EN_todo.txt
      --> 在 Git 历史记录中未找到该文件，视为全新。

处理成功！所有输出文件已保存在 'RicksMLC_PayAtThePump_3194049112' 文件夹中。
    -> 警告：未能获取 Mod 3194049112 的完成文件SHA，状态未记录。
