

========================= 开始处理 Workshop ID: 3480405054 (S4EcoPack) =========================

--- 正在检查已完成的翻译于: data\completed_files\3480405054\en_completed.txt ---
     -> 在 'en_completed.txt' 中找到 503 个键。

--- 正在检查待排除的键于: data\completed_files\3480405054\exclusion_list.txt ---
  -> 排除列表文件 'exclusion_list.txt' 不存在，跳过。

-------------------- 处理子模组: S4EcoPack --------------------

--- 正在为 'S4EcoPack' 动态查找 'media' 文件夹 ---
  -> 正在检查路径的有效性: data\workshop_content\3480405054\mods\S4EcoPack\common\media
  --> 路径有效！已将其加入待处理列表。

--- 阶段 1: 扫描所有 media 路径下的翻译文件 (L1) ---
  -> 正在处理 media 路径: data\workshop_content\3480405054\mods\S4EcoPack\common\media
  -> 扫描目录: data\workshop_content\3480405054\mods\S4EcoPack\common\media\lua\shared\Translate\EN
     -> 在 'ContextMenu_EN.txt' 中找到 12 个键。
     -> 在 'DynamicRadio_EN.txt' 中找到 29 个键。
     -> 在 'IG_UI_EN.txt' 中找到 360 个键。
     -> 在 'ItemName_EN.txt' 中找到 10 个键。
     -> 在 'Recipes_EN.txt' 中找到 2 个键。
     -> 在 'Sandbox_EN.txt' 中找到 66 个键。
     -> 在 'Tooltip_EN.txt' 中找到 16 个键。
阶段 1 完成: 从 EN 加载了 495 条数据, 从 CN 加载了 0 条数据。

--- 阶段 2: 扫描所有 Media 路径下的 Scripts (L0) ---
  -> 正在处理 Scripts 路径: data\workshop_content\3480405054\mods\S4EcoPack\common\media\scripts
    -> 处理: S4_Items.txt
     -> 新增: 6 个 Item
    -> 处理: S4_Models.txt
    -> 处理: S4_Recipes.txt
     -> 新增: 1 个 Recipe
    -> 处理: S4_Sound.txt
阶段 2 完成: 从 scripts 新生成了 7 条数据。

--- 阶段 3: 合并 L0 与 L1 后，纯净英文基准总计: 502 条数据。---

--- 阶段 4: 检测到 1 个与官方重复的键。---

--- 阶段 4: 检测到 1 个与官方重复的键。---

--- 已为 Mod ID 3480405054 更新 502 条键来源映射 ---

--- 正在为 Mod 'S4EcoPack' 生成输出文件 ---
    - 最终合并 (output.txt): 502 条
    - 纯净英文 (EN_output.txt): 502 条
    - 纯净中文 (CN_output.txt): 0 条
    - 英文待办 (en_todo.txt): 1 条 (增量)
    - 中文独有 (cn_only.txt): 0 条 (增量)
    - 冲突键 (conflict_keys.txt): 1 条
    -> 正在尝试从 Git 历史记录中获取旧版本: data/output_files/S4EcoPack_3480405054/EN_todo.txt
      --> 成功找到旧版本。
     -> 在 'EN_todo.txt (旧版本)' 中找到 1 个键。

处理成功！所有输出文件已保存在 'S4EcoPack_3480405054' 文件夹中。
    -> [内存] 已为 Mod 3480405054 记录 Commit SHA: 23b48b6
