

========================= 开始处理 Workshop ID: 3409143790 (SapphCookingB42) =========================

--- 正在检查已完成的翻译于: data\completed_files\3409143790\en_completed.txt ---
     -> 在 'en_completed.txt' 中找到 1887 个键。

--- 正在检查待排除的键于: data\completed_files\3409143790\exclusion_list.txt ---
  -> 排除列表文件 'exclusion_list.txt' 不存在，跳过。

-------------------- 处理子模组: SapphCookingB42 --------------------

--- 正在为 'SapphCookingB42' 动态查找 'media' 文件夹 ---
  -> 发现版本目录: 42
  -> 正在检查路径的有效性: data\workshop_content\3409143790\mods\SapphCookingB42\42\media
  --> 路径有效！将使用此路径进行处理: data\workshop_content\3409143790\mods\SapphCookingB42\42\media

--- 预加载 EN (L1) 数据 ---
  -> 扫描目录: data\workshop_content\3409143790\mods\SapphCookingB42\42\media\lua\shared\Translate\EN
     -> 在 'ContextMenu_EN.txt' 中找到 146 个键。
     -> 在 'EvolvedRecipeName_EN.txt' 中找到 47 个键。
     -> 在 'Fluids_EN.txt' 中找到 26 个键。
     -> 在 'IG_UI_EN.txt' 中找到 3 个键。
     -> 在 'ItemName_EN.txt' 中找到 798 个键。
     -> 在 'Print_Media_EN.txt' 中找到 20 个键。
     -> 在 'Print_Text_EN.txt' 中找到 20 个键。
     -> 在 'Recipes_EN.txt' 中找到 634 个键。
     -> 在 'Recorded_Media_EN.txt' 中找到 15 个键。
     -> 在 'Sandbox_EN.txt' 中找到 73 个键。
     -> 在 'Tooltip_EN.txt' 中找到 28 个键。
预加载完成: 找到 1810 个本地 EN 键。

--- 阶段 1: 扫描 Scripts (L0) ---
  -> 处理: items\SapphCooking_baseItems.txt
  -> 处理: items\SapphCooking_clothes.txt
  -> 处理: items\SapphCooking_itemsbeverage.txt
  -> 处理: items\SapphCooking_itemsbowls.txt
     -> 新增: 1 个 Item
  -> 处理: items\SapphCooking_itemsfood.txt
     -> 新增: 7 个 Item
  -> 处理: items\SapphCooking_itemspan.txt
     -> 新增: 8 个 Item
  -> 处理: items\SapphCooking_magazines.txt
     -> 新增: 1 个 Item
  -> 处理: items\SapphCooking_mres.txt
  -> 处理: items\SapphCooking_placeholderitems.txt
     -> 新增: 7 个 Item, 2 个 Recipe
  -> 处理: items\SapphCooking_weapons.txt
  -> 处理: recipes\SapphCooking_recipes.txt
     -> 新增: 10 个 Recipe
  -> 处理: recipes\SapphCooking_recipesBeverage.txt
     -> 新增: 2 个 Recipe
  -> 处理: recipes\SapphCooking_recipesBowls.txt
     -> 新增: 3 个 Recipe
  -> 处理: recipes\SapphCooking_recipesEvolved.txt
     -> 新增: 5 个 Recipe
  -> 处理: recipes\SapphCooking_recipesMres.txt
     -> 新增: 1 个 Recipe
  -> 处理: recipes\SapphCooking_recipesPans.txt
     -> 新增: 4 个 Recipe
  -> 处理: recipes\SapphCooking_recipesWeapons.txt
     -> 新增: 3 个 Recipe
  -> 处理: SapphCooking_evolvedrecipes.txt
     -> 新增: 125 个 Recipe
  -> 处理: SapphCooking_fluids.txt
  -> 处理: SapphCooking_sounds.txt
  -> 处理: SapphCooking_test.txt
  -> 处理: SapphCooking_timedactions.txt
  -> 处理: StaticModels_SapphCooking.txt
  -> 处理: WorldModels_SapphCooking.txt
阶段 1 完成: 从 scripts 新生成了 171 条数据。

--- 阶段 2: 合并 L0 与 L1 后，纯净英文基准总计: 1981 条数据。---
  -> 扫描目录: data\workshop_content\3409143790\mods\SapphCookingB42\42\media\lua\shared\Translate\CN
     -> 在 'ContextMenu_CN.txt' 中找到 145 个键。
     -> 在 'EvolvedRecipeName_CN.txt' 中找到 47 个键。
     -> 在 'Fluids_CN.txt' 中找到 16 个键。
     -> 在 'IG_UI_CN.txt' 中找到 3 个键。
     -> 在 'ItemName_CN.txt' 中找到 825 个键。
     -> 在 'Print_Media_CN.txt' 中找到 20 个键。
     -> 在 'Print_Text_CN.txt' 中找到 20 个键。
     -> 在 'Recipes_CN.txt' 中找到 638 个键。
     -> 在 'Recorded_Media_CN.txt' 中找到 15 个键。
     -> 在 'Sandbox_CN.txt' 中找到 73 个键。
     -> 在 'Tooltip_CN.txt' 中找到 28 个键。

--- 阶段 3: 从 CN 目录加载了 1830 条数据。---

--- 阶段 4: 检测到 18 个与官方重复的键。---

--- 已为 Mod ID 3409143790 更新 1991 条键来源映射 ---

--- 正在为 Mod 'SapphCookingB42' 生成输出文件 ---
    - 最终合并 (output.txt): 1991 条
    - 纯净英文 (EN_output.txt): 1981 条
    - 纯净中文 (CN_output.txt): 1830 条
    - 英文待办 (en_todo.txt): 14 条 (增量)
    - 中文独有 (cn_only.txt): 10 条 (增量)
    - 冲突键 (conflict_keys.txt): 18 条
    -> 正在尝试从 Git 历史记录中获取旧版本: data/output_files/SapphCookingB42_3409143790/EN_todo.txt
      --> 成功找到旧版本。
     -> 在 'EN_todo.txt (旧版本)' 中找到 14 个键。

处理成功！所有输出文件已保存在 'SapphCookingB42_3409143790' 文件夹中。
    -> [内存] 已为 Mod 3409143790 记录 Commit SHA: 2d047aa
