

========================= 开始处理 Workshop ID: 3404301631 (School's_Out_-_Body) =========================

--- 正在检查已完成的翻译于: data/completed_files/3404301631/en_completed.txt ---
     -> 在 'en_completed.txt' 中找到 280 个键。

--- 正在检查待排除的键于: data/completed_files/3404301631/exclusion_list.txt ---
  -> 排除列表文件 'exclusion_list.txt' 不存在，跳过。

-------------------- 处理子模组: School's Out - Body --------------------

--- 正在为 'School's Out - Body' 动态查找 'media' 文件夹 ---
  --> 未能在任何优先路径中找到 'media' 文件夹。

--- 已为 Mod ID 3404301631 更新 0 条键来源映射 ---

-------------------- 处理子模组: School's Out - Clothes --------------------

--- 正在为 'School's Out - Clothes' 动态查找 'media' 文件夹 ---
  -> 正在检查路径的有效性: data/workshop_content/3404301631/mods/School's Out - Clothes/common/media
  --> 路径有效！将使用此路径进行处理: data/workshop_content/3404301631/mods/School's Out - Clothes/common/media

--- 预加载 EN (L1) 数据 ---
  -> 扫描目录: data/workshop_content/3404301631/mods/School's Out - Clothes/common/media/lua/shared/Translate/EN
     -> 在 'ContextMenu_EN.txt' 中找到 8 个键。
     -> 在 'Recipes_EN.txt' 中找到 5 个键。
     -> 在 'Sandbox_EN.txt' 中找到 100 个键。
     -> 在 'Tooltip_EN.txt' 中找到 1 个键。
预加载完成: 找到 114 个本地 EN 键。

--- 阶段 1: 扫描 Scripts (L0) ---
  -> 处理: clothing/seifuku_clothing_hats.txt
     -> 新增: 1 个 Item
  -> 处理: clothing/seifuku_clothing_jacket.txt
     -> 新增: 52 个 Item
  -> 处理: clothing/seifuku_clothing_others.txt
     -> 新增: 63 个 Item
  -> 处理: clothing/seifuku_clothing_pants.txt
     -> 新增: 13 个 Item
  -> 处理: clothing/seifuku_clothing_shirts.txt
     -> 新增: 13 个 Item
  -> 处理: clothing/seifuku_clothing_shoes.txt
     -> 新增: 2 个 Item
  -> 处理: clothing/seifuku_clothing_underwear.txt
     -> 新增: 16 个 Item
  -> 处理: seifuku_items.txt
     -> 新增: 6 个 Item
  -> 处理: seifuku_recipes.txt
     -> 新增: 6 个 Recipe
阶段 1 完成: 从 scripts 新生成了 172 条数据。

--- 阶段 2: 合并 L0 与 L1 后，纯净英文基准总计: 286 条数据。---

--- 阶段 3: 从 CN 目录加载了 0 条数据。---

--- 阶段 4: 检测到 1 个与官方重复的键。---

--- 已为 Mod ID 3404301631 更新 286 条键来源映射 ---

--- 正在为 Mod 'School's_Out_-_Body' 生成输出文件 ---
    - 最终合并 (output.txt): 286 条
    - 纯净英文 (EN_output.txt): 286 条
    - 纯净中文 (CN_output.txt): 0 条
    - 英文待办 (en_todo.txt): 7 条 (增量)
    - 中文独有 (cn_only.txt): 0 条 (增量)
    - 冲突键 (conflict_keys.txt): 1 条
    -> 正在尝试从 Git 历史记录中获取旧版本: data/output_files/School's_Out_-_Body_3404301631/EN_todo.txt
      --> 成功找到旧版本。
     -> 在 'EN_todo.txt (旧版本)' 中找到 7 个键。

处理成功！所有输出文件已保存在 'School's_Out_-_Body_3404301631' 文件夹中。
    -> [内存] 已为 Mod 3404301631 记录 Commit SHA: e2990b2
