

========================= 开始处理 Workshop ID: 3555588616 (SewingWorkbranch) =========================

--- 正在检查已完成的翻译于: data\completed_files\3555588616\en_completed.txt ---
     -> 在 'en_completed.txt' 中找到 0 个键。

--- 正在检查待排除的键于: data\completed_files\3555588616\exclusion_list.txt ---
  -> 排除列表文件 'exclusion_list.txt' 不存在，跳过。

-------------------- 处理子模组: SewingWorkbranch --------------------

--- 正在为 'SewingWorkbranch' 动态查找 'media' 文件夹 ---
  -> 发现版本目录: 42.0
  -> 正在检查路径的有效性: data\workshop_content\3555588616\mods\SewingWorkbranch\42.0\media
  --> 路径有效！已将其加入待处理列表。

--- 阶段 1: 扫描所有 media 路径下的翻译文件 (L1) ---
  -> 正在处理 media 路径: data\workshop_content\3555588616\mods\SewingWorkbranch\42.0\media
  -> 扫描目录: data\workshop_content\3555588616\mods\SewingWorkbranch\42.0\media\lua\shared\Translate\EN
     -> 在 'Fluids_EN.txt' 中找到 1 个键。
     -> 在 'IG_UI_EN.txt' 中找到 1 个键。
     -> 在 'ItemName_EN.txt' 中找到 11 个键。
     -> 在 'Recipes_EN.txt' 中找到 22 个键。
     -> 在 'Sandbox_EN.txt' 中找到 123 个键。
     -> 在 'UI_EN.txt' 中找到 55 个键。
阶段 1 完成: 从 EN 加载了 213 条数据, 从 CN 加载了 0 条数据。

--- 阶段 2: 扫描所有 Media 路径下的 Scripts (L0) ---
  -> 正在处理 Scripts 路径: data\workshop_content\3555588616\mods\SewingWorkbranch\42.0\media\scripts
    -> 处理: craftRecipe_AdvancedSewing.txt
     -> 新增: 13 个 Recipe
    -> 处理: craftRecipe_KevlarStrips.txt
     -> 新增: 3 个 Recipe
    -> 处理: craftRecipe_RubberStrips.txt
     -> 新增: 4 个 Recipe
    -> 处理: entity_BlueElectricSewing.txt
    -> 处理: entity_ElectricSewing.txt
    -> 处理: entity_OldSewing.txt
    -> 处理: item_KevlarStrips.txt
    -> 处理: item_Mov_BlueElectricSewing.txt
    -> 处理: item_Mov_ElectricSewing.txt
    -> 处理: item_Mov_OldSewing.txt
    -> 处理: item_RubberStrips.txt
    -> 处理: model_KevlarStrips.txt
    -> 处理: model_RubberStrips.txt
    -> 处理: xuiSkin.txt
阶段 2 完成: 从 scripts 新生成了 20 条数据。

--- 阶段 3: 合并 L0 与 L1 后，纯净英文基准总计: 233 条数据。---

--- 阶段 4: 检测到 2 个与官方重复的键。---

--- 已为 Mod ID 3555588616 更新 233 条键来源映射 ---

--- 正在为 Mod 'SewingWorkbranch' 生成输出文件 ---
    - 最终合并 (output.txt): 233 条
    - 纯净英文 (EN_output.txt): 233 条
    - 纯净中文 (CN_output.txt): 0 条
    - 英文待办 (en_todo.txt): 233 条 (增量)
    - 中文独有 (cn_only.txt): 0 条 (增量)
    - 冲突键 (conflict_keys.txt): 2 条
    -> 正在尝试从 Git 历史记录中获取旧版本: data/output_files/SewingWorkbranch_3555588616/EN_todo.txt
      --> 成功找到旧版本。
    -> 基线日志已存档到: data\logs\archive\SewingWorkbranch_3555588616_baseline_run_20251111_001327.json

处理成功！所有输出文件已保存在 'SewingWorkbranch_3555588616' 文件夹中。
    -> [内存] 已为 Mod 3555588616 记录 Commit SHA: e732630
