

========================= 开始处理 Workshop ID: 3596827035 (ShelterHold_Beehive) =========================

--- 正在检查已完成的翻译于: data/completed_files/3596827035/en_completed.txt ---
     -> 在 'en_completed.txt' 中找到 0 个键。

--- 正在检查待排除的键于: data/completed_files/3596827035/exclusion_list.txt ---
  -> 排除列表文件 'exclusion_list.txt' 不存在，跳过。

-------------------- 处理子模组: ShelterHold_Beehive --------------------

--- 正在为 'ShelterHold_Beehive' 动态查找 'media' 文件夹 ---
  -> 发现版本目录: 42
  -> 正在检查路径的有效性: data/workshop_content/3596827035/mods/ShelterHold_Beehive/common/media
  --> 路径有效！已将其加入待处理列表。

--- 阶段 1: 扫描所有 media 路径下的翻译文件 (L1) ---
  -> 正在处理 media 路径: data/workshop_content/3596827035/mods/ShelterHold_Beehive/common/media
  -> 扫描目录: data/workshop_content/3596827035/mods/ShelterHold_Beehive/common/media/lua/shared/Translate/EN
     -> 在 'Fluids_EN.txt' 中找到 2 个键。
     -> 在 'IG_UI_EN.txt' 中找到 5 个键。
     -> 在 'ItemName_EN.txt' 中找到 39 个键。
     -> 在 'Recipes_EN.txt' 中找到 17 个键。
     -> 在 'Tooltip_EN.txt' 中找到 35 个键。
  -> 扫描目录: data/workshop_content/3596827035/mods/ShelterHold_Beehive/common/media/lua/shared/Translate/CN
     -> 在 'Fluids_CN.txt' 中找到 2 个键。
     -> 在 'IG_UI_CN.txt' 中找到 5 个键。
     -> 在 'ItemName_CN.txt' 中找到 39 个键。
     -> 在 'Recipes_CN.txt' 中找到 17 个键。
     -> 在 'Tooltip_CN.txt' 中找到 35 个键。
阶段 1 完成: 从 EN 加载了 98 条数据, 从 CN 加载了 98 条数据。

--- 阶段 2: 扫描所有 Media 路径下的 Scripts (L0) ---
  -> 正在处理 Scripts 路径: data/workshop_content/3596827035/mods/ShelterHold_Beehive/common/media/scripts
    -> 处理: entities/ShelterHold/entity_beehive_xuiSkin.txt
    -> 处理: entities/ShelterHold/entity_honeyextractor_xuiSkin.txt
    -> 处理: generated/Hold_evolvedrecipes.txt
     -> 新增: 3 个 Recipe
    -> 处理: generated/entities/ShelterHold/entity_beehive.txt
     -> 新增: 2 个 Recipe
    -> 处理: generated/entities/ShelterHold/entity_honeyextractor.txt
     -> 新增: 1 个 Recipe
    -> 处理: generated/items/HoldItems_Beehive.txt
    -> 处理: generated/items/HoldItems_HoneyFood.txt
    -> 处理: generated/items/HoldItems_Medical.txt
    -> 处理: generated/models/models_HoldHive.txt
    -> 处理: generated/recipes/HoldRecipe_Beeswax.txt
    -> 处理: generated/recipes/HoldRecipe_HoneyFood.txt
    -> 处理: generated/recipes/HoldRecipe_beehive.txt
    -> 处理: generated/recipes/HoldRecipe_medical.txt
    -> 处理: generated/sounds/sounds_hold_beeprick.txt
阶段 2 完成: 从 scripts 新生成了 6 条数据。

--- 阶段 3: 合并 L0 与 L1 后，纯净英文基准总计: 104 条数据。---

--- 阶段 4: 检测到 1 个与官方重复的键。---

--- 已为 Mod ID 3596827035 更新 104 条键来源映射 ---

--- 正在为 Mod 'ShelterHold_Beehive' 生成输出文件 ---
    - 最终合并 (output.txt): 104 条
    - 纯净英文 (EN_output.txt): 104 条
    - 纯净中文 (CN_output.txt): 98 条
    - 英文待办 (en_todo.txt): 6 条 (增量)
    - 中文独有 (cn_only.txt): 0 条 (增量)
    - 冲突键 (conflict_keys.txt): 1 条
    -> 正在尝试从 Git 历史记录中获取旧版本: data/output_files/ShelterHold_Beehive_3596827035/EN_todo.txt
      --> 成功找到旧版本。
     -> 在 'EN_todo.txt (旧版本)' 中找到 6 个键。

处理成功！所有输出文件已保存在 'ShelterHold_Beehive_3596827035' 文件夹中。
    -> [内存] 已为 Mod 3596827035 记录 Commit SHA: 81fc54f
