

========================= 开始处理 Workshop ID: 3429904483 (Simple_Wall_Building) =========================

--- 正在检查已完成的翻译于: data\completed_files\3429904483\en_completed.txt ---
     -> 在 'en_completed.txt' 中找到 20 个键。

--- 正在检查待排除的键于: data\completed_files\3429904483\exclusion_list.txt ---
  -> 排除列表文件 'exclusion_list.txt' 不存在，跳过。

-------------------- 处理子模组: Simple Wall Building --------------------

--- 正在为 'Simple Wall Building' 动态查找 'media' 文件夹 ---
  -> 发现版本目录: 42
  -> 正在检查路径的有效性: data\workshop_content\3429904483\mods\Simple Wall Building\42\media
  --> 路径有效！将使用此路径进行处理: data\workshop_content\3429904483\mods\Simple Wall Building\42\media

--- 预加载 EN (L1) 数据 ---
预加载完成: 找到 0 个本地 EN 键。

--- 阶段 1: 扫描 Scripts (L0) ---
  -> 处理: entities\fences_low\entity_logfence.txt
     -> 新增: 2 个 Recipe
  -> 处理: entities\fences_low\entity_palisadefencert.txt
     -> 新增: 2 个 Recipe
  -> 处理: entities\furniture\entity_carpentry_barelement_lvl1.txt
     -> 新增: 2 个 Recipe
  -> 处理: entities\furniture\entity_carpentry_barelement_lvl2.txt
     -> 新增: 2 个 Recipe
  -> 处理: entities\furniture\entity_carpentry_barelement_lvl3.txt
     -> 新增: 2 个 Recipe
  -> 处理: entities\furniture\entity_carpentry_barelementcorner_lvl1.txt
     -> 新增: 2 个 Recipe
  -> 处理: entities\furniture\entity_carpentry_barelementcorner_lvl2.txt
     -> 新增: 2 个 Recipe
  -> 处理: entities\furniture\entity_carpentry_barelementcorner_lvl3.txt
     -> 新增: 2 个 Recipe
  -> 处理: entities\furniture\entity_carpentry_bookcase_lvl1.txt
     -> 新增: 2 个 Recipe
  -> 处理: entities\furniture\entity_carpentry_bookcase_lvl2.txt
     -> 新增: 2 个 Recipe
  -> 处理: entities\furniture\entity_carpentry_bookcasesmall_lvl1.txt
     -> 新增: 2 个 Recipe
  -> 处理: entities\furniture\entity_carpentry_bookcasesmall_lvl2.txt
     -> 新增: 2 个 Recipe
  -> 处理: entities\furniture\entity_carpentry_chair_lvl1.txt
     -> 新增: 2 个 Recipe
  -> 处理: entities\furniture\entity_carpentry_chair_lvl2.txt
     -> 新增: 2 个 Recipe
  -> 处理: entities\furniture\entity_carpentry_chair_lvl3.txt
     -> 新增: 2 个 Recipe
  -> 处理: entities\furniture\entity_carpentry_crate_lvl1.txt
     -> 新增: 2 个 Recipe
  -> 处理: entities\furniture\entity_carpentry_crate_lvl2.txt
     -> 新增: 2 个 Recipe
  -> 处理: entities\furniture\entity_carpentry_shelves_lvl1.txt
     -> 新增: 2 个 Recipe
  -> 处理: entities\furniture\entity_carpentry_shelves_lvl2.txt
     -> 新增: 2 个 Recipe
  -> 处理: entities\furniture\entity_carpentry_shelvesdouble_lvl1.txt
     -> 新增: 2 个 Recipe
  -> 处理: entities\furniture\entity_carpentry_table_lvl1.txt
     -> 新增: 2 个 Recipe
  -> 处理: entities\furniture\entity_carpentry_table_lvl2.txt
     -> 新增: 2 个 Recipe
  -> 处理: entities\furniture\entity_carpentry_table_lvl3.txt
     -> 新增: 2 个 Recipe
  -> 处理: entities\furniture\entity_carpentry_tabledrawer_lvl1.txt
     -> 新增: 2 个 Recipe
  -> 处理: entities\furniture\entity_carpentry_tabledrawer_lvl2.txt
     -> 新增: 2 个 Recipe
  -> 处理: entities\furniture\entity_carpentry_tabledrawer_lvl3.txt
     -> 新增: 2 个 Recipe
  -> 处理: entities\furniture\entity_carpentry_tablesmall_lvl1.txt
     -> 新增: 2 个 Recipe
  -> 处理: entities\furniture\entity_carpentry_tablesmall_lvl2.txt
     -> 新增: 2 个 Recipe
  -> 处理: entities\furniture\entity_carpentry_tablesmall_lvl3.txt
     -> 新增: 2 个 Recipe
  -> 处理: entities\walls\entity_doorpalisadert.txt
     -> 新增: 2 个 Recipe
  -> 处理: entities\walls\entity_log_doorframelvl1.txt
     -> 新增: 2 个 Recipe
  -> 处理: entities\walls\entity_log_windowframelvl1.txt
     -> 新增: 2 个 Recipe
  -> 处理: entities\walls\entity_logwall.txt
     -> 新增: 2 个 Recipe
  -> 处理: entities\walls\entity_palisadert.txt
     -> 新增: 2 个 Recipe
  -> 处理: entities\walls\entity_windowpalisadert.txt
     -> 新增: 2 个 Recipe
  -> 处理: entities\walls\entity_wood_doorframelvl1.txt
     -> 新增: 2 个 Recipe
  -> 处理: entities\walls\entity_wood_doorframelvl2.txt
     -> 新增: 2 个 Recipe
  -> 处理: entities\walls\entity_wood_doorframelvl3.txt
     -> 新增: 2 个 Recipe
  -> 处理: entities\walls\entity_wood_doubledoor.txt
     -> 新增: 2 个 Recipe
  -> 处理: entities\walls\entity_wood_fencegate.txt
     -> 新增: 2 个 Recipe
  -> 处理: entities\walls\entity_wood_fencelvl1.txt
     -> 新增: 2 个 Recipe
  -> 处理: entities\walls\entity_wood_fencelvl2.txt
     -> 新增: 2 个 Recipe
  -> 处理: entities\walls\entity_wood_fencelvl3.txt
     -> 新增: 2 个 Recipe
  -> 处理: entities\walls\entity_wood_floorlvl1.txt
     -> 新增: 2 个 Recipe
  -> 处理: entities\walls\entity_wood_floorlvl2.txt
     -> 新增: 2 个 Recipe
  -> 处理: entities\walls\entity_wood_floorlvl3.txt
     -> 新增: 2 个 Recipe
  -> 处理: entities\walls\entity_wood_walllvl1.txt
     -> 新增: 2 个 Recipe
  -> 处理: entities\walls\entity_wood_walllvl2.txt
     -> 新增: 2 个 Recipe
  -> 处理: entities\walls\entity_wood_walllvl3.txt
     -> 新增: 2 个 Recipe
  -> 处理: entities\walls\entity_wood_windowframelvl1.txt
     -> 新增: 2 个 Recipe
  -> 处理: entities\walls\entity_wood_windowframelvl2.txt
     -> 新增: 2 个 Recipe
  -> 处理: entities\walls\entity_wood_windowframelvl3.txt
     -> 新增: 2 个 Recipe
  -> 处理: entities\walls\entity_woodendoorlvl1.txt
     -> 新增: 2 个 Recipe
  -> 处理: entities\walls\entity_woodendoorlvl2.txt
     -> 新增: 2 个 Recipe
  -> 处理: entities\walls\entity_woodendoorlvl3.txt
     -> 新增: 2 个 Recipe
  -> 处理: entities\walls\entity_woodenpole.txt
     -> 新增: 2 个 Recipe
  -> 处理: entities\walls\entity_woodenwallframe.txt
     -> 新增: 2 个 Recipe
  -> 处理: items\building_kits.txt
     -> 新增: 6 个 Item
  -> 处理: recipes\ricepes_building_kits.txt
     -> 新增: 13 个 Recipe
  -> 处理: worlditems_swb.txt
阶段 1 完成: 从 scripts 新生成了 79 条数据。

--- 阶段 2: 合并 L0 与 L1 后，纯净英文基准总计: 79 条数据。---

--- 阶段 3: 从 CN 目录加载了 0 条数据。---

--- 阶段 4: 检测到 2 个与官方重复的键。---

--- 已为 Mod ID 3429904483 更新 79 条键来源映射 ---

--- 正在为 Mod 'Simple_Wall_Building' 生成输出文件 ---
    - 最终合并 (output.txt): 79 条
    - 纯净英文 (EN_output.txt): 79 条
    - 纯净中文 (CN_output.txt): 0 条
    - 英文待办 (en_todo.txt): 61 条 (增量)
    - 中文独有 (cn_only.txt): 0 条 (增量)
    - 冲突键 (conflict_keys.txt): 2 条
    -> 正在尝试从 Git 历史记录中获取旧版本: data/output_files/Simple_Wall_Building_3429904483/EN_todo.txt
      --> 成功找到旧版本。
     -> 在 'EN_todo.txt (旧版本)' 中找到 1 个键。
    -> 检测到内容变更。新增: 60, 移除: 0

处理成功！所有输出文件已保存在 'Simple_Wall_Building_3429904483' 文件夹中。
    -> [内存] 已为 Mod 3429904483 记录 Commit SHA: 8652f9b
