

========================= 开始处理 Workshop ID: 2840805724 (SimpleOverhaulTraitsAndOccupations) =========================

--- 正在检查已完成的翻译于: data\completed_files\2840805724\en_completed.txt ---
     -> 在 'en_completed.txt' 中找到 288 个键。

--- 正在检查待排除的键于: data\completed_files\2840805724\exclusion_list.txt ---
  -> 排除列表文件 'exclusion_list.txt' 不存在，跳过。

-------------------- 处理子模组: SimpleOverhaulTraitsAndOccupations --------------------

--- 正在为 'SimpleOverhaulTraitsAndOccupations' 动态查找 'media' 文件夹 ---
  -> 发现版本目录: 42
  -> 正在检查路径的有效性: data\workshop_content\2840805724\mods\SimpleOverhaulTraitsAndOccupations\42\media
  --> 路径有效！已将其加入待处理列表。

--- 阶段 1: 扫描所有 media 路径下的翻译文件 (L1) ---
  -> 正在处理 media 路径: data\workshop_content\2840805724\mods\SimpleOverhaulTraitsAndOccupations\42\media
  -> 扫描目录: data\workshop_content\2840805724\mods\SimpleOverhaulTraitsAndOccupations\42\media\lua\shared\Translate\EN
     -> 在 'ItemName_EN.txt' 中找到 1 个键。
     -> 在 'Recipes_EN.txt' 中找到 3 个键。
     -> 在 'Sandbox_EN.txt' 中找到 81 个键。
     -> 在 'Tooltip_EN.txt' 中找到 3 个键。
     -> 在 'UI_EN.txt' 中找到 237 个键。
阶段 1 完成: 从 EN 加载了 325 条数据, 从 CN 加载了 0 条数据。

--- 阶段 2: 扫描所有 Media 路径下的 Scripts (L0) ---
阶段 2 完成: 从 scripts 新生成了 0 条数据。

--- 阶段 3: 合并 L0 与 L1 后，纯净英文基准总计: 325 条数据。---

--- 阶段 4: 检测到 13 个与官方重复的键。---

--- 已为 Mod ID 2840805724 更新 325 条键来源映射 ---

--- 正在为 Mod 'SimpleOverhaulTraitsAndOccupations' 生成输出文件 ---
    - 最终合并 (output.txt): 325 条
    - 纯净英文 (EN_output.txt): 325 条
    - 纯净中文 (CN_output.txt): 0 条
    - 英文待办 (en_todo.txt): 44 条 (增量)
    - 中文独有 (cn_only.txt): 0 条 (增量)
    - 冲突键 (conflict_keys.txt): 13 条
    -> 正在尝试从 Git 历史记录中获取旧版本: data/output_files/SimpleOverhaulTraitsAndOccupations_2840805724/EN_todo.txt
      --> 成功找到旧版本。
     -> 在 'EN_todo.txt (旧版本)' 中找到 44 个键。

处理成功！所有输出文件已保存在 'SimpleOverhaulTraitsAndOccupations_2840805724' 文件夹中。
    -> [内存] 已为 Mod 2840805724 记录 Commit SHA: c27285b
