

========================= 开始处理 Workshop ID: 3498347699 (SomewhatTraits) =========================

--- 正在检查已完成的翻译于: data/completed_files/3498347699/en_completed.txt ---
     -> 在 'en_completed.txt' 中找到 0 个键。

--- 正在检查待排除的键于: data/completed_files/3498347699/exclusion_list.txt ---
  -> 排除列表文件 'exclusion_list.txt' 不存在，跳过。

-------------------- 处理子模组: SomewhatTraits --------------------

--- 正在为 'SomewhatTraits' 动态查找 'media' 文件夹 ---
  -> 发现版本目录: 42
  -> 正在检查路径的有效性: data/workshop_content/3498347699/mods/SomewhatTraits/42/media
  --> 路径有效！将使用此路径进行处理: data/workshop_content/3498347699/mods/SomewhatTraits/42/media

--- 预加载 EN (L1) 数据 ---
  -> 扫描目录: data/workshop_content/3498347699/mods/SomewhatTraits/42/media/lua/shared/Translate/EN
     -> 在 'UI_EN.txt' 中找到 87 个键。
预加载完成: 找到 87 个本地 EN 键。

--- 阶段 1: 扫描 Scripts (L0) ---
  -> 警告：未找到 Scripts 目录，跳过。
阶段 1 完成: 从 scripts 新生成了 0 条数据。

--- 阶段 2: 合并 L0 与 L1 后，纯净英文基准总计: 87 条数据。---

--- 阶段 3: 从 CN 目录加载了 0 条数据。---

--- 阶段 4: 检测到 17 个与官方重复的键。---

--- 已为 Mod ID 3498347699 更新 87 条键来源映射 ---

-------------------- 处理子模组: SomewhatTraitsCore --------------------

--- 正在为 'SomewhatTraitsCore' 动态查找 'media' 文件夹 ---
  -> 发现版本目录: 42
  -> 正在检查路径的有效性: data/workshop_content/3498347699/mods/SomewhatTraitsCore/42/media
  --> 路径有效！将使用此路径进行处理: data/workshop_content/3498347699/mods/SomewhatTraitsCore/42/media

--- 预加载 EN (L1) 数据 ---
  -> 扫描目录: data/workshop_content/3498347699/mods/SomewhatTraitsCore/42/media/lua/shared/Translate/EN
     -> 在 'IG_UI_EN.txt' 中找到 1 个键。
     -> 在 'Sandbox_EN.txt' 中找到 19 个键。
预加载完成: 找到 20 个本地 EN 键。

--- 阶段 1: 扫描 Scripts (L0) ---
  -> 警告：未找到 Scripts 目录，跳过。
阶段 1 完成: 从 scripts 新生成了 0 条数据。

--- 阶段 2: 合并 L0 与 L1 后，纯净英文基准总计: 20 条数据。---

--- 阶段 3: 从 CN 目录加载了 0 条数据。---

--- 已为 Mod ID 3498347699 更新 107 条键来源映射 ---

-------------------- 处理子模组: SomewhatTraitsSkills --------------------

--- 正在为 'SomewhatTraitsSkills' 动态查找 'media' 文件夹 ---
  -> 发现版本目录: 42
  -> 正在检查路径的有效性: data/workshop_content/3498347699/mods/SomewhatTraitsSkills/42/media
  --> 路径有效！将使用此路径进行处理: data/workshop_content/3498347699/mods/SomewhatTraitsSkills/42/media

--- 预加载 EN (L1) 数据 ---
  -> 扫描目录: data/workshop_content/3498347699/mods/SomewhatTraitsSkills/42/media/lua/shared/Translate/EN
     -> 在 'UI_EN.txt' 中找到 64 个键。
预加载完成: 找到 64 个本地 EN 键。

--- 阶段 1: 扫描 Scripts (L0) ---
  -> 警告：未找到 Scripts 目录，跳过。
阶段 1 完成: 从 scripts 新生成了 0 条数据。

--- 阶段 2: 合并 L0 与 L1 后，纯净英文基准总计: 64 条数据。---

--- 阶段 3: 从 CN 目录加载了 0 条数据。---

--- 已为 Mod ID 3498347699 更新 171 条键来源映射 ---

-------------------- 处理子模组: SomewhatTraitsSkillsTranslations --------------------

--- 正在为 'SomewhatTraitsSkillsTranslations' 动态查找 'media' 文件夹 ---
  -> 发现版本目录: 42
  -> 正在检查路径的有效性: data/workshop_content/3498347699/mods/SomewhatTraitsSkillsTranslations/42/media
  --> 路径有效！将使用此路径进行处理: data/workshop_content/3498347699/mods/SomewhatTraitsSkillsTranslations/42/media

--- 预加载 EN (L1) 数据 ---
预加载完成: 找到 0 个本地 EN 键。

--- 阶段 1: 扫描 Scripts (L0) ---
  -> 警告：未找到 Scripts 目录，跳过。
阶段 1 完成: 从 scripts 新生成了 0 条数据。

--- 阶段 2: 合并 L0 与 L1 后，纯净英文基准总计: 0 条数据。---
  -> 扫描目录: data/workshop_content/3498347699/mods/SomewhatTraitsSkillsTranslations/42/media/lua/shared/Translate/CN
     -> 在 'UI_CN.txt' 中找到 64 个键。

--- 阶段 3: 从 CN 目录加载了 64 条数据。---

--- 已为 Mod ID 3498347699 更新 171 条键来源映射 ---

-------------------- 处理子模组: SomewhatTraitsTranslations --------------------

--- 正在为 'SomewhatTraitsTranslations' 动态查找 'media' 文件夹 ---
  -> 发现版本目录: 42
  -> 正在检查路径的有效性: data/workshop_content/3498347699/mods/SomewhatTraitsTranslations/42/media
  --> 路径有效！将使用此路径进行处理: data/workshop_content/3498347699/mods/SomewhatTraitsTranslations/42/media

--- 预加载 EN (L1) 数据 ---
预加载完成: 找到 0 个本地 EN 键。

--- 阶段 1: 扫描 Scripts (L0) ---
  -> 警告：未找到 Scripts 目录，跳过。
阶段 1 完成: 从 scripts 新生成了 0 条数据。

--- 阶段 2: 合并 L0 与 L1 后，纯净英文基准总计: 0 条数据。---
  -> 扫描目录: data/workshop_content/3498347699/mods/SomewhatTraitsTranslations/42/media/lua/shared/Translate/CN
     -> 在 'UI_CN.txt' 中找到 87 个键。

--- 阶段 3: 从 CN 目录加载了 87 条数据。---

--- 阶段 4: 检测到 17 个与官方重复的键。---

--- 已为 Mod ID 3498347699 更新 171 条键来源映射 ---

--- 正在为 Mod 'SomewhatTraits' 生成输出文件 ---
    - 最终合并 (output.txt): 171 条
    - 纯净英文 (EN_output.txt): 171 条
    - 纯净中文 (CN_output.txt): 151 条
    - 英文待办 (en_todo.txt): 20 条 (增量)
    - 中文独有 (cn_only.txt): 0 条 (增量)
    - 冲突键 (conflict_keys.txt): 17 条
    -> 正在尝试从 Git 历史记录中获取旧版本: data/output_files/SomewhatTraits_3498347699/EN_todo.txt
      --> 成功找到旧版本。
     -> 在 'EN_todo.txt (旧版本)' 中找到 171 个键。
    -> 检测到内容变更。新增: 0, 移除: 151

处理成功！所有输出文件已保存在 'SomewhatTraits_3498347699' 文件夹中。
    -> [内存] 已为 Mod 3498347699 记录 Commit SHA: 2fd9652

--- 所有模组处理循环结束，正在保存最终运行状态 ---

--- 应用正则表达式来源覆盖规则 ---
成功加载 6 条正则表达式规则。
未发现需要应用的正则表达式规则。

--- 正在合并手动分类的键来源 ---
  -> 成功合并/更新了 1 个来自手动分类的键来源。
全局键来源映射已成功保存到: translation_utils/key_source_map.json

增量更新日志已记录到: data/logs/update_log.json

--- 开始生成状态报告 ---
状态报告生成脚本输出:
--- 开始生成状态报告 ---
  -> STATUS.md 已生成。
  -> MOD_TODO_STATUS.md 已生成。
--- 所有报告生成完毕 ---

