

========================= 开始处理 Workshop ID: 3304582091 (StandardizedVehicleUpgrades3Vanilla) =========================

--- 正在检查已完成的翻译于: data\completed_files\3304582091\en_completed.txt ---
     -> 在 'en_completed.txt' 中找到 3 个键。

--- 正在检查待排除的键于: data\completed_files\3304582091\exclusion_list.txt ---
  -> 排除列表文件 'exclusion_list.txt' 不存在，跳过。

-------------------- 处理子模组: StandardizedVehicleUpgrades3Vanilla --------------------

--- 正在为 'StandardizedVehicleUpgrades3Vanilla' 动态查找 'media' 文件夹 ---
  -> 正在检查路径的有效性: data\workshop_content\3304582091\mods\StandardizedVehicleUpgrades3Vanilla\common\media
  --> 路径有效！已将其加入待处理列表。
  -> 正在检查路径的有效性: data\workshop_content\3304582091\mods\StandardizedVehicleUpgrades3Vanilla\media
  --> 路径有效！已将其加入待处理列表。

--- 阶段 1: 扫描所有 media 路径下的翻译文件 (L1) ---
  -> 正在处理 media 路径: data\workshop_content\3304582091\mods\StandardizedVehicleUpgrades3Vanilla\common\media
  -> 扫描目录: data\workshop_content\3304582091\mods\StandardizedVehicleUpgrades3Vanilla\common\media\lua\shared\Translate\EN
     -> 在 'ItemName_EN.txt' 中找到 1 个键。
     -> 在 'Recipes_EN.txt' 中找到 1 个键。
     -> 在 'Tooltip_EN.txt' 中找到 1 个键。
  -> 正在处理 media 路径: data\workshop_content\3304582091\mods\StandardizedVehicleUpgrades3Vanilla\media
  -> 扫描目录: data\workshop_content\3304582091\mods\StandardizedVehicleUpgrades3Vanilla\media\lua\shared\Translate\EN
     -> 在 'ItemName_EN.txt' 中找到 1 个键。
     -> 在 'Recipes_EN.txt' 中找到 1 个键。
     -> 在 'Tooltip_EN.txt' 中找到 1 个键。
阶段 1 完成: 从 EN 加载了 3 条数据, 从 CN 加载了 0 条数据。

--- 阶段 2: 扫描所有 Media 路径下的 Scripts (L0) ---
  -> 正在处理 Scripts 路径: data\workshop_content\3304582091\mods\StandardizedVehicleUpgrades3Vanilla\common\media\scripts
    -> 处理: items_PUV.txt
    -> 处理: vehicles\templates\a_template_upgrades_car_lights.txt
    -> 处理: vehicles\templates\a_template_upgrades_car_luxury.txt
    -> 处理: vehicles\templates\a_template_upgrades_car_modern.txt
    -> 处理: vehicles\templates\a_template_upgrades_car_modern2.txt
    -> 处理: vehicles\templates\a_template_upgrades_car_modern_lights.txt
    -> 处理: vehicles\templates\a_template_upgrades_car_normal.txt
    -> 处理: vehicles\templates\a_template_upgrades_car_small.txt
    -> 处理: vehicles\templates\a_template_upgrades_car_small02.txt
    -> 处理: vehicles\templates\a_template_upgrades_car_sports.txt
    -> 处理: vehicles\templates\a_template_upgrades_car_wagon.txt
    -> 处理: vehicles\templates\a_template_upgrades_offroad.txt
    -> 处理: vehicles\templates\a_template_upgrades_pickuptruck.txt
    -> 处理: vehicles\templates\a_template_upgrades_pickupvan.txt
    -> 处理: vehicles\templates\a_template_upgrades_stepvan.txt
    -> 处理: vehicles\templates\a_template_upgrades_suv.txt
    -> 处理: vehicles\templates\a_template_upgrades_van.txt
    -> 处理: vehicles\templates\a_template_upgrades_van_ambulance.txt
    -> 处理: vehicles\templates\a_template_upgrades_van_seats.txt
    -> 处理: vehicles\templates\SVU3\CarLuxury\a_template_models_car_luxury_heavy.txt
    -> 处理: vehicles\templates\SVU3\CarLuxury\a_template_models_car_luxury_light.txt
    -> 处理: vehicles\templates\SVU3\CarLuxury\a_template_models_car_luxury_mods.txt
    -> 处理: vehicles\templates\SVU3\CarLuxury\a_template_models_car_luxury_paper.txt
    -> 处理: vehicles\templates\SVU3\CarLuxury\a_template_models_car_luxury_reinforced.txt
    -> 处理: vehicles\templates\SVU3\CarModern\a_template_models_car_modern_heavy.txt
    -> 处理: vehicles\templates\SVU3\CarModern\a_template_models_car_modern_light.txt
    -> 处理: vehicles\templates\SVU3\CarModern\a_template_models_car_modern_mods.txt
    -> 处理: vehicles\templates\SVU3\CarModern\a_template_models_car_modern_paper.txt
    -> 处理: vehicles\templates\SVU3\CarModern\a_template_models_car_modern_reinforced.txt
    -> 处理: vehicles\templates\SVU3\CarModern2\a_template_models_car_modern2_heavy.txt
    -> 处理: vehicles\templates\SVU3\CarModern2\a_template_models_car_modern2_light.txt
    -> 处理: vehicles\templates\SVU3\CarModern2\a_template_models_car_modern2_mods.txt
    -> 处理: vehicles\templates\SVU3\CarModern2\a_template_models_car_modern2_paper.txt
    -> 处理: vehicles\templates\SVU3\CarModern2\a_template_models_car_modern2_reinforced.txt
    -> 处理: vehicles\templates\SVU3\CarNormal\a_template_models_car_normal_heavy.txt
    -> 处理: vehicles\templates\SVU3\CarNormal\a_template_models_car_normal_light.txt
    -> 处理: vehicles\templates\SVU3\CarNormal\a_template_models_car_normal_mods.txt
    -> 处理: vehicles\templates\SVU3\CarNormal\a_template_models_car_normal_paper.txt
    -> 处理: vehicles\templates\SVU3\CarNormal\a_template_models_car_normal_reinforced.txt
    -> 处理: vehicles\templates\SVU3\CarSmall\a_template_models_car_small_heavy.txt
    -> 处理: vehicles\templates\SVU3\CarSmall\a_template_models_car_small_light.txt
    -> 处理: vehicles\templates\SVU3\CarSmall\a_template_models_car_small_mods.txt
    -> 处理: vehicles\templates\SVU3\CarSmall\a_template_models_car_small_paper.txt
    -> 处理: vehicles\templates\SVU3\CarSmall\a_template_models_car_small_reinforced.txt
    -> 处理: vehicles\templates\SVU3\CarSmall02\a_template_models_car_small02_heavy.txt
    -> 处理: vehicles\templates\SVU3\CarSmall02\a_template_models_car_small02_light.txt
    -> 处理: vehicles\templates\SVU3\CarSmall02\a_template_models_car_small02_mods.txt
    -> 处理: vehicles\templates\SVU3\CarSmall02\a_template_models_car_small02_paper.txt
    -> 处理: vehicles\templates\SVU3\CarSmall02\a_template_models_car_small02_reinforced.txt
    -> 处理: vehicles\templates\SVU3\CarWagon\a_template_models_car_wagon_heavy.txt
    -> 处理: vehicles\templates\SVU3\CarWagon\a_template_models_car_wagon_light.txt
    -> 处理: vehicles\templates\SVU3\CarWagon\a_template_models_car_wagon_mods.txt
    -> 处理: vehicles\templates\SVU3\CarWagon\a_template_models_car_wagon_paper.txt
    -> 处理: vehicles\templates\SVU3\CarWagon\a_template_models_car_wagon_reinforced.txt
    -> 处理: vehicles\templates\SVU3\OffRoad\a_template_models_offroad_heavy.txt
    -> 处理: vehicles\templates\SVU3\OffRoad\a_template_models_offroad_light.txt
    -> 处理: vehicles\templates\SVU3\OffRoad\a_template_models_offroad_mods.txt
    -> 处理: vehicles\templates\SVU3\OffRoad\a_template_models_offroad_paper.txt
    -> 处理: vehicles\templates\SVU3\OffRoad\a_template_models_offroad_reinforced.txt
    -> 处理: vehicles\templates\SVU3\PickUpVan\a_template_models_car_pickup_van_heavy.txt
    -> 处理: vehicles\templates\SVU3\PickUpVan\a_template_models_car_pickup_van_light.txt
    -> 处理: vehicles\templates\SVU3\PickUpVan\a_template_models_car_pickup_van_mods.txt
    -> 处理: vehicles\templates\SVU3\PickUpVan\a_template_models_car_pickup_van_paper.txt
    -> 处理: vehicles\templates\SVU3\PickUpVan\a_template_models_car_pickup_van_reinforced.txt
    -> 处理: vehicles\templates\SVU3\SportsCar\a_template_models_car_sports_heavy.txt
    -> 处理: vehicles\templates\SVU3\SportsCar\a_template_models_car_sports_light.txt
    -> 处理: vehicles\templates\SVU3\SportsCar\a_template_models_car_sports_mods.txt
    -> 处理: vehicles\templates\SVU3\SportsCar\a_template_models_car_sports_paper.txt
    -> 处理: vehicles\templates\SVU3\SportsCar\a_template_models_car_sports_reinforced.txt
    -> 处理: vehicles\templates\SVU3\StepVan\a_template_models_stepvan_heavy.txt
    -> 处理: vehicles\templates\SVU3\StepVan\a_template_models_stepvan_light.txt
    -> 处理: vehicles\templates\SVU3\StepVan\a_template_models_stepvan_mods.txt
    -> 处理: vehicles\templates\SVU3\StepVan\a_template_models_stepvan_paper.txt
    -> 处理: vehicles\templates\SVU3\StepVan\a_template_models_stepvan_reinforced.txt
    -> 处理: vehicles\templates\SVU3\SUV\a_template_models_suv_heavy.txt
    -> 处理: vehicles\templates\SVU3\SUV\a_template_models_suv_light.txt
    -> 处理: vehicles\templates\SVU3\SUV\a_template_models_suv_mods.txt
    -> 处理: vehicles\templates\SVU3\SUV\a_template_models_suv_paper.txt
    -> 处理: vehicles\templates\SVU3\SUV\a_template_models_suv_reinforced.txt
    -> 处理: vehicles\templates\SVU3\Van\a_template_models_van_heavy.txt
    -> 处理: vehicles\templates\SVU3\Van\a_template_models_van_light.txt
    -> 处理: vehicles\templates\SVU3\Van\a_template_models_van_mods.txt
    -> 处理: vehicles\templates\SVU3\Van\a_template_models_van_paper.txt
    -> 处理: vehicles\templates\SVU3\Van\a_template_models_van_reinforced.txt
  -> 正在处理 Scripts 路径: data\workshop_content\3304582091\mods\StandardizedVehicleUpgrades3Vanilla\media\scripts
    -> 处理: items_PUV.txt
    -> 处理: vehicles\templates\a_template_upgrades_87gmcarmouredcar.txt
    -> 处理: vehicles\templates\a_template_upgrades_car_lights.txt
    -> 处理: vehicles\templates\a_template_upgrades_car_luxury.txt
    -> 处理: vehicles\templates\a_template_upgrades_car_modern.txt
    -> 处理: vehicles\templates\a_template_upgrades_car_modern2.txt
    -> 处理: vehicles\templates\a_template_upgrades_car_normal.txt
    -> 处理: vehicles\templates\a_template_upgrades_car_small.txt
    -> 处理: vehicles\templates\a_template_upgrades_car_small02.txt
    -> 处理: vehicles\templates\a_template_upgrades_car_sports.txt
    -> 处理: vehicles\templates\a_template_upgrades_car_wagon.txt
    -> 处理: vehicles\templates\a_template_upgrades_dash_roamer.txt
    -> 处理: vehicles\templates\a_template_upgrades_gmcvan.txt
    -> 处理: vehicles\templates\a_template_upgrades_offroad.txt
    -> 处理: vehicles\templates\a_template_upgrades_pickuptruck.txt
    -> 处理: vehicles\templates\a_template_upgrades_pickupvan.txt
    -> 处理: vehicles\templates\a_template_upgrades_stepvan.txt
    -> 处理: vehicles\templates\a_template_upgrades_suv.txt
    -> 处理: vehicles\templates\a_template_upgrades_van.txt
    -> 处理: vehicles\templates\a_template_upgrades_van_ambulance.txt
    -> 处理: vehicles\templates\a_template_upgrades_van_seats.txt
    -> 处理: vehicles\templates\SVU3\CarLuxury\a_template_models_car_luxury_heavy.txt
    -> 处理: vehicles\templates\SVU3\CarLuxury\a_template_models_car_luxury_light.txt
    -> 处理: vehicles\templates\SVU3\CarLuxury\a_template_models_car_luxury_mods.txt
    -> 处理: vehicles\templates\SVU3\CarLuxury\a_template_models_car_luxury_reinforced.txt
    -> 处理: vehicles\templates\SVU3\CarModern\a_template_models_car_modern_heavy.txt
    -> 处理: vehicles\templates\SVU3\CarModern\a_template_models_car_modern_light.txt
    -> 处理: vehicles\templates\SVU3\CarModern\a_template_models_car_modern_mods.txt
    -> 处理: vehicles\templates\SVU3\CarModern\a_template_models_car_modern_reinforced.txt
    -> 处理: vehicles\templates\SVU3\CarModern2\a_template_models_car_modern2_heavy.txt
    -> 处理: vehicles\templates\SVU3\CarModern2\a_template_models_car_modern2_light.txt
    -> 处理: vehicles\templates\SVU3\CarModern2\a_template_models_car_modern2_mods.txt
    -> 处理: vehicles\templates\SVU3\CarModern2\a_template_models_car_modern2_reinforced.txt
    -> 处理: vehicles\templates\SVU3\CarNormal\a_template_models_car_normal_heavy.txt
    -> 处理: vehicles\templates\SVU3\CarNormal\a_template_models_car_normal_light.txt
    -> 处理: vehicles\templates\SVU3\CarNormal\a_template_models_car_normal_mods.txt
    -> 处理: vehicles\templates\SVU3\CarNormal\a_template_models_car_normal_reinforced.txt
    -> 处理: vehicles\templates\SVU3\CarSmall\a_template_models_car_small_heavy.txt
    -> 处理: vehicles\templates\SVU3\CarSmall\a_template_models_car_small_light.txt
    -> 处理: vehicles\templates\SVU3\CarSmall\a_template_models_car_small_mods.txt
    -> 处理: vehicles\templates\SVU3\CarSmall\a_template_models_car_small_reinforced.txt
    -> 处理: vehicles\templates\SVU3\CarSmall02\a_template_models_car_small02_heavy.txt
    -> 处理: vehicles\templates\SVU3\CarSmall02\a_template_models_car_small02_light.txt
    -> 处理: vehicles\templates\SVU3\CarSmall02\a_template_models_car_small02_mods.txt
    -> 处理: vehicles\templates\SVU3\CarSmall02\a_template_models_car_small02_reinforced.txt
    -> 处理: vehicles\templates\SVU3\CarWagon\a_template_models_car_wagon_heavy.txt
    -> 处理: vehicles\templates\SVU3\CarWagon\a_template_models_car_wagon_light.txt
    -> 处理: vehicles\templates\SVU3\CarWagon\a_template_models_car_wagon_mods.txt
    -> 处理: vehicles\templates\SVU3\CarWagon\a_template_models_car_wagon_reinforced.txt
    -> 处理: vehicles\templates\SVU3\DashRoamer\a_template_models_dash_roamer_heavy.txt
    -> 处理: vehicles\templates\SVU3\DashRoamer\a_template_models_dash_roamer_light.txt
    -> 处理: vehicles\templates\SVU3\DashRoamer\a_template_models_dash_roamer_mods.txt
    -> 处理: vehicles\templates\SVU3\DashRoamer\a_template_models_dash_roamer_reinforced.txt
    -> 处理: vehicles\templates\SVU3\GMCVan\a_template_models_car_gmcvan_heavy.txt
    -> 处理: vehicles\templates\SVU3\GMCVan\a_template_models_car_gmcvan_light.txt
    -> 处理: vehicles\templates\SVU3\GMCVan\a_template_models_car_gmcvan_mods.txt
    -> 处理: vehicles\templates\SVU3\GMCVan\a_template_models_car_gmcvan_reinforced.txt
    -> 处理: vehicles\templates\SVU3\OffRoad\a_template_models_offroad_heavy.txt
    -> 处理: vehicles\templates\SVU3\OffRoad\a_template_models_offroad_light.txt
    -> 处理: vehicles\templates\SVU3\OffRoad\a_template_models_offroad_mods.txt
    -> 处理: vehicles\templates\SVU3\OffRoad\a_template_models_offroad_reinforced.txt
    -> 处理: vehicles\templates\SVU3\PickUpVan\a_template_models_car_pickup_van_heavy.txt
    -> 处理: vehicles\templates\SVU3\PickUpVan\a_template_models_car_pickup_van_light.txt
    -> 处理: vehicles\templates\SVU3\PickUpVan\a_template_models_car_pickup_van_mods.txt
    -> 处理: vehicles\templates\SVU3\PickUpVan\a_template_models_car_pickup_van_reinforced.txt
    -> 处理: vehicles\templates\SVU3\SportsCar\a_template_models_car_sports_heavy.txt
    -> 处理: vehicles\templates\SVU3\SportsCar\a_template_models_car_sports_light.txt
    -> 处理: vehicles\templates\SVU3\SportsCar\a_template_models_car_sports_mods.txt
    -> 处理: vehicles\templates\SVU3\SportsCar\a_template_models_car_sports_reinforced.txt
    -> 处理: vehicles\templates\SVU3\StepVan\a_template_models_stepvan_heavy.txt
    -> 处理: vehicles\templates\SVU3\StepVan\a_template_models_stepvan_light.txt
    -> 处理: vehicles\templates\SVU3\StepVan\a_template_models_stepvan_mods.txt
    -> 处理: vehicles\templates\SVU3\StepVan\a_template_models_stepvan_reinforced.txt
    -> 处理: vehicles\templates\SVU3\SUV\a_template_models_suv_heavy.txt
    -> 处理: vehicles\templates\SVU3\SUV\a_template_models_suv_light.txt
    -> 处理: vehicles\templates\SVU3\SUV\a_template_models_suv_mods.txt
    -> 处理: vehicles\templates\SVU3\SUV\a_template_models_suv_reinforced.txt
    -> 处理: vehicles\templates\SVU3\Van\a_template_models_van_heavy.txt
    -> 处理: vehicles\templates\SVU3\Van\a_template_models_van_light.txt
    -> 处理: vehicles\templates\SVU3\Van\a_template_models_van_mods.txt
    -> 处理: vehicles\templates\SVU3\Van\a_template_models_van_reinforced.txt
    -> 处理: vehicles\templates\VVE\a_template_upgrades_car_lights_VVE.txt
    -> 处理: vehicles\templates\VVE\a_template_upgrades_car_luxury_VVE.txt
    -> 处理: vehicles\templates\VVE\a_template_upgrades_car_modern2_VVE.txt
    -> 处理: vehicles\templates\VVE\a_template_upgrades_car_modern_VVE.txt
    -> 处理: vehicles\templates\VVE\a_template_upgrades_car_normal_VVE.txt
    -> 处理: vehicles\templates\VVE\a_template_upgrades_car_small02_VVE.txt
    -> 处理: vehicles\templates\VVE\a_template_upgrades_car_small_VVE.txt
    -> 处理: vehicles\templates\VVE\a_template_upgrades_car_sports_VVE.txt
    -> 处理: vehicles\templates\VVE\a_template_upgrades_car_taxi_VVE.txt
    -> 处理: vehicles\templates\VVE\a_template_upgrades_car_wagon_VVE.txt
    -> 处理: vehicles\templates\VVE\a_template_upgrades_offroad_VVE.txt
    -> 处理: vehicles\templates\VVE\a_template_upgrades_pickuptruck2_VVE.txt
    -> 处理: vehicles\templates\VVE\a_template_upgrades_pickuptruck_VVE.txt
    -> 处理: vehicles\templates\VVE\a_template_upgrades_pickupvan2_VVE.txt
    -> 处理: vehicles\templates\VVE\a_template_upgrades_pickupvan3_VVE.txt
    -> 处理: vehicles\templates\VVE\a_template_upgrades_pickupvan_VVE.txt
    -> 处理: vehicles\templates\VVE\a_template_upgrades_stepvan_VVE.txt
    -> 处理: vehicles\templates\VVE\a_template_upgrades_suv_VVE.txt
    -> 处理: vehicles\templates\VVE\a_template_upgrades_van_ambulance_VVE.txt
    -> 处理: vehicles\templates\VVE\a_template_upgrades_van_seats_VVE.txt
    -> 处理: vehicles\templates\VVE\a_template_upgrades_van_VVE.txt
阶段 2 完成: 从 scripts 新生成了 0 条数据。

--- 阶段 3: 合并 L0 与 L1 后，纯净英文基准总计: 3 条数据。---

--- 已为 Mod ID 3304582091 更新 3 条键来源映射 ---

--- 正在为 Mod 'StandardizedVehicleUpgrades3Vanilla' 生成输出文件 ---
    - 最终合并 (output.txt): 3 条
    - 纯净英文 (EN_output.txt): 3 条
    - 纯净中文 (CN_output.txt): 0 条
    - 英文待办 (en_todo.txt): 0 条 (增量)
    - 中文独有 (cn_only.txt): 0 条 (增量)
    - 冲突键 (conflict_keys.txt): 0 条
    -> 正在尝试从 Git 历史记录中获取旧版本: data/output_files/StandardizedVehicleUpgrades3Vanilla_3304582091/EN_todo.txt
      --> 成功找到旧版本。
     -> 在 'EN_todo.txt (旧版本)' 中找到 0 个键。

处理成功！所有输出文件已保存在 'StandardizedVehicleUpgrades3Vanilla_3304582091' 文件夹中。
    -> [内存] 已为 Mod 3304582091 记录 Commit SHA: 53dbbce
