

========================= 开始处理 Workshop ID: 3403490889 (StandardizedVehicleUpgrades3Core) =========================

--- 正在检查已完成的翻译于: data/completed_files/3403490889/en_completed.txt ---
     -> 在 'en_completed.txt' 中找到 369 个键。

--- 正在检查待排除的键于: data/completed_files/3403490889/exclusion_list.txt ---
  -> 排除列表文件 'exclusion_list.txt' 不存在，跳过。

-------------------- 处理子模组: StandardizedVehicleUpgrades3Core --------------------

--- 正在为 'StandardizedVehicleUpgrades3Core' 动态查找 'media' 文件夹 ---
  -> 发现版本目录: 42
  -> 正在检查路径的有效性: data/workshop_content/3403490889/mods/StandardizedVehicleUpgrades3Core/common/media
  --> 路径有效！已将其加入待处理列表。

--- 阶段 1: 扫描所有 media 路径下的翻译文件 (L1) ---
  -> 正在处理 media 路径: data/workshop_content/3403490889/mods/StandardizedVehicleUpgrades3Core/common/media
  -> 扫描目录: data/workshop_content/3403490889/mods/StandardizedVehicleUpgrades3Core/common/media/lua/shared/Translate/EN
     -> 在 'IG_UI_EN.txt' 中找到 297 个键。
     -> 在 'Recipes_EN.txt' 中找到 4 个键。
     -> 在 'Sandbox_EN.txt' 中找到 70 个键。
阶段 1 完成: 从 EN 加载了 371 条数据, 从 CN 加载了 0 条数据。

--- 阶段 2: 扫描所有 Media 路径下的 Scripts (L0) ---
  -> 正在处理 Scripts 路径: data/workshop_content/3403490889/mods/StandardizedVehicleUpgrades3Core/common/media/scripts
    -> 处理: rooflight_convert_recipe.txt
     -> 新增: 5 个 Recipe
    -> 处理: tuning2/template_ata2_roof_lights.txt
    -> 处理: vehicles/a_template_upgrades_presets.txt
    -> 处理: vehicles/a_template_upgrades_windows.txt
阶段 2 完成: 从 scripts 新生成了 5 条数据。

--- 阶段 3: 合并 L0 与 L1 后，纯净英文基准总计: 376 条数据。---

--- 阶段 4: 检测到 1 个与官方重复的键。---

--- 已为 Mod ID 3403490889 更新 376 条键来源映射 ---

--- 正在为 Mod 'StandardizedVehicleUpgrades3Core' 生成输出文件 ---
    - 最终合并 (output.txt): 376 条
    - 纯净英文 (EN_output.txt): 376 条
    - 纯净中文 (CN_output.txt): 0 条
    - 英文待办 (en_todo.txt): 7 条 (增量)
    - 中文独有 (cn_only.txt): 0 条 (增量)
    - 冲突键 (conflict_keys.txt): 1 条
    -> 正在尝试从 Git 历史记录中获取旧版本: data/output_files/StandardizedVehicleUpgrades3Core_3403490889/EN_todo.txt
      --> 成功找到旧版本。
     -> 在 'EN_todo.txt (旧版本)' 中找到 7 个键。

处理成功！所有输出文件已保存在 'StandardizedVehicleUpgrades3Core_3403490889' 文件夹中。
    -> [内存] 已为 Mod 3403490889 记录 Commit SHA: f261155
