

========================= 开始处理 Workshop ID: 3409836763 (Support_Corps) =========================

--- 正在检查已完成的翻译于: data\completed_files\3409836763\en_completed.txt ---
     -> 在 'en_completed.txt' 中找到 604 个键。

--- 正在检查待排除的键于: data\completed_files\3409836763\exclusion_list.txt ---
  -> 排除列表文件 'exclusion_list.txt' 不存在，跳过。

-------------------- 处理子模组: Support Corps --------------------

--- 正在为 'Support Corps' 动态查找 'media' 文件夹 ---
  -> 发现版本目录: 42
  -> 正在检查路径的有效性: data\workshop_content\3409836763\mods\Support Corps\common\media
  --> 路径有效！已将其加入待处理列表。
  -> 正在检查路径的有效性: data\workshop_content\3409836763\mods\Support Corps\42\media
  --> 路径有效！已将其加入待处理列表。

--- 阶段 1: 扫描所有 media 路径下的翻译文件 (L1) ---
  -> 正在处理 media 路径: data\workshop_content\3409836763\mods\Support Corps\common\media
  -> 扫描目录: data\workshop_content\3409836763\mods\Support Corps\common\media\lua\shared\Translate\EN
     -> 在 'ContextMenu_EN.txt' 中找到 2 个键。
     -> 在 'ItemName_EN.txt' 中找到 232 个键。
     -> 在 'Moveables_EN.txt' 中找到 5 个键。
     -> 在 'Recipes_EN.txt' 中找到 84 个键。
     -> 在 'Sandbox_EN.txt' 中找到 12 个键。
     -> 在 'Tooltip_EN.txt' 中找到 17 个键。
  -> 正在处理 media 路径: data\workshop_content\3409836763\mods\Support Corps\42\media
  -> 扫描目录: data\workshop_content\3409836763\mods\Support Corps\42\media\lua\shared\Translate\EN
     -> 在 'ContextMenu_EN.txt' 中找到 2 个键。
     -> 在 'ItemName_EN.txt' 中找到 232 个键。
     -> 在 'Moveables_EN.txt' 中找到 5 个键。
     -> 在 'Recipes_EN.txt' 中找到 84 个键。
     -> 在 'Sandbox_EN.txt' 中找到 12 个键。
     -> 在 'Tooltip_EN.txt' 中找到 17 个键。
阶段 1 完成: 从 EN 加载了 352 条数据, 从 CN 加载了 0 条数据。

--- 阶段 2: 扫描所有 Media 路径下的 Scripts (L0) ---
  -> 正在处理 Scripts 路径: data\workshop_content\3409836763\mods\Support Corps\common\media\scripts
    -> 处理: clothing\SupportCorpsClothing.txt
     -> 新增: 22 个 Item
    -> 处理: clothing\SupportCorpsMasks.txt
     -> 新增: 1 个 Item
    -> 处理: clothing\SupportCorpsNewCamo.txt
     -> 新增: 94 个 Item
    -> 处理: entities\outdoors\entity_campshower.txt
    -> 处理: items\SupportCorps - Items.txt
     -> 新增: 34 个 Item
    -> 处理: items\SupportCorps - WarEcon.txt
     -> 新增: 84 个 Item
    -> 处理: moveables\SupportCorpsMoveables.txt
     -> 新增: 5 个 Item
    -> 处理: recipes\SupportCorpsRecipes.txt
     -> 新增: 11 个 Recipe
    -> 处理: SupportCorpsCharacterModels.txt
    -> 处理: SupportCorpsEvolvedRecipes.txt
     -> 新增: 3 个 Recipe
    -> 处理: SupportCorpsFoodModels.txt
    -> 处理: SupportCorpsItemModels.txt
    -> 处理: SupportCorpsMilModels.txt
    -> 处理: SupportCorpsWeaponModels.txt
  -> 正在处理 Scripts 路径: data\workshop_content\3409836763\mods\Support Corps\42\media\scripts
    -> 处理: clothing\SupportCorpsClothing.txt
    -> 处理: clothing\SupportCorpsMasks.txt
    -> 处理: clothing\SupportCorpsNewCamo.txt
    -> 处理: entities\outdoors\entity_campshower.txt
    -> 处理: items\SupportCorps - Items.txt
    -> 处理: items\SupportCorps - WarEcon.txt
    -> 处理: moveables\SupportCorpsMoveables.txt
    -> 处理: recipes\SupportCorpsRecipes.txt
    -> 处理: SupportCorpsCharacterModels.txt
    -> 处理: SupportCorpsEvolvedRecipes.txt
    -> 处理: SupportCorpsFoodModels.txt
    -> 处理: SupportCorpsItemModels.txt
    -> 处理: SupportCorpsMilModels.txt
    -> 处理: SupportCorpsWeaponModels.txt
阶段 2 完成: 从 scripts 新生成了 254 条数据。

--- 阶段 3: 合并 L0 与 L1 后，纯净英文基准总计: 606 条数据。---

--- 阶段 4: 检测到 6 个与官方重复的键。---

--- 阶段 4: 检测到 6 个与官方重复的键。---

--- 已为 Mod ID 3409836763 更新 606 条键来源映射 ---

--- 正在为 Mod 'Support_Corps' 生成输出文件 ---
    - 最终合并 (output.txt): 606 条
    - 纯净英文 (EN_output.txt): 606 条
    - 纯净中文 (CN_output.txt): 0 条
    - 英文待办 (en_todo.txt): 7 条 (增量)
    - 中文独有 (cn_only.txt): 0 条 (增量)
    - 冲突键 (conflict_keys.txt): 6 条
    -> 正在尝试从 Git 历史记录中获取旧版本: data/output_files/Support_Corps_3409836763/EN_todo.txt
      --> 成功找到旧版本。
     -> 在 'EN_todo.txt (旧版本)' 中找到 7 个键。

处理成功！所有输出文件已保存在 'Support_Corps_3409836763' 文件夹中。
    -> [内存] 已为 Mod 3409836763 记录 Commit SHA: 23b48b6
