

========================= 开始处理 Workshop ID: 2366717227 (SwapIt) =========================

--- 正在检查已完成的翻译于: data/completed_files/2366717227/en_completed.txt ---
     -> 在 'en_completed.txt' 中找到 7 个键。

--- 正在检查待排除的键于: data/completed_files/2366717227/exclusion_list.txt ---
  -> 排除列表文件 'exclusion_list.txt' 不存在，跳过。

-------------------- 处理子模组: SwapIt --------------------

--- 正在为 'SwapIt' 动态查找 'media' 文件夹 ---
  -> 发现版本目录: 42.0
  -> 正在检查路径的有效性: data/workshop_content/2366717227/mods/SwapIt/common/media
  --> 路径无效 (缺少 scripts 或 Translate)，继续查找...
  -> 正在检查路径的有效性: data/workshop_content/2366717227/mods/SwapIt/media
  --> 路径无效 (缺少 scripts 或 Translate)，继续查找...
  --> 未能在任何优先路径中找到 'media' 文件夹。

--- 已为 Mod ID 2366717227 更新 0 条键来源映射 ---

--- 正在为 Mod 'SwapIt' 生成输出文件 ---
    - 最终合并 (output.txt): 0 条
    - 纯净英文 (EN_output.txt): 0 条
    - 纯净中文 (CN_output.txt): 0 条
    - 英文待办 (en_todo.txt): 0 条 (增量)
    - 中文独有 (cn_only.txt): 0 条 (增量)
    - 冲突键 (conflict_keys.txt): 0 条
    -> 正在尝试从 Git 历史记录中获取旧版本: data/output_files/SwapIt_2366717227/EN_todo.txt
      --> 成功找到旧版本。
     -> 在 'EN_todo.txt (旧版本)' 中找到 0 个键。

处理成功！所有输出文件已保存在 'SwapIt_2366717227' 文件夹中。
    -> [内存] 已为 Mod 2366717227 记录 Commit SHA: e2990b2
