

========================= 开始处理 Workshop ID: 3540297822 (TableSaw) =========================

--- 正在检查已完成的翻译于: data\completed_files\3540297822\en_completed.txt ---
     -> 在 'en_completed.txt' 中找到 3 个键。

--- 正在检查待排除的键于: data\completed_files\3540297822\exclusion_list.txt ---
  -> 排除列表文件 'exclusion_list.txt' 不存在，跳过。

-------------------- 处理子模组: TableSaw --------------------

--- 正在为 'TableSaw' 动态查找 'media' 文件夹 ---
  -> 正在检查路径的有效性: data\workshop_content\3540297822\mods\TableSaw\common\media
  --> 路径有效！已将其加入待处理列表。

--- 阶段 1: 扫描所有 media 路径下的翻译文件 (L1) ---
  -> 正在处理 media 路径: data\workshop_content\3540297822\mods\TableSaw\common\media
  -> 扫描目录: data\workshop_content\3540297822\mods\TableSaw\common\media\lua\shared\Translate\EN
     -> 在 'ContextMenu_EN.txt' 中找到 1 个键。
     -> 在 'IG_UI_EN.txt' 中找到 15 个键。
     -> 在 'Items_EN.txt' 中找到 0 个键。
     -> 在 'Sandbox_EN.txt' 中找到 16 个键。
     -> 在 'Tooltip_EN.txt' 中找到 4 个键。
  -> 扫描目录: data\workshop_content\3540297822\mods\TableSaw\common\media\lua\shared\Translate\CN
     -> 在 'ContextMenu_CN.txt' 中找到 1 个键。
     -> 在 'IG_UI_CN.txt' 中找到 15 个键。
     -> 在 'Items_CN.txt' 中找到 0 个键。
     -> 在 'Sandbox_CN.txt' 中找到 16 个键。
     -> 在 'Tooltip_CN.txt' 中找到 4 个键。
阶段 1 完成: 从 EN 加载了 36 条数据, 从 CN 加载了 36 条数据。

--- 阶段 2: 扫描所有 Media 路径下的 Scripts (L0) ---
  -> 正在处理 Scripts 路径: data\workshop_content\3540297822\mods\TableSaw\common\media\scripts
    -> 处理: TableSawItems.txt
     -> 新增: 2 个 Item
    -> 处理: TableSawRound.txt
阶段 2 完成: 从 scripts 新生成了 2 条数据。

--- 阶段 3: 合并 L0 与 L1 后，纯净英文基准总计: 38 条数据。---

--- 已为 Mod ID 3540297822 更新 38 条键来源映射 ---

--- 正在为 Mod 'TableSaw' 生成输出文件 ---
    - 最终合并 (output.txt): 38 条
    - 纯净英文 (EN_output.txt): 38 条
    - 纯净中文 (CN_output.txt): 36 条
    - 英文待办 (en_todo.txt): 0 条 (增量)
    - 中文独有 (cn_only.txt): 0 条 (增量)
    - 冲突键 (conflict_keys.txt): 0 条
    -> 正在尝试从 Git 历史记录中获取旧版本: data/output_files/TableSaw_3540297822/EN_todo.txt
      --> 成功找到旧版本。
     -> 在 'EN_todo.txt (旧版本)' 中找到 0 个键。

处理成功！所有输出文件已保存在 'TableSaw_3540297822' 文件夹中。
    -> [内存] 已为 Mod 3540297822 记录 Commit SHA: 104640c
