

========================= 开始处理 Workshop ID: 3569158406 (TacticalSheathsReborn) =========================

--- 正在检查已完成的翻译于: data\completed_files\3569158406\en_completed.txt ---
     -> 在 'en_completed.txt' 中找到 0 个键。

--- 正在检查待排除的键于: data\completed_files\3569158406\exclusion_list.txt ---
  -> 排除列表文件 'exclusion_list.txt' 不存在，跳过。

-------------------- 处理子模组: TacticalSheathsReborn --------------------

--- 正在为 'TacticalSheathsReborn' 动态查找 'media' 文件夹 ---
  -> 发现版本目录: 42.0
  -> 正在检查路径的有效性: data\workshop_content\3569158406\mods\TacticalSheathsReborn\42.0\media
  --> 路径有效！已将其加入待处理列表。

--- 阶段 1: 扫描所有 media 路径下的翻译文件 (L1) ---
  -> 正在处理 media 路径: data\workshop_content\3569158406\mods\TacticalSheathsReborn\42.0\media
  -> 扫描目录: data\workshop_content\3569158406\mods\TacticalSheathsReborn\42.0\media\lua\shared\Translate\EN
     -> 在 'ContextMenu_EN.txt' 中找到 5 个键。
     -> 在 'IG_UI_EN.txt' 中找到 4 个键。
     -> 在 'Items_EN.txt' 中找到 0 个键。
     -> 在 'Recipes_EN.txt' 中找到 20 个键。
  -> 扫描目录: data\workshop_content\3569158406\mods\TacticalSheathsReborn\42.0\media\lua\shared\Translate\CN
     -> 在 'ContextMenu_CN.txt' 中找到 4 个键。
     -> 在 'IG_UI_CN.txt' 中找到 4 个键。
     -> 在 'Items_CN.txt' 中找到 0 个键。
     -> 在 'Recipes_CN.txt' 中找到 20 个键。
阶段 1 完成: 从 EN 加载了 29 条数据, 从 CN 加载了 28 条数据。

--- 阶段 2: 扫描所有 Media 路径下的 Scripts (L0) ---
  -> 正在处理 Scripts 路径: data\workshop_content\3569158406\mods\TacticalSheathsReborn\42.0\media\scripts
    -> 处理: TKS_Attachments.txt
    -> 处理: TKS_Blacksmith_Magazines.txt
     -> 新增: 1 个 Item
    -> 处理: TKS_Fixing.txt
    -> 处理: TKS_Katana.txt
    -> 处理: TKS_Module.txt
    -> 处理: TKS_Recipes.txt
     -> 新增: 1 个 Recipe
    -> 处理: TKS_Recipes_Blacksmith_Katana.txt
     -> 新增: 1 个 Recipe
    -> 处理: TKS_Sheath.txt
     -> 新增: 37 个 Item
    -> 处理: TKS_TacticalKnife.txt
     -> 新增: 1 个 Item
阶段 2 完成: 从 scripts 新生成了 41 条数据。

--- 阶段 3: 合并 L0 与 L1 后，纯净英文基准总计: 70 条数据。---

--- 阶段 4: 检测到 1 个与官方重复的键。---

--- 已为 Mod ID 3569158406 更新 71 条键来源映射 ---

--- 正在为 Mod 'TacticalSheathsReborn' 生成输出文件 ---
    - 最终合并 (output.txt): 70 条
    - 纯净英文 (EN_output.txt): 70 条
    - 纯净中文 (CN_output.txt): 28 条
    - 英文待办 (en_todo.txt): 42 条 (增量)
    - 中文独有 (cn_only.txt): 0 条 (增量)
    - 冲突键 (conflict_keys.txt): 1 条
    -> 正在尝试从 Git 历史记录中获取旧版本: data/output_files/TacticalSheathsReborn_3569158406/EN_todo.txt
      --> 成功找到旧版本。
     -> 在 'EN_todo.txt (旧版本)' 中找到 43 个键。
    -> 检测到内容变更。新增: 0, 移除: 1

处理成功！所有输出文件已保存在 'TacticalSheathsReborn_3569158406' 文件夹中。
    -> [内存] 已为 Mod 3569158406 记录 Commit SHA: c2390f4
