

========================= 开始处理 Workshop ID: 2324223029 (Tactical_Weapons) =========================

--- 正在检查已完成的翻译于: data\completed_files\2324223029\en_completed.txt ---
     -> 在 'en_completed.txt' 中找到 46 个键。

--- 正在检查待排除的键于: data\completed_files\2324223029\exclusion_list.txt ---
  -> 排除列表文件 'exclusion_list.txt' 不存在，跳过。

-------------------- 处理子模组: Tactical Weapons --------------------

--- 正在为 'Tactical Weapons' 动态查找 'media' 文件夹 ---
  -> 发现版本目录: 42
  -> 正在检查路径的有效性: data\workshop_content\2324223029\mods\Tactical Weapons\common\media
  --> 路径有效！已将其加入待处理列表。

--- 阶段 1: 扫描所有 media 路径下的翻译文件 (L1) ---
  -> 正在处理 media 路径: data\workshop_content\2324223029\mods\Tactical Weapons\common\media
  -> 扫描目录: data\workshop_content\2324223029\mods\Tactical Weapons\common\media\lua\shared\Translate\EN
    处理文件 Recipes_EN.txt 时发生错误: 'utf-8' codec can't decode byte 0xff in position 0: invalid start byte
     -> 在 'Recipes_EN.txt' 中找到 0 个键。
阶段 1 完成: 从 EN 加载了 0 条数据, 从 CN 加载了 0 条数据。

--- 阶段 2: 扫描所有 Media 路径下的 Scripts (L0) ---
  -> 正在处理 Scripts 路径: data\workshop_content\2324223029\mods\Tactical Weapons\common\media\scripts
    -> 处理: module_TWBase.txt
    -> 处理: module_TWeapons.txt
     -> 新增: 14 个 Item, 12 个 Recipe
阶段 2 完成: 从 scripts 新生成了 26 条数据。

--- 阶段 3: 合并 L0 与 L1 后，纯净英文基准总计: 26 条数据。---

--- 阶段 4: 检测到 3 个与官方重复的键。---

--- 已为 Mod ID 2324223029 更新 26 条键来源映射 ---

--- 正在为 Mod 'Tactical_Weapons' 生成输出文件 ---
    - 最终合并 (output.txt): 26 条
    - 纯净英文 (EN_output.txt): 26 条
    - 纯净中文 (CN_output.txt): 0 条
    - 英文待办 (en_todo.txt): 3 条 (增量)
    - 中文独有 (cn_only.txt): 0 条 (增量)
    - 冲突键 (conflict_keys.txt): 3 条
    -> 正在尝试从 Git 历史记录中获取旧版本: data/output_files/Tactical_Weapons_2324223029/EN_todo.txt
      --> 成功找到旧版本。
     -> 在 'EN_todo.txt (旧版本)' 中找到 3 个键。

处理成功！所有输出文件已保存在 'Tactical_Weapons_2324223029' 文件夹中。
    -> [内存] 已为 Mod 2324223029 记录 Commit SHA: 8937081
