

========================= 开始处理 Workshop ID: 3592172476 (Take_A_Bath_And_Shower) =========================

--- 正在检查已完成的翻译于: data/completed_files/3592172476/en_completed.txt ---
  -> 文件 'en_completed.txt' 在目标位置不存在，将自动创建。

--- 正在检查待排除的键于: data/completed_files/3592172476/exclusion_list.txt ---
  -> 排除列表文件 'exclusion_list.txt' 不存在，跳过。

-------------------- 处理子模组: Take A Bath And Shower --------------------

--- 正在为 'Take A Bath And Shower' 动态查找 'media' 文件夹 ---
  -> 发现版本目录: 42
  -> 正在检查路径的有效性: data/workshop_content/3592172476/mods/Take A Bath And Shower/common/media
  --> 路径有效！将使用此路径进行处理: data/workshop_content/3592172476/mods/Take A Bath And Shower/common/media

--- 预加载 EN (L1) 数据 ---
  -> 扫描目录: data/workshop_content/3592172476/mods/Take A Bath And Shower/common/media/lua/shared/Translate/EN
     -> 在 'ContextMenu_EN.txt' 中找到 48 个键。
     -> 在 'Fluids_EN.txt' 中找到 3 个键。
     -> 在 'IG_UI_EN.txt' 中找到 56 个键。
     -> 在 'ItemName_EN.txt' 中找到 14 个键。
     -> 在 'Moodles_EN.txt' 中找到 64 个键。
     -> 在 'Sandbox_EN.txt' 中找到 61 个键。
     -> 在 'Tooltip_EN.txt' 中找到 1 个键。
     -> 在 'UI_EN.txt' 中找到 44 个键。
预加载完成: 找到 291 个本地 EN 键。

--- 阶段 1: 扫描 Scripts (L0) ---
  -> 处理: sounds/tabas_sounds.txt
  -> 处理: sounds/tabas_voices male.txt
  -> 处理: sounds/tabas_voices_female.txt
  -> 处理: tabas_body.txt
  -> 处理: tabas_fluids.txt
  -> 处理: tabas_items.txt
  -> 处理: tabas_models.txt
  -> 处理: tabas_moveables.txt
     -> 新增: 5 个 Item
阶段 1 完成: 从 scripts 新生成了 5 条数据。

--- 阶段 2: 合并 L0 与 L1 后，纯净英文基准总计: 296 条数据。---

--- 阶段 3: 从 CN 目录加载了 0 条数据。---

--- 已为 Mod ID 3592172476 更新 296 条键来源映射 ---

-------------------- 处理子模组: Take A Bath And Shower For Anthro Survivors --------------------

--- 正在为 'Take A Bath And Shower For Anthro Survivors' 动态查找 'media' 文件夹 ---
  -> 发现版本目录: 42
  --> 未能在任何优先路径中找到 'media' 文件夹。

--- 已为 Mod ID 3592172476 更新 296 条键来源映射 ---

--- 正在为 Mod 'Take_A_Bath_And_Shower' 生成输出文件 ---
    - 最终合并 (output.txt): 296 条
    - 纯净英文 (EN_output.txt): 296 条
    - 纯净中文 (CN_output.txt): 0 条
    - 英文待办 (en_todo.txt): 296 条 (增量)
    - 中文独有 (cn_only.txt): 0 条 (增量)
    - 冲突键 (conflict_keys.txt): 0 条
    -> 正在尝试从 Git 历史记录中获取旧版本: data/output_files/Take_A_Bath_And_Shower_3592172476/EN_todo.txt
      --> 在 Git 历史记录中未找到该文件，视为全新。
    -> 基线日志已存档到: data/logs/archive/Take_A_Bath_And_Shower_3592172476_baseline_run_20251106_002504.json

处理成功！所有输出文件已保存在 'Take_A_Bath_And_Shower_3592172476' 文件夹中。
    -> 警告：未能获取 Mod 3592172476 的完成文件SHA，状态未记录。
