

========================= 开始处理 Workshop ID: 3580276809 (The-Only-Cure) =========================

--- 正在检查已完成的翻译于: data/completed_files/3580276809/en_completed.txt ---
  -> 文件 'en_completed.txt' 在目标位置不存在，将自动创建。

--- 正在检查待排除的键于: data/completed_files/3580276809/exclusion_list.txt ---
  -> 排除列表文件 'exclusion_list.txt' 不存在，跳过。

-------------------- 处理子模组: The-Only-Cure --------------------

--- 正在为 'The-Only-Cure' 动态查找 'media' 文件夹 ---
  -> 发现版本目录: 42
  -> 正在检查路径的有效性: data/workshop_content/3580276809/mods/The-Only-Cure/common/media
  --> 路径有效！已将其加入待处理列表。
  -> 正在检查路径的有效性: data/workshop_content/3580276809/mods/The-Only-Cure/42/media
  --> 路径有效！已将其加入待处理列表。

--- 阶段 1: 扫描所有 media 路径下的翻译文件 (L1) ---
  -> 正在处理 media 路径: data/workshop_content/3580276809/mods/The-Only-Cure/common/media
  -> 扫描目录: data/workshop_content/3580276809/mods/The-Only-Cure/common/media/lua/shared/Translate/EN
     -> 在 'ContextMenu_EN.txt' 中找到 21 个键。
     -> 在 'IG_UI_EN.txt' 中找到 18 个键。
     -> 在 'ItemName_EN.txt' 中找到 6 个键。
     -> 在 'Recipes_EN.txt' 中找到 2 个键。
     -> 在 'Sandbox_EN.txt' 中找到 7 个键。
     -> 在 'Tooltip_EN.txt' 中找到 5 个键。
     -> 在 'UI_EN.txt' 中找到 9 个键。
  -> 正在处理 media 路径: data/workshop_content/3580276809/mods/The-Only-Cure/42/media
阶段 1 完成: 从 EN 加载了 68 条数据, 从 CN 加载了 0 条数据。

--- 阶段 2: 扫描所有 Media 路径下的 Scripts (L0) ---
  -> 正在处理 Scripts 路径: data/workshop_content/3580276809/mods/The-Only-Cure/common/media/scripts
    -> 处理: TOC_amputation_items.txt
    -> 处理: TOC_models.txt
    -> 处理: TOC_prosthesis_items.txt
    -> 处理: TOC_recipes.txt
    -> 处理: TOC_sounds.txt
    -> 处理: TOC_surgery_items.txt
  -> 正在处理 Scripts 路径: data/workshop_content/3580276809/mods/The-Only-Cure/42/media/scripts
    -> 处理: TOC_recipes.txt
     -> 新增: 1 个 Recipe
阶段 2 完成: 从 scripts 新生成了 1 条数据。

--- 阶段 3: 合并 L0 与 L1 后，纯净英文基准总计: 69 条数据。---

--- 阶段 4: 检测到 3 个与官方重复的键。---

--- 已为 Mod ID 3580276809 更新 69 条键来源映射 ---

--- 正在为 Mod 'The-Only-Cure' 生成输出文件 ---
    - 最终合并 (output.txt): 69 条
    - 纯净英文 (EN_output.txt): 69 条
    - 纯净中文 (CN_output.txt): 0 条
    - 英文待办 (en_todo.txt): 69 条 (增量)
    - 中文独有 (cn_only.txt): 0 条 (增量)
    - 冲突键 (conflict_keys.txt): 3 条
    -> 正在尝试从 Git 历史记录中获取旧版本: data/output_files/The-Only-Cure_3580276809/EN_todo.txt
      --> 在 Git 历史记录中未找到该文件，视为全新。
    -> 基线日志已存档到: data/logs/archive/The-Only-Cure_3580276809_baseline_run_20251110_040411.json

处理成功！所有输出文件已保存在 'The-Only-Cure_3580276809' 文件夹中。
    -> 警告：未能获取 Mod 3580276809 的完成文件SHA，状态未记录。
