

========================= 开始处理 Workshop ID: 3037854728 (Tikitown) =========================

--- 正在检查已完成的翻译于: data\completed_files\3037854728\en_completed.txt ---
     -> 在 'en_completed.txt' 中找到 171 个键。

--- 正在检查待排除的键于: data\completed_files\3037854728\exclusion_list.txt ---
  -> 排除列表文件 'exclusion_list.txt' 不存在，跳过。

-------------------- 处理子模组: Tikitown --------------------

--- 正在为 'Tikitown' 动态查找 'media' 文件夹 ---
  -> 发现版本目录: 42
  -> 正在检查路径的有效性: data\workshop_content\3037854728\mods\Tikitown\common\media
  --> 路径有效！已将其加入待处理列表。
  -> 正在检查路径的有效性: data\workshop_content\3037854728\mods\Tikitown\42\media
  --> 路径有效！已将其加入待处理列表。

--- 阶段 1: 扫描所有 media 路径下的翻译文件 (L1) ---
  -> 正在处理 media 路径: data\workshop_content\3037854728\mods\Tikitown\common\media
  -> 正在处理 media 路径: data\workshop_content\3037854728\mods\Tikitown\42\media
  -> 扫描目录: data\workshop_content\3037854728\mods\Tikitown\42\media\lua\shared\Translate\EN
     -> 在 'ContextMenu_EN.txt' 中找到 1 个键。
     -> 在 'IG_UI_EN.txt' 中找到 3 个键。
     -> 在 'MapLabel_EN.txt' 中找到 6 个键。
     -> 在 'Sandbox_EN.txt' 中找到 21 个键。
     -> 在 'Tooltip_EN.txt' 中找到 3 个键。
阶段 1 完成: 从 EN 加载了 34 条数据, 从 CN 加载了 0 条数据。

--- 阶段 2: 扫描所有 Media 路径下的 Scripts (L0) ---
  -> 正在处理 Scripts 路径: data\workshop_content\3037854728\mods\Tikitown\common\media\scripts
    -> 处理: Tikitown_timedactions.txt
  -> 正在处理 Scripts 路径: data\workshop_content\3037854728\mods\Tikitown\42\media\scripts
    -> 处理: clothing\Tikitown_ClothingItems.txt
     -> 新增: 56 个 Item
    -> 处理: Tikitown_CollectorCards.txt
     -> 新增: 44 个 Item
    -> 处理: Tikitown_Distillery.txt
    -> 处理: Tikitown_food.txt
     -> 新增: 1 个 Item
    -> 处理: Tikitown_LaserTagGun.txt
     -> 新增: 3 个 Item
    -> 处理: Tikitown_Map.txt
     -> 新增: 1 个 Item
    -> 处理: Tikitown_Plush.txt
     -> 新增: 1 个 Item
    -> 处理: Tikitown_PostOffice.txt
     -> 新增: 3 个 Item
    -> 处理: Tikitown_Proxima.txt
     -> 新增: 3 个 Item
    -> 处理: Tikitown_Recipes.txt
     -> 新增: 11 个 Recipe
    -> 处理: Tikitown_VCR.txt
     -> 新增: 1 个 Item
    -> 处理: vehicles\GoKart.txt
     -> 新增: 1 个 Item
    -> 处理: vehicles\sounds_Shared.txt
    -> 处理: weapons\sounds_LaserTagGun.txt
    -> 处理: WorldItems_Tikitown.txt
阶段 2 完成: 从 scripts 新生成了 125 条数据。

--- 阶段 3: 合并 L0 与 L1 后，纯净英文基准总计: 159 条数据。---

--- 阶段 4: 检测到 1 个与官方重复的键。---

--- 已为 Mod ID 3037854728 更新 159 条键来源映射 ---

--- 正在为 Mod 'Tikitown' 生成输出文件 ---
    - 最终合并 (output.txt): 159 条
    - 纯净英文 (EN_output.txt): 159 条
    - 纯净中文 (CN_output.txt): 0 条
    - 英文待办 (en_todo.txt): 2 条 (增量)
    - 中文独有 (cn_only.txt): 0 条 (增量)
    - 冲突键 (conflict_keys.txt): 1 条
    -> 正在尝试从 Git 历史记录中获取旧版本: data/output_files/Tikitown_3037854728/EN_todo.txt
      --> 成功找到旧版本。
     -> 在 'EN_todo.txt (旧版本)' 中找到 2 个键。

处理成功！所有输出文件已保存在 'Tikitown_3037854728' 文件夹中。
    -> [内存] 已为 Mod 3037854728 记录 Commit SHA: d914dee
