

========================= 开始处理 Workshop ID: 3348036710 (TLOUClothingConnected) =========================

--- 正在检查已完成的翻译于: data\completed_files\3348036710\en_completed.txt ---
     -> 在 'en_completed.txt' 中找到 106 个键。

--- 正在检查待排除的键于: data\completed_files\3348036710\exclusion_list.txt ---
  -> 排除列表文件 'exclusion_list.txt' 不存在，跳过。

-------------------- 处理子模组: TLOUClothingConnected --------------------

--- 正在为 'TLOUClothingConnected' 动态查找 'media' 文件夹 ---
  -> 正在检查路径的有效性: data\workshop_content\3348036710\mods\TLOUClothingConnected\common\media
  --> 路径有效！已将其加入待处理列表。
  -> 正在检查路径的有效性: data\workshop_content\3348036710\mods\TLOUClothingConnected\media
  --> 路径有效！已将其加入待处理列表。

--- 阶段 1: 扫描所有 media 路径下的翻译文件 (L1) ---
  -> 正在处理 media 路径: data\workshop_content\3348036710\mods\TLOUClothingConnected\common\media
  -> 扫描目录: data\workshop_content\3348036710\mods\TLOUClothingConnected\common\media\lua\shared\Translate\EN
     -> 在 'ContextMenu_EN.txt' 中找到 2 个键。
     -> 在 'Recipes_EN.txt' 中找到 4 个键。
  -> 正在处理 media 路径: data\workshop_content\3348036710\mods\TLOUClothingConnected\media
  -> 扫描目录: data\workshop_content\3348036710\mods\TLOUClothingConnected\media\lua\shared\Translate\EN
     -> 在 'ContextMenu_EN.txt' 中找到 2 个键。
阶段 1 完成: 从 EN 加载了 6 条数据, 从 CN 加载了 0 条数据。

--- 阶段 2: 扫描所有 Media 路径下的 Scripts (L0) ---
  -> 正在处理 Scripts 路径: data\workshop_content\3348036710\mods\TLOUClothingConnected\common\media\scripts
    -> 处理: clothing\TheLastOfUsClothingItemsConnected.txt
     -> 新增: 8 个 Item
    -> 处理: clothing\TheLastOfUsCraftingRecipesConnected.txt
     -> 新增: 5 个 Recipe
    -> 处理: TLOUMostModelsConnected.txt
  -> 正在处理 Scripts 路径: data\workshop_content\3348036710\mods\TLOUClothingConnected\media\scripts
    -> 处理: clothing\TheLastOfUsClothingItemsConnected.txt
    -> 处理: clothing\TheLastOfUsCraftingRecipesConnected.txt
     -> 新增: 4 个 Recipe
    -> 处理: TLOUMostModelsConnected.txt
阶段 2 完成: 从 scripts 新生成了 17 条数据。

--- 阶段 3: 合并 L0 与 L1 后，纯净英文基准总计: 23 条数据。---

-------------------- 处理子模组: TLOUClothingFedra --------------------

--- 正在为 'TLOUClothingFedra' 动态查找 'media' 文件夹 ---
  -> 正在检查路径的有效性: data\workshop_content\3348036710\mods\TLOUClothingFedra\common\media
  --> 路径有效！已将其加入待处理列表。
  -> 正在检查路径的有效性: data\workshop_content\3348036710\mods\TLOUClothingFedra\media
  --> 路径有效！已将其加入待处理列表。

--- 阶段 1: 扫描所有 media 路径下的翻译文件 (L1) ---
  -> 正在处理 media 路径: data\workshop_content\3348036710\mods\TLOUClothingFedra\common\media
  -> 扫描目录: data\workshop_content\3348036710\mods\TLOUClothingFedra\common\media\lua\shared\Translate\EN
     -> 在 'ContextMenu_EN.txt' 中找到 4 个键。
     -> 在 'Recipes_EN.txt' 中找到 2 个键。
  -> 正在处理 media 路径: data\workshop_content\3348036710\mods\TLOUClothingFedra\media
  -> 扫描目录: data\workshop_content\3348036710\mods\TLOUClothingFedra\media\lua\shared\Translate\EN
     -> 在 'ContextMenu_EN.txt' 中找到 4 个键。
     -> 在 'Sandbox_EN.txt' 中找到 3 个键。
阶段 1 完成: 从 EN 加载了 9 条数据, 从 CN 加载了 0 条数据。

--- 阶段 2: 扫描所有 Media 路径下的 Scripts (L0) ---
  -> 正在处理 Scripts 路径: data\workshop_content\3348036710\mods\TLOUClothingFedra\common\media\scripts
    -> 处理: clothing\TheLastOfUsClothingItemsFedra.txt
     -> 新增: 18 个 Item, 3 个 Recipe
    -> 处理: TLOUMostModelsFedra.txt
  -> 正在处理 Scripts 路径: data\workshop_content\3348036710\mods\TLOUClothingFedra\media\scripts
    -> 处理: clothing\TheLastOfUsClothingItemsFedra.txt
    -> 处理: TLOUMostModelsFedra.txt
阶段 2 完成: 从 scripts 新生成了 21 条数据。

--- 阶段 3: 合并 L0 与 L1 后，纯净英文基准总计: 30 条数据。---

--- 阶段 4: 检测到 1 个与官方重复的键。---

-------------------- 处理子模组: TLOUClothingSeraphites --------------------

--- 正在为 'TLOUClothingSeraphites' 动态查找 'media' 文件夹 ---
  -> 正在检查路径的有效性: data\workshop_content\3348036710\mods\TLOUClothingSeraphites\common\media
  --> 路径有效！已将其加入待处理列表。
  -> 正在检查路径的有效性: data\workshop_content\3348036710\mods\TLOUClothingSeraphites\media
  --> 路径有效！已将其加入待处理列表。

--- 阶段 1: 扫描所有 media 路径下的翻译文件 (L1) ---
  -> 正在处理 media 路径: data\workshop_content\3348036710\mods\TLOUClothingSeraphites\common\media
  -> 扫描目录: data\workshop_content\3348036710\mods\TLOUClothingSeraphites\common\media\lua\shared\Translate\EN
     -> 在 'ContextMenu_EN.txt' 中找到 4 个键。
     -> 在 'Recipes_EN.txt' 中找到 13 个键。
     -> 在 'Sandbox_EN.txt' 中找到 2 个键。
  -> 正在处理 media 路径: data\workshop_content\3348036710\mods\TLOUClothingSeraphites\media
  -> 扫描目录: data\workshop_content\3348036710\mods\TLOUClothingSeraphites\media\lua\shared\Translate\EN
     -> 在 'ContextMenu_EN.txt' 中找到 4 个键。
     -> 在 'Sandbox_EN.txt' 中找到 2 个键。
阶段 1 完成: 从 EN 加载了 19 条数据, 从 CN 加载了 0 条数据。

--- 阶段 2: 扫描所有 Media 路径下的 Scripts (L0) ---
  -> 正在处理 Scripts 路径: data\workshop_content\3348036710\mods\TLOUClothingSeraphites\common\media\scripts
    -> 处理: clothing\TheLastOfUsClothingItemsScars.txt
     -> 新增: 13 个 Item
    -> 处理: clothing\TheLastOfUsOtherItemsScars.txt
     -> 新增: 7 个 Item
    -> 处理: recipes_Seraphites.txt
     -> 新增: 16 个 Recipe
    -> 处理: TheLastOfUsAttachmentPointsScars.txt
    -> 处理: TLOUMostModelsScars.txt
  -> 正在处理 Scripts 路径: data\workshop_content\3348036710\mods\TLOUClothingSeraphites\media\scripts
    -> 处理: clothing\TheLastOfUsClothingItemsScars.txt
    -> 处理: clothing\TheLastOfUsCraftingRecipesScars.txt
     -> 新增: 12 个 Recipe
    -> 处理: clothing\TheLastOfUsOtherItemsScars.txt
     -> 新增: 4 个 Item
    -> 处理: TheLastOfUsAttachmentPointsScars.txt
    -> 处理: TLOUMostModelsScars.txt
阶段 2 完成: 从 scripts 新生成了 52 条数据。

--- 阶段 3: 合并 L0 与 L1 后，纯净英文基准总计: 71 条数据。---

--- 阶段 4: 检测到 3 个与官方重复的键。---

--- 已为 Mod ID 3348036710 更新 114 条键来源映射 ---

--- 正在为 Mod 'TLOUClothingConnected' 生成输出文件 ---
    - 最终合并 (output.txt): 114 条
    - 纯净英文 (EN_output.txt): 114 条
    - 纯净中文 (CN_output.txt): 0 条
    - 英文待办 (en_todo.txt): 9 条 (增量)
    - 中文独有 (cn_only.txt): 0 条 (增量)
    - 冲突键 (conflict_keys.txt): 3 条
    -> 正在尝试从 Git 历史记录中获取旧版本: data/output_files/TLOUClothingConnected_3348036710/EN_todo.txt
      --> 成功找到旧版本。
     -> 在 'EN_todo.txt (旧版本)' 中找到 9 个键。

处理成功！所有输出文件已保存在 'TLOUClothingConnected_3348036710' 文件夹中。
    -> [内存] 已为 Mod 3348036710 记录 Commit SHA: 6301ee2
