

========================= 开始处理 Workshop ID: 3600616323 (Todo_Caserito) =========================

--- 正在检查已完成的翻译于: data/completed_files/3600616323/en_completed.txt ---
     -> 在 'en_completed.txt' 中找到 0 个键。

--- 正在检查待排除的键于: data/completed_files/3600616323/exclusion_list.txt ---
  -> 排除列表文件 'exclusion_list.txt' 不存在，跳过。

-------------------- 处理子模组: Todo Caserito --------------------

--- 正在为 'Todo Caserito' 动态查找 'media' 文件夹 ---
  -> 发现版本目录: 42.0
  -> 正在检查路径的有效性: data/workshop_content/3600616323/mods/Todo Caserito/42.0/media
  --> 路径有效！已将其加入待处理列表。

--- 阶段 1: 扫描所有 media 路径下的翻译文件 (L1) ---
  -> 正在处理 media 路径: data/workshop_content/3600616323/mods/Todo Caserito/42.0/media
  -> 扫描目录: data/workshop_content/3600616323/mods/Todo Caserito/42.0/media/lua/shared/Translate/EN
     -> 在 'ItemName_EN.txt' 中找到 89 个键。
     -> 在 'Tooltip_EN.txt' 中找到 84 个键。
阶段 1 完成: 从 EN 加载了 173 条数据, 从 CN 加载了 0 条数据。

--- 阶段 2: 扫描所有 Media 路径下的 Scripts (L0) ---
  -> 正在处理 Scripts 路径: data/workshop_content/3600616323/mods/Todo Caserito/42.0/media/scripts
    -> 处理: TodoCaserito_evolvedrecipes.txt
     -> 新增: 2 个 Recipe
    -> 处理: items/TodoCaserito_Literature.txt
     -> 新增: 2 个 Item
    -> 处理: items/TodoCaserito_itemsCPizzas.txt
    -> 处理: items/TodoCaserito_itemsPPie.txt
    -> 处理: items/TodoCaserito_itemsfood.txt
     -> 新增: 3 个 Item
    -> 处理: models/TodoCaserito_models_Literature.txt
    -> 处理: models/models.txt
    -> 处理: models/models_PPie.txt
    -> 处理: models/models_slice.txt
    -> 处理: recipes/recipes_TCSlicePie.txt
     -> 新增: 5 个 Recipe
    -> 处理: recipes/recipes_TCSlicePizzas.txt
     -> 新增: 7 个 Recipe
    -> 处理: recipes/recipes_TodoCaserito.txt
     -> 新增: 77 个 Recipe
阶段 2 完成: 从 scripts 新生成了 96 条数据。

--- 阶段 3: 合并 L0 与 L1 后，纯净英文基准总计: 269 条数据。---

--- 阶段 4: 检测到 1 个与官方重复的键。---

--- 已为 Mod ID 3600616323 更新 269 条键来源映射 ---

--- 正在为 Mod 'Todo_Caserito' 生成输出文件 ---
    - 最终合并 (output.txt): 269 条
    - 纯净英文 (EN_output.txt): 269 条
    - 纯净中文 (CN_output.txt): 0 条
    - 英文待办 (en_todo.txt): 269 条 (增量)
    - 中文独有 (cn_only.txt): 0 条 (增量)
    - 冲突键 (conflict_keys.txt): 1 条
    -> 正在尝试从 Git 历史记录中获取旧版本: data/output_files/Todo_Caserito_3600616323/EN_todo.txt
      --> 成功找到旧版本。
     -> 在 'EN_todo.txt (旧版本)' 中找到 269 个键。

处理成功！所有输出文件已保存在 'Todo_Caserito_3600616323' 文件夹中。
    -> [内存] 已为 Mod 3600616323 记录 Commit SHA: e250084
