

========================= 开始处理 Workshop ID: 3423984426 (TrueSmoking) =========================

--- 正在检查已完成的翻译于: data/completed_files/3423984426/en_completed.txt ---
     -> 在 'en_completed.txt' 中找到 5 个键。

--- 正在检查待排除的键于: data/completed_files/3423984426/exclusion_list.txt ---
  -> 排除列表文件 'exclusion_list.txt' 不存在，跳过。

-------------------- 处理子模组: TrueSmoking --------------------

--- 正在为 'TrueSmoking' 动态查找 'media' 文件夹 ---
  -> 发现版本目录: 42
  -> 正在检查路径的有效性: data/workshop_content/3423984426/mods/TrueSmoking/42/media
  --> 路径有效！将使用此路径进行处理: data/workshop_content/3423984426/mods/TrueSmoking/42/media

--- 预加载 EN (L1) 数据 ---
  -> 扫描目录: data/workshop_content/3423984426/mods/TrueSmoking/42/media/lua/shared/Translate/EN
     -> 在 'IG_UI_EN.txt' 中找到 41 个键。
     -> 在 'Moodles_EN.txt' 中找到 32 个键。
     -> 在 'Sandbox_EN.txt' 中找到 105 个键。
     -> 在 'UI_EN.txt' 中找到 16 个键。
预加载完成: 找到 194 个本地 EN 键。

--- 阶段 1: 扫描 Scripts (L0) ---
  -> 处理: TrueSmoking_recipes.txt
     -> 新增: 3 个 Recipe
  -> 处理: clothing/Mask_Smokables.txt
     -> 新增: 4 个 Item
阶段 1 完成: 从 scripts 新生成了 7 条数据。

--- 阶段 2: 合并 L0 与 L1 后，纯净英文基准总计: 201 条数据。---
  -> 扫描目录: data/workshop_content/3423984426/mods/TrueSmoking/42/media/lua/shared/Translate/CN
     -> 在 'IG_UI_CN.txt' 中找到 41 个键。
     -> 在 'Moodles_CN.txt' 中找到 32 个键。
     -> 在 'Sandbox_CN.txt' 中找到 105 个键。
     -> 在 'UI_CN.txt' 中找到 16 个键。

--- 阶段 3: 从 CN 目录加载了 194 条数据。---

--- 阶段 4: 检测到 3 个与官方重复的键。---

--- 已为 Mod ID 3423984426 更新 201 条键来源映射 ---

--- 正在为 Mod 'TrueSmoking' 生成输出文件 ---
    - 最终合并 (output.txt): 201 条
    - 纯净英文 (EN_output.txt): 201 条
    - 纯净中文 (CN_output.txt): 194 条
    - 英文待办 (en_todo.txt): 3 条 (增量)
    - 中文独有 (cn_only.txt): 0 条 (增量)
    - 冲突键 (conflict_keys.txt): 3 条
    -> 正在尝试从 Git 历史记录中获取旧版本: data/output_files/TrueSmoking_3423984426/EN_todo.txt
      --> 成功找到旧版本。
     -> 在 'EN_todo.txt (旧版本)' 中找到 3 个键。

处理成功！所有输出文件已保存在 'TrueSmoking_3423984426' 文件夹中。
    -> [内存] 已为 Mod 3423984426 记录 Commit SHA: 7b4cc20
