

========================= 开始处理 Workshop ID: 3402491515 (tsarslib) =========================

--- 正在检查已完成的翻译于: data/completed_files/3402491515/en_completed.txt ---
     -> 在 'en_completed.txt' 中找到 566 个键。

--- 正在检查待排除的键于: data/completed_files/3402491515/exclusion_list.txt ---
  -> 排除列表文件 'exclusion_list.txt' 不存在，跳过。

-------------------- 处理子模组: tsarslib --------------------

--- 正在为 'tsarslib' 动态查找 'media' 文件夹 ---
  -> 正在检查路径的有效性: data/workshop_content/3402491515/mods/tsarslib/common/media
  --> 路径有效！将使用此路径进行处理: data/workshop_content/3402491515/mods/tsarslib/common/media

--- 预加载 EN (L1) 数据 ---
  -> 扫描目录: data/workshop_content/3402491515/mods/tsarslib/common/media/lua/shared/Translate/EN
     -> 在 'ContextMenu_EN.txt' 中找到 65 个键。
     -> 在 'IG_UI_EN.txt' 中找到 426 个键。
     -> 在 'ItemName_EN.txt' 中找到 102 个键。
     -> 在 'Recipes_EN.txt' 中找到 43 个键。
     -> 在 'Recorded_Media_EN.txt' 中找到 37 个键。
     -> 在 'Tooltip_EN.txt' 中找到 21 个键。
预加载完成: 找到 694 个本地 EN 键。

--- 阶段 1: 扫描 Scripts (L0) ---
  -> 处理: ata/ata_mag.txt
     -> 新增: 1 个 Recipe
  -> 处理: ata/ata_sounds.txt
  -> 处理: ata/ata_truckbed_collection.txt
     -> 新增: 52 个 Item
  -> 处理: ata/templates/template_ata_6wheels.txt
  -> 处理: ata/templates/template_ata_bags.txt
  -> 处理: ata/templates/template_ata_bampers.txt
  -> 处理: ata/templates/template_ata_bullbars.txt
  -> 处理: ata/templates/template_ata_headlights.txt
  -> 处理: ata/templates/template_ata_interactive_trunk.txt
  -> 处理: ata/templates/template_ata_lightbar.txt
  -> 处理: ata/templates/template_ata_moto_fake_wheels.txt
  -> 处理: ata/templates/template_ata_protection.txt
  -> 处理: ata/templates/template_ata_roof_lights.txt
  -> 处理: ata/templates/template_ata_roof_tent.txt
     -> 新增: 1 个 Item
  -> 处理: ata/templates/template_ata_spare_wheel.txt
  -> 处理: ata/templates/template_ata_vehicle_wrecker.txt
  -> 处理: ata/templates/template_ata_visual.txt
     -> 新增: 1 个 Item
  -> 处理: commonlibrary/sounds_common.txt
  -> 处理: commonlibrary/templates/template_InCabin.txt
  -> 处理: commonlibrary/templates/template_Light.txt
  -> 处理: commonlibrary/templates/template_LightApi.txt
  -> 处理: commonlibrary/templates/template_TV.txt
  -> 处理: commonlibrary/templates/template_TruckTank.txt
  -> 处理: commonlibrary/templates/template_batterycharger.txt
  -> 处理: commonlibrary/templates/template_batteryheater.txt
  -> 处理: commonlibrary/templates/template_counters.txt
  -> 处理: commonlibrary/templates/template_cupboards.txt
  -> 处理: commonlibrary/templates/template_drawers.txt
  -> 处理: commonlibrary/templates/template_freeplace.txt
     -> 新增: 1 个 Item
  -> 处理: commonlibrary/templates/template_freezers.txt
  -> 处理: commonlibrary/templates/template_fridges.txt
  -> 处理: commonlibrary/templates/template_mattress.txt
  -> 处理: commonlibrary/templates/template_medicines.txt
  -> 处理: commonlibrary/templates/template_microwaves.txt
  -> 处理: commonlibrary/templates/template_oven.txt
  -> 处理: commonlibrary/templates/template_seatboxwooden.txt
  -> 处理: commonlibrary/templates/template_shelves.txt
  -> 处理: commonlibrary/transport_item.txt
     -> 新增: 1 个 Recipe
  -> 处理: tsarmodels.txt
  -> 处理: tuning2/ata2_items.txt
     -> 新增: 1 个 Item, 1 个 Recipe
  -> 处理: tuning2/sounds_tuning2.txt
  -> 处理: tuning2/template_ata2_bags.txt
  -> 处理: tuning2/template_ata2_bampers.txt
  -> 处理: tuning2/template_ata2_bullbars.txt
  -> 处理: tuning2/template_ata2_headlights.txt
  -> 处理: tuning2/template_ata2_interactive_trunk.txt
  -> 处理: tuning2/template_ata2_lightbar.txt
  -> 处理: tuning2/template_ata2_protection.txt
  -> 处理: tuning2/template_ata2_roof_lights.txt
  -> 处理: tuning2/template_ata2_roof_tent.txt
     -> 新增: 1 个 Item
  -> 处理: tuning2/template_ata2_skincontrol.txt
  -> 处理: tuning2/template_ata2_vehicle_wrecker.txt
  -> 处理: tuning2/template_ata2_visual.txt
     -> 新增: 1 个 Item
阶段 1 完成: 从 scripts 新生成了 59 条数据。

--- 阶段 2: 合并 L0 与 L1 后，纯净英文基准总计: 753 条数据。---
  -> 扫描目录: data/workshop_content/3402491515/mods/tsarslib/common/media/lua/shared/Translate/CN
     -> 在 'ContextMenu_CN.txt' 中找到 59 个键。
     -> 在 'IG_UI_CN.txt' 中找到 291 个键。
     -> 在 'ItemName_CN.txt' 中找到 126 个键。
     -> 在 'Recipes_CN.txt' 中找到 105 个键。
     -> 在 'Tooltip_CN.txt' 中找到 17 个键。

--- 阶段 3: 从 CN 目录加载了 598 条数据。---

--- 阶段 4: 检测到 1 个与官方重复的键。---

--- 已为 Mod ID 3402491515 更新 874 条键来源映射 ---

--- 正在为 Mod 'tsarslib' 生成输出文件 ---
    - 最终合并 (output.txt): 874 条
    - 纯净英文 (EN_output.txt): 753 条
    - 纯净中文 (CN_output.txt): 598 条
    - 英文待办 (en_todo.txt): 2 条 (增量)
    - 中文独有 (cn_only.txt): 121 条 (增量)
    - 冲突键 (conflict_keys.txt): 1 条
    -> 正在尝试从 Git 历史记录中获取旧版本: data/output_files/tsarslib_3402491515/EN_todo.txt
      --> 成功找到旧版本。
     -> 在 'EN_todo.txt (旧版本)' 中找到 2 个键。

处理成功！所有输出文件已保存在 'tsarslib_3402491515' 文件夹中。
    -> [内存] 已为 Mod 3402491515 记录 Commit SHA: 4fa8be6
