

========================= 开始处理 Workshop ID: 612100872 (USMilitaryPack) =========================

--- 正在检查已完成的翻译于: data\completed_files\612100872\en_completed.txt ---
     -> 在 'en_completed.txt' 中找到 106 个键。

--- 正在检查待排除的键于: data\completed_files\612100872\exclusion_list.txt ---
  -> 排除列表文件 'exclusion_list.txt' 不存在，跳过。

-------------------- 处理子模组: USMilitaryPack --------------------

--- 正在为 'USMilitaryPack' 动态查找 'media' 文件夹 ---
  -> 发现版本目录: 42
  -> 正在检查路径的有效性: data\workshop_content\612100872\mods\USMilitaryPack\42\media
  --> 路径有效！将使用此路径进行处理: data\workshop_content\612100872\mods\USMilitaryPack\42\media

--- 预加载 EN (L1) 数据 ---
  -> 扫描目录: data\workshop_content\612100872\mods\USMilitaryPack\42\media\lua\shared\Translate\EN
     -> 在 'Sandbox_EN.txt' 中找到 9 个键。
预加载完成: 找到 9 个本地 EN 键。

--- 阶段 1: 扫描 Scripts (L0) ---
  -> 处理: clothing\USMP_Backpack.txt
     -> 新增: 8 个 Item
  -> 处理: clothing\USMP_Backpack_OCP.txt
     -> 新增: 8 个 Item
  -> 处理: clothing\USMP_BagBack.txt
     -> 新增: 2 个 Item
  -> 处理: clothing\USMP_BagBack_OCP.txt
     -> 新增: 2 个 Item
  -> 处理: clothing\USMP_BagFront.txt
     -> 新增: 4 个 Item
  -> 处理: clothing\USMP_BagLeg.txt
     -> 新增: 8 个 Item
  -> 处理: clothing\USMP_BagLeg_OCP.txt
     -> 新增: 8 个 Item
  -> 处理: clothing\USMP_BulletproofVest.txt
     -> 新增: 3 个 Item
  -> 处理: clothing\USMP_Gloves.txt
     -> 新增: 2 个 Item
  -> 处理: clothing\USMP_Hat.txt
     -> 新增: 2 个 Item
  -> 处理: clothing\USMP_Helmet.txt
     -> 新增: 4 个 Item
  -> 处理: clothing\USMP_Holster.txt
     -> 新增: 12 个 Item
  -> 处理: clothing\USMP_Jacket.txt
     -> 新增: 12 个 Item
  -> 处理: clothing\USMP_Jacket_OCP.txt
     -> 新增: 12 个 Item
  -> 处理: clothing\USMP_LegsProtectionLower.txt
     -> 新增: 2 个 Item
  -> 处理: clothing\USMP_Pants.txt
     -> 新增: 6 个 Item
  -> 处理: clothing\USMP_Shoes.txt
     -> 新增: 2 个 Item
阶段 1 完成: 从 scripts 新生成了 97 条数据。

--- 阶段 2: 合并 L0 与 L1 后，纯净英文基准总计: 106 条数据。---

--- 阶段 3: 从 CN 目录加载了 0 条数据。---

--- 已为 Mod ID 612100872 更新 106 条键来源映射 ---

--- 正在为 Mod 'USMilitaryPack' 生成输出文件 ---
    - 最终合并 (output.txt): 106 条
    - 纯净英文 (EN_output.txt): 106 条
    - 纯净中文 (CN_output.txt): 0 条
    - 英文待办 (en_todo.txt): 0 条 (增量)
    - 中文独有 (cn_only.txt): 0 条 (增量)
    - 冲突键 (conflict_keys.txt): 0 条
    -> 正在尝试从 Git 历史记录中获取旧版本: data/output_files/USMilitaryPack_612100872/EN_todo.txt
      --> 成功找到旧版本。
     -> 在 'EN_todo.txt (旧版本)' 中找到 0 个键。

处理成功！所有输出文件已保存在 'USMilitaryPack_612100872' 文件夹中。
    -> [内存] 已为 Mod 612100872 记录 Commit SHA: 41d452f

--- 所有模组处理循环结束，正在保存最终运行状态 ---

--- 应用正则表达式来源覆盖规则 ---
成功加载 6 条正则表达式规则。
  -> 规则 #1 ('^IG_UI_EN_RealNames$...') 匹配并更新了 148 个键。
  -> 规则 #3 ('^Mixology_Fluids$...') 匹配并更新了 53 个键。
  -> 规则 #4 ('^PZKMZ_Recipes$...') 匹配并更新了 1 个键。
  -> 规则 #5 ('^IGUI$...') 匹配并更新了 5 个键。
  -> 规则 #6 ('(?i)^Tooltip_.*$...') 匹配并更新了 1 个键。
成功通过正则表达式规则更新了 208 个键的来源。

--- 正在合并手动分类的键来源 ---
  -> 成功合并/更新了 372 个来自手动分类的键来源。
全局键来源映射已成功保存到: translation_utils\key_source_map.json

增量更新日志已记录到: data\logs\update_log.json

--- 开始生成状态报告 ---
生成报告时发生未知错误: can only concatenate str (not "NoneType") to str
