

========================= 开始处理 Workshop ID: 3421271152 (Vanilla_Clothing_Expansion) =========================

--- 正在检查已完成的翻译于: data\completed_files\3421271152\en_completed.txt ---
     -> 在 'en_completed.txt' 中找到 119 个键。

--- 正在检查待排除的键于: data\completed_files\3421271152\exclusion_list.txt ---
  -> 排除列表文件 'exclusion_list.txt' 不存在，跳过。

-------------------- 处理子模组: Vanilla Clothing Expansion --------------------

--- 正在为 'Vanilla Clothing Expansion' 动态查找 'media' 文件夹 ---
  -> 发现版本目录: 42
  -> 正在检查路径的有效性: data\workshop_content\3421271152\mods\Vanilla Clothing Expansion\42\media
  --> 路径有效！已将其加入待处理列表。

--- 阶段 1: 扫描所有 media 路径下的翻译文件 (L1) ---
  -> 正在处理 media 路径: data\workshop_content\3421271152\mods\Vanilla Clothing Expansion\42\media
阶段 1 完成: 从 EN 加载了 0 条数据, 从 CN 加载了 0 条数据。

--- 阶段 2: 扫描所有 Media 路径下的 Scripts (L0) ---
  -> 正在处理 Scripts 路径: data\workshop_content\3421271152\mods\Vanilla Clothing Expansion\42\media\scripts
    -> 处理: clothing\VCEclothing_bags.txt
     -> 新增: 6 个 Item
    -> 处理: clothing\VCEclothing_gloves.txt
     -> 新增: 1 个 Item
    -> 处理: clothing\VCEclothing_hats.txt
     -> 新增: 15 个 Item
    -> 处理: clothing\VCEclothing_holstersEtc.txt
     -> 新增: 10 个 Item
    -> 处理: clothing\VCEclothing_jacket.txt
     -> 新增: 9 个 Item
    -> 处理: clothing\VCEclothing_masks.txt
     -> 新增: 9 个 Item
    -> 处理: clothing\VCEclothing_pants.txt
     -> 新增: 13 个 Item
    -> 处理: clothing\VCEclothing_shirts.txt
     -> 新增: 11 个 Item
    -> 处理: clothing\VCEclothing_shoes.txt
     -> 新增: 3 个 Item
    -> 处理: clothing\VCEclothing_suits.txt
     -> 新增: 2 个 Item
    -> 处理: clothing\VCEclothing_underwear.txt
     -> 新增: 7 个 Item
    -> 处理: clothing\VCEclothing_vests.txt
     -> 新增: 5 个 Item
    -> 处理: clothing\VCEclothing_watches.txt
     -> 新增: 6 个 Item
    -> 处理: clothing\VCESpongie_VanillaVests.txt
     -> 新增: 3 个 Item
    -> 处理: clothing\VCESpongieClothes_VanillaJackets.txt
     -> 新增: 2 个 Item
    -> 处理: clothing\VCESpongieClothes_VanillaJacketsRolled.txt
     -> 新增: 4 个 Item
    -> 处理: clothing\VCESpongieClothes_VanillaShirts.txt
     -> 新增: 10 个 Item
    -> 处理: clothing\VCESpongieClothes_VanillaTrousers.txt
     -> 新增: 3 个 Item
阶段 2 完成: 从 scripts 新生成了 119 条数据。

--- 阶段 3: 合并 L0 与 L1 后，纯净英文基准总计: 119 条数据。---

--- 阶段 4: 检测到 90 个与官方重复的键。---

-------------------- 处理子模组: Vanilla Clothing Expansion - No Spongie --------------------

--- 正在为 'Vanilla Clothing Expansion - No Spongie' 动态查找 'media' 文件夹 ---
  -> 发现版本目录: 42
  -> 正在检查路径的有效性: data\workshop_content\3421271152\mods\Vanilla Clothing Expansion - No Spongie\42\media
  --> 路径有效！已将其加入待处理列表。

--- 阶段 1: 扫描所有 media 路径下的翻译文件 (L1) ---
  -> 正在处理 media 路径: data\workshop_content\3421271152\mods\Vanilla Clothing Expansion - No Spongie\42\media
阶段 1 完成: 从 EN 加载了 0 条数据, 从 CN 加载了 0 条数据。

--- 阶段 2: 扫描所有 Media 路径下的 Scripts (L0) ---
  -> 正在处理 Scripts 路径: data\workshop_content\3421271152\mods\Vanilla Clothing Expansion - No Spongie\42\media\scripts
    -> 处理: clothing\VCEclothing_bags.txt
     -> 新增: 6 个 Item
    -> 处理: clothing\VCEclothing_gloves.txt
     -> 新增: 1 个 Item
    -> 处理: clothing\VCEclothing_hats.txt
     -> 新增: 15 个 Item
    -> 处理: clothing\VCEclothing_holstersEtc.txt
     -> 新增: 10 个 Item
    -> 处理: clothing\VCEclothing_jacket.txt
     -> 新增: 9 个 Item
    -> 处理: clothing\VCEclothing_masks.txt
     -> 新增: 9 个 Item
    -> 处理: clothing\VCEclothing_pants.txt
     -> 新增: 13 个 Item
    -> 处理: clothing\VCEclothing_shirts.txt
     -> 新增: 11 个 Item
    -> 处理: clothing\VCEclothing_shoes.txt
     -> 新增: 3 个 Item
    -> 处理: clothing\VCEclothing_suits.txt
     -> 新增: 1 个 Item
    -> 处理: clothing\VCEclothing_underwear.txt
     -> 新增: 7 个 Item
    -> 处理: clothing\VCEclothing_vests.txt
     -> 新增: 5 个 Item
    -> 处理: clothing\VCEclothing_watches.txt
     -> 新增: 6 个 Item
阶段 2 完成: 从 scripts 新生成了 96 条数据。

--- 阶段 3: 合并 L0 与 L1 后，纯净英文基准总计: 96 条数据。---

--- 阶段 4: 检测到 89 个与官方重复的键。---

--- 已为 Mod ID 3421271152 更新 119 条键来源映射 ---

--- 正在为 Mod 'Vanilla_Clothing_Expansion' 生成输出文件 ---
    - 最终合并 (output.txt): 119 条
    - 纯净英文 (EN_output.txt): 119 条
    - 纯净中文 (CN_output.txt): 0 条
    - 英文待办 (en_todo.txt): 0 条 (增量)
    - 中文独有 (cn_only.txt): 0 条 (增量)
    - 冲突键 (conflict_keys.txt): 90 条
    -> 正在尝试从 Git 历史记录中获取旧版本: data/output_files/Vanilla_Clothing_Expansion_3421271152/EN_todo.txt
      --> 成功找到旧版本。
     -> 在 'EN_todo.txt (旧版本)' 中找到 0 个键。

处理成功！所有输出文件已保存在 'Vanilla_Clothing_Expansion_3421271152' 文件夹中。
    -> [内存] 已为 Mod 3421271152 记录 Commit SHA: c93144c
