

========================= 开始处理 Workshop ID: 3577903007 (Vanilla_Foods_Expanded) =========================

--- 正在检查已完成的翻译于: data/completed_files/3577903007/en_completed.txt ---
     -> 在 'en_completed.txt' 中找到 0 个键。

--- 正在检查待排除的键于: data/completed_files/3577903007/exclusion_list.txt ---
  -> 排除列表文件 'exclusion_list.txt' 不存在，跳过。

-------------------- 处理子模组: Vanilla Foods Expanded --------------------

--- 正在为 'Vanilla Foods Expanded' 动态查找 'media' 文件夹 ---
  -> 发现版本目录: 42.0
  -> 正在检查路径的有效性: data/workshop_content/3577903007/mods/Vanilla Foods Expanded/42.0/media
  --> 路径有效！已将其加入待处理列表。

--- 阶段 1: 扫描所有 media 路径下的翻译文件 (L1) ---
  -> 正在处理 media 路径: data/workshop_content/3577903007/mods/Vanilla Foods Expanded/42.0/media
  -> 扫描目录: data/workshop_content/3577903007/mods/Vanilla Foods Expanded/42.0/media/lua/shared/Translate/EN
     -> 在 'ContextMenu_EN.txt' 中找到 74 个键。
     -> 在 'Fluids_EN.txt' 中找到 66 个键。
     -> 在 'ItemName_EN.txt' 中找到 1522 个键。
     -> 在 'Recipes_EN.txt' 中找到 201 个键。
     -> 在 'Tooltip_EN.txt' 中找到 3 个键。
  -> 扫描目录: data/workshop_content/3577903007/mods/Vanilla Foods Expanded/42.0/media/lua/shared/Translate/CN
     -> 在 'ContextMenu_CN.txt' 中找到 74 个键。
     -> 在 'Fluids_CN.txt' 中找到 66 个键。
     -> 在 'ItemName_CN.txt' 中找到 1526 个键。
     -> 在 'Recipes_CN.txt' 中找到 201 个键。
     -> 在 'Tooltip_CN.txt' 中找到 3 个键。
阶段 1 完成: 从 EN 加载了 1866 条数据, 从 CN 加载了 1870 条数据。

--- 阶段 2: 扫描所有 Media 路径下的 Scripts (L0) ---
  -> 正在处理 Scripts 路径: data/workshop_content/3577903007/mods/Vanilla Foods Expanded/42.0/media/scripts
    -> 处理: vfx_evolvedrecipes.txt
     -> 新增: 70 个 Recipe
    -> 处理: vfx_fluids.txt
    -> 处理: vfx_items_containers.txt
    -> 处理: vfx_items_distribution.txt
    -> 处理: vfx_items_food_baking.txt
     -> 新增: 1 个 Item
    -> 处理: vfx_items_food_beverages.txt
    -> 处理: vfx_items_food_candy.txt
    -> 处理: vfx_items_food_canned.txt
     -> 新增: 1 个 Item
    -> 处理: vfx_items_food_cooking.txt
    -> 处理: vfx_items_food_evolved.txt
     -> 新增: 2 个 Item
    -> 处理: vfx_items_food_fridgefreezer.txt
     -> 新增: 1 个 Item
    -> 处理: vfx_items_food_fruitveg.txt
    -> 处理: vfx_items_food_pantry.txt
    -> 处理: vfx_items_food_seasoning.txt
    -> 处理: vfx_items_food_snacks.txt
    -> 处理: vfx_items_junk.txt
    -> 处理: vfx_items_literature.txt
    -> 处理: vfx_models.txt
    -> 处理: vfx_modifiedbasegameitems.txt
     -> 新增: 1 个 Item
    -> 处理: vfx_recipes_beverages.txt
     -> 新增: 2 个 Recipe
    -> 处理: vfx_recipes_carpentry.txt
     -> 新增: 1 个 Recipe
    -> 处理: vfx_recipes_cooking.txt
    -> 处理: vfx_recipes_evolved.txt
    -> 处理: vfx_recipes_food.txt
     -> 新增: 1 个 Recipe
    -> 处理: vfx_sounds.txt
    -> 处理: vfx_timedactions.txt
阶段 2 完成: 从 scripts 新生成了 80 条数据。

--- 阶段 3: 合并 L0 与 L1 后，纯净英文基准总计: 1946 条数据。---

--- 阶段 4: 检测到 51 个与官方重复的键。---

--- 已为 Mod ID 3577903007 更新 2143 条键来源映射 ---

--- 正在为 Mod 'Vanilla_Foods_Expanded' 生成输出文件 ---
    - 最终合并 (output.txt): 1949 条
    - 纯净英文 (EN_output.txt): 1946 条
    - 纯净中文 (CN_output.txt): 1870 条
    - 英文待办 (en_todo.txt): 79 条 (增量)
    - 中文独有 (cn_only.txt): 3 条 (增量)
    - 冲突键 (conflict_keys.txt): 51 条
    -> 正在尝试从 Git 历史记录中获取旧版本: data/output_files/Vanilla_Foods_Expanded_3577903007/EN_todo.txt
      --> 成功找到旧版本。
     -> 在 'EN_todo.txt (旧版本)' 中找到 344 个键。
    -> 检测到内容变更。新增: 1, 移除: 266

处理成功！所有输出文件已保存在 'Vanilla_Foods_Expanded_3577903007' 文件夹中。
    -> [内存] 已为 Mod 3577903007 记录 Commit SHA: 81fc54f
