

========================= 开始处理 Workshop ID: 2831786301 (Video_Game_Consoles) =========================

--- 正在检查已完成的翻译于: data/completed_files/2831786301/en_completed.txt ---
     -> 在 'en_completed.txt' 中找到 0 个键。

--- 正在检查待排除的键于: data/completed_files/2831786301/exclusion_list.txt ---
  -> 排除列表文件 'exclusion_list.txt' 不存在，跳过。

-------------------- 处理子模组: Video Game Consoles --------------------

--- 正在为 'Video Game Consoles' 动态查找 'media' 文件夹 ---
  -> 发现版本目录: 42
  -> 正在检查路径的有效性: data/workshop_content/2831786301/mods/Video Game Consoles/42/media
  --> 路径有效！已将其加入待处理列表。

--- 阶段 1: 扫描所有 media 路径下的翻译文件 (L1) ---
  -> 正在处理 media 路径: data/workshop_content/2831786301/mods/Video Game Consoles/42/media
  -> 扫描目录: data/workshop_content/2831786301/mods/Video Game Consoles/42/media/lua/shared/Translate/EN
     -> 在 'UI_EN.txt' 中找到 5 个键。
阶段 1 完成: 从 EN 加载了 5 条数据, 从 CN 加载了 0 条数据。

--- 阶段 2: 扫描所有 Media 路径下的 Scripts (L0) ---
  -> 正在处理 Scripts 路径: data/workshop_content/2831786301/mods/Video Game Consoles/42/media/scripts
    -> 处理: Video_Game_Consoles_actions.txt
    -> 处理: Video_Game_Consoles_items.txt
     -> 新增: 65 个 Item
    -> 处理: Video_Game_Consoles_models.txt
    -> 处理: Video_Game_Consoles_recipes.txt
     -> 新增: 52 个 Recipe
    -> 处理: Video_Game_Consoles_sounds.txt
阶段 2 完成: 从 scripts 新生成了 117 条数据。

--- 阶段 3: 合并 L0 与 L1 后，纯净英文基准总计: 122 条数据。---

--- 阶段 4: 检测到 1 个与官方重复的键。---

--- 已为 Mod ID 2831786301 更新 122 条键来源映射 ---

--- 正在为 Mod 'Video_Game_Consoles' 生成输出文件 ---
    - 最终合并 (output.txt): 122 条
    - 纯净英文 (EN_output.txt): 122 条
    - 纯净中文 (CN_output.txt): 0 条
    - 英文待办 (en_todo.txt): 122 条 (增量)
    - 中文独有 (cn_only.txt): 0 条 (增量)
    - 冲突键 (conflict_keys.txt): 1 条
    -> 正在尝试从 Git 历史记录中获取旧版本: data/output_files/Video_Game_Consoles_2831786301/EN_todo.txt
      --> 成功找到旧版本。
     -> 在 'EN_todo.txt (旧版本)' 中找到 122 个键。

处理成功！所有输出文件已保存在 'Video_Game_Consoles_2831786301' 文件夹中。
    -> [内存] 已为 Mod 2831786301 记录 Commit SHA: 81fc54f
