

========================= 开始处理 Workshop ID: 3399660368 (WarThunderVehicleLibrary) =========================

--- 正在检查已完成的翻译于: data\completed_files\3399660368\en_completed.txt ---
     -> 在 'en_completed.txt' 中找到 37 个键。

--- 正在检查待排除的键于: data\completed_files\3399660368\exclusion_list.txt ---
  -> 排除列表文件 'exclusion_list.txt' 不存在，跳过。

-------------------- 处理子模组: WarThunderVehicleLibrary --------------------

--- 正在为 'WarThunderVehicleLibrary' 动态查找 'media' 文件夹 ---
  -> 发现版本目录: 42
  -> 正在检查路径的有效性: data\workshop_content\3399660368\mods\WarThunderVehicleLibrary\42\media
  --> 路径有效！已将其加入待处理列表。

--- 阶段 1: 扫描所有 media 路径下的翻译文件 (L1) ---
  -> 正在处理 media 路径: data\workshop_content\3399660368\mods\WarThunderVehicleLibrary\42\media
  -> 扫描目录: data\workshop_content\3399660368\mods\WarThunderVehicleLibrary\42\media\lua\shared\Translate\EN
     -> 在 'IG_UI_EN.txt' 中找到 188 个键。
     -> 在 'ItemName_EN.txt' 中找到 33 个键。
     -> 在 'Recipes_EN.txt' 中找到 3 个键。
     -> 在 'Sandbox_EN.txt' 中找到 34 个键。
     -> 在 'UI_EN.txt' 中找到 3 个键。
  -> 扫描目录: data\workshop_content\3399660368\mods\WarThunderVehicleLibrary\42\media\lua\shared\Translate\CN
     -> 在 'IG_UI_CN.txt' 中找到 186 个键。
     -> 在 'ItemName_CN.txt' 中找到 33 个键。
     -> 在 'Recipes_CN.txt' 中找到 3 个键。
     -> 在 'Sandbox_CN.txt' 中找到 34 个键。
     -> 在 'UI_CN.txt' 中找到 3 个键。
阶段 1 完成: 从 EN 加载了 261 条数据, 从 CN 加载了 259 条数据。

--- 阶段 2: 扫描所有 Media 路径下的 Scripts (L0) ---
  -> 正在处理 Scripts 路径: data\workshop_content\3399660368\mods\WarThunderVehicleLibrary\42\media\scripts
    -> 处理: BoomItem.txt
     -> 新增: 12 个 Item
    -> 处理: Heli_sound.txt
    -> 处理: M1A1_Sound.txt
    -> 处理: MoreCrew_Sound.txt
    -> 处理: MoreEffect_Sound.txt
    -> 处理: PanzerBook.txt
    -> 处理: template_AmmoBuilderForPanzer.txt
    -> 处理: template_BigGasTankForPanzer.txt
    -> 处理: VehicleType10Ammo.txt
     -> 新增: 2 个 Item, 3 个 Recipe
    -> 处理: VehicleType10Items.txt
     -> 新增: 7 个 Item
阶段 2 完成: 从 scripts 新生成了 24 条数据。

--- 阶段 3: 合并 L0 与 L1 后，纯净英文基准总计: 285 条数据。---

--- 阶段 4: 检测到 7 个与官方重复的键。---

--- 阶段 4: 检测到 7 个与官方重复的键。---

--- 已为 Mod ID 3399660368 更新 292 条键来源映射 ---

--- 正在为 Mod 'WarThunderVehicleLibrary' 生成输出文件 ---
    - 最终合并 (output.txt): 292 条
    - 纯净英文 (EN_output.txt): 285 条
    - 纯净中文 (CN_output.txt): 259 条
    - 英文待办 (en_todo.txt): 2 条 (增量)
    - 中文独有 (cn_only.txt): 7 条 (增量)
    - 冲突键 (conflict_keys.txt): 7 条
    -> 正在尝试从 Git 历史记录中获取旧版本: data/output_files/WarThunderVehicleLibrary_3399660368/EN_todo.txt
      --> 成功找到旧版本。
    -> 基线日志已存档到: data\logs\archive\WarThunderVehicleLibrary_3399660368_baseline_run_20251108_185303.json

处理成功！所有输出文件已保存在 'WarThunderVehicleLibrary_3399660368' 文件夹中。
    -> [内存] 已为 Mod 3399660368 记录 Commit SHA: 1e53fab
