

========================= 开始处理 Workshop ID: 3479667649 (Willowbrook_Bastion!) =========================

--- 正在检查已完成的翻译于: data/completed_files/3479667649/en_completed.txt ---
     -> 在 'en_completed.txt' 中找到 13 个键。

--- 正在检查待排除的键于: data/completed_files/3479667649/exclusion_list.txt ---
  -> 排除列表文件 'exclusion_list.txt' 不存在，跳过。

-------------------- 处理子模组: Willowbrook Bastion! --------------------

--- 正在为 'Willowbrook Bastion!' 动态查找 'media' 文件夹 ---
  -> 发现版本目录: 42
  --> 未能在任何优先路径中找到 'media' 文件夹。

--- 已为 Mod ID 3479667649 更新 0 条键来源映射 ---

-------------------- 处理子模组: Willowbrook Bastion! (items part) --------------------

--- 正在为 'Willowbrook Bastion! (items part)' 动态查找 'media' 文件夹 ---
  -> 发现版本目录: 42
  -> 正在检查路径的有效性: data/workshop_content/3479667649/mods/Willowbrook Bastion! (items part)/common/media
  --> 路径有效！将使用此路径进行处理: data/workshop_content/3479667649/mods/Willowbrook Bastion! (items part)/common/media

--- 预加载 EN (L1) 数据 ---
预加载完成: 找到 0 个本地 EN 键。

--- 阶段 1: 扫描 Scripts (L0) ---
  -> 处理: Willowbrook Bastion!Recipes.txt
     -> 新增: 11 个 Recipe
  -> 处理: Willowbrook Bastion!Sound.txt
  -> 处理: weapon_scripts.txt
     -> 新增: 15 个 Item
阶段 1 完成: 从 scripts 新生成了 26 条数据。

--- 阶段 2: 合并 L0 与 L1 后，纯净英文基准总计: 26 条数据。---
  -> 扫描目录: data/workshop_content/3479667649/mods/Willowbrook Bastion! (items part)/common/media/lua/shared/Translate/CN
     -> 在 'ItemName_CN.txt' 中找到 13 个键。

--- 阶段 3: 从 CN 目录加载了 13 条数据。---

--- 已为 Mod ID 3479667649 更新 27 条键来源映射 ---

--- 正在为 Mod 'Willowbrook_Bastion!' 生成输出文件 ---
    - 最终合并 (output.txt): 27 条
    - 纯净英文 (EN_output.txt): 26 条
    - 纯净中文 (CN_output.txt): 13 条
    - 英文待办 (en_todo.txt): 1 条 (增量)
    - 中文独有 (cn_only.txt): 1 条 (增量)
    - 冲突键 (conflict_keys.txt): 0 条
    -> 正在尝试从 Git 历史记录中获取旧版本: data/output_files/Willowbrook_Bastion!_3479667649/EN_todo.txt
      --> 成功找到旧版本。
     -> 在 'EN_todo.txt (旧版本)' 中找到 1 个键。

处理成功！所有输出文件已保存在 'Willowbrook_Bastion!_3479667649' 文件夹中。
    -> [内存] 已为 Mod 3479667649 记录 Commit SHA: 1e53fab
