

========================= 开始处理 Workshop ID: 3424466979 (Wolf's_Enhanced_Skill_Levels) =========================

--- 正在检查已完成的翻译于: data/completed_files/3424466979/en_completed.txt ---
  -> 文件 'en_completed.txt' 在目标位置不存在，将自动创建。

--- 正在检查待排除的键于: data/completed_files/3424466979/exclusion_list.txt ---
  -> 排除列表文件 'exclusion_list.txt' 不存在，跳过。

-------------------- 处理子模组: Wolf's Enhanced Skill Levels --------------------

--- 正在为 'Wolf's Enhanced Skill Levels' 动态查找 'media' 文件夹 ---
  -> 发现版本目录: 42.2
  --> 未能在任何优先路径中找到有效的 'media' 文件夹。

--- 已为 Mod ID 3424466979 更新 0 条键来源映射 ---

--- 正在为 Mod 'Wolf's_Enhanced_Skill_Levels' 生成输出文件 ---
    - 最终合并 (output.txt): 0 条
    - 纯净英文 (EN_output.txt): 0 条
    - 纯净中文 (CN_output.txt): 0 条
    - 英文待办 (en_todo.txt): 0 条 (增量)
    - 中文独有 (cn_only.txt): 0 条 (增量)
    - 冲突键 (conflict_keys.txt): 0 条
    -> 正在尝试从 Git 历史记录中获取旧版本: data/output_files/Wolf's_Enhanced_Skill_Levels_3424466979/EN_todo.txt
      --> 在 Git 历史记录中未找到该文件，视为全新。

处理成功！所有输出文件已保存在 'Wolf's_Enhanced_Skill_Levels_3424466979' 文件夹中。
    -> 警告：未能获取 Mod 3424466979 的完成文件SHA，状态未记录。
