

========================= 开始处理 Workshop ID: 3426132882 (Zombies_Congelados_TWD_B42) =========================

--- 正在检查已完成的翻译于: data\completed_files\3426132882\en_completed.txt ---
     -> 在 'en_completed.txt' 中找到 14 个键。

--- 正在检查待排除的键于: data\completed_files\3426132882\exclusion_list.txt ---
  -> 排除列表文件 'exclusion_list.txt' 不存在，跳过。

-------------------- 处理子模组: Zombies Congelados TWD B42 --------------------

--- 正在为 'Zombies Congelados TWD B42' 动态查找 'media' 文件夹 ---
  -> 发现版本目录: 42.0
  -> 正在检查路径的有效性: data\workshop_content\3426132882\mods\Zombies Congelados TWD B42\42.0\media
  --> 路径有效！已将其加入待处理列表。

--- 阶段 1: 扫描所有 media 路径下的翻译文件 (L1) ---
  -> 正在处理 media 路径: data\workshop_content\3426132882\mods\Zombies Congelados TWD B42\42.0\media
  -> 扫描目录: data\workshop_content\3426132882\mods\Zombies Congelados TWD B42\42.0\media\lua\shared\Translate\EN
     -> 在 'sandbox_EN.txt' 中找到 14 个键。
阶段 1 完成: 从 EN 加载了 14 条数据, 从 CN 加载了 0 条数据。

--- 阶段 2: 扫描所有 Media 路径下的 Scripts (L0) ---
阶段 2 完成: 从 scripts 新生成了 0 条数据。

--- 阶段 3: 合并 L0 与 L1 后，纯净英文基准总计: 14 条数据。---

--- 已为 Mod ID 3426132882 更新 14 条键来源映射 ---

--- 正在为 Mod 'Zombies_Congelados_TWD_B42' 生成输出文件 ---
    - 最终合并 (output.txt): 14 条
    - 纯净英文 (EN_output.txt): 14 条
    - 纯净中文 (CN_output.txt): 0 条
    - 英文待办 (en_todo.txt): 0 条 (增量)
    - 中文独有 (cn_only.txt): 0 条 (增量)
    - 冲突键 (conflict_keys.txt): 0 条
    -> 正在尝试从 Git 历史记录中获取旧版本: data/output_files/Zombies_Congelados_TWD_B42_3426132882/EN_todo.txt
      --> 成功找到旧版本。
     -> 在 'EN_todo.txt (旧版本)' 中找到 0 个键。

处理成功！所有输出文件已保存在 'Zombies_Congelados_TWD_B42_3426132882' 文件夹中。
    -> [内存] 已为 Mod 3426132882 记录 Commit SHA: 41d452f
